#
# There is insufficient memory for the Java Runtime Environment to continue.
# Native memory allocation (malloc) failed to allocate 284656 bytes for Chunk::new
# Possible reasons:
#   The system is out of physical RAM or swap space
#   The process is running with CompressedOops enabled, and the Java Heap may be blocking the growth of the native heap
# Possible solutions:
#   Reduce memory load on the system
#   Increase physical memory or swap space
#   Check if swap backing store is full
#   Decrease Java heap size (-Xmx/-Xms)
#   Decrease number of Java threads
#   Decrease Java thread stack sizes (-Xss)
#   Set larger code cache with -XX:ReservedCodeCacheSize=
#   JVM is running with Unscaled Compressed Oops mode in which the Java heap is
#     placed in the first 4GB address space. The Java Heap base address is the
#     maximum limit for the native heap growth. Please use -XX:HeapBaseMinAddress
#     to set the Java Heap base and to place the Java Heap above 4GB virtual address.
# This output file may be truncated or incomplete.
#
#  Out of Memory Error (./src/hotspot/share/memory/arena.cpp:197), pid=1120, tid=592
#
# JRE version: OpenJDK Runtime Environment Microsoft-7208460 (11.0.18+10) (build 11.0.18+10-LTS)
# Java VM: OpenJDK 64-Bit Server VM Microsoft-7208460 (11.0.18+10-LTS, mixed mode, tiered, compressed oops, g1 gc, windows-amd64)
# No core dump will be written. Minidumps are not enabled by default on client versions of Windows
#

---------------  S U M M A R Y ------------

Command Line: -Xmx64m -Xms64m -Dorg.gradle.appname=gradlew org.gradle.wrapper.GradleWrapperMain app:installDebug -PreactNativeDevServerPort=8081

Host: Intel(R) Core(TM) i5-2450M CPU @ 2.50GHz, 4 cores, 3G,  Windows 10 , 64 bit Build 19041 (10.0.19041.2913)
Time: Sat Jun 24 20:22:16 2023 Hora oficial do Brasil elapsed time: 8.998098 seconds (0d 0h 0m 8s)

---------------  T H R E A D  ---------------

Current thread (0x0000020d523e6800):  JavaThread "C2 CompilerThread0" daemon [_thread_in_native, id=592, stack(0x000000acda800000,0x000000acda900000)]


Current CompileTask:
C2:   8998 1013   !   4       java.util.concurrent.ConcurrentHashMap::putVal (432 bytes)

Stack: [0x000000acda800000,0x000000acda900000]
Native frames: (J=compiled Java code, j=interpreted, Vv=VM code, C=native code)
V  [jvm.dll+0x62bf8a]
V  [jvm.dll+0x7b8fb9]
V  [jvm.dll+0x7ba6a8]
V  [jvm.dll+0x7bad83]
V  [jvm.dll+0x250248]
V  [jvm.dll+0xc260c]
V  [jvm.dll+0xc2bcc]
V  [jvm.dll+0x35e182]
V  [jvm.dll+0x32a373]
V  [jvm.dll+0x3296aa]
V  [jvm.dll+0x2093b3]
V  [jvm.dll+0x20850d]
V  [jvm.dll+0x18a4b1]
V  [jvm.dll+0x217eec]
V  [jvm.dll+0x21612b]
V  [jvm.dll+0x77bac0]
V  [jvm.dll+0x7749f4]
V  [jvm.dll+0x62adf5]
C  [ucrtbase.dll+0x21bb2]
C  [KERNEL32.DLL+0x17614]
C  [ntdll.dll+0x526a1]


---------------  P R O C E S S  ---------------

Threads class SMR info:
_java_thread_list=0x0000020d533f7c70, length=11, elements={
0x0000020d37d5f800, 0x0000020d52371800, 0x0000020d5237b000, 0x0000020d523d4000,
0x0000020d523d6000, 0x0000020d523d9800, 0x0000020d523e6800, 0x0000020d523f0800,
0x0000020d523fb800, 0x0000020d5265f800, 0x0000020d533ff800
}

Java Threads: ( => current thread )
  0x0000020d37d5f800 JavaThread "main" [_thread_in_vm, id=11704, stack(0x000000acd9c00000,0x000000acd9d00000)]
  0x0000020d52371800 JavaThread "Reference Handler" daemon [_thread_blocked, id=7376, stack(0x000000acda300000,0x000000acda400000)]
  0x0000020d5237b000 JavaThread "Finalizer" daemon [_thread_blocked, id=11528, stack(0x000000acda400000,0x000000acda500000)]
  0x0000020d523d4000 JavaThread "Signal Dispatcher" daemon [_thread_blocked, id=2008, stack(0x000000acda500000,0x000000acda600000)]
  0x0000020d523d6000 JavaThread "Attach Listener" daemon [_thread_blocked, id=10608, stack(0x000000acda600000,0x000000acda700000)]
  0x0000020d523d9800 JavaThread "Service Thread" daemon [_thread_blocked, id=4788, stack(0x000000acda700000,0x000000acda800000)]
=>0x0000020d523e6800 JavaThread "C2 CompilerThread0" daemon [_thread_in_native, id=592, stack(0x000000acda800000,0x000000acda900000)]
  0x0000020d523f0800 JavaThread "C1 CompilerThread0" daemon [_thread_blocked, id=9364, stack(0x000000acda900000,0x000000acdaa00000)]
  0x0000020d523fb800 JavaThread "Sweeper thread" daemon [_thread_blocked, id=10720, stack(0x000000acdaa00000,0x000000acdab00000)]
  0x0000020d5265f800 JavaThread "Common-Cleaner" daemon [_thread_blocked, id=4928, stack(0x000000acdac00000,0x000000acdad00000)]
  0x0000020d533ff800 JavaThread "pool-1-thread-1" [_thread_blocked, id=2596, stack(0x000000acdae00000,0x000000acdaf00000)]

Other Threads:
  0x0000020d5234d800 VMThread "VM Thread" [stack: 0x000000acda200000,0x000000acda300000] [id=1264]
  0x0000020d52656000 WatcherThread [stack: 0x000000acdab00000,0x000000acdac00000] [id=8852]
  0x0000020d37d77000 GCTaskThread "GC Thread#0" [stack: 0x000000acd9d00000,0x000000acd9e00000] [id=6652]
  0x0000020d52b4d800 GCTaskThread "GC Thread#1" [stack: 0x000000acdad00000,0x000000acdae00000] [id=12092]
  0x0000020d37d7f800 ConcurrentGCThread "G1 Main Marker" [stack: 0x000000acd9e00000,0x000000acd9f00000] [id=4392]
  0x0000020d37d82000 ConcurrentGCThread "G1 Conc#0" [stack: 0x000000acd9f00000,0x000000acda000000] [id=10052]
  0x0000020d37dd7800 ConcurrentGCThread "G1 Refine#0" [stack: 0x000000acda000000,0x000000acda100000] [id=5968]
  0x0000020d37dd9000 ConcurrentGCThread "G1 Young RemSet Sampling" [stack: 0x000000acda100000,0x000000acda200000] [id=8252]

Threads with active compile tasks:
C2 CompilerThread0     9358 1013   !   4       java.util.concurrent.ConcurrentHashMap::putVal (432 bytes)

VM state:not at safepoint (normal execution)

VM Mutex/Monitor currently owned by a thread: None

Heap address: 0x00000000fc000000, size: 64 MB, Compressed Oops mode: 32-bit
Narrow klass base: 0x0000000000000000, Narrow klass shift: 3
Compressed class space size: 1073741824 Address: 0x0000000100000000

Heap:
 garbage-first heap   total 65536K, used 16866K [0x00000000fc000000, 0x0000000100000000)
  region size 1024K, 10 young (10240K), 2 survivors (2048K)
 Metaspace       used 12624K, capacity 12924K, committed 13056K, reserved 1062912K
  class space    used 1380K, capacity 1478K, committed 1536K, reserved 1048576K
Heap Regions: E=young(eden), S=young(survivor), O=old, HS=humongous(starts), HC=humongous(continues), CS=collection set, F=free, A=archive, TAMS=top-at-mark-start (previous, next)
|   0|0x00000000fc000000, 0x00000000fc100000, 0x00000000fc100000|100%|HS|  |TAMS 0x00000000fc000000, 0x00000000fc000000| Complete 
|   1|0x00000000fc100000, 0x00000000fc200000, 0x00000000fc200000|100%|HC|  |TAMS 0x00000000fc100000, 0x00000000fc100000| Complete 
|   2|0x00000000fc200000, 0x00000000fc300000, 0x00000000fc300000|100%|HC|  |TAMS 0x00000000fc200000, 0x00000000fc200000| Complete 
|   3|0x00000000fc300000, 0x00000000fc400000, 0x00000000fc400000|100%| O|  |TAMS 0x00000000fc300000, 0x00000000fc300000| Untracked 
|   4|0x00000000fc400000, 0x00000000fc500000, 0x00000000fc500000|100%| O|  |TAMS 0x00000000fc400000, 0x00000000fc400000| Untracked 
|   5|0x00000000fc500000, 0x00000000fc600000, 0x00000000fc600000|100%| O|  |TAMS 0x00000000fc500000, 0x00000000fc500000| Untracked 
|   6|0x00000000fc600000, 0x00000000fc700000, 0x00000000fc700000|100%| O|  |TAMS 0x00000000fc600000, 0x00000000fc600000| Untracked 
|   7|0x00000000fc700000, 0x00000000fc78ee00, 0x00000000fc800000| 55%| O|  |TAMS 0x00000000fc700000, 0x00000000fc700000| Untracked 
|   8|0x00000000fc800000, 0x00000000fc800000, 0x00000000fc900000|  0%| F|  |TAMS 0x00000000fc800000, 0x00000000fc800000| Untracked 
|   9|0x00000000fc900000, 0x00000000fc900000, 0x00000000fca00000|  0%| F|  |TAMS 0x00000000fc900000, 0x00000000fc900000| Untracked 
|  10|0x00000000fca00000, 0x00000000fca00000, 0x00000000fcb00000|  0%| F|  |TAMS 0x00000000fca00000, 0x00000000fca00000| Untracked 
|  11|0x00000000fcb00000, 0x00000000fcb00000, 0x00000000fcc00000|  0%| F|  |TAMS 0x00000000fcb00000, 0x00000000fcb00000| Untracked 
|  12|0x00000000fcc00000, 0x00000000fcc00000, 0x00000000fcd00000|  0%| F|  |TAMS 0x00000000fcc00000, 0x00000000fcc00000| Untracked 
|  13|0x00000000fcd00000, 0x00000000fcd00000, 0x00000000fce00000|  0%| F|  |TAMS 0x00000000fcd00000, 0x00000000fcd00000| Untracked 
|  14|0x00000000fce00000, 0x00000000fce00000, 0x00000000fcf00000|  0%| F|  |TAMS 0x00000000fce00000, 0x00000000fce00000| Untracked 
|  15|0x00000000fcf00000, 0x00000000fcf00000, 0x00000000fd000000|  0%| F|  |TAMS 0x00000000fcf00000, 0x00000000fcf00000| Untracked 
|  16|0x00000000fd000000, 0x00000000fd000000, 0x00000000fd100000|  0%| F|  |TAMS 0x00000000fd000000, 0x00000000fd000000| Untracked 
|  17|0x00000000fd100000, 0x00000000fd100000, 0x00000000fd200000|  0%| F|  |TAMS 0x00000000fd100000, 0x00000000fd100000| Untracked 
|  18|0x00000000fd200000, 0x00000000fd200000, 0x00000000fd300000|  0%| F|  |TAMS 0x00000000fd200000, 0x00000000fd200000| Untracked 
|  19|0x00000000fd300000, 0x00000000fd300000, 0x00000000fd400000|  0%| F|  |TAMS 0x00000000fd300000, 0x00000000fd300000| Untracked 
|  20|0x00000000fd400000, 0x00000000fd400000, 0x00000000fd500000|  0%| F|  |TAMS 0x00000000fd400000, 0x00000000fd400000| Untracked 
|  21|0x00000000fd500000, 0x00000000fd500000, 0x00000000fd600000|  0%| F|  |TAMS 0x00000000fd500000, 0x00000000fd500000| Untracked 
|  22|0x00000000fd600000, 0x00000000fd600000, 0x00000000fd700000|  0%| F|  |TAMS 0x00000000fd600000, 0x00000000fd600000| Untracked 
|  23|0x00000000fd700000, 0x00000000fd700000, 0x00000000fd800000|  0%| F|  |TAMS 0x00000000fd700000, 0x00000000fd700000| Untracked 
|  24|0x00000000fd800000, 0x00000000fd800000, 0x00000000fd900000|  0%| F|  |TAMS 0x00000000fd800000, 0x00000000fd800000| Untracked 
|  25|0x00000000fd900000, 0x00000000fd900000, 0x00000000fda00000|  0%| F|  |TAMS 0x00000000fd900000, 0x00000000fd900000| Untracked 
|  26|0x00000000fda00000, 0x00000000fda00000, 0x00000000fdb00000|  0%| F|  |TAMS 0x00000000fda00000, 0x00000000fda00000| Untracked 
|  27|0x00000000fdb00000, 0x00000000fdb00000, 0x00000000fdc00000|  0%| F|  |TAMS 0x00000000fdb00000, 0x00000000fdb00000| Untracked 
|  28|0x00000000fdc00000, 0x00000000fdc00000, 0x00000000fdd00000|  0%| F|  |TAMS 0x00000000fdc00000, 0x00000000fdc00000| Untracked 
|  29|0x00000000fdd00000, 0x00000000fdd00000, 0x00000000fde00000|  0%| F|  |TAMS 0x00000000fdd00000, 0x00000000fdd00000| Untracked 
|  30|0x00000000fde00000, 0x00000000fde00000, 0x00000000fdf00000|  0%| F|  |TAMS 0x00000000fde00000, 0x00000000fde00000| Untracked 
|  31|0x00000000fdf00000, 0x00000000fdf00000, 0x00000000fe000000|  0%| F|  |TAMS 0x00000000fdf00000, 0x00000000fdf00000| Untracked 
|  32|0x00000000fe000000, 0x00000000fe000000, 0x00000000fe100000|  0%| F|  |TAMS 0x00000000fe000000, 0x00000000fe000000| Untracked 
|  33|0x00000000fe100000, 0x00000000fe100000, 0x00000000fe200000|  0%| F|  |TAMS 0x00000000fe100000, 0x00000000fe100000| Untracked 
|  34|0x00000000fe200000, 0x00000000fe200000, 0x00000000fe300000|  0%| F|  |TAMS 0x00000000fe200000, 0x00000000fe200000| Untracked 
|  35|0x00000000fe300000, 0x00000000fe300000, 0x00000000fe400000|  0%| F|  |TAMS 0x00000000fe300000, 0x00000000fe300000| Untracked 
|  36|0x00000000fe400000, 0x00000000fe400000, 0x00000000fe500000|  0%| F|  |TAMS 0x00000000fe400000, 0x00000000fe400000| Untracked 
|  37|0x00000000fe500000, 0x00000000fe500000, 0x00000000fe600000|  0%| F|  |TAMS 0x00000000fe500000, 0x00000000fe500000| Untracked 
|  38|0x00000000fe600000, 0x00000000fe600000, 0x00000000fe700000|  0%| F|  |TAMS 0x00000000fe600000, 0x00000000fe600000| Untracked 
|  39|0x00000000fe700000, 0x00000000fe700000, 0x00000000fe800000|  0%| F|  |TAMS 0x00000000fe700000, 0x00000000fe700000| Untracked 
|  40|0x00000000fe800000, 0x00000000fe800000, 0x00000000fe900000|  0%| F|  |TAMS 0x00000000fe800000, 0x00000000fe800000| Untracked 
|  41|0x00000000fe900000, 0x00000000fe900000, 0x00000000fea00000|  0%| F|  |TAMS 0x00000000fe900000, 0x00000000fe900000| Untracked 
|  42|0x00000000fea00000, 0x00000000fea00000, 0x00000000feb00000|  0%| F|  |TAMS 0x00000000fea00000, 0x00000000fea00000| Untracked 
|  43|0x00000000feb00000, 0x00000000feb00000, 0x00000000fec00000|  0%| F|  |TAMS 0x00000000feb00000, 0x00000000feb00000| Untracked 
|  44|0x00000000fec00000, 0x00000000fec00000, 0x00000000fed00000|  0%| F|  |TAMS 0x00000000fec00000, 0x00000000fec00000| Untracked 
|  45|0x00000000fed00000, 0x00000000fed00000, 0x00000000fee00000|  0%| F|  |TAMS 0x00000000fed00000, 0x00000000fed00000| Untracked 
|  46|0x00000000fee00000, 0x00000000fee00000, 0x00000000fef00000|  0%| F|  |TAMS 0x00000000fee00000, 0x00000000fee00000| Untracked 
|  47|0x00000000fef00000, 0x00000000fef00000, 0x00000000ff000000|  0%| F|  |TAMS 0x00000000fef00000, 0x00000000fef00000| Untracked 
|  48|0x00000000ff000000, 0x00000000ff000000, 0x00000000ff100000|  0%| F|  |TAMS 0x00000000ff000000, 0x00000000ff000000| Untracked 
|  49|0x00000000ff100000, 0x00000000ff100000, 0x00000000ff200000|  0%| F|  |TAMS 0x00000000ff100000, 0x00000000ff100000| Untracked 
|  50|0x00000000ff200000, 0x00000000ff200000, 0x00000000ff300000|  0%| F|  |TAMS 0x00000000ff200000, 0x00000000ff200000| Untracked 
|  51|0x00000000ff300000, 0x00000000ff300000, 0x00000000ff400000|  0%| F|  |TAMS 0x00000000ff300000, 0x00000000ff300000| Untracked 
|  52|0x00000000ff400000, 0x00000000ff4e9c58, 0x00000000ff500000| 91%| S|CS|TAMS 0x00000000ff400000, 0x00000000ff400000| Complete 
|  53|0x00000000ff500000, 0x00000000ff600000, 0x00000000ff600000|100%| S|CS|TAMS 0x00000000ff500000, 0x00000000ff500000| Complete 
|  54|0x00000000ff600000, 0x00000000ff600000, 0x00000000ff700000|  0%| F|  |TAMS 0x00000000ff600000, 0x00000000ff600000| Untracked 
|  55|0x00000000ff700000, 0x00000000ff700000, 0x00000000ff800000|  0%| F|  |TAMS 0x00000000ff700000, 0x00000000ff700000| Untracked 
|  56|0x00000000ff800000, 0x00000000ff87a720, 0x00000000ff900000| 47%| E|  |TAMS 0x00000000ff800000, 0x00000000ff800000| Complete 
|  57|0x00000000ff900000, 0x00000000ffa00000, 0x00000000ffa00000|100%| E|CS|TAMS 0x00000000ff900000, 0x00000000ff900000| Complete 
|  58|0x00000000ffa00000, 0x00000000ffb00000, 0x00000000ffb00000|100%| E|CS|TAMS 0x00000000ffa00000, 0x00000000ffa00000| Complete 
|  59|0x00000000ffb00000, 0x00000000ffc00000, 0x00000000ffc00000|100%| E|CS|TAMS 0x00000000ffb00000, 0x00000000ffb00000| Complete 
|  60|0x00000000ffc00000, 0x00000000ffd00000, 0x00000000ffd00000|100%| E|CS|TAMS 0x00000000ffc00000, 0x00000000ffc00000| Complete 
|  61|0x00000000ffd00000, 0x00000000ffe00000, 0x00000000ffe00000|100%| E|CS|TAMS 0x00000000ffd00000, 0x00000000ffd00000| Complete 
|  62|0x00000000ffe00000, 0x00000000fff00000, 0x00000000fff00000|100%| E|CS|TAMS 0x00000000ffe00000, 0x00000000ffe00000| Complete 
|  63|0x00000000fff00000, 0x0000000100000000, 0x0000000100000000|100%| E|CS|TAMS 0x00000000fff00000, 0x00000000fff00000| Complete 

Card table byte_map: [0x0000020d37bc0000,0x0000020d37be0000] _byte_map_base: 0x0000020d373e0000

Marking Bits (Prev, Next): (CMBitMap*) 0x0000020d37d7e6e8, (CMBitMap*) 0x0000020d37d7e720
 Prev Bits: [0x0000020d37c00000, 0x0000020d37d00000)
 Next Bits: [0x0000020d4f4e0000, 0x0000020d4f5e0000)

Polling page: 0x0000020d37540000

Metaspace:

Usage:
  Non-class:     11.18 MB capacity,    11.00 MB ( 98%) used,   171.16 KB (  1%) free+waste,    15.06 KB ( <1%) overhead. 
      Class:      1.44 MB capacity,     1.35 MB ( 94%) used,    88.33 KB (  6%) free+waste,     7.31 KB ( <1%) overhead. 
       Both:     12.62 MB capacity,    12.35 MB ( 98%) used,   259.48 KB (  2%) free+waste,    22.38 KB ( <1%) overhead. 

Virtual space:
  Non-class space:       14.00 MB reserved,      11.25 MB ( 80%) committed 
      Class space:        1.00 GB reserved,       1.50 MB ( <1%) committed 
             Both:        1.01 GB reserved,      12.75 MB (  1%) committed 

Chunk freelists:
   Non-Class:  10.00 KB
       Class:  26.00 KB
        Both:  36.00 KB

MaxMetaspaceSize: 17179869184.00 GB
CompressedClassSpaceSize: 1.00 GB
Initial GC threshold: 20.80 MB
Current GC threshold: 20.80 MB
CDS: off

CodeHeap 'non-profiled nmethods': size=120064Kb used=372Kb max_used=372Kb free=119691Kb
 bounds [0x0000020d47fa0000, 0x0000020d48210000, 0x0000020d4f4e0000]
CodeHeap 'profiled nmethods': size=120000Kb used=2002Kb max_used=2002Kb free=117997Kb
 bounds [0x0000020d40a70000, 0x0000020d40ce0000, 0x0000020d47fa0000]
CodeHeap 'non-nmethods': size=5696Kb used=1138Kb max_used=1149Kb free=4557Kb
 bounds [0x0000020d404e0000, 0x0000020d40750000, 0x0000020d40a70000]
 total_blobs=1435 nmethods=1041 adapters=307
 compilation: enabled
              stopped_count=0, restarted_count=0
 full_count=0

Compilation events (20 events):
Event: 8.900 Thread 0x0000020d523f0800 1019       3       java.util.ImmutableCollections$ListItr::hasNext (17 bytes)
Event: 8.901 Thread 0x0000020d523f0800 nmethod 1019 0x0000020d40c5e290 code [0x0000020d40c5e440, 0x0000020d40c5e598]
Event: 8.901 Thread 0x0000020d523f0800 1021       3       java.lang.invoke.MethodHandles$Lookup::lookupClassOrNull (17 bytes)
Event: 8.902 Thread 0x0000020d523f0800 nmethod 1021 0x0000020d40c5e610 code [0x0000020d40c5e7c0, 0x0000020d40c5e938]
Event: 8.908 Thread 0x0000020d523f0800 1024       3       java.lang.invoke.MemberName::isMethod (7 bytes)
Event: 8.909 Thread 0x0000020d523f0800 nmethod 1024 0x0000020d40c5ea10 code [0x0000020d40c5ebc0, 0x0000020d40c5edf8]
Event: 8.910 Thread 0x0000020d523f0800 1025       3       sun.invoke.util.VerifyType::isNullType (18 bytes)
Event: 8.911 Thread 0x0000020d523f0800 nmethod 1025 0x0000020d40c5ef10 code [0x0000020d40c5f0c0, 0x0000020d40c5f258]
Event: 8.911 Thread 0x0000020d523f0800 1026       3       java.lang.invoke.MethodTypeForm::unpack (30 bytes)
Event: 8.913 Thread 0x0000020d523f0800 nmethod 1026 0x0000020d40c5f310 code [0x0000020d40c5f4c0, 0x0000020d40c5f5d8]
Event: 8.913 Thread 0x0000020d523f0800 1027       3       java.lang.invoke.MemberName::<init> (47 bytes)
Event: 8.917 Thread 0x0000020d523f0800 nmethod 1027 0x0000020d40c5f690 code [0x0000020d40c5f880, 0x0000020d40c5fb98]
Event: 8.925 Thread 0x0000020d523f0800 1028       3       java.lang.Integer::stringSize (47 bytes)
Event: 8.926 Thread 0x0000020d523f0800 nmethod 1028 0x0000020d40c5fd10 code [0x0000020d40c5fec0, 0x0000020d40c600f8]
Event: 8.926 Thread 0x0000020d523f0800 1029       3       java.lang.Integer::getChars (131 bytes)
Event: 8.928 Thread 0x0000020d523f0800 nmethod 1029 0x0000020d40c60190 code [0x0000020d40c60380, 0x0000020d40c607b8]
Event: 8.947 Thread 0x0000020d523f0800 1030       1       java.lang.invoke.DirectMethodHandle::internalMemberName (5 bytes)
Event: 8.947 Thread 0x0000020d523f0800 nmethod 1030 0x0000020d47ffc190 code [0x0000020d47ffc340, 0x0000020d47ffc3f8]
Event: 8.948 Thread 0x0000020d523f0800 1031       3       jdk.internal.org.objectweb.asm.Item::<init> (5 bytes)
Event: 8.948 Thread 0x0000020d523f0800 nmethod 1031 0x0000020d40c60a10 code [0x0000020d40c60bc0, 0x0000020d40c60d18]

GC Heap History (6 events):
Event: 4.388 GC heap before
{Heap before GC invocations=0 (full 0):
 garbage-first heap   total 65536K, used 16384K [0x00000000fc000000, 0x0000000100000000)
  region size 1024K, 14 young (14336K), 0 survivors (0K)
 Metaspace       used 7629K, capacity 7825K, committed 7936K, reserved 1056768K
  class space    used 668K, capacity 754K, committed 768K, reserved 1048576K
}
Event: 4.482 GC heap after
{Heap after GC invocations=1 (full 0):
 garbage-first heap   total 65536K, used 3312K [0x00000000fc000000, 0x0000000100000000)
  region size 1024K, 2 young (2048K), 2 survivors (2048K)
 Metaspace       used 7629K, capacity 7825K, committed 7936K, reserved 1056768K
  class space    used 668K, capacity 754K, committed 768K, reserved 1048576K
}
Event: 5.992 GC heap before
{Heap before GC invocations=1 (full 0):
 garbage-first heap   total 65536K, used 9456K [0x00000000fc000000, 0x0000000100000000)
  region size 1024K, 6 young (6144K), 2 survivors (2048K)
 Metaspace       used 7961K, capacity 8177K, committed 8320K, reserved 1056768K
  class space    used 703K, capacity 786K, committed 896K, reserved 1048576K
}
Event: 6.008 GC heap after
{Heap after GC invocations=2 (full 0):
 garbage-first heap   total 65536K, used 8763K [0x00000000fc000000, 0x0000000100000000)
  region size 1024K, 1 young (1024K), 1 survivors (1024K)
 Metaspace       used 7961K, capacity 8177K, committed 8320K, reserved 1056768K
  class space    used 703K, capacity 786K, committed 896K, reserved 1048576K
}
Event: 8.342 GC heap before
{Heap before GC invocations=2 (full 0):
 garbage-first heap   total 65536K, used 17979K [0x00000000fc000000, 0x0000000100000000)
  region size 1024K, 10 young (10240K), 1 survivors (1024K)
 Metaspace       used 11098K, capacity 11382K, committed 11520K, reserved 1058816K
  class space    used 1147K, capacity 1240K, committed 1280K, reserved 1048576K
}
Event: 8.352 GC heap after
{Heap after GC invocations=3 (full 0):
 garbage-first heap   total 65536K, used 9698K [0x00000000fc000000, 0x0000000100000000)
  region size 1024K, 2 young (2048K), 2 survivors (2048K)
 Metaspace       used 11098K, capacity 11382K, committed 11520K, reserved 1058816K
  class space    used 1147K, capacity 1240K, committed 1280K, reserved 1048576K
}

Deoptimization events (20 events):
Event: 7.517 Thread 0x0000020d37d5f800 Uncommon trap: trap_request=0xffffffde fr.pc=0x0000020d47fbf3cc relative=0x00000000000003ac
Event: 7.518 Thread 0x0000020d37d5f800 Uncommon trap: reason=class_check action=maybe_recompile pc=0x0000020d47fbf3cc method=java.util.regex.Matcher.match(II)Z @ 121 c2
Event: 7.518 Thread 0x0000020d37d5f800 DEOPT PACKING pc=0x0000020d47fbf3cc sp=0x000000acd9cfd040
Event: 7.518 Thread 0x0000020d37d5f800 DEOPT UNPACKING pc=0x0000020d4052a1af sp=0x000000acd9cfcfe8 mode 2
Event: 7.518 Thread 0x0000020d37d5f800 Uncommon trap: trap_request=0xffffffde fr.pc=0x0000020d47fbf3cc relative=0x00000000000003ac
Event: 7.518 Thread 0x0000020d37d5f800 Uncommon trap: reason=class_check action=maybe_recompile pc=0x0000020d47fbf3cc method=java.util.regex.Matcher.match(II)Z @ 121 c2
Event: 7.518 Thread 0x0000020d37d5f800 DEOPT PACKING pc=0x0000020d47fbf3cc sp=0x000000acd9cfd040
Event: 7.518 Thread 0x0000020d37d5f800 DEOPT UNPACKING pc=0x0000020d4052a1af sp=0x000000acd9cfcfe8 mode 2
Event: 7.536 Thread 0x0000020d37d5f800 Uncommon trap: trap_request=0xffffff4d fr.pc=0x0000020d47fae174 relative=0x0000000000000054
Event: 7.536 Thread 0x0000020d37d5f800 Uncommon trap: reason=unstable_if action=reinterpret pc=0x0000020d47fae174 method=java.util.regex.Pattern.has(I)Z @ 6 c2
Event: 7.536 Thread 0x0000020d37d5f800 DEOPT PACKING pc=0x0000020d47fae174 sp=0x000000acd9cfce30
Event: 7.536 Thread 0x0000020d37d5f800 DEOPT UNPACKING pc=0x0000020d4052a1af sp=0x000000acd9cfcdc0 mode 2
Event: 7.553 Thread 0x0000020d37d5f800 Uncommon trap: trap_request=0xffffff4d fr.pc=0x0000020d47fe37fc relative=0x000000000000041c
Event: 7.553 Thread 0x0000020d37d5f800 Uncommon trap: reason=unstable_if action=reinterpret pc=0x0000020d47fe37fc method=java.util.HashMap.hash(Ljava/lang/Object;)I @ 1 c2
Event: 7.553 Thread 0x0000020d37d5f800 DEOPT PACKING pc=0x0000020d47fe37fc sp=0x000000acd9cfd110
Event: 7.553 Thread 0x0000020d37d5f800 DEOPT UNPACKING pc=0x0000020d4052a1af sp=0x000000acd9cfd058 mode 2
Event: 8.238 Thread 0x0000020d37d5f800 Uncommon trap: trap_request=0xffffff4d fr.pc=0x0000020d47fc2b88 relative=0x0000000000000868
Event: 8.238 Thread 0x0000020d37d5f800 Uncommon trap: reason=unstable_if action=reinterpret pc=0x0000020d47fc2b88 method=java.io.WinNTFileSystem.resolve(Ljava/lang/String;Ljava/lang/String;)Ljava/lang/String; @ 70 c2
Event: 8.238 Thread 0x0000020d37d5f800 DEOPT PACKING pc=0x0000020d47fc2b88 sp=0x000000acd9cfbf80
Event: 8.239 Thread 0x0000020d37d5f800 DEOPT UNPACKING pc=0x0000020d4052a1af sp=0x000000acd9cfbf10 mode 2

Classes redefined (0 events):
No events

Internal exceptions (8 events):
Event: 0.463 Thread 0x0000020d37d5f800 Exception <a 'java/lang/NoSuchMethodError'{0x00000000ffc489d8}: 'int java.lang.invoke.DirectMethodHandle$Holder.invokeStaticInit(java.lang.Object, java.lang.Object)'> (0x00000000ffc489d8) thrown at [./src/hotspot/share/interpreter/linkResolver.cpp, line 773]
Event: 0.906 Thread 0x0000020d37d5f800 Exception <a 'java/lang/NoSuchMethodError'{0x00000000ffb1dfc0}: 'int java.lang.invoke.DirectMethodHandle$Holder.invokeSpecial(java.lang.Object, java.lang.Object, java.lang.Object, java.lang.Object)'> (0x00000000ffb1dfc0) thrown at [./src/hotspot/share/interpreter/linkResolver.cpp, line 773]
Event: 0.963 Thread 0x0000020d37d5f800 Exception <a 'java/lang/NoSuchMethodError'{0x00000000ffb57c30}: 'int java.lang.invoke.DirectMethodHandle$Holder.invokeSpecialIFC(java.lang.Object, java.lang.Object, int)'> (0x00000000ffb57c30) thrown at [./src/hotspot/share/interpreter/linkResolver.cpp, line 773]
Event: 7.553 Thread 0x0000020d37d5f800 Implicit null exception at 0x0000020d47fe3415 to 0x0000020d47fe37ec
Event: 7.835 Thread 0x0000020d37d5f800 Exception <a 'java/lang/NoClassDefFoundError'{0x00000000ff9bde90}: org/slf4j/impl/StaticMarkerBinder> (0x00000000ff9bde90) thrown at [./src/hotspot/share/classfile/systemDictionary.cpp, line 219]
Event: 7.926 Thread 0x0000020d37d5f800 Exception <a 'java/lang/NoSuchMethodError'{0x00000000ff8bd1b0}: 'java.lang.Object java.lang.invoke.DirectMethodHandle$Holder.invokeVirtual(java.lang.Object, java.lang.Object, java.lang.Object, java.lang.Object, java.lang.Object, java.lang.Object, java.lang.Object)'> (0x00000000ff8bd1b0) thrown at [./src/hotspot/share/interpreter/linkResolver.cpp, line 773]
Event: 7.938 Thread 0x0000020d37d5f800 Exception <a 'java/lang/NoSuchMethodError'{0x00000000ff8d0d38}: 'java.lang.Object java.lang.invoke.Invokers$Holder.invoker(java.lang.Object, java.lang.Object, java.lang.Object)'> (0x00000000ff8d0d38) thrown at [./src/hotspot/share/interpreter/linkResolver.cpp, line 773]
Event: 7.981 Thread 0x0000020d37d5f800 Exception <a 'java/lang/NoSuchMethodError'{0x00000000ff8e1930}: 'void java.lang.invoke.DelegatingMethodHandle$Holder.delegate(java.lang.Object, java.lang.Object, int, java.lang.Object)'> (0x00000000ff8e1930) thrown at [./src/hotspot/share/interpreter/linkResolver.cpp, line 773]

Events (20 events):
Event: 8.948 loading class org/gradle/api/internal/file/DefaultFileCollectionFactory
Event: 8.948 loading class org/gradle/api/internal/file/DefaultFileCollectionFactory done
Event: 8.952 loading class org/gradle/api/internal/file/FileCollectionInternal
Event: 8.952 loading class org/gradle/api/internal/file/FileCollectionInternal done
Event: 8.953 loading class org/gradle/api/file/FileCollection
Event: 8.953 loading class org/gradle/api/file/FileCollection done
Event: 8.954 loading class org/gradle/api/Buildable
Event: 8.954 loading class org/gradle/api/Buildable done
Event: 8.956 loading class org/gradle/api/internal/tasks/TaskDependencyContainer
Event: 8.956 loading class org/gradle/api/internal/tasks/TaskDependencyContainer done
Event: 8.958 loading class org/gradle/api/file/ConfigurableFileCollection
Event: 8.958 loading class org/gradle/api/file/ConfigurableFileCollection done
Event: 8.959 loading class org/gradle/api/provider/HasConfigurableValue
Event: 8.959 loading class org/gradle/api/provider/HasConfigurableValue done
Event: 8.962 loading class org/gradle/api/file/ConfigurableFileTree
Event: 8.962 loading class org/gradle/api/file/ConfigurableFileTree done
Event: 8.963 loading class org/gradle/api/file/FileTree
Event: 8.963 loading class org/gradle/api/file/FileTree done
Event: 8.965 loading class org/gradle/api/file/DirectoryTree
Event: 8.965 loading class org/gradle/api/file/DirectoryTree done


Dynamic libraries:
0x00007ff753c30000 - 0x00007ff753c3d000 	C:\Program Files\Java\jdk-11.0.18+10\bin\java.exe
0x00007ffb5b230000 - 0x00007ffb5b428000 	C:\WINDOWS\SYSTEM32\ntdll.dll
0x00007ffb596f0000 - 0x00007ffb597af000 	C:\WINDOWS\System32\KERNEL32.DLL
0x00007ffb58ab0000 - 0x00007ffb58da6000 	C:\WINDOWS\System32\KERNELBASE.dll
0x00007ffb59190000 - 0x00007ffb59290000 	C:\WINDOWS\System32\ucrtbase.dll
0x00007ffb47790000 - 0x00007ffb477a7000 	C:\Program Files\Java\jdk-11.0.18+10\bin\jli.dll
0x00007ffb52730000 - 0x00007ffb52745000 	C:\Program Files\Java\jdk-11.0.18+10\bin\VCRUNTIME140.dll
0x00007ffb59f70000 - 0x00007ffb5a10d000 	C:\WINDOWS\System32\USER32.dll
0x00007ffb58910000 - 0x00007ffb58932000 	C:\WINDOWS\System32\win32u.dll
0x00007ffb45830000 - 0x00007ffb45aca000 	C:\WINDOWS\WinSxS\amd64_microsoft.windows.common-controls_6595b64144ccf1df_6.0.19041.1110_none_60b5254171f9507e\COMCTL32.dll
0x00007ffb5a110000 - 0x00007ffb5a13c000 	C:\WINDOWS\System32\GDI32.dll
0x00007ffb59650000 - 0x00007ffb596ee000 	C:\WINDOWS\System32\msvcrt.dll
0x00007ffb58940000 - 0x00007ffb58a55000 	C:\WINDOWS\System32\gdi32full.dll
0x00007ffb58f90000 - 0x00007ffb5902d000 	C:\WINDOWS\System32\msvcp_win.dll
0x00007ffb59f00000 - 0x00007ffb59f30000 	C:\WINDOWS\System32\IMM32.DLL
0x00007ffb45e50000 - 0x00007ffb45eeb000 	C:\Program Files\Java\jdk-11.0.18+10\bin\msvcp140.dll
0x00007ffb1cbb0000 - 0x00007ffb1d742000 	C:\Program Files\Java\jdk-11.0.18+10\bin\server\jvm.dll
0x00007ffb59d30000 - 0x00007ffb59ddf000 	C:\WINDOWS\System32\ADVAPI32.dll
0x00007ffb5a610000 - 0x00007ffb5a6ac000 	C:\WINDOWS\System32\sechost.dll
0x00007ffb5a7c0000 - 0x00007ffb5a8e6000 	C:\WINDOWS\System32\RPCRT4.dll
0x00007ffb59f40000 - 0x00007ffb59f48000 	C:\WINDOWS\System32\PSAPI.DLL
0x00007ffb49470000 - 0x00007ffb49497000 	C:\WINDOWS\SYSTEM32\WINMM.dll
0x00007ffb53a20000 - 0x00007ffb53a29000 	C:\WINDOWS\SYSTEM32\WSOCK32.dll
0x00007ffb5b180000 - 0x00007ffb5b1eb000 	C:\WINDOWS\System32\WS2_32.dll
0x00007ffb4f2e0000 - 0x00007ffb4f2ea000 	C:\WINDOWS\SYSTEM32\VERSION.dll
0x00007ffb567d0000 - 0x00007ffb567e2000 	C:\WINDOWS\SYSTEM32\kernel.appcore.dll
0x00007ffb52720000 - 0x00007ffb52730000 	C:\Program Files\Java\jdk-11.0.18+10\bin\verify.dll
0x00007ffb47a80000 - 0x00007ffb47c64000 	C:\WINDOWS\SYSTEM32\DBGHELP.DLL
0x00007ffb47940000 - 0x00007ffb47974000 	C:\WINDOWS\SYSTEM32\dbgcore.DLL
0x00007ffb58f00000 - 0x00007ffb58f82000 	C:\WINDOWS\System32\bcryptPrimitives.dll
0x00007ffb47670000 - 0x00007ffb47698000 	C:\Program Files\Java\jdk-11.0.18+10\bin\java.dll
0x00007ffb49360000 - 0x00007ffb4936a000 	C:\Program Files\Java\jdk-11.0.18+10\bin\jimage.dll
0x00007ffb47770000 - 0x00007ffb47788000 	C:\Program Files\Java\jdk-11.0.18+10\bin\zip.dll
0x00007ffb5a8f0000 - 0x00007ffb5b034000 	C:\WINDOWS\System32\SHELL32.dll
0x00007ffb569d0000 - 0x00007ffb57163000 	C:\WINDOWS\SYSTEM32\windows.storage.dll
0x00007ffb592f0000 - 0x00007ffb59644000 	C:\WINDOWS\System32\combase.dll
0x00007ffb58290000 - 0x00007ffb582be000 	C:\WINDOWS\SYSTEM32\Wldp.dll
0x00007ffb5a6b0000 - 0x00007ffb5a75d000 	C:\WINDOWS\System32\SHCORE.dll
0x00007ffb59290000 - 0x00007ffb592e5000 	C:\WINDOWS\System32\shlwapi.dll
0x00007ffb58850000 - 0x00007ffb5886f000 	C:\WINDOWS\SYSTEM32\profapi.dll
0x00007ffb45e30000 - 0x00007ffb45e49000 	C:\Program Files\Java\jdk-11.0.18+10\bin\net.dll
0x00007ffb52190000 - 0x00007ffb5229a000 	C:\WINDOWS\SYSTEM32\WINHTTP.dll
0x00007ffb57ff0000 - 0x00007ffb5805a000 	C:\WINDOWS\system32\mswsock.dll
0x00007ffb44a10000 - 0x00007ffb44a23000 	C:\Program Files\Java\jdk-11.0.18+10\bin\nio.dll
0x00007ffb45bb0000 - 0x00007ffb45bd7000 	C:\Users\almeida\.gradle\native\e1d6ef7f7dcc3fd88c89a11ec53ec762bb8ba0a96d01ffa2cd45eb1d1d8dd5c5\windows-amd64\native-platform.dll
0x00007ffb54510000 - 0x00007ffb5451a000 	C:\Users\almeida\.gradle\native\jansi\1.18\windows64\jansi.dll

dbghelp: loaded successfully - version: 4.0.5 - missing functions: none
symbol engine: initialized successfully - sym options: 0x614 - pdb path: .;C:\Program Files\Java\jdk-11.0.18+10\bin;C:\WINDOWS\SYSTEM32;C:\WINDOWS\WinSxS\amd64_microsoft.windows.common-controls_6595b64144ccf1df_6.0.19041.1110_none_60b5254171f9507e;C:\Program Files\Java\jdk-11.0.18+10\bin\server;C:\Users\almeida\.gradle\native\e1d6ef7f7dcc3fd88c89a11ec53ec762bb8ba0a96d01ffa2cd45eb1d1d8dd5c5\windows-amd64;C:\Users\almeida\.gradle\native\jansi\1.18\windows64

VM Arguments:
jvm_args: -Xmx64m -Xms64m -Dorg.gradle.appname=gradlew 
java_command: org.gradle.wrapper.GradleWrapperMain app:installDebug -PreactNativeDevServerPort=8081
java_class_path (initial): C:\source\repos\C.A.P\client\android\\gradle\wrapper\gradle-wrapper.jar
Launcher Type: SUN_STANDARD

[Global flags]
     intx CICompilerCount                          = 3                                         {product} {ergonomic}
     uint ConcGCThreads                            = 1                                         {product} {ergonomic}
     uint G1ConcRefinementThreads                  = 4                                         {product} {ergonomic}
   size_t G1HeapRegionSize                         = 1048576                                   {product} {ergonomic}
    uintx GCDrainStackTargetSize                   = 64                                        {product} {ergonomic}
   size_t InitialHeapSize                          = 67108864                                  {product} {command line}
   size_t MarkStackSize                            = 4194304                                   {product} {ergonomic}
   size_t MaxHeapSize                              = 67108864                                  {product} {command line}
   size_t MaxNewSize                               = 39845888                                  {product} {ergonomic}
   size_t MinHeapDeltaBytes                        = 1048576                                   {product} {ergonomic}
    uintx NonNMethodCodeHeapSize                   = 5830732                                {pd product} {ergonomic}
    uintx NonProfiledCodeHeapSize                  = 122913754                              {pd product} {ergonomic}
    uintx ProfiledCodeHeapSize                     = 122913754                              {pd product} {ergonomic}
    uintx ReservedCodeCacheSize                    = 251658240                              {pd product} {ergonomic}
     bool SegmentedCodeCache                       = true                                      {product} {ergonomic}
     bool UseCompressedClassPointers               = true                                 {lp64_product} {ergonomic}
     bool UseCompressedOops                        = true                                 {lp64_product} {ergonomic}
     bool UseG1GC                                  = true                                      {product} {ergonomic}
     bool UseLargePagesIndividualAllocation        = false                                  {pd product} {ergonomic}

Logging:
Log output configuration:
 #0: stdout all=warning uptime,level,tags
 #1: stderr all=off uptime,level,tags

Environment Variables:
JAVA_HOME=C:\Program Files\Java\jdk-11.0.18+10
CLASSPATH=C:\source\repos\C.A.P\client\android\\gradle\wrapper\gradle-wrapper.jar
PATH=C:\source\repos\C.A.P\client\android\node_modules\.bin;C:\source\repos\C.A.P\client\node_modules\.bin;C:\source\repos\C.A.P\node_modules\.bin;C:\source\repos\node_modules\.bin;C:\source\node_modules\.bin;C:\node_modules\.bin;C:\Program Files\nodejs;C:\source\repos\C.A.P\client\node_modules\.bin;C:\source\repos\C.A.P\node_modules\.bin;C:\source\repos\node_modules\.bin;C:\source\node_modules\.bin;C:\node_modules\.bin;C:\Program Files\nodejs\node_modules\npm\node_modules\@npmcli\run-script\lib\node-gyp-bin;C:\Program Files\Eclipse Adoptium\jdk-11.0.18.10-hotspot\bin;C:\Program Files\Common Files\Oracle\Java\javapath;C:\WINDOWS\system32;C:\WINDOWS;C:\WINDOWS\System32\Wbem;C:\WINDOWS\System32\WindowsPowerShell\v1.0\;C:\Program Files\dotnet\;C:\WINDOWS\System32\OpenSSH\;C:\Program Files\Git\cmd;C:\Program Files\Microsoft SQL Server\Client SDK\ODBC\170\Tools\Binn\;C:\Windows\Microsoft.NET\Framework64\v4.0.30319;C:\Windows\Microsoft.NET\Framework64\v4.0.30319;C:\Program Files\MySQL\MySQL Server 8.0\bin;C:\ProgramData\chocolatey\bin;C:\Program Files\nodejs\;C:\Program Files (x86)\Yarn\bin\;C:\platform-tools\;C:\Program Files\Azure Data Studio\bin;C:\Program Files (x86)\Microsoft SQL Server\160\DTS\Binn\;C:\Program Files (x86)\Microsoft SQL Server\160\Tools\Binn\;C:\Program Files\Microsoft SQL Server\160\Tools\Binn\;C:\Program Files\Microsoft SQL Server\160\DTS\Binn\;C:\Program Files\MySQL\MySQL Shell 8.0\bin\;C:\Users\almeida\AppData\Local\Microsoft\WindowsApps;C:\Users\THALIS NATHAN\AppData\Roaming\npm;C:\Users\THALIS NATHAN\AppData\Local\Programs\Microsoft VS Code\bin;C:\Users\THALIS NATHAN\AppData\Local\GitHubDesktop\bin;C:\Users\almeida\.dotnet\tools;C:\Users\almeida\AppData\Local\GitHubDesktop\bin;C:\Users\almeida\AppData\Local\Android\Sdk\emulador;C:\Users\almeida\AppData\Local\Android\Sdk\tools;C:\Users\almeida\AppData\Local\Android\Sdk\tools\bin;C:\Users\almeida\AppData\Local\Android\Sdk\platform-tools;C:\Users\almeida\AppData\Local\Yarn\bin;C:\Users\almeida\AppDat
USERNAME=THALIS
OS=Windows_NT
PROCESSOR_IDENTIFIER=Intel64 Family 6 Model 42 Stepping 7, GenuineIntel
TMP=C:\Users\almeida\AppData\Local\Temp
TEMP=C:\Users\almeida\AppData\Local\Temp



---------------  S Y S T E M  ---------------

OS: Windows 10 , 64 bit Build 19041 (10.0.19041.2913)
OS uptime: 0 days 1:03 hours

CPU:total 4 (initial active 4) (2 cores per cpu, 2 threads per core) family 6 model 42 stepping 7 microcode 0x2f, cmov, cx8, fxsr, mmx, sse, sse2, sse3, ssse3, sse4.1, sse4.2, popcnt, avx, aes, clmul, ht, tsc, tscinvbit

Memory: 4k page, system-wide physical 4003M (325M free)
TotalPageFile size 6051M (AvailPageFile size 0M)
current process WorkingSet (physical memory assigned to process): 77M, peak: 77M
current process commit charge ("private bytes"): 153M, peak: 154M

vm_info: OpenJDK 64-Bit Server VM (11.0.18+10-LTS) for windows-amd64 JRE (11.0.18+10-LTS), built on Jan 18 2023 15:56:47 by "MicrosoftCorporation" with MS VC++ 15.9 (VS2017)

END.
