#
# There is insufficient memory for the Java Runtime Environment to continue.
# Native memory allocation (malloc) failed to allocate 1268976 bytes for Chunk::new
# Possible reasons:
#   The system is out of physical RAM or swap space
#   The process is running with CompressedOops enabled, and the Java Heap may be blocking the growth of the native heap
# Possible solutions:
#   Reduce memory load on the system
#   Increase physical memory or swap space
#   Check if swap backing store is full
#   Decrease Java heap size (-Xmx/-Xms)
#   Decrease number of Java threads
#   Decrease Java thread stack sizes (-Xss)
#   Set larger code cache with -XX:ReservedCodeCacheSize=
#   JVM is running with Unscaled Compressed Oops mode in which the Java heap is
#     placed in the first 4GB address space. The Java Heap base address is the
#     maximum limit for the native heap growth. Please use -XX:HeapBaseMinAddress
#     to set the Java Heap base and to place the Java Heap above 4GB virtual address.
# This output file may be truncated or incomplete.
#
#  Out of Memory Error (./src/hotspot/share/memory/arena.cpp:197), pid=13280, tid=9704
#
# JRE version: OpenJDK Runtime Environment Microsoft-7208460 (11.0.18+10) (build 11.0.18+10-LTS)
# Java VM: OpenJDK 64-Bit Server VM Microsoft-7208460 (11.0.18+10-LTS, mixed mode, tiered, compressed oops, g1 gc, windows-amd64)
# No core dump will be written. Minidumps are not enabled by default on client versions of Windows
#

---------------  S U M M A R Y ------------

Command Line: -XX:MaxMetaspaceSize=512m --add-opens=java.base/java.util=ALL-UNNAMED --add-opens=java.base/java.lang=ALL-UNNAMED --add-opens=java.base/java.lang.invoke=ALL-UNNAMED --add-opens=java.base/java.util=ALL-UNNAMED --add-opens=java.prefs/java.util.prefs=ALL-UNNAMED --add-opens=java.prefs/java.util.prefs=ALL-UNNAMED --add-opens=java.base/java.nio.charset=ALL-UNNAMED --add-opens=java.base/java.net=ALL-UNNAMED --add-opens=java.base/java.util.concurrent.atomic=ALL-UNNAMED -Xmx2048m -Dfile.encoding=windows-1252 -Duser.country=BR -Duser.language=pt -Duser.variant org.gradle.launcher.daemon.bootstrap.GradleDaemon 7.5.1

Host: Intel(R) Core(TM) i5-2450M CPU @ 2.50GHz, 4 cores, 3G,  Windows 10 , 64 bit Build 19041 (10.0.19041.2913)
Time: Sat Jun 24 02:20:00 2023 Hora oficial do Brasil elapsed time: 680.195824 seconds (0d 0h 11m 20s)

---------------  T H R E A D  ---------------

Current thread (0x000002937f098800):  JavaThread "C2 CompilerThread0" daemon [_thread_in_native, id=9704, stack(0x000000cdb8e00000,0x000000cdb8f00000)]


Current CompileTask:
C2: 680196 17640       4       com.google.common.collect.ImmutableSortedMap$Builder::build (87 bytes)

Stack: [0x000000cdb8e00000,0x000000cdb8f00000]
Native frames: (J=compiled Java code, j=interpreted, Vv=VM code, C=native code)
V  [jvm.dll+0x62bf8a]
V  [jvm.dll+0x7b8fb9]
V  [jvm.dll+0x7ba6a8]
V  [jvm.dll+0x7bad83]
V  [jvm.dll+0x250248]
V  [jvm.dll+0xc260c]
V  [jvm.dll+0xc2bcc]
V  [jvm.dll+0x35e182]
V  [jvm.dll+0x32a373]
V  [jvm.dll+0x3296aa]
V  [jvm.dll+0x2093b3]
V  [jvm.dll+0x20850d]
V  [jvm.dll+0x18a4b1]
V  [jvm.dll+0x217eec]
V  [jvm.dll+0x21612b]
V  [jvm.dll+0x77bac0]
V  [jvm.dll+0x7749f4]
V  [jvm.dll+0x62adf5]
C  [ucrtbase.dll+0x21bb2]
C  [KERNEL32.DLL+0x17614]
C  [ntdll.dll+0x526a1]


---------------  P R O C E S S  ---------------

Threads class SMR info:
_java_thread_list=0x0000029327f84a00, length=88, elements={
0x000002937d6c2800, 0x000002937f03d000, 0x000002937f02d800, 0x000002937f090000,
0x000002937f092800, 0x000002937f093800, 0x000002937f098800, 0x000002937f099800,
0x000002937f0ce800, 0x000002937f29f000, 0x000002931ddb2800, 0x000002931d999800,
0x000002937f465800, 0x000002931debf000, 0x000002937fda4000, 0x000002937f9cc800,
0x000002937f2ae800, 0x000002937f947800, 0x000002937f948800, 0x000002931db86000,
0x000002931dc5f000, 0x000002931dc60000, 0x000002931dc61000, 0x000002931dc5d800,
0x000002931dc61800, 0x000002931dc5e800, 0x000002931dc62800, 0x000002931dc63800,
0x000002931dc64000, 0x000002931f5e7000, 0x000002931f5e7800, 0x000002931f5e5800,
0x000002931f5e6000, 0x000002931f5e3000, 0x000002931f5e8800, 0x000002931f5e9800,
0x000002931f5e4800, 0x000002931f5e3800, 0x000002931f5eb000, 0x000002931f5ee800,
0x000002931f5f0000, 0x000002931f5ec000, 0x000002931f5ec800, 0x000002931f5ef000,
0x000002931f5ed800, 0x000002931f5ea000, 0x000002931f5f0800, 0x000002931efa6800,
0x000002931efa7000, 0x000002931efa4000, 0x000002931efa2800, 0x000002931efa5000,
0x000002931efa3000, 0x000002931efa5800, 0x000002931efa1800, 0x000002931efad000,
0x000002931efa9800, 0x000002931efac000, 0x000002931efae000, 0x000002931efa8000,
0x000002931efae800, 0x000002931efab800, 0x000002931efa9000, 0x000002931efaa800,
0x000002931efaf800, 0x000002931efb0000, 0x00000293226d0000, 0x00000293226cf000,
0x00000293226ce000, 0x00000293226cb800, 0x00000293226cc800, 0x00000293226d0800,
0x00000293226d1800, 0x00000293226d2800, 0x00000293226cd800, 0x00000293226d9800,
0x00000293226d5800, 0x00000293226d7000, 0x00000293226d8000, 0x00000293226d6800,
0x00000293226d4800, 0x00000293226d9000, 0x00000293226d4000, 0x00000293226da800,
0x00000293227c3800, 0x00000293227c1800, 0x00000293227c5800, 0x00000293227c6000
}

Java Threads: ( => current thread )
  0x000002937d6c2800 JavaThread "main" [_thread_blocked, id=7948, stack(0x000000cdb8200000,0x000000cdb8300000)]
  0x000002937f03d000 JavaThread "Reference Handler" daemon [_thread_blocked, id=10632, stack(0x000000cdb8900000,0x000000cdb8a00000)]
  0x000002937f02d800 JavaThread "Finalizer" daemon [_thread_blocked, id=13060, stack(0x000000cdb8a00000,0x000000cdb8b00000)]
  0x000002937f090000 JavaThread "Signal Dispatcher" daemon [_thread_blocked, id=1176, stack(0x000000cdb8b00000,0x000000cdb8c00000)]
  0x000002937f092800 JavaThread "Attach Listener" daemon [_thread_blocked, id=4196, stack(0x000000cdb8c00000,0x000000cdb8d00000)]
  0x000002937f093800 JavaThread "Service Thread" daemon [_thread_blocked, id=6672, stack(0x000000cdb8d00000,0x000000cdb8e00000)]
=>0x000002937f098800 JavaThread "C2 CompilerThread0" daemon [_thread_in_native, id=9704, stack(0x000000cdb8e00000,0x000000cdb8f00000)]
  0x000002937f099800 JavaThread "C1 CompilerThread0" daemon [_thread_blocked, id=7692, stack(0x000000cdb8f00000,0x000000cdb9000000)]
  0x000002937f0ce800 JavaThread "Sweeper thread" daemon [_thread_blocked, id=8256, stack(0x000000cdb9000000,0x000000cdb9100000)]
  0x000002937f29f000 JavaThread "Common-Cleaner" daemon [_thread_blocked, id=11004, stack(0x000000cdb9100000,0x000000cdb9200000)]
  0x000002931ddb2800 JavaThread "Daemon health stats" [_thread_blocked, id=9120, stack(0x000000cdb7f00000,0x000000cdb8000000)]
  0x000002931d999800 JavaThread "Incoming local TCP Connector on port 59269" [_thread_in_native, id=304, stack(0x000000cdb9800000,0x000000cdb9900000)]
  0x000002937f465800 JavaThread "Daemon periodic checks" [_thread_blocked, id=2960, stack(0x000000cdb9900000,0x000000cdb9a00000)]
  0x000002931debf000 JavaThread "Daemon" [_thread_blocked, id=11156, stack(0x000000cdb9a00000,0x000000cdb9b00000)]
  0x000002937fda4000 JavaThread "Handler for socket connection from /127.0.0.1:59269 to /127.0.0.1:59271" [_thread_in_native, id=13036, stack(0x000000cdb9b00000,0x000000cdb9c00000)]
  0x000002937f9cc800 JavaThread "Cancel handler" [_thread_blocked, id=4200, stack(0x000000cdb9c00000,0x000000cdb9d00000)]
  0x000002937f2ae800 JavaThread "Daemon worker" [_thread_blocked, id=2924, stack(0x000000cdb9d00000,0x000000cdb9e00000)]
  0x000002937f947800 JavaThread "Asynchronous log dispatcher for DefaultDaemonConnection: socket connection from /127.0.0.1:59269 to /127.0.0.1:59271" [_thread_blocked, id=2284, stack(0x000000cdb9e00000,0x000000cdb9f00000)]
  0x000002937f948800 JavaThread "Stdin handler" [_thread_blocked, id=3404, stack(0x000000cdb9f00000,0x000000cdba000000)]
  0x000002931db86000 JavaThread "Daemon client event forwarder" [_thread_blocked, id=12520, stack(0x000000cdba000000,0x000000cdba100000)]
  0x000002931dc5f000 JavaThread "Cache worker for journal cache (C:\Users\almeida\.gradle\caches\journal-1)" [_thread_blocked, id=840, stack(0x000000cdba100000,0x000000cdba200000)]
  0x000002931dc60000 JavaThread "File lock request listener" [_thread_in_native, id=8368, stack(0x000000cdba200000,0x000000cdba300000)]
  0x000002931dc61000 JavaThread "Cache worker for file hash cache (C:\Users\almeida\.gradle\caches\7.5.1\fileHashes)" [_thread_blocked, id=10168, stack(0x000000cdba300000,0x000000cdba400000)]
  0x000002931dc5d800 JavaThread "File watcher server" daemon [_thread_in_native, id=12480, stack(0x000000cdb9400000,0x000000cdb9500000)]
  0x000002931dc61800 JavaThread "File watcher consumer" daemon [_thread_blocked, id=7892, stack(0x000000cdb9500000,0x000000cdb9600000)]
  0x000002931dc5e800 JavaThread "Cache worker for checksums cache (C:\source\repos\C.A.P\client\android\.gradle\7.5.1\checksums)" [_thread_blocked, id=6668, stack(0x000000cdba400000,0x000000cdba500000)]
  0x000002931dc62800 JavaThread "Cache worker for cache directory md-rule (C:\Users\almeida\.gradle\caches\7.5.1\md-rule)" [_thread_blocked, id=6208, stack(0x000000cdba500000,0x000000cdba600000)]
  0x000002931dc63800 JavaThread "Cache worker for file content cache (C:\Users\almeida\.gradle\caches\7.5.1\fileContent)" [_thread_blocked, id=7964, stack(0x000000cdba600000,0x000000cdba700000)]
  0x000002931dc64000 JavaThread "Cache worker for file hash cache (C:\source\repos\C.A.P\client\android\.gradle\7.5.1\fileHashes)" [_thread_blocked, id=2612, stack(0x000000cdba700000,0x000000cdba800000)]
  0x000002931f5e7000 JavaThread "Cache worker for cache directory md-supplier (C:\Users\almeida\.gradle\caches\7.5.1\md-supplier)" [_thread_blocked, id=5776, stack(0x000000cdba800000,0x000000cdba900000)]
  0x000002931f5e7800 JavaThread "Cache worker for execution history cache (C:\Users\almeida\.gradle\caches\7.5.1\executionHistory)" [_thread_blocked, id=3840, stack(0x000000cdba900000,0x000000cdbaa00000)]
  0x000002931f5e5800 JavaThread "jar transforms" [_thread_blocked, id=2032, stack(0x000000cdbab00000,0x000000cdbac00000)]
  0x000002931f5e6000 JavaThread "jar transforms Thread 2" [_thread_blocked, id=8320, stack(0x000000cdbac00000,0x000000cdbad00000)]
  0x000002931f5e3000 JavaThread "jar transforms Thread 3" [_thread_blocked, id=4972, stack(0x000000cdbaa00000,0x000000cdbab00000)]
  0x000002931f5e8800 JavaThread "jar transforms Thread 4" [_thread_blocked, id=10088, stack(0x000000cdbad00000,0x000000cdbae00000)]
  0x000002931f5e9800 JavaThread "Cache worker for kotlin-dsl (C:\Users\almeida\.gradle\caches\7.5.1\kotlin-dsl)" [_thread_blocked, id=4416, stack(0x000000cdbaf00000,0x000000cdbb000000)]
  0x000002931f5e4800 JavaThread "Cache worker for dependencies-accessors (C:\source\repos\C.A.P\client\android\.gradle\7.5.1\dependencies-accessors)" [_thread_blocked, id=10384, stack(0x000000cdbae00000,0x000000cdbaf00000)]
  0x000002931f5e3800 JavaThread "Cache worker for Build Output Cleanup Cache (C:\source\repos\C.A.P\client\node_modules\react-native-gradle-plugin\.gradle\buildOutputCleanup)" [_thread_blocked, id=7848, stack(0x000000cdbb000000,0x000000cdbb100000)]
  0x000002931f5eb000 JavaThread "Unconstrained build operations" [_thread_blocked, id=8700, stack(0x000000cdbb100000,0x000000cdbb200000)]
  0x000002931f5ee800 JavaThread "Unconstrained build operations Thread 2" [_thread_blocked, id=11052, stack(0x000000cdbb200000,0x000000cdbb300000)]
  0x000002931f5f0000 JavaThread "Unconstrained build operations Thread 3" [_thread_blocked, id=12528, stack(0x000000cdbb300000,0x000000cdbb400000)]
  0x000002931f5ec000 JavaThread "Unconstrained build operations Thread 4" [_thread_blocked, id=11376, stack(0x000000cdbb400000,0x000000cdbb500000)]
  0x000002931f5ec800 JavaThread "Unconstrained build operations Thread 5" [_thread_blocked, id=12484, stack(0x000000cdbb500000,0x000000cdbb600000)]
  0x000002931f5ef000 JavaThread "Unconstrained build operations Thread 6" [_thread_blocked, id=13264, stack(0x000000cdbb600000,0x000000cdbb700000)]
  0x000002931f5ed800 JavaThread "Unconstrained build operations Thread 7" [_thread_blocked, id=9668, stack(0x000000cdbb700000,0x000000cdbb800000)]
  0x000002931f5ea000 JavaThread "Unconstrained build operations Thread 8" [_thread_blocked, id=5856, stack(0x000000cdbb800000,0x000000cdbb900000)]
  0x000002931f5f0800 JavaThread "Unconstrained build operations Thread 9" [_thread_blocked, id=9296, stack(0x000000cdbb900000,0x000000cdbba00000)]
  0x000002931efa6800 JavaThread "Unconstrained build operations Thread 10" [_thread_blocked, id=9240, stack(0x000000cdbba00000,0x000000cdbbb00000)]
  0x000002931efa7000 JavaThread "Unconstrained build operations Thread 11" [_thread_blocked, id=9208, stack(0x000000cdbbb00000,0x000000cdbbc00000)]
  0x000002931efa4000 JavaThread "Unconstrained build operations Thread 12" [_thread_blocked, id=916, stack(0x000000cdbbc00000,0x000000cdbbd00000)]
  0x000002931efa2800 JavaThread "Unconstrained build operations Thread 13" [_thread_blocked, id=3104, stack(0x000000cdbbd00000,0x000000cdbbe00000)]
  0x000002931efa5000 JavaThread "Unconstrained build operations Thread 14" [_thread_blocked, id=3188, stack(0x000000cdbbe00000,0x000000cdbbf00000)]
  0x000002931efa3000 JavaThread "Unconstrained build operations Thread 15" [_thread_blocked, id=11536, stack(0x000000cdbbf00000,0x000000cdbc000000)]
  0x000002931efa5800 JavaThread "Unconstrained build operations Thread 16" [_thread_blocked, id=3568, stack(0x000000cdbc000000,0x000000cdbc100000)]
  0x000002931efa1800 JavaThread "Unconstrained build operations Thread 17" [_thread_blocked, id=6800, stack(0x000000cdbc100000,0x000000cdbc200000)]
  0x000002931efad000 JavaThread "Unconstrained build operations Thread 18" [_thread_blocked, id=11568, stack(0x000000cdbc200000,0x000000cdbc300000)]
  0x000002931efa9800 JavaThread "Unconstrained build operations Thread 19" [_thread_blocked, id=2848, stack(0x000000cdbc300000,0x000000cdbc400000)]
  0x000002931efac000 JavaThread "Unconstrained build operations Thread 20" [_thread_blocked, id=11600, stack(0x000000cdbc400000,0x000000cdbc500000)]
  0x000002931efae000 JavaThread "Unconstrained build operations Thread 21" [_thread_blocked, id=10020, stack(0x000000cdbc500000,0x000000cdbc600000)]
  0x000002931efa8000 JavaThread "Unconstrained build operations Thread 22" [_thread_blocked, id=9904, stack(0x000000cdbc600000,0x000000cdbc700000)]
  0x000002931efae800 JavaThread "Unconstrained build operations Thread 23" [_thread_blocked, id=7928, stack(0x000000cdbc700000,0x000000cdbc800000)]
  0x000002931efab800 JavaThread "Unconstrained build operations Thread 24" [_thread_blocked, id=4220, stack(0x000000cdbc800000,0x000000cdbc900000)]
  0x000002931efa9000 JavaThread "Unconstrained build operations Thread 25" [_thread_blocked, id=4812, stack(0x000000cdbc900000,0x000000cdbca00000)]
  0x000002931efaa800 JavaThread "Unconstrained build operations Thread 26" [_thread_blocked, id=11664, stack(0x000000cdbca00000,0x000000cdbcb00000)]
  0x000002931efaf800 JavaThread "Unconstrained build operations Thread 27" [_thread_blocked, id=1156, stack(0x000000cdbcb00000,0x000000cdbcc00000)]
  0x000002931efb0000 JavaThread "Unconstrained build operations Thread 28" [_thread_blocked, id=1968, stack(0x000000cdbcc00000,0x000000cdbcd00000)]
  0x00000293226d0000 JavaThread "Unconstrained build operations Thread 29" [_thread_blocked, id=10516, stack(0x000000cdbcd00000,0x000000cdbce00000)]
  0x00000293226cf000 JavaThread "Unconstrained build operations Thread 30" [_thread_blocked, id=6852, stack(0x000000cdbce00000,0x000000cdbcf00000)]
  0x00000293226ce000 JavaThread "Unconstrained build operations Thread 31" [_thread_blocked, id=3688, stack(0x000000cdbcf00000,0x000000cdbd000000)]
  0x00000293226cb800 JavaThread "Unconstrained build operations Thread 32" [_thread_blocked, id=1004, stack(0x000000cdbd000000,0x000000cdbd100000)]
  0x00000293226cc800 JavaThread "Unconstrained build operations Thread 33" [_thread_blocked, id=10512, stack(0x000000cdbd100000,0x000000cdbd200000)]
  0x00000293226d0800 JavaThread "build event listener" [_thread_blocked, id=13272, stack(0x000000cdbd200000,0x000000cdbd300000)]
  0x00000293226d1800 JavaThread "Memory manager" [_thread_blocked, id=12868, stack(0x000000cdbd400000,0x000000cdbd500000)]
  0x00000293226d2800 JavaThread "Cache worker for Build Output Cleanup Cache (C:\source\repos\C.A.P\client\android\.gradle\buildOutputCleanup)" [_thread_blocked, id=11096, stack(0x000000cdbd300000,0x000000cdbd400000)]
  0x00000293226cd800 JavaThread "Execution worker" [_thread_blocked, id=9696, stack(0x000000cdbd700000,0x000000cdbd800000)]
  0x00000293226d9800 JavaThread "Execution worker Thread 2" [_thread_in_native, id=3856, stack(0x000000cdbd800000,0x000000cdbd900000)]
  0x00000293226d5800 JavaThread "Execution worker Thread 3" [_thread_blocked, id=10644, stack(0x000000cdbd900000,0x000000cdbda00000)]
  0x00000293226d7000 JavaThread "Cache worker for execution history cache (C:\source\repos\C.A.P\client\node_modules\react-native-gradle-plugin\.gradle\7.5.1\executionHistory)" [_thread_blocked, id=5532, stack(0x000000cdbda00000,0x000000cdbdb00000)]
  0x00000293226d8000 JavaThread "Unconstrained build operations Thread 34" [_thread_blocked, id=12960, stack(0x000000cdbd500000,0x000000cdbd600000)]
  0x00000293226d6800 JavaThread "Unconstrained build operations Thread 35" [_thread_blocked, id=4056, stack(0x000000cdbdb00000,0x000000cdbdc00000)]
  0x00000293226d4800 JavaThread "Unconstrained build operations Thread 36" [_thread_blocked, id=1240, stack(0x000000cdbdc00000,0x000000cdbdd00000)]
  0x00000293226d9000 JavaThread "Unconstrained build operations Thread 37" [_thread_blocked, id=11192, stack(0x000000cdbdd00000,0x000000cdbde00000)]
  0x00000293226d4000 JavaThread "Unconstrained build operations Thread 38" [_thread_blocked, id=704, stack(0x000000cdbde00000,0x000000cdbdf00000)]
  0x00000293226da800 JavaThread "Unconstrained build operations Thread 39" [_thread_blocked, id=10264, stack(0x000000cdbdf00000,0x000000cdbe000000)]
  0x00000293227c3800 JavaThread "Unconstrained build operations Thread 40" [_thread_blocked, id=5632, stack(0x000000cdbe000000,0x000000cdbe100000)]
  0x00000293227c1800 JavaThread "build event listener" [_thread_blocked, id=12692, stack(0x000000cdbd600000,0x000000cdbd700000)]
  0x00000293227c5800 JavaThread "included builds Thread 2" [_thread_blocked, id=9872, stack(0x000000cdbe400000,0x000000cdbe500000)]
  0x00000293227c6000 JavaThread "Cache worker for execution history cache (C:\source\repos\C.A.P\client\android\.gradle\7.5.1\executionHistory)" [_thread_blocked, id=8356, stack(0x000000cdbe500000,0x000000cdbe600000)]

Other Threads:
  0x000002937f02b000 VMThread "VM Thread" [stack: 0x000000cdb8800000,0x000000cdb8900000] [id=10448]
  0x000002937f324800 WatcherThread [stack: 0x000000cdb9200000,0x000000cdb9300000] [id=7860]
  0x000002937d6da000 GCTaskThread "GC Thread#0" [stack: 0x000000cdb8300000,0x000000cdb8400000] [id=5840]
  0x000002937f539000 GCTaskThread "GC Thread#1" [stack: 0x000000cdb9300000,0x000000cdb9400000] [id=1440]
  0x000002931dbed800 GCTaskThread "GC Thread#2" [stack: 0x000000cdb8000000,0x000000cdb8100000] [id=9508]
  0x000002937fa1a800 GCTaskThread "GC Thread#3" [stack: 0x000000cdb8100000,0x000000cdb8200000] [id=1112]
  0x000002937d70b800 ConcurrentGCThread "G1 Main Marker" [stack: 0x000000cdb8400000,0x000000cdb8500000] [id=8980]
  0x000002937d70e800 ConcurrentGCThread "G1 Conc#0" [stack: 0x000000cdb8500000,0x000000cdb8600000] [id=13012]
  0x000002937d765800 ConcurrentGCThread "G1 Refine#0" [stack: 0x000000cdb8600000,0x000000cdb8700000] [id=6896]
  0x000002937d766800 ConcurrentGCThread "G1 Young RemSet Sampling" [stack: 0x000000cdb8700000,0x000000cdb8800000] [id=11384]

Threads with active compile tasks:
C2 CompilerThread0   680661 17640       4       com.google.common.collect.ImmutableSortedMap$Builder::build (87 bytes)

VM state:not at safepoint (normal execution)

VM Mutex/Monitor currently owned by a thread: None

Heap address: 0x0000000080000000, size: 2048 MB, Compressed Oops mode: 32-bit
Narrow klass base: 0x0000000000000000, Narrow klass shift: 3
Compressed class space size: 528482304 Address: 0x0000000100000000

Heap:
 garbage-first heap   total 329728K, used 234312K [0x0000000080000000, 0x0000000100000000)
  region size 1024K, 18 young (18432K), 2 survivors (2048K)
 Metaspace       used 114472K, capacity 119000K, committed 119120K, reserved 620544K
  class space    used 14820K, capacity 16577K, committed 16640K, reserved 516096K
Heap Regions: E=young(eden), S=young(survivor), O=old, HS=humongous(starts), HC=humongous(continues), CS=collection set, F=free, A=archive, TAMS=top-at-mark-start (previous, next)
|   0|0x0000000080000000, 0x0000000080100000, 0x0000000080100000|100%|HS|  |TAMS 0x0000000080100000, 0x0000000080000000| Complete 
|   1|0x0000000080100000, 0x0000000080200000, 0x0000000080200000|100%|HC|  |TAMS 0x0000000080200000, 0x0000000080100000| Complete 
|   2|0x0000000080200000, 0x0000000080300000, 0x0000000080300000|100%|HC|  |TAMS 0x0000000080300000, 0x0000000080200000| Complete 
|   3|0x0000000080300000, 0x0000000080400000, 0x0000000080400000|100%| O|  |TAMS 0x0000000080400000, 0x0000000080300000| Updating 
|   4|0x0000000080400000, 0x0000000080500000, 0x0000000080500000|100%| O|  |TAMS 0x0000000080500000, 0x0000000080400000| Updating 
|   5|0x0000000080500000, 0x0000000080600000, 0x0000000080600000|100%| O|  |TAMS 0x0000000080600000, 0x0000000080500000| Updating 
|   6|0x0000000080600000, 0x0000000080700000, 0x0000000080700000|100%| O|  |TAMS 0x0000000080700000, 0x0000000080600000| Updating 
|   7|0x0000000080700000, 0x0000000080800000, 0x0000000080800000|100%| O|  |TAMS 0x0000000080800000, 0x0000000080700000| Updating 
|   8|0x0000000080800000, 0x0000000080900000, 0x0000000080900000|100%| O|  |TAMS 0x0000000080900000, 0x0000000080800000| Updating 
|   9|0x0000000080900000, 0x0000000080a00000, 0x0000000080a00000|100%| O|  |TAMS 0x0000000080a00000, 0x0000000080900000| Updating 
|  10|0x0000000080a00000, 0x0000000080b00000, 0x0000000080b00000|100%| O|  |TAMS 0x0000000080b00000, 0x0000000080a00000| Updating 
|  11|0x0000000080b00000, 0x0000000080c00000, 0x0000000080c00000|100%| O|  |TAMS 0x0000000080c00000, 0x0000000080b00000| Updating 
|  12|0x0000000080c00000, 0x0000000080d00000, 0x0000000080d00000|100%| O|  |TAMS 0x0000000080d00000, 0x0000000080c00000| Updating 
|  13|0x0000000080d00000, 0x0000000080e00000, 0x0000000080e00000|100%| O|  |TAMS 0x0000000080e00000, 0x0000000080d00000| Updating 
|  14|0x0000000080e00000, 0x0000000080f00000, 0x0000000080f00000|100%| O|  |TAMS 0x0000000080f00000, 0x0000000080e00000| Updating 
|  15|0x0000000080f00000, 0x0000000081000000, 0x0000000081000000|100%| O|  |TAMS 0x0000000081000000, 0x0000000080f00000| Updating 
|  16|0x0000000081000000, 0x0000000081100000, 0x0000000081100000|100%| O|  |TAMS 0x0000000081100000, 0x0000000081000000| Updating 
|  17|0x0000000081100000, 0x0000000081200000, 0x0000000081200000|100%| O|  |TAMS 0x0000000081200000, 0x0000000081100000| Updating 
|  18|0x0000000081200000, 0x0000000081300000, 0x0000000081300000|100%| O|  |TAMS 0x0000000081300000, 0x0000000081200000| Updating 
|  19|0x0000000081300000, 0x0000000081400000, 0x0000000081400000|100%| O|  |TAMS 0x0000000081400000, 0x0000000081300000| Updating 
|  20|0x0000000081400000, 0x0000000081500000, 0x0000000081500000|100%| O|  |TAMS 0x0000000081500000, 0x0000000081400000| Updating 
|  21|0x0000000081500000, 0x0000000081600000, 0x0000000081600000|100%| O|  |TAMS 0x0000000081600000, 0x0000000081500000| Updating 
|  22|0x0000000081600000, 0x0000000081700000, 0x0000000081700000|100%| O|  |TAMS 0x0000000081700000, 0x0000000081600000| Updating 
|  23|0x0000000081700000, 0x0000000081800000, 0x0000000081800000|100%| O|  |TAMS 0x0000000081800000, 0x0000000081700000| Updating 
|  24|0x0000000081800000, 0x0000000081900000, 0x0000000081900000|100%| O|  |TAMS 0x0000000081900000, 0x0000000081800000| Updating 
|  25|0x0000000081900000, 0x0000000081a00000, 0x0000000081a00000|100%| O|  |TAMS 0x0000000081a00000, 0x0000000081900000| Updating 
|  26|0x0000000081a00000, 0x0000000081b00000, 0x0000000081b00000|100%| O|  |TAMS 0x0000000081b00000, 0x0000000081a00000| Updating 
|  27|0x0000000081b00000, 0x0000000081c00000, 0x0000000081c00000|100%| O|  |TAMS 0x0000000081c00000, 0x0000000081b00000| Updating 
|  28|0x0000000081c00000, 0x0000000081d00000, 0x0000000081d00000|100%|HS|  |TAMS 0x0000000081d00000, 0x0000000081c00000| Complete 
|  29|0x0000000081d00000, 0x0000000081e00000, 0x0000000081e00000|100%| O|  |TAMS 0x0000000081e00000, 0x0000000081d00000| Updating 
|  30|0x0000000081e00000, 0x0000000081f00000, 0x0000000081f00000|100%| O|  |TAMS 0x0000000081f00000, 0x0000000081e00000| Updating 
|  31|0x0000000081f00000, 0x0000000082000000, 0x0000000082000000|100%| O|  |TAMS 0x0000000081fa6800, 0x0000000081f00000| Updating 
|  32|0x0000000082000000, 0x0000000082100000, 0x0000000082100000|100%| O|  |TAMS 0x0000000082100000, 0x0000000082000000| Updating 
|  33|0x0000000082100000, 0x0000000082200000, 0x0000000082200000|100%| O|  |TAMS 0x0000000082200000, 0x0000000082100000| Updating 
|  34|0x0000000082200000, 0x0000000082300000, 0x0000000082300000|100%|HS|  |TAMS 0x0000000082300000, 0x0000000082200000| Complete 
|  35|0x0000000082300000, 0x0000000082400000, 0x0000000082400000|100%|HS|  |TAMS 0x0000000082400000, 0x0000000082300000| Complete 
|  36|0x0000000082400000, 0x0000000082500000, 0x0000000082500000|100%|HC|  |TAMS 0x0000000082500000, 0x0000000082400000| Complete 
|  37|0x0000000082500000, 0x0000000082600000, 0x0000000082600000|100%|HC|  |TAMS 0x0000000082600000, 0x0000000082500000| Complete 
|  38|0x0000000082600000, 0x0000000082700000, 0x0000000082700000|100%| O|  |TAMS 0x0000000082700000, 0x0000000082600000| Updating 
|  39|0x0000000082700000, 0x0000000082800000, 0x0000000082800000|100%| O|  |TAMS 0x0000000082800000, 0x0000000082700000| Updating 
|  40|0x0000000082800000, 0x0000000082900000, 0x0000000082900000|100%| O|  |TAMS 0x0000000082900000, 0x0000000082800000| Updating 
|  41|0x0000000082900000, 0x0000000082a00000, 0x0000000082a00000|100%| O|  |TAMS 0x0000000082a00000, 0x0000000082900000| Updating 
|  42|0x0000000082a00000, 0x0000000082a68400, 0x0000000082b00000| 40%| O|  |TAMS 0x0000000082a00000, 0x0000000082a00000| Updating 
|  43|0x0000000082b00000, 0x0000000082c00000, 0x0000000082c00000|100%| O|  |TAMS 0x0000000082c00000, 0x0000000082b00000| Updating 
|  44|0x0000000082c00000, 0x0000000082d00000, 0x0000000082d00000|100%| O|  |TAMS 0x0000000082d00000, 0x0000000082c00000| Updating 
|  45|0x0000000082d00000, 0x0000000082e00000, 0x0000000082e00000|100%| O|  |TAMS 0x0000000082e00000, 0x0000000082d00000| Updating 
|  46|0x0000000082e00000, 0x0000000082f00000, 0x0000000082f00000|100%|HS|  |TAMS 0x0000000082f00000, 0x0000000082e00000| Complete 
|  47|0x0000000082f00000, 0x0000000083000000, 0x0000000083000000|100%| O|  |TAMS 0x0000000083000000, 0x0000000082f00000| Updating 
|  48|0x0000000083000000, 0x0000000083100000, 0x0000000083100000|100%| O|  |TAMS 0x0000000083100000, 0x0000000083000000| Updating 
|  49|0x0000000083100000, 0x0000000083200000, 0x0000000083200000|100%| O|  |TAMS 0x0000000083200000, 0x0000000083100000| Updating 
|  50|0x0000000083200000, 0x0000000083300000, 0x0000000083300000|100%| O|  |TAMS 0x0000000083300000, 0x0000000083200000| Updating 
|  51|0x0000000083300000, 0x0000000083400000, 0x0000000083400000|100%| O|  |TAMS 0x0000000083400000, 0x0000000083300000| Updating 
|  52|0x0000000083400000, 0x0000000083500000, 0x0000000083500000|100%| O|  |TAMS 0x0000000083500000, 0x0000000083400000| Updating 
|  53|0x0000000083500000, 0x0000000083600000, 0x0000000083600000|100%| O|  |TAMS 0x0000000083600000, 0x0000000083500000| Updating 
|  54|0x0000000083600000, 0x0000000083700000, 0x0000000083700000|100%|HS|  |TAMS 0x0000000083700000, 0x0000000083600000| Complete 
|  55|0x0000000083700000, 0x0000000083800000, 0x0000000083800000|100%|HS|  |TAMS 0x0000000083800000, 0x0000000083700000| Complete 
|  56|0x0000000083800000, 0x0000000083900000, 0x0000000083900000|100%|HS|  |TAMS 0x0000000083900000, 0x0000000083800000| Complete 
|  57|0x0000000083900000, 0x0000000083a00000, 0x0000000083a00000|100%| O|  |TAMS 0x0000000083a00000, 0x0000000083900000| Updating 
|  58|0x0000000083a00000, 0x0000000083b00000, 0x0000000083b00000|100%| O|  |TAMS 0x0000000083b00000, 0x0000000083a00000| Updating 
|  59|0x0000000083b00000, 0x0000000083c00000, 0x0000000083c00000|100%|HS|  |TAMS 0x0000000083c00000, 0x0000000083b00000| Complete 
|  60|0x0000000083c00000, 0x0000000083d00000, 0x0000000083d00000|100%|HS|  |TAMS 0x0000000083d00000, 0x0000000083c00000| Complete 
|  61|0x0000000083d00000, 0x0000000083e00000, 0x0000000083e00000|100%|HC|  |TAMS 0x0000000083e00000, 0x0000000083d00000| Complete 
|  62|0x0000000083e00000, 0x0000000083f00000, 0x0000000083f00000|100%|HC|  |TAMS 0x0000000083f00000, 0x0000000083e00000| Complete 
|  63|0x0000000083f00000, 0x0000000083f00000, 0x0000000084000000|  0%| F|  |TAMS 0x0000000083f00000, 0x0000000083f00000| Untracked 
|  64|0x0000000084000000, 0x0000000084100000, 0x0000000084100000|100%| O|  |TAMS 0x0000000084100000, 0x0000000084000000| Updating 
|  65|0x0000000084100000, 0x0000000084200000, 0x0000000084200000|100%| O|  |TAMS 0x0000000084200000, 0x0000000084100000| Updating 
|  66|0x0000000084200000, 0x0000000084300000, 0x0000000084300000|100%| O|  |TAMS 0x0000000084300000, 0x0000000084200000| Updating 
|  67|0x0000000084300000, 0x0000000084400000, 0x0000000084400000|100%| O|  |TAMS 0x0000000084400000, 0x0000000084300000| Updating 
|  68|0x0000000084400000, 0x0000000084500000, 0x0000000084500000|100%|HS|  |TAMS 0x0000000084500000, 0x0000000084400000| Complete 
|  69|0x0000000084500000, 0x0000000084600000, 0x0000000084600000|100%|HC|  |TAMS 0x0000000084600000, 0x0000000084500000| Complete 
|  70|0x0000000084600000, 0x0000000084700000, 0x0000000084700000|100%| O|  |TAMS 0x0000000084700000, 0x0000000084600000| Updating 
|  71|0x0000000084700000, 0x0000000084800000, 0x0000000084800000|100%| O|  |TAMS 0x0000000084800000, 0x0000000084700000| Updating 
|  72|0x0000000084800000, 0x0000000084900000, 0x0000000084900000|100%| O|  |TAMS 0x0000000084900000, 0x0000000084800000| Updating 
|  73|0x0000000084900000, 0x0000000084a00000, 0x0000000084a00000|100%| O|  |TAMS 0x0000000084a00000, 0x0000000084900000| Updating 
|  74|0x0000000084a00000, 0x0000000084b00000, 0x0000000084b00000|100%| O|  |TAMS 0x0000000084b00000, 0x0000000084a00000| Updating 
|  75|0x0000000084b00000, 0x0000000084c00000, 0x0000000084c00000|100%| O|  |TAMS 0x0000000084c00000, 0x0000000084b00000| Updating 
|  76|0x0000000084c00000, 0x0000000084d00000, 0x0000000084d00000|100%| O|  |TAMS 0x0000000084d00000, 0x0000000084c00000| Updating 
|  77|0x0000000084d00000, 0x0000000084e00000, 0x0000000084e00000|100%| O|  |TAMS 0x0000000084e00000, 0x0000000084d00000| Updating 
|  78|0x0000000084e00000, 0x0000000084f00000, 0x0000000084f00000|100%| O|  |TAMS 0x0000000084f00000, 0x0000000084e00000| Updating 
|  79|0x0000000084f00000, 0x0000000085000000, 0x0000000085000000|100%| O|  |TAMS 0x0000000085000000, 0x0000000084f00000| Updating 
|  80|0x0000000085000000, 0x0000000085100000, 0x0000000085100000|100%| O|  |TAMS 0x0000000085100000, 0x0000000085000000| Updating 
|  81|0x0000000085100000, 0x0000000085200000, 0x0000000085200000|100%| O|  |TAMS 0x0000000085200000, 0x0000000085100000| Updating 
|  82|0x0000000085200000, 0x0000000085300000, 0x0000000085300000|100%| O|  |TAMS 0x0000000085300000, 0x0000000085200000| Updating 
|  83|0x0000000085300000, 0x0000000085400000, 0x0000000085400000|100%| O|  |TAMS 0x0000000085400000, 0x0000000085300000| Updating 
|  84|0x0000000085400000, 0x0000000085500000, 0x0000000085500000|100%| O|  |TAMS 0x0000000085500000, 0x0000000085400000| Updating 
|  85|0x0000000085500000, 0x0000000085600000, 0x0000000085600000|100%| O|  |TAMS 0x0000000085600000, 0x0000000085500000| Updating 
|  86|0x0000000085600000, 0x0000000085700000, 0x0000000085700000|100%| O|  |TAMS 0x0000000085700000, 0x0000000085600000| Updating 
|  87|0x0000000085700000, 0x0000000085800000, 0x0000000085800000|100%| O|  |TAMS 0x0000000085800000, 0x0000000085700000| Updating 
|  88|0x0000000085800000, 0x0000000085900000, 0x0000000085900000|100%| O|  |TAMS 0x0000000085900000, 0x0000000085800000| Updating 
|  89|0x0000000085900000, 0x0000000085a00000, 0x0000000085a00000|100%| O|  |TAMS 0x0000000085a00000, 0x0000000085900000| Updating 
|  90|0x0000000085a00000, 0x0000000085b00000, 0x0000000085b00000|100%| O|  |TAMS 0x0000000085b00000, 0x0000000085a00000| Updating 
|  91|0x0000000085b00000, 0x0000000085c00000, 0x0000000085c00000|100%| O|  |TAMS 0x0000000085c00000, 0x0000000085b00000| Updating 
|  92|0x0000000085c00000, 0x0000000085d00000, 0x0000000085d00000|100%| O|  |TAMS 0x0000000085d00000, 0x0000000085c00000| Updating 
|  93|0x0000000085d00000, 0x0000000085e00000, 0x0000000085e00000|100%|HS|  |TAMS 0x0000000085e00000, 0x0000000085d00000| Complete 
|  94|0x0000000085e00000, 0x0000000085f00000, 0x0000000085f00000|100%|HC|  |TAMS 0x0000000085f00000, 0x0000000085e00000| Complete 
|  95|0x0000000085f00000, 0x0000000086000000, 0x0000000086000000|100%|HC|  |TAMS 0x0000000086000000, 0x0000000085f00000| Complete 
|  96|0x0000000086000000, 0x0000000086100000, 0x0000000086100000|100%| O|  |TAMS 0x0000000086100000, 0x0000000086000000| Updating 
|  97|0x0000000086100000, 0x0000000086200000, 0x0000000086200000|100%| O|  |TAMS 0x0000000086200000, 0x0000000086100000| Updating 
|  98|0x0000000086200000, 0x0000000086200000, 0x0000000086300000|  0%| F|  |TAMS 0x0000000086200000, 0x0000000086200000| Untracked 
|  99|0x0000000086300000, 0x0000000086400000, 0x0000000086400000|100%|HS|  |TAMS 0x0000000086400000, 0x0000000086300000| Complete 
| 100|0x0000000086400000, 0x0000000086500000, 0x0000000086500000|100%|HC|  |TAMS 0x0000000086500000, 0x0000000086400000| Complete 
| 101|0x0000000086500000, 0x0000000086600000, 0x0000000086600000|100%| O|  |TAMS 0x0000000086600000, 0x0000000086500000| Updating 
| 102|0x0000000086600000, 0x0000000086700000, 0x0000000086700000|100%| O|  |TAMS 0x0000000086700000, 0x0000000086600000| Updating 
| 103|0x0000000086700000, 0x0000000086800000, 0x0000000086800000|100%| O|  |TAMS 0x0000000086800000, 0x0000000086700000| Updating 
| 104|0x0000000086800000, 0x0000000086900000, 0x0000000086900000|100%| O|  |TAMS 0x0000000086900000, 0x0000000086800000| Updating 
| 105|0x0000000086900000, 0x0000000086a00000, 0x0000000086a00000|100%| O|  |TAMS 0x0000000086a00000, 0x0000000086900000| Updating 
| 106|0x0000000086a00000, 0x0000000086b00000, 0x0000000086b00000|100%| O|  |TAMS 0x0000000086b00000, 0x0000000086a00000| Updating 
| 107|0x0000000086b00000, 0x0000000086c00000, 0x0000000086c00000|100%| O|  |TAMS 0x0000000086c00000, 0x0000000086b00000| Updating 
| 108|0x0000000086c00000, 0x0000000086d00000, 0x0000000086d00000|100%| O|  |TAMS 0x0000000086d00000, 0x0000000086c00000| Updating 
| 109|0x0000000086d00000, 0x0000000086e00000, 0x0000000086e00000|100%| O|  |TAMS 0x0000000086e00000, 0x0000000086d00000| Updating 
| 110|0x0000000086e00000, 0x0000000086f00000, 0x0000000086f00000|100%| O|  |TAMS 0x0000000086f00000, 0x0000000086e00000| Updating 
| 111|0x0000000086f00000, 0x0000000087000000, 0x0000000087000000|100%| O|  |TAMS 0x0000000087000000, 0x0000000086f00000| Updating 
| 112|0x0000000087000000, 0x0000000087100000, 0x0000000087100000|100%| O|  |TAMS 0x0000000087100000, 0x0000000087000000| Updating 
| 113|0x0000000087100000, 0x0000000087200000, 0x0000000087200000|100%|HS|  |TAMS 0x0000000087200000, 0x0000000087100000| Complete 
| 114|0x0000000087200000, 0x0000000087300000, 0x0000000087300000|100%| O|  |TAMS 0x0000000087300000, 0x0000000087200000| Updating 
| 115|0x0000000087300000, 0x0000000087400000, 0x0000000087400000|100%| O|  |TAMS 0x0000000087400000, 0x0000000087300000| Updating 
| 116|0x0000000087400000, 0x0000000087500000, 0x0000000087500000|100%| O|  |TAMS 0x0000000087500000, 0x0000000087400000| Updating 
| 117|0x0000000087500000, 0x0000000087600000, 0x0000000087600000|100%| O|  |TAMS 0x0000000087600000, 0x0000000087500000| Updating 
| 118|0x0000000087600000, 0x0000000087600000, 0x0000000087700000|  0%| F|  |TAMS 0x0000000087600000, 0x0000000087600000| Untracked 
| 119|0x0000000087700000, 0x0000000087800000, 0x0000000087800000|100%| O|  |TAMS 0x0000000087800000, 0x0000000087700000| Updating 
| 120|0x0000000087800000, 0x0000000087900000, 0x0000000087900000|100%|HS|  |TAMS 0x0000000087900000, 0x0000000087800000| Complete 
| 121|0x0000000087900000, 0x0000000087a00000, 0x0000000087a00000|100%|HC|  |TAMS 0x0000000087a00000, 0x0000000087900000| Complete 
| 122|0x0000000087a00000, 0x0000000087b00000, 0x0000000087b00000|100%|HC|  |TAMS 0x0000000087b00000, 0x0000000087a00000| Complete 
| 123|0x0000000087b00000, 0x0000000087c00000, 0x0000000087c00000|100%| O|  |TAMS 0x0000000087c00000, 0x0000000087b00000| Updating 
| 124|0x0000000087c00000, 0x0000000087d00000, 0x0000000087d00000|100%| O|  |TAMS 0x0000000087d00000, 0x0000000087c00000| Updating 
| 125|0x0000000087d00000, 0x0000000087e00000, 0x0000000087e00000|100%| O|  |TAMS 0x0000000087e00000, 0x0000000087d00000| Updating 
| 126|0x0000000087e00000, 0x0000000087f00000, 0x0000000087f00000|100%| O|  |TAMS 0x0000000087f00000, 0x0000000087e00000| Updating 
| 127|0x0000000087f00000, 0x0000000088000000, 0x0000000088000000|100%| O|  |TAMS 0x0000000088000000, 0x0000000087f00000| Updating 
| 128|0x0000000088000000, 0x0000000088100000, 0x0000000088100000|100%| O|  |TAMS 0x0000000088100000, 0x0000000088000000| Updating 
| 129|0x0000000088100000, 0x0000000088200000, 0x0000000088200000|100%| O|  |TAMS 0x0000000088200000, 0x0000000088100000| Updating 
| 130|0x0000000088200000, 0x0000000088300000, 0x0000000088300000|100%| O|  |TAMS 0x0000000088300000, 0x0000000088200000| Updating 
| 131|0x0000000088300000, 0x0000000088400000, 0x0000000088400000|100%| O|  |TAMS 0x0000000088400000, 0x0000000088300000| Updating 
| 132|0x0000000088400000, 0x0000000088500000, 0x0000000088500000|100%| O|  |TAMS 0x0000000088500000, 0x0000000088400000| Updating 
| 133|0x0000000088500000, 0x0000000088600000, 0x0000000088600000|100%| O|  |TAMS 0x0000000088600000, 0x0000000088500000| Updating 
| 134|0x0000000088600000, 0x0000000088700000, 0x0000000088700000|100%| O|  |TAMS 0x0000000088700000, 0x0000000088600000| Updating 
| 135|0x0000000088700000, 0x0000000088800000, 0x0000000088800000|100%| O|  |TAMS 0x0000000088800000, 0x0000000088700000| Updating 
| 136|0x0000000088800000, 0x0000000088900000, 0x0000000088900000|100%| O|  |TAMS 0x0000000088900000, 0x0000000088800000| Updating 
| 137|0x0000000088900000, 0x0000000088a00000, 0x0000000088a00000|100%| O|  |TAMS 0x0000000088a00000, 0x0000000088900000| Updating 
| 138|0x0000000088a00000, 0x0000000088b00000, 0x0000000088b00000|100%| O|  |TAMS 0x0000000088b00000, 0x0000000088a00000| Updating 
| 139|0x0000000088b00000, 0x0000000088c00000, 0x0000000088c00000|100%| O|  |TAMS 0x0000000088c00000, 0x0000000088b00000| Updating 
| 140|0x0000000088c00000, 0x0000000088d00000, 0x0000000088d00000|100%|HS|  |TAMS 0x0000000088d00000, 0x0000000088c00000| Complete 
| 141|0x0000000088d00000, 0x0000000088e00000, 0x0000000088e00000|100%|HS|  |TAMS 0x0000000088e00000, 0x0000000088d00000| Complete 
| 142|0x0000000088e00000, 0x0000000088f00000, 0x0000000088f00000|100%|HC|  |TAMS 0x0000000088f00000, 0x0000000088e00000| Complete 
| 143|0x0000000088f00000, 0x0000000089000000, 0x0000000089000000|100%|HC|  |TAMS 0x0000000089000000, 0x0000000088f00000| Complete 
| 144|0x0000000089000000, 0x0000000089100000, 0x0000000089100000|100%| O|  |TAMS 0x0000000089100000, 0x0000000089000000| Updating 
| 145|0x0000000089100000, 0x0000000089200000, 0x0000000089200000|100%| O|  |TAMS 0x0000000089200000, 0x0000000089100000| Updating 
| 146|0x0000000089200000, 0x0000000089300000, 0x0000000089300000|100%| O|  |TAMS 0x0000000089300000, 0x0000000089200000| Updating 
| 147|0x0000000089300000, 0x0000000089400000, 0x0000000089400000|100%| O|  |TAMS 0x0000000089400000, 0x0000000089300000| Updating 
| 148|0x0000000089400000, 0x0000000089500000, 0x0000000089500000|100%| O|  |TAMS 0x0000000089500000, 0x0000000089400000| Updating 
| 149|0x0000000089500000, 0x0000000089600000, 0x0000000089600000|100%| O|  |TAMS 0x0000000089600000, 0x0000000089500000| Updating 
| 150|0x0000000089600000, 0x0000000089700000, 0x0000000089700000|100%| O|  |TAMS 0x0000000089700000, 0x0000000089600000| Updating 
| 151|0x0000000089700000, 0x0000000089700000, 0x0000000089800000|  0%| F|  |TAMS 0x0000000089700000, 0x0000000089700000| Untracked 
| 152|0x0000000089800000, 0x0000000089900000, 0x0000000089900000|100%| O|  |TAMS 0x0000000089900000, 0x0000000089800000| Updating 
| 153|0x0000000089900000, 0x0000000089a00000, 0x0000000089a00000|100%| O|  |TAMS 0x0000000089a00000, 0x0000000089900000| Updating 
| 154|0x0000000089a00000, 0x0000000089b00000, 0x0000000089b00000|100%| O|  |TAMS 0x0000000089b00000, 0x0000000089a00000| Updating 
| 155|0x0000000089b00000, 0x0000000089c00000, 0x0000000089c00000|100%| O|  |TAMS 0x0000000089c00000, 0x0000000089b00000| Updating 
| 156|0x0000000089c00000, 0x0000000089d00000, 0x0000000089d00000|100%| O|  |TAMS 0x0000000089d00000, 0x0000000089c00000| Updating 
| 157|0x0000000089d00000, 0x0000000089e00000, 0x0000000089e00000|100%| O|  |TAMS 0x0000000089e00000, 0x0000000089d00000| Updating 
| 158|0x0000000089e00000, 0x0000000089f00000, 0x0000000089f00000|100%| O|  |TAMS 0x0000000089f00000, 0x0000000089e00000| Updating 
| 159|0x0000000089f00000, 0x000000008a000000, 0x000000008a000000|100%| O|  |TAMS 0x000000008a000000, 0x0000000089f00000| Updating 
| 160|0x000000008a000000, 0x000000008a100000, 0x000000008a100000|100%| O|  |TAMS 0x000000008a100000, 0x000000008a000000| Updating 
| 161|0x000000008a100000, 0x000000008a200000, 0x000000008a200000|100%| O|  |TAMS 0x000000008a200000, 0x000000008a100000| Updating 
| 162|0x000000008a200000, 0x000000008a300000, 0x000000008a300000|100%| O|  |TAMS 0x000000008a300000, 0x000000008a200000| Updating 
| 163|0x000000008a300000, 0x000000008a400000, 0x000000008a400000|100%| O|  |TAMS 0x000000008a400000, 0x000000008a300000| Updating 
| 164|0x000000008a400000, 0x000000008a500000, 0x000000008a500000|100%| O|  |TAMS 0x000000008a500000, 0x000000008a400000| Updating 
| 165|0x000000008a500000, 0x000000008a600000, 0x000000008a600000|100%| O|  |TAMS 0x000000008a600000, 0x000000008a500000| Updating 
| 166|0x000000008a600000, 0x000000008a700000, 0x000000008a700000|100%| O|  |TAMS 0x000000008a700000, 0x000000008a600000| Updating 
| 167|0x000000008a700000, 0x000000008a800000, 0x000000008a800000|100%| O|  |TAMS 0x000000008a800000, 0x000000008a700000| Updating 
| 168|0x000000008a800000, 0x000000008a900000, 0x000000008a900000|100%| O|  |TAMS 0x000000008a900000, 0x000000008a800000| Updating 
| 169|0x000000008a900000, 0x000000008aa00000, 0x000000008aa00000|100%| O|  |TAMS 0x000000008aa00000, 0x000000008a900000| Updating 
| 170|0x000000008aa00000, 0x000000008ab00000, 0x000000008ab00000|100%| O|  |TAMS 0x000000008ab00000, 0x000000008aa00000| Updating 
| 171|0x000000008ab00000, 0x000000008ac00000, 0x000000008ac00000|100%| O|  |TAMS 0x000000008ac00000, 0x000000008ab00000| Updating 
| 172|0x000000008ac00000, 0x000000008ad00000, 0x000000008ad00000|100%| O|  |TAMS 0x000000008ad00000, 0x000000008ac00000| Updating 
| 173|0x000000008ad00000, 0x000000008ae00000, 0x000000008ae00000|100%| O|  |TAMS 0x000000008ae00000, 0x000000008ad00000| Updating 
| 174|0x000000008ae00000, 0x000000008af00000, 0x000000008af00000|100%| O|  |TAMS 0x000000008af00000, 0x000000008ae00000| Updating 
| 175|0x000000008af00000, 0x000000008b000000, 0x000000008b000000|100%| O|  |TAMS 0x000000008b000000, 0x000000008af00000| Updating 
| 176|0x000000008b000000, 0x000000008b100000, 0x000000008b100000|100%| O|  |TAMS 0x000000008b100000, 0x000000008b000000| Updating 
| 177|0x000000008b100000, 0x000000008b200000, 0x000000008b200000|100%| O|  |TAMS 0x000000008b200000, 0x000000008b100000| Updating 
| 178|0x000000008b200000, 0x000000008b300000, 0x000000008b300000|100%| O|  |TAMS 0x000000008b300000, 0x000000008b200000| Updating 
| 179|0x000000008b300000, 0x000000008b300000, 0x000000008b400000|  0%| F|  |TAMS 0x000000008b300000, 0x000000008b300000| Untracked 
| 180|0x000000008b400000, 0x000000008b500000, 0x000000008b500000|100%| O|  |TAMS 0x000000008b500000, 0x000000008b400000| Updating 
| 181|0x000000008b500000, 0x000000008b600000, 0x000000008b600000|100%| O|  |TAMS 0x000000008b600000, 0x000000008b500000| Updating 
| 182|0x000000008b600000, 0x000000008b700000, 0x000000008b700000|100%| O|  |TAMS 0x000000008b700000, 0x000000008b600000| Updating 
| 183|0x000000008b700000, 0x000000008b800000, 0x000000008b800000|100%| O|  |TAMS 0x000000008b800000, 0x000000008b700000| Updating 
| 184|0x000000008b800000, 0x000000008b900000, 0x000000008b900000|100%| O|  |TAMS 0x000000008b900000, 0x000000008b800000| Updating 
| 185|0x000000008b900000, 0x000000008ba00000, 0x000000008ba00000|100%| O|  |TAMS 0x000000008ba00000, 0x000000008b900000| Updating 
| 186|0x000000008ba00000, 0x000000008bb00000, 0x000000008bb00000|100%| O|  |TAMS 0x000000008bb00000, 0x000000008ba00000| Updating 
| 187|0x000000008bb00000, 0x000000008bc00000, 0x000000008bc00000|100%| O|  |TAMS 0x000000008bc00000, 0x000000008bb00000| Updating 
| 188|0x000000008bc00000, 0x000000008bd00000, 0x000000008bd00000|100%| O|  |TAMS 0x000000008bd00000, 0x000000008bc00000| Updating 
| 189|0x000000008bd00000, 0x000000008be00000, 0x000000008be00000|100%| O|  |TAMS 0x000000008be00000, 0x000000008bd00000| Updating 
| 190|0x000000008be00000, 0x000000008bf00000, 0x000000008bf00000|100%| O|  |TAMS 0x000000008bf00000, 0x000000008be00000| Updating 
| 191|0x000000008bf00000, 0x000000008c000000, 0x000000008c000000|100%| O|  |TAMS 0x000000008c000000, 0x000000008bf00000| Updating 
| 192|0x000000008c000000, 0x000000008c100000, 0x000000008c100000|100%| O|  |TAMS 0x000000008c100000, 0x000000008c000000| Updating 
| 193|0x000000008c100000, 0x000000008c200000, 0x000000008c200000|100%| O|  |TAMS 0x000000008c200000, 0x000000008c100000| Updating 
| 194|0x000000008c200000, 0x000000008c300000, 0x000000008c300000|100%| O|  |TAMS 0x000000008c300000, 0x000000008c200000| Updating 
| 195|0x000000008c300000, 0x000000008c400000, 0x000000008c400000|100%| O|  |TAMS 0x000000008c400000, 0x000000008c300000| Updating 
| 196|0x000000008c400000, 0x000000008c400000, 0x000000008c500000|  0%| F|  |TAMS 0x000000008c400000, 0x000000008c400000| Untracked 
| 197|0x000000008c500000, 0x000000008c600000, 0x000000008c600000|100%| O|  |TAMS 0x000000008c600000, 0x000000008c500000| Updating 
| 198|0x000000008c600000, 0x000000008c700000, 0x000000008c700000|100%| O|  |TAMS 0x000000008c700000, 0x000000008c600000| Updating 
| 199|0x000000008c700000, 0x000000008c700000, 0x000000008c800000|  0%| F|  |TAMS 0x000000008c700000, 0x000000008c700000| Untracked 
| 200|0x000000008c800000, 0x000000008c800000, 0x000000008c900000|  0%| F|  |TAMS 0x000000008c800000, 0x000000008c800000| Untracked 
| 201|0x000000008c900000, 0x000000008ca00000, 0x000000008ca00000|100%| O|  |TAMS 0x000000008ca00000, 0x000000008c900000| Updating 
| 202|0x000000008ca00000, 0x000000008cb00000, 0x000000008cb00000|100%| O|  |TAMS 0x000000008cb00000, 0x000000008ca00000| Updating 
| 203|0x000000008cb00000, 0x000000008cc00000, 0x000000008cc00000|100%| O|  |TAMS 0x000000008cc00000, 0x000000008cb00000| Updating 
| 204|0x000000008cc00000, 0x000000008cd00000, 0x000000008cd00000|100%| O|  |TAMS 0x000000008cd00000, 0x000000008cc00000| Updating 
| 205|0x000000008cd00000, 0x000000008ce00000, 0x000000008ce00000|100%| O|  |TAMS 0x000000008ce00000, 0x000000008cd00000| Updating 
| 206|0x000000008ce00000, 0x000000008cf00000, 0x000000008cf00000|100%| O|  |TAMS 0x000000008cf00000, 0x000000008ce00000| Updating 
| 207|0x000000008cf00000, 0x000000008d000000, 0x000000008d000000|100%| O|  |TAMS 0x000000008d000000, 0x000000008cf00000| Updating 
| 208|0x000000008d000000, 0x000000008d100000, 0x000000008d100000|100%| O|  |TAMS 0x000000008d100000, 0x000000008d000000| Updating 
| 209|0x000000008d100000, 0x000000008d200000, 0x000000008d200000|100%| O|  |TAMS 0x000000008d200000, 0x000000008d100000| Updating 
| 210|0x000000008d200000, 0x000000008d200000, 0x000000008d300000|  0%| F|  |TAMS 0x000000008d200000, 0x000000008d200000| Untracked 
| 211|0x000000008d300000, 0x000000008d400000, 0x000000008d400000|100%| O|  |TAMS 0x000000008d400000, 0x000000008d300000| Updating 
| 212|0x000000008d400000, 0x000000008d500000, 0x000000008d500000|100%| O|  |TAMS 0x000000008d500000, 0x000000008d400000| Updating 
| 213|0x000000008d500000, 0x000000008d600000, 0x000000008d600000|100%| O|  |TAMS 0x000000008d600000, 0x000000008d500000| Updating 
| 214|0x000000008d600000, 0x000000008d700000, 0x000000008d700000|100%| O|  |TAMS 0x000000008d700000, 0x000000008d600000| Updating 
| 215|0x000000008d700000, 0x000000008d800000, 0x000000008d800000|100%| O|  |TAMS 0x000000008d800000, 0x000000008d700000| Updating 
| 216|0x000000008d800000, 0x000000008d900000, 0x000000008d900000|100%| O|  |TAMS 0x000000008d900000, 0x000000008d800000| Updating 
| 217|0x000000008d900000, 0x000000008da00000, 0x000000008da00000|100%| O|  |TAMS 0x000000008da00000, 0x000000008d900000| Updating 
| 218|0x000000008da00000, 0x000000008db00000, 0x000000008db00000|100%| O|  |TAMS 0x000000008db00000, 0x000000008da00000| Updating 
| 219|0x000000008db00000, 0x000000008dc00000, 0x000000008dc00000|100%| O|  |TAMS 0x000000008dc00000, 0x000000008db00000| Updating 
| 220|0x000000008dc00000, 0x000000008dd00000, 0x000000008dd00000|100%| O|  |TAMS 0x000000008dd00000, 0x000000008dc00000| Updating 
| 221|0x000000008dd00000, 0x000000008de00000, 0x000000008de00000|100%| O|  |TAMS 0x000000008de00000, 0x000000008dd00000| Updating 
| 222|0x000000008de00000, 0x000000008df00000, 0x000000008df00000|100%| O|  |TAMS 0x000000008df00000, 0x000000008de00000| Updating 
| 223|0x000000008df00000, 0x000000008df69e10, 0x000000008e000000| 41%| S|CS|TAMS 0x000000008df00000, 0x000000008df00000| Complete 
| 224|0x000000008e000000, 0x000000008e100000, 0x000000008e100000|100%| S|CS|TAMS 0x000000008e000000, 0x000000008e000000| Complete 
| 225|0x000000008e100000, 0x000000008e100000, 0x000000008e200000|  0%| F|  |TAMS 0x000000008e100000, 0x000000008e100000| Untracked 
| 226|0x000000008e200000, 0x000000008e200000, 0x000000008e300000|  0%| F|  |TAMS 0x000000008e200000, 0x000000008e200000| Untracked 
| 227|0x000000008e300000, 0x000000008e300000, 0x000000008e400000|  0%| F|  |TAMS 0x000000008e300000, 0x000000008e300000| Untracked 
| 228|0x000000008e400000, 0x000000008e400000, 0x000000008e500000|  0%| F|  |TAMS 0x000000008e400000, 0x000000008e400000| Untracked 
| 229|0x000000008e500000, 0x000000008e500000, 0x000000008e600000|  0%| F|  |TAMS 0x000000008e500000, 0x000000008e500000| Untracked 
| 230|0x000000008e600000, 0x000000008e600000, 0x000000008e700000|  0%| F|  |TAMS 0x000000008e600000, 0x000000008e600000| Untracked 
| 231|0x000000008e700000, 0x000000008e700000, 0x000000008e800000|  0%| F|  |TAMS 0x000000008e700000, 0x000000008e700000| Untracked 
| 232|0x000000008e800000, 0x000000008e800000, 0x000000008e900000|  0%| F|  |TAMS 0x000000008e800000, 0x000000008e800000| Untracked 
| 233|0x000000008e900000, 0x000000008e900000, 0x000000008ea00000|  0%| F|  |TAMS 0x000000008e900000, 0x000000008e900000| Untracked 
| 234|0x000000008ea00000, 0x000000008ea00000, 0x000000008eb00000|  0%| F|  |TAMS 0x000000008ea00000, 0x000000008ea00000| Untracked 
| 235|0x000000008eb00000, 0x000000008eb00000, 0x000000008ec00000|  0%| F|  |TAMS 0x000000008eb00000, 0x000000008eb00000| Untracked 
| 236|0x000000008ec00000, 0x000000008ec00000, 0x000000008ed00000|  0%| F|  |TAMS 0x000000008ec00000, 0x000000008ec00000| Untracked 
| 237|0x000000008ed00000, 0x000000008ed00000, 0x000000008ee00000|  0%| F|  |TAMS 0x000000008ed00000, 0x000000008ed00000| Untracked 
| 238|0x000000008ee00000, 0x000000008ee00000, 0x000000008ef00000|  0%| F|  |TAMS 0x000000008ee00000, 0x000000008ee00000| Untracked 
| 239|0x000000008ef00000, 0x000000008ef00000, 0x000000008f000000|  0%| F|  |TAMS 0x000000008ef00000, 0x000000008ef00000| Untracked 
| 240|0x000000008f000000, 0x000000008f000000, 0x000000008f100000|  0%| F|  |TAMS 0x000000008f000000, 0x000000008f000000| Untracked 
| 241|0x000000008f100000, 0x000000008f100000, 0x000000008f200000|  0%| F|  |TAMS 0x000000008f100000, 0x000000008f100000| Untracked 
| 242|0x000000008f200000, 0x000000008f200000, 0x000000008f300000|  0%| F|  |TAMS 0x000000008f200000, 0x000000008f200000| Untracked 
| 243|0x000000008f300000, 0x000000008f300000, 0x000000008f400000|  0%| F|  |TAMS 0x000000008f300000, 0x000000008f300000| Untracked 
| 244|0x000000008f400000, 0x000000008f400000, 0x000000008f500000|  0%| F|  |TAMS 0x000000008f400000, 0x000000008f400000| Untracked 
| 245|0x000000008f500000, 0x000000008f500000, 0x000000008f600000|  0%| F|  |TAMS 0x000000008f500000, 0x000000008f500000| Untracked 
| 246|0x000000008f600000, 0x000000008f600000, 0x000000008f700000|  0%| F|  |TAMS 0x000000008f600000, 0x000000008f600000| Untracked 
| 247|0x000000008f700000, 0x000000008f700000, 0x000000008f800000|  0%| F|  |TAMS 0x000000008f700000, 0x000000008f700000| Untracked 
| 248|0x000000008f800000, 0x000000008f800000, 0x000000008f900000|  0%| F|  |TAMS 0x000000008f800000, 0x000000008f800000| Untracked 
| 249|0x000000008f900000, 0x000000008f900000, 0x000000008fa00000|  0%| F|  |TAMS 0x000000008f900000, 0x000000008f900000| Untracked 
| 250|0x000000008fa00000, 0x000000008fa00000, 0x000000008fb00000|  0%| F|  |TAMS 0x000000008fa00000, 0x000000008fa00000| Untracked 
| 251|0x000000008fb00000, 0x000000008fb00000, 0x000000008fc00000|  0%| F|  |TAMS 0x000000008fb00000, 0x000000008fb00000| Untracked 
| 252|0x000000008fc00000, 0x000000008fc00000, 0x000000008fd00000|  0%| F|  |TAMS 0x000000008fc00000, 0x000000008fc00000| Untracked 
| 253|0x000000008fd00000, 0x000000008fd00000, 0x000000008fe00000|  0%| F|  |TAMS 0x000000008fd00000, 0x000000008fd00000| Untracked 
| 254|0x000000008fe00000, 0x000000008fe00000, 0x000000008ff00000|  0%| F|  |TAMS 0x000000008fe00000, 0x000000008fe00000| Untracked 
| 255|0x000000008ff00000, 0x000000008ff00000, 0x0000000090000000|  0%| F|  |TAMS 0x000000008ff00000, 0x000000008ff00000| Untracked 
| 256|0x0000000090000000, 0x0000000090000000, 0x0000000090100000|  0%| F|  |TAMS 0x0000000090000000, 0x0000000090000000| Untracked 
| 257|0x0000000090100000, 0x0000000090100000, 0x0000000090200000|  0%| F|  |TAMS 0x0000000090100000, 0x0000000090100000| Untracked 
| 258|0x0000000090200000, 0x0000000090200000, 0x0000000090300000|  0%| F|  |TAMS 0x0000000090200000, 0x0000000090200000| Untracked 
| 259|0x0000000090300000, 0x0000000090300000, 0x0000000090400000|  0%| F|  |TAMS 0x0000000090300000, 0x0000000090300000| Untracked 
| 260|0x0000000090400000, 0x0000000090400000, 0x0000000090500000|  0%| F|  |TAMS 0x0000000090400000, 0x0000000090400000| Untracked 
| 261|0x0000000090500000, 0x0000000090500000, 0x0000000090600000|  0%| F|  |TAMS 0x0000000090500000, 0x0000000090500000| Untracked 
| 262|0x0000000090600000, 0x0000000090600000, 0x0000000090700000|  0%| F|  |TAMS 0x0000000090600000, 0x0000000090600000| Untracked 
| 263|0x0000000090700000, 0x0000000090700000, 0x0000000090800000|  0%| F|  |TAMS 0x0000000090700000, 0x0000000090700000| Untracked 
| 264|0x0000000090800000, 0x0000000090800000, 0x0000000090900000|  0%| F|  |TAMS 0x0000000090800000, 0x0000000090800000| Untracked 
| 265|0x0000000090900000, 0x0000000090900000, 0x0000000090a00000|  0%| F|  |TAMS 0x0000000090900000, 0x0000000090900000| Untracked 
| 266|0x0000000090a00000, 0x0000000090a00000, 0x0000000090b00000|  0%| F|  |TAMS 0x0000000090a00000, 0x0000000090a00000| Untracked 
| 267|0x0000000090b00000, 0x0000000090b00000, 0x0000000090c00000|  0%| F|  |TAMS 0x0000000090b00000, 0x0000000090b00000| Untracked 
| 268|0x0000000090c00000, 0x0000000090c00000, 0x0000000090d00000|  0%| F|  |TAMS 0x0000000090c00000, 0x0000000090c00000| Untracked 
| 269|0x0000000090d00000, 0x0000000090d00000, 0x0000000090e00000|  0%| F|  |TAMS 0x0000000090d00000, 0x0000000090d00000| Untracked 
| 270|0x0000000090e00000, 0x0000000090e00000, 0x0000000090f00000|  0%| F|  |TAMS 0x0000000090e00000, 0x0000000090e00000| Untracked 
| 271|0x0000000090f00000, 0x0000000090f00000, 0x0000000091000000|  0%| F|  |TAMS 0x0000000090f00000, 0x0000000090f00000| Untracked 
| 272|0x0000000091000000, 0x0000000091000000, 0x0000000091100000|  0%| F|  |TAMS 0x0000000091000000, 0x0000000091000000| Untracked 
| 273|0x0000000091100000, 0x0000000091100000, 0x0000000091200000|  0%| F|  |TAMS 0x0000000091100000, 0x0000000091100000| Untracked 
| 274|0x0000000091200000, 0x0000000091200000, 0x0000000091300000|  0%| F|  |TAMS 0x0000000091200000, 0x0000000091200000| Untracked 
| 275|0x0000000091300000, 0x0000000091300000, 0x0000000091400000|  0%| F|  |TAMS 0x0000000091300000, 0x0000000091300000| Untracked 
| 276|0x0000000091400000, 0x0000000091400000, 0x0000000091500000|  0%| F|  |TAMS 0x0000000091400000, 0x0000000091400000| Untracked 
| 277|0x0000000091500000, 0x0000000091500000, 0x0000000091600000|  0%| F|  |TAMS 0x0000000091500000, 0x0000000091500000| Untracked 
| 278|0x0000000091600000, 0x0000000091600000, 0x0000000091700000|  0%| F|  |TAMS 0x0000000091600000, 0x0000000091600000| Untracked 
| 279|0x0000000091700000, 0x0000000091700000, 0x0000000091800000|  0%| F|  |TAMS 0x0000000091700000, 0x0000000091700000| Untracked 
| 280|0x0000000091800000, 0x0000000091800000, 0x0000000091900000|  0%| F|  |TAMS 0x0000000091800000, 0x0000000091800000| Untracked 
| 281|0x0000000091900000, 0x0000000091900000, 0x0000000091a00000|  0%| F|  |TAMS 0x0000000091900000, 0x0000000091900000| Untracked 
| 282|0x0000000091a00000, 0x0000000091a00000, 0x0000000091b00000|  0%| F|  |TAMS 0x0000000091a00000, 0x0000000091a00000| Untracked 
| 283|0x0000000091b00000, 0x0000000091b00000, 0x0000000091c00000|  0%| F|  |TAMS 0x0000000091b00000, 0x0000000091b00000| Untracked 
| 284|0x0000000091c00000, 0x0000000091c00000, 0x0000000091d00000|  0%| F|  |TAMS 0x0000000091c00000, 0x0000000091c00000| Untracked 
| 285|0x0000000091d00000, 0x0000000091d00000, 0x0000000091e00000|  0%| F|  |TAMS 0x0000000091d00000, 0x0000000091d00000| Untracked 
| 286|0x0000000091e00000, 0x0000000091e00000, 0x0000000091f00000|  0%| F|  |TAMS 0x0000000091e00000, 0x0000000091e00000| Untracked 
| 287|0x0000000091f00000, 0x0000000091f00000, 0x0000000092000000|  0%| F|  |TAMS 0x0000000091f00000, 0x0000000091f00000| Untracked 
| 288|0x0000000092000000, 0x0000000092000000, 0x0000000092100000|  0%| F|  |TAMS 0x0000000092000000, 0x0000000092000000| Untracked 
| 289|0x0000000092100000, 0x0000000092100000, 0x0000000092200000|  0%| F|  |TAMS 0x0000000092100000, 0x0000000092100000| Untracked 
| 290|0x0000000092200000, 0x0000000092200000, 0x0000000092300000|  0%| F|  |TAMS 0x0000000092200000, 0x0000000092200000| Untracked 
| 291|0x0000000092300000, 0x0000000092300000, 0x0000000092400000|  0%| F|  |TAMS 0x0000000092300000, 0x0000000092300000| Untracked 
| 292|0x0000000092400000, 0x0000000092400000, 0x0000000092500000|  0%| F|  |TAMS 0x0000000092400000, 0x0000000092400000| Untracked 
| 293|0x0000000092500000, 0x0000000092500000, 0x0000000092600000|  0%| F|  |TAMS 0x0000000092500000, 0x0000000092500000| Untracked 
| 294|0x0000000092600000, 0x0000000092600000, 0x0000000092700000|  0%| F|  |TAMS 0x0000000092600000, 0x0000000092600000| Untracked 
| 295|0x0000000092700000, 0x0000000092700000, 0x0000000092800000|  0%| F|  |TAMS 0x0000000092700000, 0x0000000092700000| Untracked 
| 296|0x0000000092800000, 0x0000000092800000, 0x0000000092900000|  0%| F|  |TAMS 0x0000000092800000, 0x0000000092800000| Untracked 
| 297|0x0000000092900000, 0x0000000092900000, 0x0000000092a00000|  0%| F|  |TAMS 0x0000000092900000, 0x0000000092900000| Untracked 
| 298|0x0000000092a00000, 0x0000000092a00000, 0x0000000092b00000|  0%| F|  |TAMS 0x0000000092a00000, 0x0000000092a00000| Untracked 
| 299|0x0000000092b00000, 0x0000000092b00000, 0x0000000092c00000|  0%| F|  |TAMS 0x0000000092b00000, 0x0000000092b00000| Untracked 
| 300|0x0000000092c00000, 0x0000000092c00000, 0x0000000092d00000|  0%| F|  |TAMS 0x0000000092c00000, 0x0000000092c00000| Untracked 
| 301|0x0000000092d00000, 0x0000000092d00000, 0x0000000092e00000|  0%| F|  |TAMS 0x0000000092d00000, 0x0000000092d00000| Untracked 
| 302|0x0000000092e00000, 0x0000000092e00000, 0x0000000092f00000|  0%| F|  |TAMS 0x0000000092e00000, 0x0000000092e00000| Untracked 
| 303|0x0000000092f00000, 0x0000000092f00000, 0x0000000093000000|  0%| F|  |TAMS 0x0000000092f00000, 0x0000000092f00000| Untracked 
| 304|0x0000000093000000, 0x0000000093000000, 0x0000000093100000|  0%| F|  |TAMS 0x0000000093000000, 0x0000000093000000| Untracked 
| 305|0x0000000093100000, 0x0000000093100000, 0x0000000093200000|  0%| F|  |TAMS 0x0000000093100000, 0x0000000093100000| Untracked 
| 306|0x0000000093200000, 0x00000000932a6b48, 0x0000000093300000| 65%| E|  |TAMS 0x0000000093200000, 0x0000000093200000| Complete 
| 307|0x0000000093300000, 0x0000000093400000, 0x0000000093400000|100%| E|CS|TAMS 0x0000000093300000, 0x0000000093300000| Complete 
| 308|0x0000000093400000, 0x0000000093500000, 0x0000000093500000|100%| E|CS|TAMS 0x0000000093400000, 0x0000000093400000| Complete 
| 309|0x0000000093500000, 0x0000000093600000, 0x0000000093600000|100%| E|CS|TAMS 0x0000000093500000, 0x0000000093500000| Complete 
| 310|0x0000000093600000, 0x0000000093700000, 0x0000000093700000|100%| E|  |TAMS 0x0000000093600000, 0x0000000093600000| Complete 
| 311|0x0000000093700000, 0x0000000093800000, 0x0000000093800000|100%| E|CS|TAMS 0x0000000093700000, 0x0000000093700000| Complete 
| 312|0x0000000093800000, 0x0000000093900000, 0x0000000093900000|100%| E|CS|TAMS 0x0000000093800000, 0x0000000093800000| Complete 
| 313|0x0000000093900000, 0x0000000093a00000, 0x0000000093a00000|100%| E|CS|TAMS 0x0000000093900000, 0x0000000093900000| Complete 
| 314|0x0000000093a00000, 0x0000000093b00000, 0x0000000093b00000|100%| E|CS|TAMS 0x0000000093a00000, 0x0000000093a00000| Complete 
| 315|0x0000000093b00000, 0x0000000093c00000, 0x0000000093c00000|100%| E|CS|TAMS 0x0000000093b00000, 0x0000000093b00000| Complete 
| 316|0x0000000093c00000, 0x0000000093cffff8, 0x0000000093d00000| 99%| E|CS|TAMS 0x0000000093c00000, 0x0000000093c00000| Complete 
| 317|0x0000000093d00000, 0x0000000093e00000, 0x0000000093e00000|100%| E|CS|TAMS 0x0000000093d00000, 0x0000000093d00000| Complete 
| 318|0x0000000093e00000, 0x0000000093f00000, 0x0000000093f00000|100%| E|CS|TAMS 0x0000000093e00000, 0x0000000093e00000| Complete 
| 319|0x0000000093f00000, 0x0000000094000000, 0x0000000094000000|100%| E|CS|TAMS 0x0000000093f00000, 0x0000000093f00000| Complete 
| 320|0x0000000094000000, 0x0000000094100000, 0x0000000094100000|100%| E|CS|TAMS 0x0000000094000000, 0x0000000094000000| Complete 
| 321|0x0000000094100000, 0x0000000094200000, 0x0000000094200000|100%| E|CS|TAMS 0x0000000094100000, 0x0000000094100000| Complete 

Card table byte_map: [0x000002937dba0000,0x000002937dfa0000] _byte_map_base: 0x000002937d7a0000

Marking Bits (Prev, Next): (CMBitMap*) 0x000002937d702778, (CMBitMap*) 0x000002937d7027b0
 Prev Bits: [0x00000293176a0000, 0x00000293196a0000)
 Next Bits: [0x00000293196a0000, 0x000002931b6a0000)

Polling page: 0x000002937cea0000

Metaspace:

Usage:
  Non-class:    100.03 MB capacity,    97.32 MB ( 97%) used,     2.34 MB (  2%) free+waste,   374.31 KB ( <1%) overhead. 
      Class:     16.19 MB capacity,    14.47 MB ( 89%) used,     1.55 MB ( 10%) free+waste,   170.19 KB (  1%) overhead. 
       Both:    116.22 MB capacity,   111.79 MB ( 96%) used,     3.89 MB (  3%) free+waste,   544.50 KB ( <1%) overhead. 

Virtual space:
  Non-class space:      102.00 MB reserved,     100.08 MB ( 98%) committed 
      Class space:      504.00 MB reserved,      16.25 MB (  3%) committed 
             Both:      606.00 MB reserved,     116.33 MB ( 19%) committed 

Chunk freelists:
   Non-Class:  0 bytes
       Class:  0 bytes
        Both:  0 bytes

MaxMetaspaceSize: 512.00 MB
CompressedClassSpaceSize: 504.00 MB
Initial GC threshold: 20.80 MB
Current GC threshold: 193.88 MB
CDS: off

CodeHeap 'non-profiled nmethods': size=120064Kb used=11399Kb max_used=11399Kb free=108664Kb
 bounds [0x0000029310160000, 0x0000029310c90000, 0x00000293176a0000]
CodeHeap 'profiled nmethods': size=120000Kb used=38499Kb max_used=38499Kb free=81500Kb
 bounds [0x0000029308c30000, 0x000002930b1d0000, 0x0000029310160000]
CodeHeap 'non-nmethods': size=5696Kb used=2427Kb max_used=2481Kb free=3268Kb
 bounds [0x00000293086a0000, 0x0000029308910000, 0x0000029308c30000]
 total_blobs=18187 nmethods=17225 adapters=873
 compilation: enabled
              stopped_count=0, restarted_count=0
 full_count=0

Compilation events (20 events):
Event: 679.535 Thread 0x000002937f098800 nmethod 17633 0x0000029310c7f390 code [0x0000029310c7f520, 0x0000029310c7f5d8]
Event: 679.536 Thread 0x000002937f098800 17634       4       java.util.ArrayDeque$DeqSpliterator::estimateSize (21 bytes)
Event: 679.541 Thread 0x000002937f098800 nmethod 17634 0x0000029310c7f710 code [0x0000029310c7f8a0, 0x0000029310c7f958]
Event: 679.541 Thread 0x000002937f098800 17635       4       com.esotericsoftware.kryo.io.Input::readVarLong (329 bytes)
Event: 679.583 Thread 0x000002937f098800 nmethod 17635 0x0000029310c7fa90 code [0x0000029310c7fc60, 0x0000029310c80168]
Event: 679.583 Thread 0x000002937f098800 17637       4       java.util.ArrayDeque::spliterator (9 bytes)
Event: 679.590 Thread 0x000002937f098800 nmethod 17637 0x0000029310c80590 code [0x0000029310c80720, 0x0000029310c807f8]
Event: 679.590 Thread 0x000002937f098800 17636       4       java.security.MessageDigest$Delegate::clone (60 bytes)
Event: 679.649 Thread 0x000002937f098800 nmethod 17636 0x0000029310c80890 code [0x0000029310c80a60, 0x0000029310c81258]
Event: 679.649 Thread 0x000002937f098800 17638       4       sun.security.provider.MD5::clone (32 bytes)
Event: 679.687 Thread 0x000002937f098800 nmethod 17638 0x0000029310c81510 code [0x0000029310c816e0, 0x0000029310c81cb8]
Event: 679.703 Thread 0x000002937f099800 17639       3       org.gradle.internal.execution.steps.SkipUpToDateStep$$Lambda$505/0x00000001005c4440::<init> (26 bytes)
Event: 679.704 Thread 0x000002937f099800 nmethod 17639 0x000002930b1c5010 code [0x000002930b1c51e0, 0x000002930b1c54b8]
Event: 679.707 Thread 0x000002937f098800 17640       4       com.google.common.collect.ImmutableSortedMap$Builder::build (87 bytes)
Event: 679.931 Thread 0x000002937f099800 17644       3       org.gradle.internal.fingerprint.impl.NameOnlyFingerprintingStrategy::getHashingStrategy (4 bytes)
Event: 679.931 Thread 0x000002937f099800 nmethod 17644 0x000002930b1c5590 code [0x000002930b1c5740, 0x000002930b1c5858]
Event: 680.043 Thread 0x000002937f099800 17645       3       org.gradle.api.internal.artifacts.transform.TransformationResult$Builder$$Lambda$1325/0x0000000100fff440::accept (12 bytes)
Event: 680.044 Thread 0x000002937f099800 nmethod 17645 0x000002930b1c5910 code [0x000002930b1c5ae0, 0x000002930b1c5e88]
Event: 680.044 Thread 0x000002937f099800 17646       3       org.gradle.api.internal.artifacts.transform.TransformationResult$Builder::lambda$convertToProducedOutputLocations$0 (13 bytes)
Event: 680.046 Thread 0x000002937f099800 nmethod 17646 0x000002930b1c6010 code [0x000002930b1c6220, 0x000002930b1c67b8]

GC Heap History (20 events):
Event: 670.794 GC heap before
{Heap before GC invocations=167 (full 0):
 garbage-first heap   total 241664K, used 223640K [0x0000000080000000, 0x0000000100000000)
  region size 1024K, 11 young (11264K), 2 survivors (2048K)
 Metaspace       used 114013K, capacity 118454K, committed 118608K, reserved 618496K
  class space    used 14783K, capacity 16525K, committed 16640K, reserved 516096K
}
Event: 670.800 GC heap after
{Heap after GC invocations=168 (full 0):
 garbage-first heap   total 241664K, used 216647K [0x0000000080000000, 0x0000000100000000)
  region size 1024K, 2 young (2048K), 2 survivors (2048K)
 Metaspace       used 114013K, capacity 118454K, committed 118608K, reserved 618496K
  class space    used 14783K, capacity 16525K, committed 16640K, reserved 516096K
}
Event: 671.012 GC heap before
{Heap before GC invocations=168 (full 0):
 garbage-first heap   total 241664K, used 224839K [0x0000000080000000, 0x0000000100000000)
  region size 1024K, 11 young (11264K), 2 survivors (2048K)
 Metaspace       used 114053K, capacity 118556K, committed 118864K, reserved 618496K
  class space    used 14789K, capacity 16535K, committed 16640K, reserved 516096K
}
Event: 671.018 GC heap after
{Heap after GC invocations=169 (full 0):
 garbage-first heap   total 241664K, used 217636K [0x0000000080000000, 0x0000000100000000)
  region size 1024K, 2 young (2048K), 2 survivors (2048K)
 Metaspace       used 114053K, capacity 118556K, committed 118864K, reserved 618496K
  class space    used 14789K, capacity 16535K, committed 16640K, reserved 516096K
}
Event: 672.020 GC heap before
{Heap before GC invocations=169 (full 0):
 garbage-first heap   total 241664K, used 225828K [0x0000000080000000, 0x0000000100000000)
  region size 1024K, 11 young (11264K), 2 survivors (2048K)
 Metaspace       used 114253K, capacity 118752K, committed 118864K, reserved 618496K
  class space    used 14803K, capacity 16550K, committed 16640K, reserved 516096K
}
Event: 672.029 GC heap after
{Heap after GC invocations=170 (full 0):
 garbage-first heap   total 241664K, used 218648K [0x0000000080000000, 0x0000000100000000)
  region size 1024K, 2 young (2048K), 2 survivors (2048K)
 Metaspace       used 114253K, capacity 118752K, committed 118864K, reserved 618496K
  class space    used 14803K, capacity 16550K, committed 16640K, reserved 516096K
}
Event: 672.344 GC heap before
{Heap before GC invocations=170 (full 0):
 garbage-first heap   total 241664K, used 226840K [0x0000000080000000, 0x0000000100000000)
  region size 1024K, 11 young (11264K), 2 survivors (2048K)
 Metaspace       used 114278K, capacity 118758K, committed 118864K, reserved 618496K
  class space    used 14803K, capacity 16550K, committed 16640K, reserved 516096K
}
Event: 672.352 GC heap after
{Heap after GC invocations=171 (full 0):
 garbage-first heap   total 241664K, used 219364K [0x0000000080000000, 0x0000000100000000)
  region size 1024K, 2 young (2048K), 2 survivors (2048K)
 Metaspace       used 114278K, capacity 118758K, committed 118864K, reserved 618496K
  class space    used 14803K, capacity 16550K, committed 16640K, reserved 516096K
}
Event: 673.997 GC heap before
{Heap before GC invocations=172 (full 0):
 garbage-first heap   total 241664K, used 227556K [0x0000000080000000, 0x0000000100000000)
  region size 1024K, 11 young (11264K), 2 survivors (2048K)
 Metaspace       used 114385K, capacity 118880K, committed 119120K, reserved 620544K
  class space    used 14810K, capacity 16562K, committed 16640K, reserved 516096K
}
Event: 674.017 GC heap after
{Heap after GC invocations=173 (full 0):
 garbage-first heap   total 241664K, used 220154K [0x0000000080000000, 0x0000000100000000)
  region size 1024K, 2 young (2048K), 2 survivors (2048K)
 Metaspace       used 114385K, capacity 118880K, committed 119120K, reserved 620544K
  class space    used 14810K, capacity 16562K, committed 16640K, reserved 516096K
}
Event: 674.532 GC heap before
{Heap before GC invocations=173 (full 0):
 garbage-first heap   total 241664K, used 228346K [0x0000000080000000, 0x0000000100000000)
  region size 1024K, 11 young (11264K), 2 survivors (2048K)
 Metaspace       used 114401K, capacity 118886K, committed 119120K, reserved 620544K
  class space    used 14810K, capacity 16562K, committed 16640K, reserved 516096K
}
Event: 674.624 GC heap after
{Heap after GC invocations=174 (full 0):
 garbage-first heap   total 241664K, used 216622K [0x0000000080000000, 0x0000000100000000)
  region size 1024K, 2 young (2048K), 2 survivors (2048K)
 Metaspace       used 114401K, capacity 118886K, committed 119120K, reserved 620544K
  class space    used 14810K, capacity 16562K, committed 16640K, reserved 516096K
}
Event: 675.861 GC heap before
{Heap before GC invocations=174 (full 0):
 garbage-first heap   total 241664K, used 224814K [0x0000000080000000, 0x0000000100000000)
  region size 1024K, 11 young (11264K), 2 survivors (2048K)
 Metaspace       used 114437K, capacity 118920K, committed 119120K, reserved 620544K
  class space    used 14816K, capacity 16573K, committed 16640K, reserved 516096K
}
Event: 675.888 GC heap after
{Heap after GC invocations=175 (full 0):
 garbage-first heap   total 241664K, used 217499K [0x0000000080000000, 0x0000000100000000)
  region size 1024K, 2 young (2048K), 2 survivors (2048K)
 Metaspace       used 114437K, capacity 118920K, committed 119120K, reserved 620544K
  class space    used 14816K, capacity 16573K, committed 16640K, reserved 516096K
}
Event: 677.020 GC heap before
{Heap before GC invocations=175 (full 0):
 garbage-first heap   total 241664K, used 225691K [0x0000000080000000, 0x0000000100000000)
  region size 1024K, 11 young (11264K), 2 survivors (2048K)
 Metaspace       used 114451K, capacity 118986K, committed 119120K, reserved 620544K
  class space    used 14817K, capacity 16573K, committed 16640K, reserved 516096K
}
Event: 677.036 GC heap after
{Heap after GC invocations=176 (full 0):
 garbage-first heap   total 241664K, used 218534K [0x0000000080000000, 0x0000000100000000)
  region size 1024K, 2 young (2048K), 2 survivors (2048K)
 Metaspace       used 114451K, capacity 118986K, committed 119120K, reserved 620544K
  class space    used 14817K, capacity 16573K, committed 16640K, reserved 516096K
}
Event: 677.559 GC heap before
{Heap before GC invocations=176 (full 0):
 garbage-first heap   total 241664K, used 226726K [0x0000000080000000, 0x0000000100000000)
  region size 1024K, 11 young (11264K), 2 survivors (2048K)
 Metaspace       used 114453K, capacity 118987K, committed 119120K, reserved 620544K
  class space    used 14817K, capacity 16573K, committed 16640K, reserved 516096K
}
Event: 677.579 GC heap after
{Heap after GC invocations=177 (full 0):
 garbage-first heap   total 241664K, used 219274K [0x0000000080000000, 0x0000000100000000)
  region size 1024K, 2 young (2048K), 2 survivors (2048K)
 Metaspace       used 114453K, capacity 118987K, committed 119120K, reserved 620544K
  class space    used 14817K, capacity 16573K, committed 16640K, reserved 516096K
}
Event: 678.351 GC heap before
{Heap before GC invocations=177 (full 0):
 garbage-first heap   total 241664K, used 227466K [0x0000000080000000, 0x0000000100000000)
  region size 1024K, 11 young (11264K), 2 survivors (2048K)
 Metaspace       used 114453K, capacity 118987K, committed 119120K, reserved 620544K
  class space    used 14817K, capacity 16573K, committed 16640K, reserved 516096K
}
Event: 678.380 GC heap after
{Heap after GC invocations=178 (full 0):
 garbage-first heap   total 329728K, used 219976K [0x0000000080000000, 0x0000000100000000)
  region size 1024K, 2 young (2048K), 2 survivors (2048K)
 Metaspace       used 114453K, capacity 118987K, committed 119120K, reserved 620544K
  class space    used 14817K, capacity 16573K, committed 16640K, reserved 516096K
}

Deoptimization events (20 events):
Event: 676.758 Thread 0x00000293226cd800 Uncommon trap: trap_request=0xffffffd6 fr.pc=0x0000029310c65370 relative=0x00000000000018f0
Event: 676.758 Thread 0x00000293226cd800 Uncommon trap: reason=array_check action=maybe_recompile pc=0x0000029310c65370 method=java.util.TimSort.reverseRange([Ljava/lang/Object;II)V @ 27 c2
Event: 676.758 Thread 0x00000293226cd800 DEOPT PACKING pc=0x0000029310c65370 sp=0x000000cdbd7fb140
Event: 676.758 Thread 0x00000293226cd800 DEOPT UNPACKING pc=0x00000293086ea1af sp=0x000000cdbd7faff8 mode 2
Event: 676.759 Thread 0x00000293226cd800 Uncommon trap: trap_request=0xffffffd6 fr.pc=0x0000029310c65370 relative=0x00000000000018f0
Event: 676.759 Thread 0x00000293226cd800 Uncommon trap: reason=array_check action=maybe_recompile pc=0x0000029310c65370 method=java.util.TimSort.reverseRange([Ljava/lang/Object;II)V @ 27 c2
Event: 676.759 Thread 0x00000293226cd800 DEOPT PACKING pc=0x0000029310c65370 sp=0x000000cdbd7faef0
Event: 676.759 Thread 0x00000293226cd800 DEOPT UNPACKING pc=0x00000293086ea1af sp=0x000000cdbd7fada8 mode 2
Event: 676.759 Thread 0x00000293226cd800 Uncommon trap: trap_request=0xffffffd6 fr.pc=0x0000029310c63404 relative=0x0000000000000544
Event: 676.759 Thread 0x00000293226cd800 Uncommon trap: reason=array_check action=maybe_recompile pc=0x0000029310c63404 method=java.util.TimSort.reverseRange([Ljava/lang/Object;II)V @ 27 c2
Event: 676.759 Thread 0x00000293226cd800 DEOPT PACKING pc=0x0000029310c63404 sp=0x000000cdbd7fae50
Event: 676.759 Thread 0x00000293226cd800 DEOPT UNPACKING pc=0x00000293086ea1af sp=0x000000cdbd7fada0 mode 2
Event: 678.601 Thread 0x00000293226d9800 Uncommon trap: trap_request=0xffffffc6 fr.pc=0x0000029310b3ad24 relative=0x0000000000006104
Event: 678.601 Thread 0x00000293226d9800 Uncommon trap: reason=bimorphic_or_optimized_type_check action=maybe_recompile pc=0x0000029310b3ad24 method=org.gradle.api.internal.artifacts.transform.AttributeMatchingVariantSelector.doSelect(Lorg/gradle/api/internal/artifacts/ivyservice/resolveengine/a
Event: 678.601 Thread 0x00000293226d9800 DEOPT PACKING pc=0x0000029310b3ad24 sp=0x000000cdbd8fbd00
Event: 678.601 Thread 0x00000293226d9800 DEOPT UNPACKING pc=0x00000293086ea1af sp=0x000000cdbd8fbd60 mode 2
Event: 678.763 Thread 0x00000293226d9800 Uncommon trap: trap_request=0xffffffc6 fr.pc=0x0000029310b3ad24 relative=0x0000000000006104
Event: 678.763 Thread 0x00000293226d9800 Uncommon trap: reason=bimorphic_or_optimized_type_check action=maybe_recompile pc=0x0000029310b3ad24 method=org.gradle.api.internal.artifacts.transform.AttributeMatchingVariantSelector.doSelect(Lorg/gradle/api/internal/artifacts/ivyservice/resolveengine/a
Event: 678.763 Thread 0x00000293226d9800 DEOPT PACKING pc=0x0000029310b3ad24 sp=0x000000cdbd8fc340
Event: 678.763 Thread 0x00000293226d9800 DEOPT UNPACKING pc=0x00000293086ea1af sp=0x000000cdbd8fc3a0 mode 2

Classes redefined (0 events):
No events

Internal exceptions (20 events):
Event: 566.329 Thread 0x00000293226d5800 Exception <a 'java/lang/ClassNotFoundException'{0x000000008e4423e8}: org/gradle/api/internal/model/DefaultObjectFactoryCustomizer> (0x000000008e4423e8) thrown at [./src/hotspot/share/classfile/systemDictionary.cpp, line 230]
Event: 566.653 Thread 0x00000293226d5800 Exception <a 'java/lang/ClassNotFoundException'{0x000000008e334fb0}: org/gradle/api/internal/file/DefaultFileVisitDetailsBeanInfo> (0x000000008e334fb0) thrown at [./src/hotspot/share/classfile/systemDictionary.cpp, line 230]
Event: 566.659 Thread 0x00000293226d5800 Exception <a 'java/lang/ClassNotFoundException'{0x000000008e378ba0}: org/gradle/api/internal/file/DefaultFileTreeElementBeanInfo> (0x000000008e378ba0) thrown at [./src/hotspot/share/classfile/systemDictionary.cpp, line 230]
Event: 566.667 Thread 0x00000293226d5800 Exception <a 'java/lang/ClassNotFoundException'{0x000000008e3bd440}: org/gradle/api/internal/file/AbstractFileTreeElementBeanInfo> (0x000000008e3bd440) thrown at [./src/hotspot/share/classfile/systemDictionary.cpp, line 230]
Event: 566.695 Thread 0x00000293226d5800 Exception <a 'java/lang/ClassNotFoundException'{0x000000008eb019f8}: org/gradle/api/internal/file/AbstractFileTreeElementCustomizer> (0x000000008eb019f8) thrown at [./src/hotspot/share/classfile/systemDictionary.cpp, line 230]
Event: 566.702 Thread 0x00000293226d5800 Exception <a 'java/lang/ClassNotFoundException'{0x000000008eb45aa0}: org/gradle/api/internal/file/DefaultFileTreeElementCustomizer> (0x000000008eb45aa0) thrown at [./src/hotspot/share/classfile/systemDictionary.cpp, line 230]
Event: 566.774 Thread 0x00000293226d5800 Exception <a 'java/lang/ClassNotFoundException'{0x000000008eb8ce10}: org/gradle/api/internal/file/DefaultFileVisitDetailsCustomizer> (0x000000008eb8ce10) thrown at [./src/hotspot/share/classfile/systemDictionary.cpp, line 230]
Event: 566.796 Thread 0x00000293226d5800 Exception <a 'java/lang/ClassNotFoundException'{0x000000008ebda3c0}: java/nio/file/FilesBeanInfo> (0x000000008ebda3c0) thrown at [./src/hotspot/share/classfile/systemDictionary.cpp, line 230]
Event: 566.799 Thread 0x00000293226d5800 Exception <a 'java/lang/ClassNotFoundException'{0x000000008ebeec00}: java/nio/file/FilesCustomizer> (0x000000008ebeec00) thrown at [./src/hotspot/share/classfile/systemDictionary.cpp, line 230]
Event: 640.614 Thread 0x00000293226d5800 Exception <a 'java/lang/ClassNotFoundException'{0x000000008eb3c028}: org/gradle/api/internal/file/AttributeBasedFileVisitDetailsBeanInfo> (0x000000008eb3c028) thrown at [./src/hotspot/share/classfile/systemDictionary.cpp, line 230]
Event: 640.620 Thread 0x00000293226d5800 Exception <a 'java/lang/ClassNotFoundException'{0x000000008eb7bc10}: org/gradle/api/internal/file/AttributeBasedFileVisitDetailsCustomizer> (0x000000008eb7bc10) thrown at [./src/hotspot/share/classfile/systemDictionary.cpp, line 230]
Event: 665.202 Thread 0x00000293226d5800 Implicit null exception at 0x0000029310bb9dbc to 0x0000029310bbaac0
Event: 665.218 Thread 0x00000293226d5800 Exception <a 'java/lang/ClassNotFoundException'{0x000000008e343348}: java/util/LinkedHashSetBeanInfo> (0x000000008e343348) thrown at [./src/hotspot/share/classfile/systemDictionary.cpp, line 230]
Event: 665.221 Thread 0x00000293226d5800 Exception <a 'java/lang/ClassNotFoundException'{0x000000008e353af0}: java/util/HashSetBeanInfo> (0x000000008e353af0) thrown at [./src/hotspot/share/classfile/systemDictionary.cpp, line 230]
Event: 665.223 Thread 0x00000293226d5800 Exception <a 'java/lang/ClassNotFoundException'{0x000000008e3658a8}: java/util/HashSetCustomizer> (0x000000008e3658a8) thrown at [./src/hotspot/share/classfile/systemDictionary.cpp, line 230]
Event: 665.235 Thread 0x00000293226d5800 Exception <a 'java/lang/ClassNotFoundException'{0x000000008e37f628}: java/util/LinkedHashSetCustomizer> (0x000000008e37f628) thrown at [./src/hotspot/share/classfile/systemDictionary.cpp, line 230]
Event: 665.262 Thread 0x00000293226d5800 Implicit null exception at 0x0000029310b88b77 to 0x0000029310b88f7c
Event: 666.174 Thread 0x00000293226cd800 Exception <a 'java/lang/NoSuchMethodError'{0x000000008eaf3be8}: <clinit>> (0x000000008eaf3be8) thrown at [./src/hotspot/share/prims/jni.cpp, line 1367]
Event: 670.988 Thread 0x00000293226cd800 Exception <a 'java/lang/NoSuchMethodError'{0x000000008e371228}: <clinit>> (0x000000008e371228) thrown at [./src/hotspot/share/prims/jni.cpp, line 1367]
Event: 670.989 Thread 0x00000293226cd800 Exception <a 'java/lang/NoSuchMethodError'{0x000000008e37f7d8}: <clinit>> (0x000000008e37f7d8) thrown at [./src/hotspot/share/prims/jni.cpp, line 1367]

Events (20 events):
Event: 677.695 Executing VM operation: RevokeBias
Event: 677.698 Executing VM operation: RevokeBias done
Event: 677.711 Executing VM operation: RevokeBias
Event: 677.712 Executing coalesced safepoint VM operation: RevokeBias
Event: 677.712 Executing coalesced safepoint VM operation: RevokeBias done
Event: 677.712 Executing VM operation: RevokeBias done
Event: 677.876 Executing VM operation: RevokeBias
Event: 677.879 Executing VM operation: RevokeBias done
Event: 677.885 Executing VM operation: RevokeBias
Event: 677.886 Executing VM operation: RevokeBias done
Event: 678.083 Executing VM operation: BulkRevokeBias
Event: 678.184 Executing VM operation: BulkRevokeBias done
Event: 678.350 Executing VM operation: G1CollectForAllocation
Event: 678.380 Executing VM operation: G1CollectForAllocation done
Event: 678.596 Executing VM operation: RevokeBias
Event: 678.597 Executing VM operation: RevokeBias done
Event: 678.598 Executing VM operation: RevokeBias
Event: 678.599 Executing VM operation: RevokeBias done
Event: 678.602 loading class org/gradle/api/internal/artifacts/ivyservice/resolveengine/artifact/LocalFileDependencyBackedArtifactSet$TransformedLocalFileArtifactSet
Event: 678.602 loading class org/gradle/api/internal/artifacts/ivyservice/resolveengine/artifact/LocalFileDependencyBackedArtifactSet$TransformedLocalFileArtifactSet done


Dynamic libraries:
0x00007ff627f50000 - 0x00007ff627f5d000 	C:\Program Files\Java\jdk-11.0.18+10\bin\java.exe
0x00007ffe3c010000 - 0x00007ffe3c208000 	C:\WINDOWS\SYSTEM32\ntdll.dll
0x00007ffe3a730000 - 0x00007ffe3a7ef000 	C:\WINDOWS\System32\KERNEL32.DLL
0x00007ffe39cb0000 - 0x00007ffe39fa6000 	C:\WINDOWS\System32\KERNELBASE.dll
0x00007ffe39a90000 - 0x00007ffe39b90000 	C:\WINDOWS\System32\ucrtbase.dll
0x00007ffe30a60000 - 0x00007ffe30a77000 	C:\Program Files\Java\jdk-11.0.18+10\bin\jli.dll
0x00007ffe3b470000 - 0x00007ffe3b60d000 	C:\WINDOWS\System32\USER32.dll
0x00007ffe399c0000 - 0x00007ffe399e2000 	C:\WINDOWS\System32\win32u.dll
0x00007ffe3a1b0000 - 0x00007ffe3a1dc000 	C:\WINDOWS\System32\GDI32.dll
0x00007ffe39b90000 - 0x00007ffe39ca5000 	C:\WINDOWS\System32\gdi32full.dll
0x00007ffe399f0000 - 0x00007ffe39a8d000 	C:\WINDOWS\System32\msvcp_win.dll
0x00007ffe29180000 - 0x00007ffe2941a000 	C:\WINDOWS\WinSxS\amd64_microsoft.windows.common-controls_6595b64144ccf1df_6.0.19041.1110_none_60b5254171f9507e\COMCTL32.dll
0x00007ffe3a110000 - 0x00007ffe3a1ae000 	C:\WINDOWS\System32\msvcrt.dll
0x00007ffe2b690000 - 0x00007ffe2b6a5000 	C:\Program Files\Java\jdk-11.0.18+10\bin\VCRUNTIME140.dll
0x00007ffe3b970000 - 0x00007ffe3b9a0000 	C:\WINDOWS\System32\IMM32.DLL
0x00007ffe22df0000 - 0x00007ffe22e8b000 	C:\Program Files\Java\jdk-11.0.18+10\bin\msvcp140.dll
0x00007ffdfce30000 - 0x00007ffdfd9c2000 	C:\Program Files\Java\jdk-11.0.18+10\bin\server\jvm.dll
0x00007ffe3a5a0000 - 0x00007ffe3a64f000 	C:\WINDOWS\System32\ADVAPI32.dll
0x00007ffe3b1a0000 - 0x00007ffe3b23c000 	C:\WINDOWS\System32\sechost.dll
0x00007ffe3a7f0000 - 0x00007ffe3a916000 	C:\WINDOWS\System32\RPCRT4.dll
0x00007ffe3a100000 - 0x00007ffe3a108000 	C:\WINDOWS\System32\PSAPI.DLL
0x00007ffe32120000 - 0x00007ffe32129000 	C:\WINDOWS\SYSTEM32\WSOCK32.dll
0x00007ffe3a920000 - 0x00007ffe3a98b000 	C:\WINDOWS\System32\WS2_32.dll
0x00007ffe2b4d0000 - 0x00007ffe2b4f7000 	C:\WINDOWS\SYSTEM32\WINMM.dll
0x00007ffe2cd60000 - 0x00007ffe2cd6a000 	C:\WINDOWS\SYSTEM32\VERSION.dll
0x00007ffe37640000 - 0x00007ffe37652000 	C:\WINDOWS\SYSTEM32\kernel.appcore.dll
0x00007ffe34890000 - 0x00007ffe348a0000 	C:\Program Files\Java\jdk-11.0.18+10\bin\verify.dll
0x00007ffe2be00000 - 0x00007ffe2bfe4000 	C:\WINDOWS\SYSTEM32\DBGHELP.DLL
0x00007ffe2b500000 - 0x00007ffe2b534000 	C:\WINDOWS\SYSTEM32\dbgcore.DLL
0x00007ffe39930000 - 0x00007ffe399b2000 	C:\WINDOWS\System32\bcryptPrimitives.dll
0x00007ffe27580000 - 0x00007ffe275a8000 	C:\Program Files\Java\jdk-11.0.18+10\bin\java.dll
0x00007ffe347b0000 - 0x00007ffe347ba000 	C:\Program Files\Java\jdk-11.0.18+10\bin\jimage.dll
0x00007ffe2b670000 - 0x00007ffe2b688000 	C:\Program Files\Java\jdk-11.0.18+10\bin\zip.dll
0x00007ffe3a9a0000 - 0x00007ffe3b0e4000 	C:\WINDOWS\System32\SHELL32.dll
0x00007ffe37840000 - 0x00007ffe37fd3000 	C:\WINDOWS\SYSTEM32\windows.storage.dll
0x00007ffe3a240000 - 0x00007ffe3a594000 	C:\WINDOWS\System32\combase.dll
0x00007ffe39100000 - 0x00007ffe3912e000 	C:\WINDOWS\SYSTEM32\Wldp.dll
0x00007ffe3b0f0000 - 0x00007ffe3b19d000 	C:\WINDOWS\System32\SHCORE.dll
0x00007ffe3a1e0000 - 0x00007ffe3a235000 	C:\WINDOWS\System32\shlwapi.dll
0x00007ffe396c0000 - 0x00007ffe396df000 	C:\WINDOWS\SYSTEM32\profapi.dll
0x00007ffe270c0000 - 0x00007ffe270d9000 	C:\Program Files\Java\jdk-11.0.18+10\bin\net.dll
0x00007ffe33740000 - 0x00007ffe3384a000 	C:\WINDOWS\SYSTEM32\WINHTTP.dll
0x00007ffe38e60000 - 0x00007ffe38eca000 	C:\WINDOWS\system32\mswsock.dll
0x00007ffe270a0000 - 0x00007ffe270b3000 	C:\Program Files\Java\jdk-11.0.18+10\bin\nio.dll
0x00007ffe26ed0000 - 0x00007ffe26ef7000 	C:\Users\almeida\.gradle\native\e1d6ef7f7dcc3fd88c89a11ec53ec762bb8ba0a96d01ffa2cd45eb1d1d8dd5c5\windows-amd64\native-platform.dll
0x00007ffe0ed60000 - 0x00007ffe0eea4000 	C:\Users\almeida\.gradle\native\0d407fdbe67a94daf76414ababcb853783967236a71b16ec16e742cd7a986fd3\windows-amd64\native-platform-file-events.dll
0x00007ffe2b3f0000 - 0x00007ffe2b3f9000 	C:\Program Files\Java\jdk-11.0.18+10\bin\management.dll
0x00007ffe27570000 - 0x00007ffe2757b000 	C:\Program Files\Java\jdk-11.0.18+10\bin\management_ext.dll
0x00007ffe39060000 - 0x00007ffe39078000 	C:\WINDOWS\SYSTEM32\CRYPTSP.dll
0x00007ffe38780000 - 0x00007ffe387b4000 	C:\WINDOWS\system32\rsaenh.dll
0x00007ffe39fb0000 - 0x00007ffe39fd7000 	C:\WINDOWS\System32\bcrypt.dll
0x00007ffe39680000 - 0x00007ffe396ae000 	C:\WINDOWS\SYSTEM32\USERENV.dll
0x00007ffe39050000 - 0x00007ffe3905c000 	C:\WINDOWS\SYSTEM32\CRYPTBASE.dll
0x00007ffe38b50000 - 0x00007ffe38b8c000 	C:\WINDOWS\SYSTEM32\IPHLPAPI.DLL
0x00007ffe3a990000 - 0x00007ffe3a998000 	C:\WINDOWS\System32\NSI.dll
0x00007ffe329c0000 - 0x00007ffe329d7000 	C:\WINDOWS\SYSTEM32\dhcpcsvc6.DLL
0x00007ffe32aa0000 - 0x00007ffe32abd000 	C:\WINDOWS\SYSTEM32\dhcpcsvc.DLL
0x00007ffe38b90000 - 0x00007ffe38c5b000 	C:\WINDOWS\SYSTEM32\DNSAPI.dll
0x00007ffe349d0000 - 0x00007ffe349de000 	C:\Program Files\Java\jdk-11.0.18+10\bin\sunmscapi.dll
0x00007ffe39780000 - 0x00007ffe398de000 	C:\WINDOWS\System32\CRYPT32.dll
0x00007ffe39170000 - 0x00007ffe39198000 	C:\WINDOWS\SYSTEM32\ncrypt.dll
0x00007ffe39130000 - 0x00007ffe3916b000 	C:\WINDOWS\SYSTEM32\NTASN1.dll
0x00007ffe349a0000 - 0x00007ffe349c5000 	C:\Program Files\Java\jdk-11.0.18+10\bin\sunec.dll
0x0000000063560000 - 0x0000000063569000 	C:\Program Files\National Instruments\Shared\mDNS Responder\nimdnsNSP.dll
0x0000000063550000 - 0x000000006355e000 	C:\WINDOWS\SYSTEM32\nimdnsResponder.dll
0x0000000053c90000 - 0x0000000053d33000 	C:\WINDOWS\WinSxS\amd64_microsoft.vc90.crt_1fc8b3b9a1e18e3b_9.0.30729.9625_none_08e1c10da83fbc83\MSVCR90.dll
0x00007ffe308a0000 - 0x00007ffe308aa000 	C:\Windows\System32\rasadhlp.dll
0x00007ffe308e0000 - 0x00007ffe30962000 	C:\WINDOWS\System32\fwpuclnt.dll

dbghelp: loaded successfully - version: 4.0.5 - missing functions: none
symbol engine: initialized successfully - sym options: 0x614 - pdb path: .;C:\Program Files\Java\jdk-11.0.18+10\bin;C:\WINDOWS\SYSTEM32;C:\WINDOWS\WinSxS\amd64_microsoft.windows.common-controls_6595b64144ccf1df_6.0.19041.1110_none_60b5254171f9507e;C:\Program Files\Java\jdk-11.0.18+10\bin\server;C:\Users\almeida\.gradle\native\e1d6ef7f7dcc3fd88c89a11ec53ec762bb8ba0a96d01ffa2cd45eb1d1d8dd5c5\windows-amd64;C:\Users\almeida\.gradle\native\0d407fdbe67a94daf76414ababcb853783967236a71b16ec16e742cd7a986fd3\windows-amd64;C:\Program Files\National Instruments\Shared\mDNS Responder;C:\WINDOWS\WinSxS\amd64_microsoft.vc90.crt_1fc8b3b9a1e18e3b_9.0.30729.9625_none_08e1c10da83fbc83

VM Arguments:
jvm_args: -XX:MaxMetaspaceSize=512m --add-opens=java.base/java.util=ALL-UNNAMED --add-opens=java.base/java.lang=ALL-UNNAMED --add-opens=java.base/java.lang.invoke=ALL-UNNAMED --add-opens=java.base/java.util=ALL-UNNAMED --add-opens=java.prefs/java.util.prefs=ALL-UNNAMED --add-opens=java.prefs/java.util.prefs=ALL-UNNAMED --add-opens=java.base/java.nio.charset=ALL-UNNAMED --add-opens=java.base/java.net=ALL-UNNAMED --add-opens=java.base/java.util.concurrent.atomic=ALL-UNNAMED -Xmx2048m -Dfile.encoding=windows-1252 -Duser.country=BR -Duser.language=pt -Duser.variant 
java_command: org.gradle.launcher.daemon.bootstrap.GradleDaemon 7.5.1
java_class_path (initial): C:\Users\almeida\.gradle\wrapper\dists\gradle-7.5.1-all\1ehga6e77gqps5uk2kc5kf1vc\gradle-7.5.1\lib\gradle-launcher-7.5.1.jar
Launcher Type: SUN_STANDARD

[Global flags]
     intx CICompilerCount                          = 3                                         {product} {ergonomic}
   size_t CompressedClassSpaceSize                 = 528482304                                 {product} {ergonomic}
     uint ConcGCThreads                            = 1                                         {product} {ergonomic}
     uint G1ConcRefinementThreads                  = 4                                         {product} {ergonomic}
   size_t G1HeapRegionSize                         = 1048576                                   {product} {ergonomic}
    uintx GCDrainStackTargetSize                   = 64                                        {product} {ergonomic}
   size_t InitialHeapSize                          = 67108864                                  {product} {ergonomic}
   size_t MarkStackSize                            = 4194304                                   {product} {ergonomic}
   size_t MaxHeapSize                              = 2147483648                                {product} {command line}
   size_t MaxMetaspaceSize                         = 536870912                                 {product} {command line}
   size_t MaxNewSize                               = 1287651328                                {product} {ergonomic}
   size_t MinHeapDeltaBytes                        = 1048576                                   {product} {ergonomic}
    uintx NonNMethodCodeHeapSize                   = 5830732                                {pd product} {ergonomic}
    uintx NonProfiledCodeHeapSize                  = 122913754                              {pd product} {ergonomic}
    uintx ProfiledCodeHeapSize                     = 122913754                              {pd product} {ergonomic}
    uintx ReservedCodeCacheSize                    = 251658240                              {pd product} {ergonomic}
     bool SegmentedCodeCache                       = true                                      {product} {ergonomic}
     bool UseCompressedClassPointers               = true                                 {lp64_product} {ergonomic}
     bool UseCompressedOops                        = true                                 {lp64_product} {ergonomic}
     bool UseG1GC                                  = true                                      {product} {ergonomic}
     bool UseLargePagesIndividualAllocation        = false                                  {pd product} {ergonomic}

Logging:
Log output configuration:
 #0: stdout all=warning uptime,level,tags
 #1: stderr all=off uptime,level,tags

Environment Variables:
JAVA_HOME=C:\Program Files\Java\jdk-11.0.18+10
CLASSPATH=C:\source\repos\C.A.P\client\android\\gradle\wrapper\gradle-wrapper.jar
PATH=C:\source\repos\C.A.P\client\android\node_modules\.bin;C:\source\repos\C.A.P\client\node_modules\.bin;C:\source\repos\C.A.P\node_modules\.bin;C:\source\repos\node_modules\.bin;C:\source\node_modules\.bin;C:\node_modules\.bin;C:\Program Files\nodejs;C:\source\repos\C.A.P\client\node_modules\.bin;C:\source\repos\C.A.P\node_modules\.bin;C:\source\repos\node_modules\.bin;C:\source\node_modules\.bin;C:\node_modules\.bin;C:\Program Files\nodejs\node_modules\npm\node_modules\@npmcli\run-script\lib\node-gyp-bin;C:\Program Files\Eclipse Adoptium\jdk-11.0.18.10-hotspot\bin;C:\Program Files\Common Files\Oracle\Java\javapath;C:\WINDOWS\system32;C:\WINDOWS;C:\WINDOWS\System32\Wbem;C:\WINDOWS\System32\WindowsPowerShell\v1.0\;C:\Program Files\dotnet\;C:\WINDOWS\System32\OpenSSH\;C:\Program Files\Git\cmd;C:\Program Files\Microsoft SQL Server\Client SDK\ODBC\170\Tools\Binn\;C:\Windows\Microsoft.NET\Framework64\v4.0.30319;C:\Windows\Microsoft.NET\Framework64\v4.0.30319;C:\Program Files\MySQL\MySQL Server 8.0\bin;C:\ProgramData\chocolatey\bin;C:\Program Files\nodejs\;C:\Program Files (x86)\Yarn\bin\;C:\platform-tools\;C:\Program Files\Azure Data Studio\bin;C:\Program Files (x86)\Microsoft SQL Server\160\DTS\Binn\;C:\Program Files (x86)\Microsoft SQL Server\160\Tools\Binn\;C:\Program Files\Microsoft SQL Server\160\Tools\Binn\;C:\Program Files\Microsoft SQL Server\160\DTS\Binn\;C:\Program Files\MySQL\MySQL Shell 8.0\bin\;C:\Users\almeida\AppData\Local\Microsoft\WindowsApps;C:\Users\THALIS NATHAN\AppData\Roaming\npm;C:\Users\THALIS NATHAN\AppData\Local\Programs\Microsoft VS Code\bin;C:\Users\THALIS NATHAN\AppData\Local\GitHubDesktop\bin;C:\Users\almeida\.dotnet\tools;C:\Users\almeida\AppData\Local\GitHubDesktop\bin;C:\Users\almeida\AppData\Local\Android\Sdk\emulador;C:\Users\almeida\AppData\Local\Android\Sdk\tools;C:\Users\almeida\AppData\Local\Android\Sdk\tools\bin;C:\Users\almeida\AppData\Local\Android\Sdk\platform-tools;C:\Users\almeida\AppData\Local\Yarn\bin;C:\Users\almeida\AppDat
USERNAME=THALIS
OS=Windows_NT
PROCESSOR_IDENTIFIER=Intel64 Family 6 Model 42 Stepping 7, GenuineIntel
TMP=C:\Users\almeida\AppData\Local\Temp
TEMP=C:\Users\almeida\AppData\Local\Temp



---------------  S Y S T E M  ---------------

OS: Windows 10 , 64 bit Build 19041 (10.0.19041.2913)
OS uptime: 0 days 2:32 hours

CPU:total 4 (initial active 4) (2 cores per cpu, 2 threads per core) family 6 model 42 stepping 7 microcode 0x2f, cmov, cx8, fxsr, mmx, sse, sse2, sse3, ssse3, sse4.1, sse4.2, popcnt, avx, aes, clmul, ht, tsc, tscinvbit

Memory: 4k page, system-wide physical 4003M (260M free)
TotalPageFile size 6051M (AvailPageFile size 5M)
current process WorkingSet (physical memory assigned to process): 575M, peak: 575M
current process commit charge ("private bytes"): 688M, peak: 691M

vm_info: OpenJDK 64-Bit Server VM (11.0.18+10-LTS) for windows-amd64 JRE (11.0.18+10-LTS), built on Jan 18 2023 15:56:47 by "MicrosoftCorporation" with MS VC++ 15.9 (VS2017)

END.
