#
# There is insufficient memory for the Java Runtime Environment to continue.
# Native memory allocation (mmap) failed to map 346030080 bytes for Failed to commit area from 0x0000000094a00000 to 0x00000000a9400000 of length 346030080.
# Possible reasons:
#   The system is out of physical RAM or swap space
#   The process is running with CompressedOops enabled, and the Java Heap may be blocking the growth of the native heap
# Possible solutions:
#   Reduce memory load on the system
#   Increase physical memory or swap space
#   Check if swap backing store is full
#   Decrease Java heap size (-Xmx/-Xms)
#   Decrease number of Java threads
#   Decrease Java thread stack sizes (-Xss)
#   Set larger code cache with -XX:ReservedCodeCacheSize=
#   JVM is running with Unscaled Compressed Oops mode in which the Java heap is
#     placed in the first 4GB address space. The Java Heap base address is the
#     maximum limit for the native heap growth. Please use -XX:HeapBaseMinAddress
#     to set the Java Heap base and to place the Java Heap above 4GB virtual address.
# This output file may be truncated or incomplete.
#
#  Out of Memory Error (./src/hotspot/os/windows/os_windows.cpp:3386), pid=2668, tid=9736
#
# JRE version: OpenJDK Runtime Environment Microsoft-7208460 (11.0.18+10) (build 11.0.18+10-LTS)
# Java VM: OpenJDK 64-Bit Server VM Microsoft-7208460 (11.0.18+10-LTS, mixed mode, tiered, compressed oops, g1 gc, windows-amd64)
# No core dump will be written. Minidumps are not enabled by default on client versions of Windows
#

---------------  S U M M A R Y ------------

Command Line: -XX:MaxMetaspaceSize=512m --add-opens=java.base/java.util=ALL-UNNAMED --add-opens=java.base/java.lang=ALL-UNNAMED --add-opens=java.base/java.lang.invoke=ALL-UNNAMED --add-opens=java.base/java.util=ALL-UNNAMED --add-opens=java.prefs/java.util.prefs=ALL-UNNAMED --add-opens=java.prefs/java.util.prefs=ALL-UNNAMED --add-opens=java.base/java.nio.charset=ALL-UNNAMED --add-opens=java.base/java.net=ALL-UNNAMED --add-opens=java.base/java.util.concurrent.atomic=ALL-UNNAMED -Xmx2048m -Dfile.encoding=windows-1252 -Duser.country=BR -Duser.language=pt -Duser.variant org.gradle.launcher.daemon.bootstrap.GradleDaemon 7.5.1

Host: Intel(R) Core(TM) i5-2450M CPU @ 2.50GHz, 4 cores, 3G,  Windows 10 , 64 bit Build 19041 (10.0.19041.2913)
Time: Fri Jun 23 20:31:15 2023 Hora oficial do Brasil elapsed time: 249.715951 seconds (0d 0h 4m 9s)

---------------  T H R E A D  ---------------

Current thread (0x000002209f6da000):  VMThread "VM Thread" [stack: 0x000000ee1c600000,0x000000ee1c700000] [id=9736]

Stack: [0x000000ee1c600000,0x000000ee1c700000]
[error occurred during error reporting (printing stack bounds), id 0xc0000005, EXCEPTION_ACCESS_VIOLATION (0xc0000005) at pc=0x00000220886c112d]

Native frames: (J=compiled Java code, j=interpreted, Vv=VM code, C=native code)
V  [jvm.dll+0x62bf8a]
V  [jvm.dll+0x7b8fb9]
V  [jvm.dll+0x7ba6a8]
V  [jvm.dll+0x7bace5]
V  [jvm.dll+0x7bac9b]
V  [jvm.dll+0x62b317]
V  [jvm.dll+0x62ba28]
C  [ntdll.dll+0xa23df]
C  [ntdll.dll+0x514a4]
C  [ntdll.dll+0xa0f0e]
C  0x00000220886c112d

VM_Operation (0x000000ee229feef0): G1CollectForAllocation, mode: safepoint, requested by thread 0x00000220ab430800


---------------  P R O C E S S  ---------------

Threads class SMR info:
_java_thread_list=0x00000220a372dfa0, length=96, elements={
0x00000220fd6d2000, 0x000002209f6dd000, 0x000002209f6e7800, 0x000002209f740000,
0x000002209f742000, 0x000002209f743000, 0x000002209f746800, 0x000002209f749800,
0x000002209f8e3000, 0x000002209f9db800, 0x00000220a0b8b000, 0x00000220a0f5f800,
0x00000220a0ba5000, 0x00000220a10b2800, 0x00000220a12ab000, 0x00000220a10ec800,
0x000002209fa05000, 0x000002209fe32000, 0x00000220a11ad800, 0x000002209ffb7800,
0x00000220a074a800, 0x00000220a0749000, 0x00000220a074d000, 0x00000220a074c000,
0x00000220a0749800, 0x00000220a074b800, 0x00000220a0747000, 0x00000220a074e000,
0x00000220a0748000, 0x00000220a211d800, 0x00000220a211e800, 0x00000220a211b000,
0x00000220a211f000, 0x00000220a211a000, 0x00000220a2120800, 0x00000220a211c000,
0x00000220a211c800, 0x00000220a4d18800, 0x00000220a4d16000, 0x00000220a4d1b000,
0x00000220a4d19000, 0x00000220a4d1a000, 0x00000220a4d15000, 0x00000220a4d1b800,
0x00000220a4d16800, 0x00000220a4d1c800, 0x00000220a4d1d000, 0x00000220a4d17800,
0x00000220a4d23000, 0x00000220a4d1e000, 0x00000220a4d20800, 0x00000220a4d21800,
0x00000220a4d1f000, 0x00000220a4d22000, 0x00000220a4d24000, 0x00000220a4d1f800,
0x00000220a515f800, 0x00000220a5160000, 0x00000220a5161800, 0x00000220a5162800,
0x00000220a5166000, 0x00000220a5164000, 0x00000220a5166800, 0x00000220a5163800,
0x00000220a5161000, 0x00000220a5167800, 0x00000220a516a000, 0x00000220a5168000,
0x00000220a5169000, 0x00000220a516a800, 0x00000220a5165000, 0x00000220a516b800,
0x00000220a516c800, 0x00000220a516d000, 0x00000220a5922000, 0x00000220a5922800,
0x00000220a5921000, 0x00000220a5923800, 0x00000220a591e800, 0x00000220a591f800,
0x00000220a591d800, 0x00000220a5924000, 0x00000220a5925000, 0x00000220a5926000,
0x00000220a5920000, 0x00000220a5928800, 0x00000220a592a800, 0x00000220a5929000,
0x00000220a965c000, 0x00000220a592b800, 0x00000220a592c800, 0x00000220a516e000,
0x00000220ab42f000, 0x00000220ab430000, 0x00000220ab433000, 0x00000220ab430800
}

Java Threads: ( => current thread )
  0x00000220fd6d2000 JavaThread "main" [_thread_blocked, id=6784, stack(0x000000ee1c000000,0x000000ee1c100000)]
  0x000002209f6dd000 JavaThread "Reference Handler" daemon [_thread_blocked, id=13020, stack(0x000000ee1c700000,0x000000ee1c800000)]
  0x000002209f6e7800 JavaThread "Finalizer" daemon [_thread_blocked, id=8096, stack(0x000000ee1c800000,0x000000ee1c900000)]
  0x000002209f740000 JavaThread "Signal Dispatcher" daemon [_thread_blocked, id=9488, stack(0x000000ee1c900000,0x000000ee1ca00000)]
  0x000002209f742000 JavaThread "Attach Listener" daemon [_thread_blocked, id=6620, stack(0x000000ee1ca00000,0x000000ee1cb00000)]
  0x000002209f743000 JavaThread "Service Thread" daemon [_thread_blocked, id=1008, stack(0x000000ee1cb00000,0x000000ee1cc00000)]
  0x000002209f746800 JavaThread "C2 CompilerThread0" daemon [_thread_blocked, id=1104, stack(0x000000ee1cc00000,0x000000ee1cd00000)]
  0x000002209f749800 JavaThread "C1 CompilerThread0" daemon [_thread_blocked, id=9304, stack(0x000000ee1cd00000,0x000000ee1ce00000)]
  0x000002209f8e3000 JavaThread "Sweeper thread" daemon [_thread_blocked, id=12908, stack(0x000000ee1ce00000,0x000000ee1cf00000)]
  0x000002209f9db800 JavaThread "Common-Cleaner" daemon [_thread_blocked, id=2772, stack(0x000000ee1cf00000,0x000000ee1d000000)]
  0x00000220a0b8b000 JavaThread "Daemon health stats" [_thread_blocked, id=11012, stack(0x000000ee1d300000,0x000000ee1d400000)]
  0x00000220a0f5f800 JavaThread "Incoming local TCP Connector on port 52285" [_thread_in_native, id=2396, stack(0x000000ee1d100000,0x000000ee1d200000)]
  0x00000220a0ba5000 JavaThread "Daemon periodic checks" [_thread_blocked, id=13248, stack(0x000000ee1d600000,0x000000ee1d700000)]
  0x00000220a10b2800 JavaThread "Daemon" [_thread_blocked, id=12712, stack(0x000000ee1d700000,0x000000ee1d800000)]
  0x00000220a12ab000 JavaThread "Handler for socket connection from /127.0.0.1:52285 to /127.0.0.1:52286" [_thread_in_native, id=10952, stack(0x000000ee1d800000,0x000000ee1d900000)]
  0x00000220a10ec800 JavaThread "Cancel handler" [_thread_blocked, id=13132, stack(0x000000ee1d900000,0x000000ee1da00000)]
  0x000002209fa05000 JavaThread "Daemon worker" [_thread_blocked, id=12384, stack(0x000000ee1da00000,0x000000ee1db00000)]
  0x000002209fe32000 JavaThread "Asynchronous log dispatcher for DefaultDaemonConnection: socket connection from /127.0.0.1:52285 to /127.0.0.1:52286" [_thread_blocked, id=2948, stack(0x000000ee1db00000,0x000000ee1dc00000)]
  0x00000220a11ad800 JavaThread "Stdin handler" [_thread_blocked, id=8424, stack(0x000000ee1dc00000,0x000000ee1dd00000)]
  0x000002209ffb7800 JavaThread "Daemon client event forwarder" [_thread_blocked, id=4240, stack(0x000000ee1dd00000,0x000000ee1de00000)]
  0x00000220a074a800 JavaThread "Cache worker for journal cache (C:\Users\almeida\.gradle\caches\journal-1)" [_thread_blocked, id=4424, stack(0x000000ee1de00000,0x000000ee1df00000)]
  0x00000220a0749000 JavaThread "File lock request listener" [_thread_in_native, id=8392, stack(0x000000ee1df00000,0x000000ee1e000000)]
  0x00000220a074d000 JavaThread "Cache worker for file hash cache (C:\Users\almeida\.gradle\caches\7.5.1\fileHashes)" [_thread_blocked, id=12676, stack(0x000000ee1e000000,0x000000ee1e100000)]
  0x00000220a074c000 JavaThread "File watcher server" daemon [_thread_blocked, id=5444, stack(0x000000ee1e100000,0x000000ee1e200000)]
  0x00000220a0749800 JavaThread "File watcher consumer" daemon [_thread_blocked, id=9048, stack(0x000000ee1e200000,0x000000ee1e300000)]
  0x00000220a074b800 JavaThread "Cache worker for checksums cache (C:\source\repos\C.A.P\client\android\.gradle\7.5.1\checksums)" [_thread_blocked, id=11428, stack(0x000000ee1e400000,0x000000ee1e500000)]
  0x00000220a0747000 JavaThread "Cache worker for cache directory md-rule (C:\Users\almeida\.gradle\caches\7.5.1\md-rule)" [_thread_blocked, id=1088, stack(0x000000ee1e500000,0x000000ee1e600000)]
  0x00000220a074e000 JavaThread "Cache worker for file content cache (C:\Users\almeida\.gradle\caches\7.5.1\fileContent)" [_thread_blocked, id=2964, stack(0x000000ee1e600000,0x000000ee1e700000)]
  0x00000220a0748000 JavaThread "Cache worker for file hash cache (C:\source\repos\C.A.P\client\android\.gradle\7.5.1\fileHashes)" [_thread_blocked, id=8788, stack(0x000000ee1e700000,0x000000ee1e800000)]
  0x00000220a211d800 JavaThread "Cache worker for cache directory md-supplier (C:\Users\almeida\.gradle\caches\7.5.1\md-supplier)" [_thread_blocked, id=996, stack(0x000000ee1e800000,0x000000ee1e900000)]
  0x00000220a211e800 JavaThread "Cache worker for execution history cache (C:\Users\almeida\.gradle\caches\7.5.1\executionHistory)" [_thread_blocked, id=7664, stack(0x000000ee1e900000,0x000000ee1ea00000)]
  0x00000220a211b000 JavaThread "jar transforms" [_thread_blocked, id=9624, stack(0x000000ee1ea00000,0x000000ee1eb00000)]
  0x00000220a211f000 JavaThread "jar transforms Thread 2" [_thread_blocked, id=2264, stack(0x000000ee1eb00000,0x000000ee1ec00000)]
  0x00000220a211a000 JavaThread "jar transforms Thread 3" [_thread_blocked, id=4748, stack(0x000000ee1bd00000,0x000000ee1be00000)]
  0x00000220a2120800 JavaThread "jar transforms Thread 4" [_thread_blocked, id=9644, stack(0x000000ee1ec00000,0x000000ee1ed00000)]
  0x00000220a211c000 JavaThread "Cache worker for kotlin-dsl (C:\Users\almeida\.gradle\caches\7.5.1\kotlin-dsl)" [_thread_blocked, id=12848, stack(0x000000ee1ef00000,0x000000ee1f000000)]
  0x00000220a211c800 JavaThread "Cache worker for dependencies-accessors (C:\source\repos\C.A.P\client\android\.gradle\7.5.1\dependencies-accessors)" [_thread_blocked, id=8460, stack(0x000000ee1f000000,0x000000ee1f100000)]
  0x00000220a4d18800 JavaThread "Cache worker for Build Output Cleanup Cache (C:\source\repos\C.A.P\client\node_modules\react-native-gradle-plugin\.gradle\buildOutputCleanup)" [_thread_blocked, id=6824, stack(0x000000ee1be00000,0x000000ee1bf00000)]
  0x00000220a4d16000 JavaThread "Unconstrained build operations" [_thread_blocked, id=360, stack(0x000000ee1bf00000,0x000000ee1c000000)]
  0x00000220a4d1b000 JavaThread "Unconstrained build operations Thread 2" [_thread_blocked, id=9408, stack(0x000000ee1f100000,0x000000ee1f200000)]
  0x00000220a4d19000 JavaThread "Unconstrained build operations Thread 3" [_thread_blocked, id=7060, stack(0x000000ee1f200000,0x000000ee1f300000)]
  0x00000220a4d1a000 JavaThread "Unconstrained build operations Thread 4" [_thread_blocked, id=13112, stack(0x000000ee1f300000,0x000000ee1f400000)]
  0x00000220a4d15000 JavaThread "Unconstrained build operations Thread 5" [_thread_blocked, id=2472, stack(0x000000ee1f400000,0x000000ee1f500000)]
  0x00000220a4d1b800 JavaThread "Unconstrained build operations Thread 6" [_thread_blocked, id=3396, stack(0x000000ee1f500000,0x000000ee1f600000)]
  0x00000220a4d16800 JavaThread "Unconstrained build operations Thread 7" [_thread_blocked, id=332, stack(0x000000ee1f600000,0x000000ee1f700000)]
  0x00000220a4d1c800 JavaThread "Unconstrained build operations Thread 8" [_thread_blocked, id=2480, stack(0x000000ee1f700000,0x000000ee1f800000)]
  0x00000220a4d1d000 JavaThread "Unconstrained build operations Thread 9" [_thread_blocked, id=6448, stack(0x000000ee1f800000,0x000000ee1f900000)]
  0x00000220a4d17800 JavaThread "Unconstrained build operations Thread 10" [_thread_blocked, id=6856, stack(0x000000ee1f900000,0x000000ee1fa00000)]
  0x00000220a4d23000 JavaThread "Unconstrained build operations Thread 11" [_thread_blocked, id=7164, stack(0x000000ee1fa00000,0x000000ee1fb00000)]
  0x00000220a4d1e000 JavaThread "Unconstrained build operations Thread 12" [_thread_blocked, id=12936, stack(0x000000ee1fb00000,0x000000ee1fc00000)]
  0x00000220a4d20800 JavaThread "Unconstrained build operations Thread 13" [_thread_blocked, id=7152, stack(0x000000ee1fc00000,0x000000ee1fd00000)]
  0x00000220a4d21800 JavaThread "Unconstrained build operations Thread 14" [_thread_blocked, id=13016, stack(0x000000ee1fd00000,0x000000ee1fe00000)]
  0x00000220a4d1f000 JavaThread "Unconstrained build operations Thread 15" [_thread_blocked, id=1496, stack(0x000000ee1fe00000,0x000000ee1ff00000)]
  0x00000220a4d22000 JavaThread "Unconstrained build operations Thread 16" [_thread_blocked, id=7216, stack(0x000000ee1ff00000,0x000000ee20000000)]
  0x00000220a4d24000 JavaThread "Unconstrained build operations Thread 17" [_thread_blocked, id=13304, stack(0x000000ee20000000,0x000000ee20100000)]
  0x00000220a4d1f800 JavaThread "Unconstrained build operations Thread 18" [_thread_blocked, id=8148, stack(0x000000ee20100000,0x000000ee20200000)]
  0x00000220a515f800 JavaThread "Unconstrained build operations Thread 19" [_thread_blocked, id=4692, stack(0x000000ee20200000,0x000000ee20300000)]
  0x00000220a5160000 JavaThread "Unconstrained build operations Thread 20" [_thread_blocked, id=1216, stack(0x000000ee20300000,0x000000ee20400000)]
  0x00000220a5161800 JavaThread "Unconstrained build operations Thread 21" [_thread_blocked, id=4260, stack(0x000000ee20400000,0x000000ee20500000)]
  0x00000220a5162800 JavaThread "Unconstrained build operations Thread 22" [_thread_blocked, id=3440, stack(0x000000ee20500000,0x000000ee20600000)]
  0x00000220a5166000 JavaThread "Unconstrained build operations Thread 23" [_thread_blocked, id=2684, stack(0x000000ee20600000,0x000000ee20700000)]
  0x00000220a5164000 JavaThread "Unconstrained build operations Thread 24" [_thread_blocked, id=3488, stack(0x000000ee20700000,0x000000ee20800000)]
  0x00000220a5166800 JavaThread "Unconstrained build operations Thread 25" [_thread_blocked, id=8580, stack(0x000000ee20800000,0x000000ee20900000)]
  0x00000220a5163800 JavaThread "Unconstrained build operations Thread 26" [_thread_blocked, id=5192, stack(0x000000ee20900000,0x000000ee20a00000)]
  0x00000220a5161000 JavaThread "Unconstrained build operations Thread 27" [_thread_blocked, id=12660, stack(0x000000ee20a00000,0x000000ee20b00000)]
  0x00000220a5167800 JavaThread "Unconstrained build operations Thread 28" [_thread_blocked, id=2844, stack(0x000000ee20b00000,0x000000ee20c00000)]
  0x00000220a516a000 JavaThread "Unconstrained build operations Thread 29" [_thread_blocked, id=6452, stack(0x000000ee20c00000,0x000000ee20d00000)]
  0x00000220a5168000 JavaThread "Unconstrained build operations Thread 30" [_thread_blocked, id=7464, stack(0x000000ee20d00000,0x000000ee20e00000)]
  0x00000220a5169000 JavaThread "Unconstrained build operations Thread 31" [_thread_blocked, id=11424, stack(0x000000ee20e00000,0x000000ee20f00000)]
  0x00000220a516a800 JavaThread "Unconstrained build operations Thread 32" [_thread_blocked, id=2776, stack(0x000000ee20f00000,0x000000ee21000000)]
  0x00000220a5165000 JavaThread "Unconstrained build operations Thread 33" [_thread_blocked, id=3616, stack(0x000000ee21000000,0x000000ee21100000)]
  0x00000220a516b800 JavaThread "build event listener" [_thread_blocked, id=4936, stack(0x000000ee21100000,0x000000ee21200000)]
  0x00000220a516c800 JavaThread "Memory manager" [_thread_blocked, id=7136, stack(0x000000ee21200000,0x000000ee21300000)]
  0x00000220a516d000 JavaThread "Cache worker for Build Output Cleanup Cache (C:\source\repos\C.A.P\client\android\.gradle\buildOutputCleanup)" [_thread_blocked, id=5576, stack(0x000000ee21300000,0x000000ee21400000)]
  0x00000220a5922000 JavaThread "Execution worker" [_thread_blocked, id=5308, stack(0x000000ee21500000,0x000000ee21600000)]
  0x00000220a5922800 JavaThread "Execution worker Thread 2" [_thread_blocked, id=12528, stack(0x000000ee21600000,0x000000ee21700000)]
  0x00000220a5921000 JavaThread "Execution worker Thread 3" [_thread_blocked, id=7428, stack(0x000000ee21700000,0x000000ee21800000)]
  0x00000220a5923800 JavaThread "Cache worker for execution history cache (C:\source\repos\C.A.P\client\node_modules\react-native-gradle-plugin\.gradle\7.5.1\executionHistory)" [_thread_blocked, id=10960, stack(0x000000ee21800000,0x000000ee21900000)]
  0x00000220a591e800 JavaThread "Unconstrained build operations Thread 34" [_thread_blocked, id=8812, stack(0x000000ee21900000,0x000000ee21a00000)]
  0x00000220a591f800 JavaThread "Unconstrained build operations Thread 35" [_thread_blocked, id=8772, stack(0x000000ee21a00000,0x000000ee21b00000)]
  0x00000220a591d800 JavaThread "Unconstrained build operations Thread 36" [_thread_blocked, id=8568, stack(0x000000ee21b00000,0x000000ee21c00000)]
  0x00000220a5924000 JavaThread "Unconstrained build operations Thread 37" [_thread_blocked, id=1788, stack(0x000000ee21c00000,0x000000ee21d00000)]
  0x00000220a5925000 JavaThread "Unconstrained build operations Thread 38" [_thread_blocked, id=6060, stack(0x000000ee21d00000,0x000000ee21e00000)]
  0x00000220a5926000 JavaThread "Unconstrained build operations Thread 39" [_thread_blocked, id=4848, stack(0x000000ee21e00000,0x000000ee21f00000)]
  0x00000220a5920000 JavaThread "Unconstrained build operations Thread 40" [_thread_blocked, id=808, stack(0x000000ee21f00000,0x000000ee22000000)]
  0x00000220a5928800 JavaThread "build event listener" [_thread_blocked, id=1156, stack(0x000000ee22000000,0x000000ee22100000)]
  0x00000220a592a800 JavaThread "included builds Thread 2" [_thread_blocked, id=2924, stack(0x000000ee22400000,0x000000ee22500000)]
  0x00000220a5929000 JavaThread "Cache worker for execution history cache (C:\source\repos\C.A.P\client\android\.gradle\7.5.1\executionHistory)" [_thread_blocked, id=4584, stack(0x000000ee22500000,0x000000ee22600000)]
  0x00000220a965c000 JavaThread "C2 CompilerThread1" daemon [_thread_blocked, id=5432, stack(0x000000ee1ee00000,0x000000ee1ef00000)]
  0x00000220a592b800 JavaThread "WorkerExecutor Queue" [_thread_blocked, id=7928, stack(0x000000ee21400000,0x000000ee21500000)]
  0x00000220a592c800 JavaThread "WorkerExecutor Queue Thread 2" [_thread_blocked, id=3948, stack(0x000000ee22100000,0x000000ee22200000)]
  0x00000220a516e000 JavaThread "WorkerExecutor Queue Thread 3" [_thread_blocked, id=9532, stack(0x000000ee22200000,0x000000ee22300000)]
  0x00000220ab42f000 JavaThread "ForkJoinPool-1-worker-3" daemon [_thread_blocked, id=12916, stack(0x000000ee22600000,0x000000ee22700000)]
  0x00000220ab430000 JavaThread "ForkJoinPool-1-worker-5" daemon [_thread_blocked, id=4660, stack(0x000000ee22700000,0x000000ee22800000)]
  0x00000220ab433000 JavaThread "ForkJoinPool-1-worker-7" daemon [_thread_blocked, id=11276, stack(0x000000ee22800000,0x000000ee22900000)]
  0x00000220ab430800 JavaThread "ForkJoinPool-1-worker-1" daemon [_thread_blocked, id=10856, stack(0x000000ee22900000,0x000000ee22a00000)]

Other Threads:
=>0x000002209f6da000 VMThread "VM Thread" [stack: 0x000000ee1c600000,0x000000ee1c700000] [id=9736]
  0x000002209fa0b000 WatcherThread [stack: 0x000000ee1d000000,0x000000ee1d100000] [id=10936]
  0x00000220fd6e9800 GCTaskThread "GC Thread#0" [stack: 0x000000ee1c100000,0x000000ee1c200000] [id=9632]
  0x00000220a023f000 GCTaskThread "GC Thread#1" [stack: 0x000000ee1d200000,0x000000ee1d300000] [id=3456]
  0x00000220a0a16000 GCTaskThread "GC Thread#2" [stack: 0x000000ee1d400000,0x000000ee1d500000] [id=10832]
  0x00000220a1d31000 GCTaskThread "GC Thread#3" [stack: 0x000000ee1d500000,0x000000ee1d600000] [id=11484]
  0x00000220fd71b000 ConcurrentGCThread "G1 Main Marker" [stack: 0x000000ee1c200000,0x000000ee1c300000] [id=760]
  0x00000220fd71e800 ConcurrentGCThread "G1 Conc#0" [stack: 0x000000ee1c300000,0x000000ee1c400000] [id=888]
  0x00000220fd776000 ConcurrentGCThread "G1 Refine#0" [stack: 0x000000ee1c400000,0x000000ee1c500000] [id=3088]
  0x00000220fd777000 ConcurrentGCThread "G1 Young RemSet Sampling" [stack: 0x000000ee1c500000,0x000000ee1c600000] [id=9088]

Threads with active compile tasks:
C2 CompilerThread0   249958 18811 %     4       com.android.tools.r8.dex.i::a @ 310 (1036 bytes)
C2 CompilerThread1   249958 18761       4       com.android.tools.r8.code.y1::a (4129 bytes)

VM state:at safepoint (normal execution)

VM Mutex/Monitor currently owned by a thread:  ([mutex/lock_event])
[0x00000220fd6cd2c0] Threads_lock - owner thread: 0x000002209f6da000
[0x00000220fd6ce160] Heap_lock - owner thread: 0x00000220ab430800

Heap address: 0x0000000080000000, size: 2048 MB, Compressed Oops mode: 32-bit
Narrow klass base: 0x0000000000000000, Narrow klass shift: 3
Compressed class space size: 528482304 Address: 0x0000000100000000

Heap:
 garbage-first heap   total 675840K, used 311738K [0x0000000080000000, 0x0000000100000000)
  region size 1024K, 2 young (2048K), 2 survivors (2048K)
 Metaspace       used 122176K, capacity 126965K, committed 127184K, reserved 626688K
  class space    used 15927K, capacity 17770K, committed 17792K, reserved 516096K
Heap Regions: E=young(eden), S=young(survivor), O=old, HS=humongous(starts), HC=humongous(continues), CS=collection set, F=free, A=archive, TAMS=top-at-mark-start (previous, next)
|   0|0x0000000080000000, 0x0000000080100000, 0x0000000080100000|100%|HS|  |TAMS 0x0000000080100000, 0x0000000080000000| Complete 
|   1|0x0000000080100000, 0x0000000080200000, 0x0000000080200000|100%|HC|  |TAMS 0x0000000080200000, 0x0000000080100000| Complete 
|   2|0x0000000080200000, 0x0000000080300000, 0x0000000080300000|100%|HC|  |TAMS 0x0000000080300000, 0x0000000080200000| Complete 
|   3|0x0000000080300000, 0x0000000080400000, 0x0000000080400000|100%| O|  |TAMS 0x0000000080400000, 0x0000000080300000| Untracked 
|   4|0x0000000080400000, 0x0000000080500000, 0x0000000080500000|100%| O|  |TAMS 0x0000000080500000, 0x0000000080400000| Untracked 
|   5|0x0000000080500000, 0x0000000080600000, 0x0000000080600000|100%| O|  |TAMS 0x0000000080600000, 0x0000000080500000| Untracked 
|   6|0x0000000080600000, 0x0000000080700000, 0x0000000080700000|100%| O|  |TAMS 0x0000000080700000, 0x0000000080600000| Untracked 
|   7|0x0000000080700000, 0x0000000080800000, 0x0000000080800000|100%| O|  |TAMS 0x0000000080800000, 0x0000000080700000| Complete 
|   8|0x0000000080800000, 0x0000000080900000, 0x0000000080900000|100%| O|  |TAMS 0x0000000080900000, 0x0000000080800000| Complete 
|   9|0x0000000080900000, 0x0000000080a00000, 0x0000000080a00000|100%| O|  |TAMS 0x0000000080a00000, 0x0000000080900000| Complete 
|  10|0x0000000080a00000, 0x0000000080b00000, 0x0000000080b00000|100%| O|  |TAMS 0x0000000080b00000, 0x0000000080a00000| Untracked 
|  11|0x0000000080b00000, 0x0000000080c00000, 0x0000000080c00000|100%| O|  |TAMS 0x0000000080c00000, 0x0000000080b00000| Untracked 
|  12|0x0000000080c00000, 0x0000000080d00000, 0x0000000080d00000|100%| O|  |TAMS 0x0000000080d00000, 0x0000000080c00000| Untracked 
|  13|0x0000000080d00000, 0x0000000080e00000, 0x0000000080e00000|100%| O|  |TAMS 0x0000000080e00000, 0x0000000080d00000| Untracked 
|  14|0x0000000080e00000, 0x0000000080f00000, 0x0000000080f00000|100%| O|  |TAMS 0x0000000080f00000, 0x0000000080e00000| Untracked 
|  15|0x0000000080f00000, 0x0000000081000000, 0x0000000081000000|100%| O|  |TAMS 0x0000000081000000, 0x0000000080f00000| Complete 
|  16|0x0000000081000000, 0x0000000081100000, 0x0000000081100000|100%| O|  |TAMS 0x0000000081100000, 0x0000000081000000| Untracked 
|  17|0x0000000081100000, 0x0000000081200000, 0x0000000081200000|100%| O|  |TAMS 0x0000000081200000, 0x0000000081100000| Untracked 
|  18|0x0000000081200000, 0x0000000081300000, 0x0000000081300000|100%| O|  |TAMS 0x0000000081300000, 0x0000000081200000| Untracked 
|  19|0x0000000081300000, 0x0000000081400000, 0x0000000081400000|100%| O|  |TAMS 0x0000000081400000, 0x0000000081300000| Complete 
|  20|0x0000000081400000, 0x0000000081500000, 0x0000000081500000|100%| O|  |TAMS 0x0000000081500000, 0x0000000081400000| Untracked 
|  21|0x0000000081500000, 0x0000000081600000, 0x0000000081600000|100%| O|  |TAMS 0x0000000081600000, 0x0000000081500000| Complete 
|  22|0x0000000081600000, 0x0000000081700000, 0x0000000081700000|100%| O|  |TAMS 0x0000000081700000, 0x0000000081600000| Untracked 
|  23|0x0000000081700000, 0x0000000081800000, 0x0000000081800000|100%| O|  |TAMS 0x0000000081800000, 0x0000000081700000| Complete 
|  24|0x0000000081800000, 0x0000000081900000, 0x0000000081900000|100%| O|  |TAMS 0x0000000081900000, 0x0000000081800000| Untracked 
|  25|0x0000000081900000, 0x0000000081a00000, 0x0000000081a00000|100%| O|  |TAMS 0x0000000081a00000, 0x0000000081900000| Untracked 
|  26|0x0000000081a00000, 0x0000000081b00000, 0x0000000081b00000|100%| O|  |TAMS 0x0000000081b00000, 0x0000000081a00000| Untracked 
|  27|0x0000000081b00000, 0x0000000081c00000, 0x0000000081c00000|100%| O|  |TAMS 0x0000000081c00000, 0x0000000081b00000| Untracked 
|  28|0x0000000081c00000, 0x0000000081d00000, 0x0000000081d00000|100%| O|  |TAMS 0x0000000081d00000, 0x0000000081c00000| Complete 
|  29|0x0000000081d00000, 0x0000000081e00000, 0x0000000081e00000|100%| O|  |TAMS 0x0000000081e00000, 0x0000000081d00000| Complete 
|  30|0x0000000081e00000, 0x0000000081f00000, 0x0000000081f00000|100%| O|  |TAMS 0x0000000081f00000, 0x0000000081e00000| Untracked 
|  31|0x0000000081f00000, 0x0000000082000000, 0x0000000082000000|100%| O|  |TAMS 0x0000000082000000, 0x0000000081f00000| Untracked 
|  32|0x0000000082000000, 0x0000000082100000, 0x0000000082100000|100%| O|  |TAMS 0x0000000082100000, 0x0000000082000000| Complete 
|  33|0x0000000082100000, 0x0000000082200000, 0x0000000082200000|100%|HS|  |TAMS 0x0000000082200000, 0x0000000082100000| Complete 
|  34|0x0000000082200000, 0x0000000082300000, 0x0000000082300000|100%|HS|  |TAMS 0x0000000082300000, 0x0000000082200000| Complete 
|  35|0x0000000082300000, 0x0000000082400000, 0x0000000082400000|100%|HC|  |TAMS 0x0000000082400000, 0x0000000082300000| Complete 
|  36|0x0000000082400000, 0x0000000082500000, 0x0000000082500000|100%|HC|  |TAMS 0x0000000082500000, 0x0000000082400000| Complete 
|  37|0x0000000082500000, 0x0000000082600000, 0x0000000082600000|100%| O|  |TAMS 0x0000000082600000, 0x0000000082500000| Untracked 
|  38|0x0000000082600000, 0x0000000082700000, 0x0000000082700000|100%| O|  |TAMS 0x0000000082700000, 0x0000000082600000| Complete 
|  39|0x0000000082700000, 0x0000000082800000, 0x0000000082800000|100%| O|  |TAMS 0x0000000082800000, 0x0000000082700000| Untracked 
|  40|0x0000000082800000, 0x0000000082900000, 0x0000000082900000|100%| O|  |TAMS 0x0000000082900000, 0x0000000082800000| Untracked 
|  41|0x0000000082900000, 0x0000000082900000, 0x0000000082a00000|  0%| F|  |TAMS 0x0000000082900000, 0x0000000082900000| Untracked 
|  42|0x0000000082a00000, 0x0000000082b00000, 0x0000000082b00000|100%| O|  |TAMS 0x0000000082b00000, 0x0000000082a00000| Complete 
|  43|0x0000000082b00000, 0x0000000082c00000, 0x0000000082c00000|100%| O|  |TAMS 0x0000000082c00000, 0x0000000082b00000| Untracked 
|  44|0x0000000082c00000, 0x0000000082d00000, 0x0000000082d00000|100%| O|  |TAMS 0x0000000082d00000, 0x0000000082c00000| Untracked 
|  45|0x0000000082d00000, 0x0000000082e00000, 0x0000000082e00000|100%| O|  |TAMS 0x0000000082e00000, 0x0000000082d00000| Complete 
|  46|0x0000000082e00000, 0x0000000082f00000, 0x0000000082f00000|100%| O|  |TAMS 0x0000000082f00000, 0x0000000082e00000| Complete 
|  47|0x0000000082f00000, 0x0000000083000000, 0x0000000083000000|100%| O|  |TAMS 0x0000000083000000, 0x0000000082f00000| Complete 
|  48|0x0000000083000000, 0x0000000083100000, 0x0000000083100000|100%| O|  |TAMS 0x0000000083100000, 0x0000000083000000| Untracked 
|  49|0x0000000083100000, 0x0000000083200000, 0x0000000083200000|100%| O|  |TAMS 0x0000000083200000, 0x0000000083100000| Complete 
|  50|0x0000000083200000, 0x0000000083300000, 0x0000000083300000|100%| O|  |TAMS 0x0000000083300000, 0x0000000083200000| Untracked 
|  51|0x0000000083300000, 0x0000000083400000, 0x0000000083400000|100%|HS|  |TAMS 0x0000000083400000, 0x0000000083300000| Complete 
|  52|0x0000000083400000, 0x0000000083500000, 0x0000000083500000|100%|HS|  |TAMS 0x0000000083500000, 0x0000000083400000| Complete 
|  53|0x0000000083500000, 0x0000000083600000, 0x0000000083600000|100%|HS|  |TAMS 0x0000000083600000, 0x0000000083500000| Complete 
|  54|0x0000000083600000, 0x0000000083700000, 0x0000000083700000|100%| O|  |TAMS 0x0000000083700000, 0x0000000083600000| Untracked 
|  55|0x0000000083700000, 0x0000000083800000, 0x0000000083800000|100%| O|  |TAMS 0x0000000083800000, 0x0000000083700000| Complete 
|  56|0x0000000083800000, 0x0000000083900000, 0x0000000083900000|100%| O|  |TAMS 0x0000000083900000, 0x0000000083800000| Complete 
|  57|0x0000000083900000, 0x0000000083a00000, 0x0000000083a00000|100%|HS|  |TAMS 0x0000000083a00000, 0x0000000083900000| Complete 
|  58|0x0000000083a00000, 0x0000000083b00000, 0x0000000083b00000|100%|HC|  |TAMS 0x0000000083b00000, 0x0000000083a00000| Complete 
|  59|0x0000000083b00000, 0x0000000083c00000, 0x0000000083c00000|100%|HC|  |TAMS 0x0000000083c00000, 0x0000000083b00000| Complete 
|  60|0x0000000083c00000, 0x0000000083d00000, 0x0000000083d00000|100%| O|  |TAMS 0x0000000083d00000, 0x0000000083c00000| Untracked 
|  61|0x0000000083d00000, 0x0000000083e00000, 0x0000000083e00000|100%|HS|  |TAMS 0x0000000083e00000, 0x0000000083d00000| Complete 
|  62|0x0000000083e00000, 0x0000000083f00000, 0x0000000083f00000|100%|HC|  |TAMS 0x0000000083f00000, 0x0000000083e00000| Complete 
|  63|0x0000000083f00000, 0x0000000084000000, 0x0000000084000000|100%| O|  |TAMS 0x0000000084000000, 0x0000000083f00000| Untracked 
|  64|0x0000000084000000, 0x0000000084100000, 0x0000000084100000|100%| O|  |TAMS 0x0000000084100000, 0x0000000084000000| Untracked 
|  65|0x0000000084100000, 0x0000000084200000, 0x0000000084200000|100%| O|  |TAMS 0x0000000084200000, 0x0000000084100000| Untracked 
|  66|0x0000000084200000, 0x0000000084300000, 0x0000000084300000|100%| O|  |TAMS 0x0000000084300000, 0x0000000084200000| Untracked 
|  67|0x0000000084300000, 0x0000000084400000, 0x0000000084400000|100%| O|  |TAMS 0x0000000084400000, 0x0000000084300000| Untracked 
|  68|0x0000000084400000, 0x0000000084500000, 0x0000000084500000|100%| O|  |TAMS 0x0000000084500000, 0x0000000084400000| Complete 
|  69|0x0000000084500000, 0x0000000084600000, 0x0000000084600000|100%| O|  |TAMS 0x0000000084600000, 0x0000000084500000| Untracked 
|  70|0x0000000084600000, 0x0000000084700000, 0x0000000084700000|100%| O|  |TAMS 0x0000000084700000, 0x0000000084600000| Untracked 
|  71|0x0000000084700000, 0x0000000084800000, 0x0000000084800000|100%| O|  |TAMS 0x0000000084800000, 0x0000000084700000| Complete 
|  72|0x0000000084800000, 0x0000000084900000, 0x0000000084900000|100%| O|  |TAMS 0x0000000084900000, 0x0000000084800000| Complete 
|  73|0x0000000084900000, 0x0000000084a00000, 0x0000000084a00000|100%| O|  |TAMS 0x0000000084a00000, 0x0000000084900000| Untracked 
|  74|0x0000000084a00000, 0x0000000084b00000, 0x0000000084b00000|100%| O|  |TAMS 0x0000000084b00000, 0x0000000084a00000| Untracked 
|  75|0x0000000084b00000, 0x0000000084c00000, 0x0000000084c00000|100%| O|  |TAMS 0x0000000084c00000, 0x0000000084b00000| Untracked 
|  76|0x0000000084c00000, 0x0000000084d00000, 0x0000000084d00000|100%| O|  |TAMS 0x0000000084d00000, 0x0000000084c00000| Untracked 
|  77|0x0000000084d00000, 0x0000000084e00000, 0x0000000084e00000|100%| O|  |TAMS 0x0000000084e00000, 0x0000000084d00000| Untracked 
|  78|0x0000000084e00000, 0x0000000084f00000, 0x0000000084f00000|100%| O|  |TAMS 0x0000000084f00000, 0x0000000084e00000| Untracked 
|  79|0x0000000084f00000, 0x0000000085000000, 0x0000000085000000|100%| O|  |TAMS 0x0000000085000000, 0x0000000084f00000| Untracked 
|  80|0x0000000085000000, 0x0000000085100000, 0x0000000085100000|100%| O|  |TAMS 0x0000000085100000, 0x0000000085000000| Untracked 
|  81|0x0000000085100000, 0x0000000085200000, 0x0000000085200000|100%| O|  |TAMS 0x0000000085200000, 0x0000000085100000| Untracked 
|  82|0x0000000085200000, 0x0000000085300000, 0x0000000085300000|100%| O|  |TAMS 0x0000000085300000, 0x0000000085200000| Untracked 
|  83|0x0000000085300000, 0x0000000085400000, 0x0000000085400000|100%| O|  |TAMS 0x0000000085400000, 0x0000000085300000| Untracked 
|  84|0x0000000085400000, 0x0000000085500000, 0x0000000085500000|100%| O|  |TAMS 0x0000000085500000, 0x0000000085400000| Complete 
|  85|0x0000000085500000, 0x0000000085600000, 0x0000000085600000|100%| O|  |TAMS 0x0000000085600000, 0x0000000085500000| Untracked 
|  86|0x0000000085600000, 0x0000000085700000, 0x0000000085700000|100%| O|  |TAMS 0x0000000085700000, 0x0000000085600000| Untracked 
|  87|0x0000000085700000, 0x0000000085800000, 0x0000000085800000|100%| O|  |TAMS 0x0000000085800000, 0x0000000085700000| Untracked 
|  88|0x0000000085800000, 0x0000000085900000, 0x0000000085900000|100%| O|  |TAMS 0x0000000085900000, 0x0000000085800000| Untracked 
|  89|0x0000000085900000, 0x0000000085a00000, 0x0000000085a00000|100%| O|  |TAMS 0x0000000085a00000, 0x0000000085900000| Untracked 
|  90|0x0000000085a00000, 0x0000000085b00000, 0x0000000085b00000|100%| O|  |TAMS 0x0000000085b00000, 0x0000000085a00000| Untracked 
|  91|0x0000000085b00000, 0x0000000085c00000, 0x0000000085c00000|100%| O|  |TAMS 0x0000000085c00000, 0x0000000085b00000| Untracked 
|  92|0x0000000085c00000, 0x0000000085d00000, 0x0000000085d00000|100%|HS|  |TAMS 0x0000000085d00000, 0x0000000085c00000| Complete 
|  93|0x0000000085d00000, 0x0000000085e00000, 0x0000000085e00000|100%|HC|  |TAMS 0x0000000085e00000, 0x0000000085d00000| Complete 
|  94|0x0000000085e00000, 0x0000000085f00000, 0x0000000085f00000|100%|HC|  |TAMS 0x0000000085f00000, 0x0000000085e00000| Complete 
|  95|0x0000000085f00000, 0x0000000086000000, 0x0000000086000000|100%|HS|  |TAMS 0x0000000086000000, 0x0000000085f00000| Complete 
|  96|0x0000000086000000, 0x0000000086100000, 0x0000000086100000|100%|HC|  |TAMS 0x0000000086100000, 0x0000000086000000| Complete 
|  97|0x0000000086100000, 0x0000000086200000, 0x0000000086200000|100%| O|  |TAMS 0x0000000086200000, 0x0000000086100000| Untracked 
|  98|0x0000000086200000, 0x0000000086300000, 0x0000000086300000|100%| O|  |TAMS 0x0000000086300000, 0x0000000086200000| Untracked 
|  99|0x0000000086300000, 0x0000000086400000, 0x0000000086400000|100%| O|  |TAMS 0x0000000086400000, 0x0000000086300000| Untracked 
| 100|0x0000000086400000, 0x0000000086400000, 0x0000000086500000|  0%| F|  |TAMS 0x0000000086400000, 0x0000000086400000| Untracked 
| 101|0x0000000086500000, 0x0000000086600000, 0x0000000086600000|100%| O|  |TAMS 0x0000000086600000, 0x0000000086500000| Untracked 
| 102|0x0000000086600000, 0x0000000086700000, 0x0000000086700000|100%| O|  |TAMS 0x0000000086700000, 0x0000000086600000| Complete 
| 103|0x0000000086700000, 0x0000000086800000, 0x0000000086800000|100%| O|  |TAMS 0x0000000086800000, 0x0000000086700000| Complete 
| 104|0x0000000086800000, 0x0000000086900000, 0x0000000086900000|100%| O|  |TAMS 0x0000000086900000, 0x0000000086800000| Untracked 
| 105|0x0000000086900000, 0x0000000086a00000, 0x0000000086a00000|100%| O|  |TAMS 0x0000000086a00000, 0x0000000086900000| Untracked 
| 106|0x0000000086a00000, 0x0000000086b00000, 0x0000000086b00000|100%| O|  |TAMS 0x0000000086b00000, 0x0000000086a00000| Untracked 
| 107|0x0000000086b00000, 0x0000000086c00000, 0x0000000086c00000|100%| O|  |TAMS 0x0000000086c00000, 0x0000000086b00000| Untracked 
| 108|0x0000000086c00000, 0x0000000086c00000, 0x0000000086d00000|  0%| F|  |TAMS 0x0000000086c00000, 0x0000000086c00000| Untracked 
| 109|0x0000000086d00000, 0x0000000086e00000, 0x0000000086e00000|100%|HS|  |TAMS 0x0000000086e00000, 0x0000000086d00000| Complete 
| 110|0x0000000086e00000, 0x0000000086f00000, 0x0000000086f00000|100%| O|  |TAMS 0x0000000086f00000, 0x0000000086e00000| Untracked 
| 111|0x0000000086f00000, 0x0000000087000000, 0x0000000087000000|100%| O|  |TAMS 0x0000000087000000, 0x0000000086f00000| Untracked 
| 112|0x0000000087000000, 0x0000000087100000, 0x0000000087100000|100%| O|  |TAMS 0x0000000087100000, 0x0000000087000000| Untracked 
| 113|0x0000000087100000, 0x0000000087200000, 0x0000000087200000|100%| O|  |TAMS 0x0000000087200000, 0x0000000087100000| Untracked 
| 114|0x0000000087200000, 0x0000000087300000, 0x0000000087300000|100%| O|  |TAMS 0x0000000087300000, 0x0000000087200000| Untracked 
| 115|0x0000000087300000, 0x0000000087400000, 0x0000000087400000|100%| O|  |TAMS 0x0000000087400000, 0x0000000087300000| Complete 
| 116|0x0000000087400000, 0x0000000087500000, 0x0000000087500000|100%|HS|  |TAMS 0x0000000087500000, 0x0000000087400000| Complete 
| 117|0x0000000087500000, 0x0000000087600000, 0x0000000087600000|100%|HS|  |TAMS 0x0000000087600000, 0x0000000087500000| Complete 
| 118|0x0000000087600000, 0x0000000087700000, 0x0000000087700000|100%|HS|  |TAMS 0x0000000087700000, 0x0000000087600000| Complete 
| 119|0x0000000087700000, 0x0000000087800000, 0x0000000087800000|100%|HS|  |TAMS 0x0000000087800000, 0x0000000087700000| Complete 
| 120|0x0000000087800000, 0x0000000087900000, 0x0000000087900000|100%|HC|  |TAMS 0x0000000087900000, 0x0000000087800000| Complete 
| 121|0x0000000087900000, 0x0000000087a00000, 0x0000000087a00000|100%|HC|  |TAMS 0x0000000087a00000, 0x0000000087900000| Complete 
| 122|0x0000000087a00000, 0x0000000087b00000, 0x0000000087b00000|100%| O|  |TAMS 0x0000000087b00000, 0x0000000087a00000| Untracked 
| 123|0x0000000087b00000, 0x0000000087c00000, 0x0000000087c00000|100%| O|  |TAMS 0x0000000087c00000, 0x0000000087b00000| Complete 
| 124|0x0000000087c00000, 0x0000000087d00000, 0x0000000087d00000|100%| O|  |TAMS 0x0000000087d00000, 0x0000000087c00000| Untracked 
| 125|0x0000000087d00000, 0x0000000087e00000, 0x0000000087e00000|100%| O|  |TAMS 0x0000000087e00000, 0x0000000087d00000| Complete 
| 126|0x0000000087e00000, 0x0000000087e00000, 0x0000000087f00000|  0%| F|  |TAMS 0x0000000087e00000, 0x0000000087e00000| Untracked 
| 127|0x0000000087f00000, 0x0000000088000000, 0x0000000088000000|100%| O|  |TAMS 0x0000000088000000, 0x0000000087f00000| Untracked 
| 128|0x0000000088000000, 0x0000000088100000, 0x0000000088100000|100%| O|  |TAMS 0x0000000088100000, 0x0000000088000000| Untracked 
| 129|0x0000000088100000, 0x0000000088200000, 0x0000000088200000|100%| O|  |TAMS 0x0000000088200000, 0x0000000088100000| Untracked 
| 130|0x0000000088200000, 0x0000000088300000, 0x0000000088300000|100%| O|  |TAMS 0x0000000088300000, 0x0000000088200000| Untracked 
| 131|0x0000000088300000, 0x0000000088400000, 0x0000000088400000|100%| O|  |TAMS 0x0000000088400000, 0x0000000088300000| Untracked 
| 132|0x0000000088400000, 0x0000000088500000, 0x0000000088500000|100%| O|  |TAMS 0x0000000088500000, 0x0000000088400000| Complete 
| 133|0x0000000088500000, 0x0000000088600000, 0x0000000088600000|100%| O|  |TAMS 0x0000000088600000, 0x0000000088500000| Complete 
| 134|0x0000000088600000, 0x0000000088700000, 0x0000000088700000|100%| O|  |TAMS 0x0000000088700000, 0x0000000088600000| Complete 
| 135|0x0000000088700000, 0x0000000088800000, 0x0000000088800000|100%|HS|  |TAMS 0x0000000088800000, 0x0000000088700000| Complete 
| 136|0x0000000088800000, 0x0000000088900000, 0x0000000088900000|100%|HS|  |TAMS 0x0000000088900000, 0x0000000088800000| Complete 
| 137|0x0000000088900000, 0x0000000088a00000, 0x0000000088a00000|100%|HC|  |TAMS 0x0000000088a00000, 0x0000000088900000| Complete 
| 138|0x0000000088a00000, 0x0000000088b00000, 0x0000000088b00000|100%|HC|  |TAMS 0x0000000088b00000, 0x0000000088a00000| Complete 
| 139|0x0000000088b00000, 0x0000000088c00000, 0x0000000088c00000|100%| O|  |TAMS 0x0000000088c00000, 0x0000000088b00000| Untracked 
| 140|0x0000000088c00000, 0x0000000088d00000, 0x0000000088d00000|100%| O|  |TAMS 0x0000000088d00000, 0x0000000088c00000| Untracked 
| 141|0x0000000088d00000, 0x0000000088e00000, 0x0000000088e00000|100%| O|  |TAMS 0x0000000088e00000, 0x0000000088d00000| Untracked 
| 142|0x0000000088e00000, 0x0000000088f00000, 0x0000000088f00000|100%| O|  |TAMS 0x0000000088f00000, 0x0000000088e00000| Complete 
| 143|0x0000000088f00000, 0x0000000089000000, 0x0000000089000000|100%| O|  |TAMS 0x0000000089000000, 0x0000000088f00000| Untracked 
| 144|0x0000000089000000, 0x0000000089100000, 0x0000000089100000|100%| O|  |TAMS 0x0000000089100000, 0x0000000089000000| Complete 
| 145|0x0000000089100000, 0x0000000089200000, 0x0000000089200000|100%| O|  |TAMS 0x0000000089200000, 0x0000000089100000| Complete 
| 146|0x0000000089200000, 0x0000000089300000, 0x0000000089300000|100%| O|  |TAMS 0x0000000089300000, 0x0000000089200000| Untracked 
| 147|0x0000000089300000, 0x0000000089400000, 0x0000000089400000|100%| O|  |TAMS 0x0000000089400000, 0x0000000089300000| Untracked 
| 148|0x0000000089400000, 0x0000000089500000, 0x0000000089500000|100%| O|  |TAMS 0x0000000089500000, 0x0000000089400000| Untracked 
| 149|0x0000000089500000, 0x0000000089600000, 0x0000000089600000|100%| O|  |TAMS 0x0000000089600000, 0x0000000089500000| Untracked 
| 150|0x0000000089600000, 0x0000000089700000, 0x0000000089700000|100%| O|  |TAMS 0x0000000089700000, 0x0000000089600000| Complete 
| 151|0x0000000089700000, 0x0000000089800000, 0x0000000089800000|100%| O|  |TAMS 0x0000000089800000, 0x0000000089700000| Untracked 
| 152|0x0000000089800000, 0x0000000089900000, 0x0000000089900000|100%| O|  |TAMS 0x0000000089900000, 0x0000000089800000| Untracked 
| 153|0x0000000089900000, 0x0000000089a00000, 0x0000000089a00000|100%| O|  |TAMS 0x0000000089a00000, 0x0000000089900000| Untracked 
| 154|0x0000000089a00000, 0x0000000089b00000, 0x0000000089b00000|100%| O|  |TAMS 0x0000000089b00000, 0x0000000089a00000| Untracked 
| 155|0x0000000089b00000, 0x0000000089c00000, 0x0000000089c00000|100%| O|  |TAMS 0x0000000089c00000, 0x0000000089b00000| Complete 
| 156|0x0000000089c00000, 0x0000000089d00000, 0x0000000089d00000|100%| O|  |TAMS 0x0000000089d00000, 0x0000000089c00000| Complete 
| 157|0x0000000089d00000, 0x0000000089e00000, 0x0000000089e00000|100%| O|  |TAMS 0x0000000089e00000, 0x0000000089d00000| Untracked 
| 158|0x0000000089e00000, 0x0000000089f00000, 0x0000000089f00000|100%| O|  |TAMS 0x0000000089f00000, 0x0000000089e00000| Untracked 
| 159|0x0000000089f00000, 0x000000008a000000, 0x000000008a000000|100%| O|  |TAMS 0x000000008a000000, 0x0000000089f00000| Untracked 
| 160|0x000000008a000000, 0x000000008a100000, 0x000000008a100000|100%| O|  |TAMS 0x000000008a100000, 0x000000008a000000| Untracked 
| 161|0x000000008a100000, 0x000000008a200000, 0x000000008a200000|100%| O|  |TAMS 0x000000008a200000, 0x000000008a100000| Untracked 
| 162|0x000000008a200000, 0x000000008a300000, 0x000000008a300000|100%| O|  |TAMS 0x000000008a300000, 0x000000008a200000| Untracked 
| 163|0x000000008a300000, 0x000000008a400000, 0x000000008a400000|100%| O|  |TAMS 0x000000008a400000, 0x000000008a300000| Untracked 
| 164|0x000000008a400000, 0x000000008a500000, 0x000000008a500000|100%| O|  |TAMS 0x000000008a500000, 0x000000008a400000| Untracked 
| 165|0x000000008a500000, 0x000000008a600000, 0x000000008a600000|100%| O|  |TAMS 0x000000008a600000, 0x000000008a500000| Untracked 
| 166|0x000000008a600000, 0x000000008a700000, 0x000000008a700000|100%| O|  |TAMS 0x000000008a700000, 0x000000008a600000| Untracked 
| 167|0x000000008a700000, 0x000000008a800000, 0x000000008a800000|100%| O|  |TAMS 0x000000008a800000, 0x000000008a700000| Untracked 
| 168|0x000000008a800000, 0x000000008a900000, 0x000000008a900000|100%| O|  |TAMS 0x000000008a900000, 0x000000008a800000| Complete 
| 169|0x000000008a900000, 0x000000008aa00000, 0x000000008aa00000|100%| O|  |TAMS 0x000000008aa00000, 0x000000008a900000| Complete 
| 170|0x000000008aa00000, 0x000000008ab00000, 0x000000008ab00000|100%| O|  |TAMS 0x000000008ab00000, 0x000000008aa00000| Untracked 
| 171|0x000000008ab00000, 0x000000008ab00000, 0x000000008ac00000|  0%| F|  |TAMS 0x000000008ab00000, 0x000000008ab00000| Untracked 
| 172|0x000000008ac00000, 0x000000008ad00000, 0x000000008ad00000|100%| O|  |TAMS 0x000000008ad00000, 0x000000008ac00000| Untracked 
| 173|0x000000008ad00000, 0x000000008ae00000, 0x000000008ae00000|100%| O|  |TAMS 0x000000008ae00000, 0x000000008ad00000| Untracked 
| 174|0x000000008ae00000, 0x000000008af00000, 0x000000008af00000|100%| O|  |TAMS 0x000000008af00000, 0x000000008ae00000| Untracked 
| 175|0x000000008af00000, 0x000000008b000000, 0x000000008b000000|100%| O|  |TAMS 0x000000008b000000, 0x000000008af00000| Untracked 
| 176|0x000000008b000000, 0x000000008b100000, 0x000000008b100000|100%| O|  |TAMS 0x000000008b100000, 0x000000008b000000| Complete 
| 177|0x000000008b100000, 0x000000008b200000, 0x000000008b200000|100%| O|  |TAMS 0x000000008b200000, 0x000000008b100000| Untracked 
| 178|0x000000008b200000, 0x000000008b300000, 0x000000008b300000|100%| O|  |TAMS 0x000000008b300000, 0x000000008b200000| Untracked 
| 179|0x000000008b300000, 0x000000008b400000, 0x000000008b400000|100%| O|  |TAMS 0x000000008b400000, 0x000000008b300000| Complete 
| 180|0x000000008b400000, 0x000000008b500000, 0x000000008b500000|100%| O|  |TAMS 0x000000008b500000, 0x000000008b400000| Complete 
| 181|0x000000008b500000, 0x000000008b600000, 0x000000008b600000|100%| O|  |TAMS 0x000000008b600000, 0x000000008b500000| Untracked 
| 182|0x000000008b600000, 0x000000008b700000, 0x000000008b700000|100%| O|  |TAMS 0x000000008b700000, 0x000000008b600000| Complete 
| 183|0x000000008b700000, 0x000000008b800000, 0x000000008b800000|100%| O|  |TAMS 0x000000008b800000, 0x000000008b700000| Complete 
| 184|0x000000008b800000, 0x000000008b900000, 0x000000008b900000|100%| O|  |TAMS 0x000000008b900000, 0x000000008b800000| Untracked 
| 185|0x000000008b900000, 0x000000008ba00000, 0x000000008ba00000|100%| O|  |TAMS 0x000000008ba00000, 0x000000008b900000| Untracked 
| 186|0x000000008ba00000, 0x000000008bb00000, 0x000000008bb00000|100%| O|  |TAMS 0x000000008bb00000, 0x000000008ba00000| Untracked 
| 187|0x000000008bb00000, 0x000000008bc00000, 0x000000008bc00000|100%| O|  |TAMS 0x000000008bc00000, 0x000000008bb00000| Complete 
| 188|0x000000008bc00000, 0x000000008bd00000, 0x000000008bd00000|100%| O|  |TAMS 0x000000008bd00000, 0x000000008bc00000| Untracked 
| 189|0x000000008bd00000, 0x000000008be00000, 0x000000008be00000|100%| O|  |TAMS 0x000000008be00000, 0x000000008bd00000| Complete 
| 190|0x000000008be00000, 0x000000008bf00000, 0x000000008bf00000|100%| O|  |TAMS 0x000000008bf00000, 0x000000008be00000| Untracked 
| 191|0x000000008bf00000, 0x000000008c000000, 0x000000008c000000|100%| O|  |TAMS 0x000000008c000000, 0x000000008bf00000| Untracked 
| 192|0x000000008c000000, 0x000000008c100000, 0x000000008c100000|100%| O|  |TAMS 0x000000008c100000, 0x000000008c000000| Complete 
| 193|0x000000008c100000, 0x000000008c200000, 0x000000008c200000|100%| O|  |TAMS 0x000000008c200000, 0x000000008c100000| Untracked 
| 194|0x000000008c200000, 0x000000008c300000, 0x000000008c300000|100%| O|  |TAMS 0x000000008c300000, 0x000000008c200000| Complete 
| 195|0x000000008c300000, 0x000000008c400000, 0x000000008c400000|100%| O|  |TAMS 0x000000008c400000, 0x000000008c300000| Complete 
| 196|0x000000008c400000, 0x000000008c500000, 0x000000008c500000|100%| O|  |TAMS 0x000000008c500000, 0x000000008c400000| Complete 
| 197|0x000000008c500000, 0x000000008c600000, 0x000000008c600000|100%| O|  |TAMS 0x000000008c600000, 0x000000008c500000| Untracked 
| 198|0x000000008c600000, 0x000000008c700000, 0x000000008c700000|100%| O|  |TAMS 0x000000008c700000, 0x000000008c600000| Untracked 
| 199|0x000000008c700000, 0x000000008c800000, 0x000000008c800000|100%| O|  |TAMS 0x000000008c800000, 0x000000008c700000| Complete 
| 200|0x000000008c800000, 0x000000008c900000, 0x000000008c900000|100%| O|  |TAMS 0x000000008c900000, 0x000000008c800000| Complete 
| 201|0x000000008c900000, 0x000000008ca00000, 0x000000008ca00000|100%| O|  |TAMS 0x000000008ca00000, 0x000000008c900000| Untracked 
| 202|0x000000008ca00000, 0x000000008cb00000, 0x000000008cb00000|100%| O|  |TAMS 0x000000008cb00000, 0x000000008ca00000| Untracked 
| 203|0x000000008cb00000, 0x000000008cc00000, 0x000000008cc00000|100%| O|  |TAMS 0x000000008cc00000, 0x000000008cb00000| Untracked 
| 204|0x000000008cc00000, 0x000000008cd00000, 0x000000008cd00000|100%| O|  |TAMS 0x000000008cd00000, 0x000000008cc00000| Untracked 
| 205|0x000000008cd00000, 0x000000008ce00000, 0x000000008ce00000|100%| O|  |TAMS 0x000000008ce00000, 0x000000008cd00000| Untracked 
| 206|0x000000008ce00000, 0x000000008cf00000, 0x000000008cf00000|100%| O|  |TAMS 0x000000008cf00000, 0x000000008ce00000| Complete 
| 207|0x000000008cf00000, 0x000000008d000000, 0x000000008d000000|100%| O|  |TAMS 0x000000008d000000, 0x000000008cf00000| Untracked 
| 208|0x000000008d000000, 0x000000008d100000, 0x000000008d100000|100%| O|  |TAMS 0x000000008d100000, 0x000000008d000000| Complete 
| 209|0x000000008d100000, 0x000000008d200000, 0x000000008d200000|100%| O|  |TAMS 0x000000008d200000, 0x000000008d100000| Untracked 
| 210|0x000000008d200000, 0x000000008d300000, 0x000000008d300000|100%| O|  |TAMS 0x000000008d300000, 0x000000008d200000| Complete 
| 211|0x000000008d300000, 0x000000008d400000, 0x000000008d400000|100%| O|  |TAMS 0x000000008d400000, 0x000000008d300000| Untracked 
| 212|0x000000008d400000, 0x000000008d500000, 0x000000008d500000|100%| O|  |TAMS 0x000000008d500000, 0x000000008d400000| Untracked 
| 213|0x000000008d500000, 0x000000008d600000, 0x000000008d600000|100%| O|  |TAMS 0x000000008d600000, 0x000000008d500000| Complete 
| 214|0x000000008d600000, 0x000000008d700000, 0x000000008d700000|100%| O|  |TAMS 0x000000008d700000, 0x000000008d600000| Untracked 
| 215|0x000000008d700000, 0x000000008d700000, 0x000000008d800000|  0%| F|  |TAMS 0x000000008d700000, 0x000000008d700000| Untracked 
| 216|0x000000008d800000, 0x000000008d900000, 0x000000008d900000|100%| O|  |TAMS 0x000000008d900000, 0x000000008d800000| Complete 
| 217|0x000000008d900000, 0x000000008da00000, 0x000000008da00000|100%| O|  |TAMS 0x000000008da00000, 0x000000008d900000| Untracked 
| 218|0x000000008da00000, 0x000000008db00000, 0x000000008db00000|100%| O|  |TAMS 0x000000008db00000, 0x000000008da00000| Complete 
| 219|0x000000008db00000, 0x000000008dc00000, 0x000000008dc00000|100%| O|  |TAMS 0x000000008dc00000, 0x000000008db00000| Complete 
| 220|0x000000008dc00000, 0x000000008dd00000, 0x000000008dd00000|100%| O|  |TAMS 0x000000008dd00000, 0x000000008dc00000| Complete 
| 221|0x000000008dd00000, 0x000000008dd00000, 0x000000008de00000|  0%| F|  |TAMS 0x000000008dd00000, 0x000000008dd00000| Untracked 
| 222|0x000000008de00000, 0x000000008de00000, 0x000000008df00000|  0%| F|  |TAMS 0x000000008de00000, 0x000000008de00000| Untracked 
| 223|0x000000008df00000, 0x000000008e000000, 0x000000008e000000|100%| O|  |TAMS 0x000000008e000000, 0x000000008df00000| Complete 
| 224|0x000000008e000000, 0x000000008e100000, 0x000000008e100000|100%| O|  |TAMS 0x000000008e100000, 0x000000008e000000| Untracked 
| 225|0x000000008e100000, 0x000000008e200000, 0x000000008e200000|100%| O|  |TAMS 0x000000008e200000, 0x000000008e100000| Untracked 
| 226|0x000000008e200000, 0x000000008e300000, 0x000000008e300000|100%| O|  |TAMS 0x000000008e300000, 0x000000008e200000| Untracked 
| 227|0x000000008e300000, 0x000000008e400000, 0x000000008e400000|100%| O|  |TAMS 0x000000008e400000, 0x000000008e300000| Complete 
| 228|0x000000008e400000, 0x000000008e400000, 0x000000008e500000|  0%| F|  |TAMS 0x000000008e400000, 0x000000008e400000| Untracked 
| 229|0x000000008e500000, 0x000000008e600000, 0x000000008e600000|100%| O|  |TAMS 0x000000008e600000, 0x000000008e500000| Untracked 
| 230|0x000000008e600000, 0x000000008e700000, 0x000000008e700000|100%| O|  |TAMS 0x000000008e700000, 0x000000008e600000| Complete 
| 231|0x000000008e700000, 0x000000008e700000, 0x000000008e800000|  0%| F|  |TAMS 0x000000008e700000, 0x000000008e700000| Untracked 
| 232|0x000000008e800000, 0x000000008e900000, 0x000000008e900000|100%|HS|  |TAMS 0x000000008e900000, 0x000000008e800000| Complete 
| 233|0x000000008e900000, 0x000000008ea00000, 0x000000008ea00000|100%|HC|  |TAMS 0x000000008ea00000, 0x000000008e900000| Complete 
| 234|0x000000008ea00000, 0x000000008eb00000, 0x000000008eb00000|100%|HS|  |TAMS 0x000000008eb00000, 0x000000008ea00000| Complete 
| 235|0x000000008eb00000, 0x000000008ec00000, 0x000000008ec00000|100%|HS|  |TAMS 0x000000008ec00000, 0x000000008eb00000| Complete 
| 236|0x000000008ec00000, 0x000000008ed00000, 0x000000008ed00000|100%| O|  |TAMS 0x000000008ed00000, 0x000000008ec00000| Complete 
| 237|0x000000008ed00000, 0x000000008ee00000, 0x000000008ee00000|100%| O|  |TAMS 0x000000008ee00000, 0x000000008ed00000| Untracked 
| 238|0x000000008ee00000, 0x000000008ef00000, 0x000000008ef00000|100%|HS|  |TAMS 0x000000008ef00000, 0x000000008ee00000| Complete 
| 239|0x000000008ef00000, 0x000000008f000000, 0x000000008f000000|100%|HS|  |TAMS 0x000000008f000000, 0x000000008ef00000| Complete 
| 240|0x000000008f000000, 0x000000008f100000, 0x000000008f100000|100%|HS|  |TAMS 0x000000008f100000, 0x000000008f000000| Complete 
| 241|0x000000008f100000, 0x000000008f200000, 0x000000008f200000|100%|HC|  |TAMS 0x000000008f200000, 0x000000008f100000| Complete 
| 242|0x000000008f200000, 0x000000008f300000, 0x000000008f300000|100%|HC|  |TAMS 0x000000008f300000, 0x000000008f200000| Complete 
| 243|0x000000008f300000, 0x000000008f400000, 0x000000008f400000|100%| O|  |TAMS 0x000000008f400000, 0x000000008f300000| Complete 
| 244|0x000000008f400000, 0x000000008f500000, 0x000000008f500000|100%| O|  |TAMS 0x000000008f500000, 0x000000008f400000| Complete 
| 245|0x000000008f500000, 0x000000008f600000, 0x000000008f600000|100%| O|  |TAMS 0x000000008f600000, 0x000000008f500000| Untracked 
| 246|0x000000008f600000, 0x000000008f700000, 0x000000008f700000|100%| O|  |TAMS 0x000000008f700000, 0x000000008f600000| Untracked 
| 247|0x000000008f700000, 0x000000008f800000, 0x000000008f800000|100%| O|  |TAMS 0x000000008f800000, 0x000000008f700000| Untracked 
| 248|0x000000008f800000, 0x000000008f900000, 0x000000008f900000|100%| O|  |TAMS 0x000000008f900000, 0x000000008f800000| Untracked 
| 249|0x000000008f900000, 0x000000008fa00000, 0x000000008fa00000|100%| O|  |TAMS 0x000000008fa00000, 0x000000008f900000| Complete 
| 250|0x000000008fa00000, 0x000000008fb00000, 0x000000008fb00000|100%| O|  |TAMS 0x000000008fb00000, 0x000000008fa00000| Untracked 
| 251|0x000000008fb00000, 0x000000008fc00000, 0x000000008fc00000|100%| O|  |TAMS 0x000000008fc00000, 0x000000008fb00000| Untracked 
| 252|0x000000008fc00000, 0x000000008fd00000, 0x000000008fd00000|100%| O|  |TAMS 0x000000008fd00000, 0x000000008fc00000| Untracked 
| 253|0x000000008fd00000, 0x000000008fe00000, 0x000000008fe00000|100%| O|  |TAMS 0x000000008fda5200, 0x000000008fd00000| Complete 
| 254|0x000000008fe00000, 0x000000008ff00000, 0x000000008ff00000|100%| O|  |TAMS 0x000000008fe00000, 0x000000008fe00000| Untracked 
| 255|0x000000008ff00000, 0x0000000090000000, 0x0000000090000000|100%|HS|  |TAMS 0x000000008ff00000, 0x000000008ff00000| Complete 
| 256|0x0000000090000000, 0x0000000090100000, 0x0000000090100000|100%| O|  |TAMS 0x0000000090000000, 0x0000000090000000| Untracked 
| 257|0x0000000090100000, 0x0000000090200000, 0x0000000090200000|100%|HS|  |TAMS 0x0000000090100000, 0x0000000090100000| Complete 
| 258|0x0000000090200000, 0x0000000090300000, 0x0000000090300000|100%|HC|  |TAMS 0x0000000090200000, 0x0000000090200000| Complete 
| 259|0x0000000090300000, 0x0000000090400000, 0x0000000090400000|100%| O|  |TAMS 0x0000000090300000, 0x0000000090300000| Untracked 
| 260|0x0000000090400000, 0x0000000090500000, 0x0000000090500000|100%|HS|  |TAMS 0x0000000090400000, 0x0000000090400000| Complete 
| 261|0x0000000090500000, 0x0000000090600000, 0x0000000090600000|100%| O|  |TAMS 0x0000000090500000, 0x0000000090500000| Untracked 
| 262|0x0000000090600000, 0x0000000090700000, 0x0000000090700000|100%|HS|  |TAMS 0x0000000090600000, 0x0000000090600000| Complete 
| 263|0x0000000090700000, 0x0000000090800000, 0x0000000090800000|100%| O|  |TAMS 0x0000000090700000, 0x0000000090700000| Untracked 
| 264|0x0000000090800000, 0x0000000090900000, 0x0000000090900000|100%|HS|  |TAMS 0x0000000090800000, 0x0000000090800000| Complete 
| 265|0x0000000090900000, 0x0000000090a00000, 0x0000000090a00000|100%| O|  |TAMS 0x0000000090900000, 0x0000000090900000| Untracked 
| 266|0x0000000090a00000, 0x0000000090b00000, 0x0000000090b00000|100%| O|  |TAMS 0x0000000090a00000, 0x0000000090a00000| Untracked 
| 267|0x0000000090b00000, 0x0000000090c00000, 0x0000000090c00000|100%| O|  |TAMS 0x0000000090b00000, 0x0000000090b00000| Untracked 
| 268|0x0000000090c00000, 0x0000000090d00000, 0x0000000090d00000|100%| O|  |TAMS 0x0000000090c00000, 0x0000000090c00000| Untracked 
| 269|0x0000000090d00000, 0x0000000090e00000, 0x0000000090e00000|100%| O|  |TAMS 0x0000000090d00000, 0x0000000090d00000| Untracked 
| 270|0x0000000090e00000, 0x0000000090f00000, 0x0000000090f00000|100%| O|  |TAMS 0x0000000090e00000, 0x0000000090e00000| Untracked 
| 271|0x0000000090f00000, 0x0000000091000000, 0x0000000091000000|100%| O|  |TAMS 0x0000000090f00000, 0x0000000090f00000| Untracked 
| 272|0x0000000091000000, 0x0000000091100000, 0x0000000091100000|100%|HS|  |TAMS 0x0000000091000000, 0x0000000091000000| Complete 
| 273|0x0000000091100000, 0x0000000091200000, 0x0000000091200000|100%| O|  |TAMS 0x0000000091100000, 0x0000000091100000| Untracked 
| 274|0x0000000091200000, 0x0000000091300000, 0x0000000091300000|100%|HS|  |TAMS 0x0000000091200000, 0x0000000091200000| Complete 
| 275|0x0000000091300000, 0x0000000091400000, 0x0000000091400000|100%|HC|  |TAMS 0x0000000091300000, 0x0000000091300000| Complete 
| 276|0x0000000091400000, 0x0000000091500000, 0x0000000091500000|100%|HC|  |TAMS 0x0000000091400000, 0x0000000091400000| Complete 
| 277|0x0000000091500000, 0x0000000091600000, 0x0000000091600000|100%| O|  |TAMS 0x0000000091500000, 0x0000000091500000| Untracked 
| 278|0x0000000091600000, 0x0000000091700000, 0x0000000091700000|100%| O|  |TAMS 0x0000000091600000, 0x0000000091600000| Untracked 
| 279|0x0000000091700000, 0x0000000091800000, 0x0000000091800000|100%| O|  |TAMS 0x0000000091700000, 0x0000000091700000| Untracked 
| 280|0x0000000091800000, 0x0000000091900000, 0x0000000091900000|100%| O|  |TAMS 0x0000000091800000, 0x0000000091800000| Untracked 
| 281|0x0000000091900000, 0x0000000091a00000, 0x0000000091a00000|100%| O|  |TAMS 0x0000000091900000, 0x0000000091900000| Untracked 
| 282|0x0000000091a00000, 0x0000000091b00000, 0x0000000091b00000|100%| O|  |TAMS 0x0000000091a00000, 0x0000000091a00000| Untracked 
| 283|0x0000000091b00000, 0x0000000091c00000, 0x0000000091c00000|100%| O|  |TAMS 0x0000000091b00000, 0x0000000091b00000| Untracked 
| 284|0x0000000091c00000, 0x0000000091d00000, 0x0000000091d00000|100%| O|  |TAMS 0x0000000091c00000, 0x0000000091c00000| Untracked 
| 285|0x0000000091d00000, 0x0000000091e00000, 0x0000000091e00000|100%|HS|  |TAMS 0x0000000091d00000, 0x0000000091d00000| Complete 
| 286|0x0000000091e00000, 0x0000000091f00000, 0x0000000091f00000|100%| O|  |TAMS 0x0000000091e00000, 0x0000000091e00000| Untracked 
| 287|0x0000000091f00000, 0x0000000092000000, 0x0000000092000000|100%| O|  |TAMS 0x0000000091f00000, 0x0000000091f00000| Untracked 
| 288|0x0000000092000000, 0x0000000092100000, 0x0000000092100000|100%| O|  |TAMS 0x0000000092000000, 0x0000000092000000| Untracked 
| 289|0x0000000092100000, 0x0000000092200000, 0x0000000092200000|100%| O|  |TAMS 0x0000000092100000, 0x0000000092100000| Untracked 
| 290|0x0000000092200000, 0x0000000092300000, 0x0000000092300000|100%| O|  |TAMS 0x0000000092200000, 0x0000000092200000| Untracked 
| 291|0x0000000092300000, 0x0000000092400000, 0x0000000092400000|100%| O|  |TAMS 0x0000000092300000, 0x0000000092300000| Untracked 
| 292|0x0000000092400000, 0x0000000092500000, 0x0000000092500000|100%| O|  |TAMS 0x0000000092400000, 0x0000000092400000| Untracked 
| 293|0x0000000092500000, 0x0000000092500000, 0x0000000092600000|  0%| F|  |TAMS 0x0000000092500000, 0x0000000092500000| Untracked 
| 294|0x0000000092600000, 0x0000000092700000, 0x0000000092700000|100%| O|  |TAMS 0x0000000092600000, 0x0000000092600000| Untracked 
| 295|0x0000000092700000, 0x0000000092800000, 0x0000000092800000|100%| O|  |TAMS 0x0000000092700000, 0x0000000092700000| Untracked 
| 296|0x0000000092800000, 0x0000000092900000, 0x0000000092900000|100%| S|CS|TAMS 0x0000000092800000, 0x0000000092800000| Complete 
| 297|0x0000000092900000, 0x0000000092900000, 0x0000000092a00000|  0%| F|  |TAMS 0x0000000092900000, 0x0000000092900000| Untracked 
| 298|0x0000000092a00000, 0x0000000092a00000, 0x0000000092b00000|  0%| F|  |TAMS 0x0000000092a00000, 0x0000000092a00000| Untracked 
| 299|0x0000000092b00000, 0x0000000092b00000, 0x0000000092c00000|  0%| F|  |TAMS 0x0000000092b00000, 0x0000000092b00000| Untracked 
| 300|0x0000000092c00000, 0x0000000092c00000, 0x0000000092d00000|  0%| F|  |TAMS 0x0000000092c00000, 0x0000000092c00000| Untracked 
| 301|0x0000000092d00000, 0x0000000092d00000, 0x0000000092e00000|  0%| F|  |TAMS 0x0000000092d00000, 0x0000000092d00000| Untracked 
| 302|0x0000000092e00000, 0x0000000092e00000, 0x0000000092f00000|  0%| F|  |TAMS 0x0000000092e00000, 0x0000000092e00000| Untracked 
| 303|0x0000000092f00000, 0x0000000092f00000, 0x0000000093000000|  0%| F|  |TAMS 0x0000000092f00000, 0x0000000092f00000| Untracked 
| 304|0x0000000093000000, 0x0000000093000000, 0x0000000093100000|  0%| F|  |TAMS 0x0000000093000000, 0x0000000093000000| Untracked 
| 305|0x0000000093100000, 0x0000000093100000, 0x0000000093200000|  0%| F|  |TAMS 0x0000000093100000, 0x0000000093100000| Untracked 
| 306|0x0000000093200000, 0x0000000093200000, 0x0000000093300000|  0%| F|  |TAMS 0x0000000093200000, 0x0000000093200000| Untracked 
| 307|0x0000000093300000, 0x0000000093300000, 0x0000000093400000|  0%| F|  |TAMS 0x0000000093300000, 0x0000000093300000| Untracked 
| 308|0x0000000093400000, 0x0000000093400000, 0x0000000093500000|  0%| F|  |TAMS 0x0000000093400000, 0x0000000093400000| Untracked 
| 309|0x0000000093500000, 0x0000000093500000, 0x0000000093600000|  0%| F|  |TAMS 0x0000000093500000, 0x0000000093500000| Untracked 
| 310|0x0000000093600000, 0x0000000093700000, 0x0000000093700000|100%| O|  |TAMS 0x0000000093600000, 0x0000000093600000| Untracked 
| 311|0x0000000093700000, 0x0000000093800000, 0x0000000093800000|100%| O|  |TAMS 0x0000000093700000, 0x0000000093700000| Untracked 
| 312|0x0000000093800000, 0x0000000093900000, 0x0000000093900000|100%| O|  |TAMS 0x0000000093800000, 0x0000000093800000| Untracked 
| 313|0x0000000093900000, 0x0000000093a00000, 0x0000000093a00000|100%| O|  |TAMS 0x0000000093900000, 0x0000000093900000| Untracked 
| 314|0x0000000093a00000, 0x0000000093b00000, 0x0000000093b00000|100%| O|  |TAMS 0x0000000093a00000, 0x0000000093a00000| Untracked 
| 315|0x0000000093b00000, 0x0000000093b00000, 0x0000000093c00000|  0%| F|  |TAMS 0x0000000093b00000, 0x0000000093b00000| Untracked 
| 316|0x0000000093c00000, 0x0000000093d00000, 0x0000000093d00000|100%| O|  |TAMS 0x0000000093c00000, 0x0000000093c00000| Untracked 
| 317|0x0000000093d00000, 0x0000000093e00000, 0x0000000093e00000|100%| O|  |TAMS 0x0000000093d00000, 0x0000000093d00000| Untracked 
| 318|0x0000000093e00000, 0x0000000093f00000, 0x0000000093f00000|100%| O|  |TAMS 0x0000000093e00000, 0x0000000093e00000| Untracked 
| 319|0x0000000093f00000, 0x0000000094000000, 0x0000000094000000|100%| O|  |TAMS 0x0000000093f00000, 0x0000000093f00000| Untracked 
| 320|0x0000000094000000, 0x0000000094100000, 0x0000000094100000|100%| S|CS|TAMS 0x0000000094000000, 0x0000000094000000| Complete 
| 321|0x0000000094100000, 0x0000000094200000, 0x0000000094200000|100%| O|  |TAMS 0x0000000094100000, 0x0000000094100000| Untracked 
| 322|0x0000000094200000, 0x0000000094300000, 0x0000000094300000|100%| O|  |TAMS 0x0000000094200000, 0x0000000094200000| Untracked 
| 323|0x0000000094300000, 0x0000000094400000, 0x0000000094400000|100%| O|  |TAMS 0x0000000094300000, 0x0000000094300000| Untracked 
| 324|0x0000000094400000, 0x0000000094500000, 0x0000000094500000|100%| O|  |TAMS 0x0000000094400000, 0x0000000094400000| Untracked 
| 325|0x0000000094500000, 0x0000000094600000, 0x0000000094600000|100%| O|  |TAMS 0x0000000094500000, 0x0000000094500000| Untracked 
| 326|0x0000000094600000, 0x0000000094700000, 0x0000000094700000|100%| O|  |TAMS 0x0000000094600000, 0x0000000094600000| Untracked 
| 327|0x0000000094700000, 0x0000000094800000, 0x0000000094800000|100%| O|  |TAMS 0x0000000094700000, 0x0000000094700000| Untracked 
| 328|0x0000000094800000, 0x0000000094900000, 0x0000000094900000|100%| O|  |TAMS 0x0000000094800000, 0x0000000094800000| Untracked 
| 329|0x0000000094900000, 0x000000009496e800, 0x0000000094a00000| 43%| O|  |TAMS 0x0000000094900000, 0x0000000094900000| Untracked 

Card table byte_map: [0x00000220980f0000,0x00000220984f0000] _byte_map_base: 0x0000022097cf0000

Marking Bits (Prev, Next): (CMBitMap*) 0x00000220fd712608, (CMBitMap*) 0x00000220fd712640
 Prev Bits: [0x00000220988f0000, 0x000002209a8f0000)
 Next Bits: [0x000002209a8f0000, 0x000002209c8f0000)

Polling page: 0x0000022080000000

Metaspace:

Usage:
  Non-class:    106.64 MB capacity,   103.76 MB ( 97%) used,     2.48 MB (  2%) free+waste,   407.69 KB ( <1%) overhead. 
      Class:     17.35 MB capacity,    15.55 MB ( 90%) used,     1.62 MB (  9%) free+waste,   184.94 KB (  1%) overhead. 
       Both:    123.99 MB capacity,   119.31 MB ( 96%) used,     4.10 MB (  3%) free+waste,   592.63 KB ( <1%) overhead. 

Virtual space:
  Non-class space:      108.00 MB reserved,     106.83 MB ( 99%) committed 
      Class space:      504.00 MB reserved,      17.38 MB (  3%) committed 
             Both:      612.00 MB reserved,     124.20 MB ( 20%) committed 

Chunk freelists:
   Non-Class:  5.00 KB
       Class:  22.00 KB
        Both:  27.00 KB

MaxMetaspaceSize: 512.00 MB
CompressedClassSpaceSize: 504.00 MB
Initial GC threshold: 20.80 MB
Current GC threshold: 203.88 MB
CDS: off

CodeHeap 'non-profiled nmethods': size=120064Kb used=12134Kb max_used=12591Kb free=107929Kb
 bounds [0x0000022090180000, 0x0000022090de0000, 0x00000220976c0000]
CodeHeap 'profiled nmethods': size=120000Kb used=38781Kb max_used=39486Kb free=81218Kb
 bounds [0x0000022088c50000, 0x000002208b330000, 0x0000022090180000]
CodeHeap 'non-nmethods': size=5696Kb used=2449Kb max_used=2494Kb free=3246Kb
 bounds [0x00000220886c0000, 0x0000022088940000, 0x0000022088c50000]
 total_blobs=18743 nmethods=17761 adapters=893
 compilation: enabled
              stopped_count=0, restarted_count=0
 full_count=0

Compilation events (20 events):
Event: 249.315 Thread 0x000002209f749800 18994       2       com.android.tools.r8.code.v2::<init> (7 bytes)
Event: 249.317 Thread 0x000002209f749800 nmethod 18994 0x0000022089456210 code [0x00000220894563e0, 0x0000022089456618]
Event: 249.321 Thread 0x000002209f749800 18995       2       com.android.tools.r8.graph.j1::z0 (2 bytes)
Event: 249.321 Thread 0x000002209f749800 nmethod 18995 0x0000022089455e90 code [0x0000022089456040, 0x0000022089456138]
Event: 249.323 Thread 0x000002209f749800 18996       2       com.android.tools.r8.code.a0::<init> (7 bytes)
Event: 249.324 Thread 0x000002209f749800 nmethod 18996 0x0000022089455990 code [0x0000022089455b60, 0x0000022089455d28]
Event: 249.334 Thread 0x000002209f749800 18997       2       com.android.tools.r8.code.I0::hashCode (21 bytes)
Event: 249.335 Thread 0x000002209f749800 nmethod 18997 0x0000022088e43e10 code [0x0000022088e43fc0, 0x0000022088e44108]
Event: 249.370 Thread 0x000002209f749800 18998       2       com.android.tools.r8.dex.i$$Lambda$1485/0x000000010114f840::get (8 bytes)
Event: 249.371 Thread 0x000002209f749800 nmethod 18998 0x0000022088e43a10 code [0x0000022088e43bc0, 0x0000022088e43ce8]
Event: 249.371 Thread 0x000002209f749800 18999       2       com.android.tools.r8.graph.b3::a (49 bytes)
Event: 249.373 Thread 0x000002209f749800 nmethod 18999 0x0000022088e43490 code [0x0000022088e43660, 0x0000022088e438a8]
Event: 249.407 Thread 0x000002209f749800 19000       2       com.android.tools.r8.code.k2::<init> (7 bytes)
Event: 249.409 Thread 0x000002209f749800 nmethod 19000 0x0000022088e42f90 code [0x0000022088e43160, 0x0000022088e43328]
Event: 249.413 Thread 0x000002209f749800 19002       2       com.android.tools.r8.dex.i::g (53 bytes)
Event: 249.415 Thread 0x000002209f749800 nmethod 19002 0x0000022088e42590 code [0x0000022088e42780, 0x0000022088e42b98]
Event: 249.415 Thread 0x000002209f749800 19001       2       com.android.tools.r8.dex.i$$Lambda$1440/0x00000001010dc040::get (8 bytes)
Event: 249.416 Thread 0x000002209f749800 nmethod 19001 0x0000022088cbce90 code [0x0000022088cbd040, 0x0000022088cbd168]
Event: 249.416 Thread 0x000002209f749800 19003       2       com.android.tools.r8.graph.j0::<init> (10 bytes)
Event: 249.417 Thread 0x000002209f749800 nmethod 19003 0x0000022088cbcb10 code [0x0000022088cbccc0, 0x0000022088cbcdf8]

GC Heap History (20 events):
Event: 243.882 GC heap after
{Heap after GC invocations=116 (full 0):
 garbage-first heap   total 316416K, used 247954K [0x0000000080000000, 0x0000000100000000)
  region size 1024K, 5 young (5120K), 5 survivors (5120K)
 Metaspace       used 116711K, capacity 121440K, committed 121680K, reserved 622592K
  class space    used 15028K, capacity 16801K, committed 16896K, reserved 516096K
}
Event: 244.377 GC heap before
{Heap before GC invocations=116 (full 0):
 garbage-first heap   total 316416K, used 279698K [0x0000000080000000, 0x0000000100000000)
  region size 1024K, 32 young (32768K), 5 survivors (5120K)
 Metaspace       used 117025K, capacity 121704K, committed 121936K, reserved 622592K
  class space    used 15076K, capacity 16867K, committed 16896K, reserved 516096K
}
Event: 244.392 GC heap after
{Heap after GC invocations=117 (full 0):
 garbage-first heap   total 316416K, used 259408K [0x0000000080000000, 0x0000000100000000)
  region size 1024K, 4 young (4096K), 4 survivors (4096K)
 Metaspace       used 117025K, capacity 121704K, committed 121936K, reserved 622592K
  class space    used 15076K, capacity 16867K, committed 16896K, reserved 516096K
}
Event: 244.917 GC heap before
{Heap before GC invocations=117 (full 0):
 garbage-first heap   total 316416K, used 269648K [0x0000000080000000, 0x0000000100000000)
  region size 1024K, 16 young (16384K), 4 survivors (4096K)
 Metaspace       used 119577K, capacity 124251K, committed 124368K, reserved 624640K
  class space    used 15431K, capacity 17250K, committed 17280K, reserved 516096K
}
Event: 244.926 GC heap after
{Heap after GC invocations=118 (full 0):
 garbage-first heap   total 316416K, used 261515K [0x0000000080000000, 0x0000000100000000)
  region size 1024K, 2 young (2048K), 2 survivors (2048K)
 Metaspace       used 119577K, capacity 124251K, committed 124368K, reserved 624640K
  class space    used 15431K, capacity 17250K, committed 17280K, reserved 516096K
}
Event: 244.947 GC heap before
{Heap before GC invocations=118 (full 0):
 garbage-first heap   total 316416K, used 285067K [0x0000000080000000, 0x0000000100000000)
  region size 1024K, 15 young (15360K), 2 survivors (2048K)
 Metaspace       used 119584K, capacity 124315K, committed 124368K, reserved 624640K
  class space    used 15431K, capacity 17250K, committed 17280K, reserved 516096K
}
Event: 244.951 GC heap after
{Heap after GC invocations=119 (full 0):
 garbage-first heap   total 316416K, used 271360K [0x0000000080000000, 0x0000000100000000)
  region size 1024K, 2 young (2048K), 2 survivors (2048K)
 Metaspace       used 119584K, capacity 124315K, committed 124368K, reserved 624640K
  class space    used 15431K, capacity 17250K, committed 17280K, reserved 516096K
}
Event: 245.226 GC heap before
{Heap before GC invocations=119 (full 0):
 garbage-first heap   total 316416K, used 294912K [0x0000000080000000, 0x0000000100000000)
  region size 1024K, 15 young (15360K), 2 survivors (2048K)
 Metaspace       used 119902K, capacity 124611K, committed 124752K, reserved 624640K
  class space    used 15474K, capacity 17284K, committed 17408K, reserved 516096K
}
Event: 245.237 GC heap after
{Heap after GC invocations=120 (full 0):
 garbage-first heap   total 316416K, used 280623K [0x0000000080000000, 0x0000000100000000)
  region size 1024K, 2 young (2048K), 2 survivors (2048K)
 Metaspace       used 119902K, capacity 124611K, committed 124752K, reserved 624640K
  class space    used 15474K, capacity 17284K, committed 17408K, reserved 516096K
}
Event: 245.453 GC heap before
{Heap before GC invocations=120 (full 0):
 garbage-first heap   total 316416K, used 292911K [0x0000000080000000, 0x0000000100000000)
  region size 1024K, 15 young (15360K), 2 survivors (2048K)
 Metaspace       used 119904K, capacity 124611K, committed 124752K, reserved 624640K
  class space    used 15474K, capacity 17284K, committed 17408K, reserved 516096K
}
Event: 245.476 GC heap after
{Heap after GC invocations=121 (full 0):
 garbage-first heap   total 316416K, used 286690K [0x0000000080000000, 0x0000000100000000)
  region size 1024K, 2 young (2048K), 2 survivors (2048K)
 Metaspace       used 119904K, capacity 124611K, committed 124752K, reserved 624640K
  class space    used 15474K, capacity 17284K, committed 17408K, reserved 516096K
}
Event: 245.665 GC heap before
{Heap before GC invocations=121 (full 0):
 garbage-first heap   total 316416K, used 301026K [0x0000000080000000, 0x0000000100000000)
  region size 1024K, 15 young (15360K), 2 survivors (2048K)
 Metaspace       used 119904K, capacity 124611K, committed 124752K, reserved 624640K
  class space    used 15474K, capacity 17284K, committed 17408K, reserved 516096K
}
Event: 245.693 GC heap after
{Heap after GC invocations=122 (full 0):
 garbage-first heap   total 316416K, used 293876K [0x0000000080000000, 0x0000000100000000)
  region size 1024K, 2 young (2048K), 2 survivors (2048K)
 Metaspace       used 119904K, capacity 124611K, committed 124752K, reserved 624640K
  class space    used 15474K, capacity 17284K, committed 17408K, reserved 516096K
}
Event: 245.816 GC heap before
{Heap before GC invocations=122 (full 0):
 garbage-first heap   total 316416K, used 307188K [0x0000000080000000, 0x0000000100000000)
  region size 1024K, 15 young (15360K), 2 survivors (2048K)
 Metaspace       used 119904K, capacity 124611K, committed 124752K, reserved 624640K
  class space    used 15474K, capacity 17284K, committed 17408K, reserved 516096K
}
Event: 245.895 GC heap after
{Heap after GC invocations=123 (full 0):
 garbage-first heap   total 316416K, used 300246K [0x0000000080000000, 0x0000000100000000)
  region size 1024K, 2 young (2048K), 2 survivors (2048K)
 Metaspace       used 119904K, capacity 124611K, committed 124752K, reserved 624640K
  class space    used 15474K, capacity 17284K, committed 17408K, reserved 516096K
}
Event: 247.069 GC heap before
{Heap before GC invocations=123 (full 0):
 garbage-first heap   total 316416K, used 312534K [0x0000000080000000, 0x0000000100000000)
  region size 1024K, 15 young (15360K), 2 survivors (2048K)
 Metaspace       used 120510K, capacity 125279K, committed 125520K, reserved 624640K
  class space    used 15575K, capacity 17401K, committed 17408K, reserved 516096K
}
Event: 247.170 GC heap after
{Heap after GC invocations=124 (full 0):
 garbage-first heap   total 320512K, used 305152K [0x0000000080000000, 0x0000000100000000)
  region size 1024K, 2 young (2048K), 2 survivors (2048K)
 Metaspace       used 120510K, capacity 125279K, committed 125520K, reserved 624640K
  class space    used 15575K, capacity 17401K, committed 17408K, reserved 516096K
}
Event: 248.730 GC heap before
{Heap before GC invocations=125 (full 0):
 garbage-first heap   total 320512K, used 318464K [0x0000000080000000, 0x0000000100000000)
  region size 1024K, 15 young (15360K), 2 survivors (2048K)
 Metaspace       used 122134K, capacity 126896K, committed 126928K, reserved 626688K
  class space    used 15927K, capacity 17770K, committed 17792K, reserved 516096K
}
Event: 248.822 GC heap after
{Heap after GC invocations=126 (full 0):
 garbage-first heap   total 325632K, used 310172K [0x0000000080000000, 0x0000000100000000)
  region size 1024K, 2 young (2048K), 2 survivors (2048K)
 Metaspace       used 122134K, capacity 126896K, committed 126928K, reserved 626688K
  class space    used 15927K, capacity 17770K, committed 17792K, reserved 516096K
}
Event: 249.468 GC heap before
{Heap before GC invocations=126 (full 0):
 garbage-first heap   total 325632K, used 323484K [0x0000000080000000, 0x0000000100000000)
  region size 1024K, 15 young (15360K), 2 survivors (2048K)
 Metaspace       used 122176K, capacity 126965K, committed 127184K, reserved 626688K
  class space    used 15927K, capacity 17770K, committed 17792K, reserved 516096K
}

Deoptimization events (20 events):
Event: 247.676 Thread 0x00000220ab42f000 Uncommon trap: trap_request=0xffffff4d fr.pc=0x00000220902ab094 relative=0x0000000000000294
Event: 247.676 Thread 0x00000220ab430800 Uncommon trap: trap_request=0xffffff4d fr.pc=0x00000220902ab094 relative=0x0000000000000294
Event: 247.676 Thread 0x00000220ab430000 Uncommon trap: trap_request=0xffffff4d fr.pc=0x00000220902ab094 relative=0x0000000000000294
Event: 247.676 Thread 0x00000220ab42f000 Uncommon trap: reason=unstable_if action=reinterpret pc=0x00000220902ab094 method=com.android.tools.r8.graph.P0.h(Ljava/lang/Object;)Z @ 37 c2
Event: 247.677 Thread 0x00000220ab430800 Uncommon trap: reason=unstable_if action=reinterpret pc=0x00000220902ab094 method=com.android.tools.r8.graph.P0.h(Ljava/lang/Object;)Z @ 37 c2
Event: 247.677 Thread 0x00000220ab430000 Uncommon trap: reason=unstable_if action=reinterpret pc=0x00000220902ab094 method=com.android.tools.r8.graph.P0.h(Ljava/lang/Object;)Z @ 37 c2
Event: 247.677 Thread 0x00000220ab430800 DEOPT PACKING pc=0x00000220902ab094 sp=0x000000ee229ff030
Event: 247.677 Thread 0x00000220ab430000 DEOPT PACKING pc=0x00000220902ab094 sp=0x000000ee227feee0
Event: 247.677 Thread 0x00000220ab430800 DEOPT UNPACKING pc=0x000002208870a1af sp=0x000000ee229fefd0 mode 2
Event: 247.677 Thread 0x00000220ab430000 DEOPT UNPACKING pc=0x000002208870a1af sp=0x000000ee227fee80 mode 2
Event: 247.677 Thread 0x00000220ab42f000 DEOPT PACKING pc=0x00000220902ab094 sp=0x000000ee226fec50
Event: 247.677 Thread 0x00000220ab42f000 DEOPT UNPACKING pc=0x000002208870a1af sp=0x000000ee226febf0 mode 2
Event: 247.807 Thread 0x00000220ab430800 Uncommon trap: trap_request=0xffffff4d fr.pc=0x000002209030daa8 relative=0x0000000000000168
Event: 247.807 Thread 0x00000220ab430800 Uncommon trap: reason=unstable_if action=reinterpret pc=0x000002209030daa8 method=com.android.tools.r8.graph.X0.h(Ljava/lang/Object;)Z @ 23 c2
Event: 247.807 Thread 0x00000220ab430800 DEOPT PACKING pc=0x000002209030daa8 sp=0x000000ee229fefb0
Event: 247.807 Thread 0x00000220ab430800 DEOPT UNPACKING pc=0x000002208870a1af sp=0x000000ee229fef50 mode 2
Event: 249.031 Thread 0x00000220ab42f000 Uncommon trap: trap_request=0xffffff4d fr.pc=0x0000022090848b4c relative=0x000000000000038c
Event: 249.031 Thread 0x00000220ab42f000 Uncommon trap: reason=unstable_if action=reinterpret pc=0x0000022090848b4c method=java.util.concurrent.ConcurrentLinkedQueue.offer(Ljava/lang/Object;)Z @ 96 c2
Event: 249.031 Thread 0x00000220ab42f000 DEOPT PACKING pc=0x0000022090848b4c sp=0x000000ee226fedf0
Event: 249.031 Thread 0x00000220ab42f000 DEOPT UNPACKING pc=0x000002208870a1af sp=0x000000ee226fed20 mode 2

Classes redefined (0 events):
No events

Internal exceptions (20 events):
Event: 220.002 Thread 0x00000220a5922000 Exception <a 'java/lang/ClassNotFoundException'{0x000000009243a348}: java/util/LinkedHashSetCustomizer> (0x000000009243a348) thrown at [./src/hotspot/share/classfile/systemDictionary.cpp, line 230]
Event: 220.012 Thread 0x00000220a5922000 Implicit null exception at 0x0000022090c14b77 to 0x0000022090c14f7c
Event: 220.219 Thread 0x00000220a5921000 Exception <a 'java/lang/NoSuchMethodError'{0x00000000921dc7b8}: <clinit>> (0x00000000921dc7b8) thrown at [./src/hotspot/share/prims/jni.cpp, line 1367]
Event: 223.598 Thread 0x00000220a592a800 Exception <a 'java/lang/NoSuchMethodError'{0x000000009252e4b8}: <clinit>> (0x000000009252e4b8) thrown at [./src/hotspot/share/prims/jni.cpp, line 1367]
Event: 223.602 Thread 0x00000220a592a800 Exception <a 'java/lang/NoSuchMethodError'{0x000000009253d990}: <clinit>> (0x000000009253d990) thrown at [./src/hotspot/share/prims/jni.cpp, line 1367]
Event: 225.677 Thread 0x00000220a5921000 Implicit null exception at 0x00000220909d0dc9 to 0x00000220909d0ff8
Event: 234.576 Thread 0x00000220a5922000 Exception <a 'java/lang/NoSuchMethodError'{0x0000000093495908}: <clinit>> (0x0000000093495908) thrown at [./src/hotspot/share/prims/jni.cpp, line 1367]
Event: 234.576 Thread 0x00000220a5922000 Exception <a 'java/lang/NoSuchMethodError'{0x0000000093496ef8}: <clinit>> (0x0000000093496ef8) thrown at [./src/hotspot/share/prims/jni.cpp, line 1367]
Event: 234.579 Thread 0x00000220a5922000 Exception <a 'java/lang/NoSuchMethodError'{0x000000009349c298}: <clinit>> (0x000000009349c298) thrown at [./src/hotspot/share/prims/jni.cpp, line 1367]
Event: 234.588 Thread 0x00000220a5922000 Exception <a 'java/lang/NoSuchMethodError'{0x00000000934b4e68}: <clinit>> (0x00000000934b4e68) thrown at [./src/hotspot/share/prims/jni.cpp, line 1367]
Event: 234.588 Thread 0x00000220a5922000 Exception <a 'java/lang/NoSuchMethodError'{0x00000000934b60a0}: <clinit>> (0x00000000934b60a0) thrown at [./src/hotspot/share/prims/jni.cpp, line 1367]
Event: 243.443 Thread 0x00000220a5922800 Implicit null exception at 0x0000022090c3eced to 0x0000022090c3f438
Event: 243.662 Thread 0x00000220a592c800 Exception <a 'java/lang/NoSuchMethodError'{0x00000000919a31e0}: 'void java.lang.invoke.DirectMethodHandle$Holder.invokeSpecial(java.lang.Object, java.lang.Object, java.lang.Object, int)'> (0x00000000919a31e0) thrown at [./src/hotspot/share/interpreter/linkResolver.cpp, line 773]
Event: 244.473 Thread 0x00000220a592c800 Exception <a 'sun/nio/fs/WindowsException'{0x000000009332f328}> (0x000000009332f328) thrown at [./src/hotspot/share/prims/jni.cpp, line 617]
Event: 244.608 Thread 0x00000220a592c800 Exception <a 'java/lang/NoSuchMethodError'{0x00000000931001a8}: 'java.lang.Object java.lang.invoke.DirectMethodHandle$Holder.newInvokeSpecial(java.lang.Object, int)'> (0x00000000931001a8) thrown at [./src/hotspot/share/interpreter/linkResolver.cpp, line 773]
Event: 244.904 Thread 0x00000220a592c800 Exception <a 'java/lang/NoSuchMethodError'{0x0000000092a44858}: 'java.lang.Object java.lang.invoke.DirectMethodHandle$Holder.invokeStaticInit(java.lang.Object, java.lang.Object, java.lang.Object, java.lang.Object, java.lang.Object, java.lang.Object, java.lang.Object, java.lang.Object, java.lang.Object, java.lang.Object, java.lang.Object, java.lang.Object, java.lang.Object, java.lang.Object, java.lang.Object, java.lang.Object, java.lang.Object, java.lang.Object, int, java.lang.Object, java.lang.Object)'> (0
Event: 246.198 Thread 0x00000220ab42f000 Exception <a 'java/lang/IncompatibleClassChangeError'{0x000000009290b710}: Found class java.lang.Object, but interface was expected> (0x000000009290b710) thrown at [./src/hotspot/share/interpreter/linkResolver.cpp, line 839]
Event: 247.667 Thread 0x00000220ab430000 Exception <a 'java/lang/IncompatibleClassChangeError'{0x0000000093129b10}: Found class java.lang.Object, but interface was expected> (0x0000000093129b10) thrown at [./src/hotspot/share/interpreter/linkResolver.cpp, line 839]
Event: 247.667 Thread 0x00000220ab42f000 Exception <a 'java/lang/IncompatibleClassChangeError'{0x0000000093121d90}: Found class java.lang.Object, but interface was expected> (0x0000000093121d90) thrown at [./src/hotspot/share/interpreter/linkResolver.cpp, line 839]
Event: 247.672 Thread 0x00000220ab42f000 Exception <a 'java/lang/IncompatibleClassChangeError'{0x00000000931347e0}: Found class java.lang.Object, but interface was expected> (0x00000000931347e0) thrown at [./src/hotspot/share/interpreter/linkResolver.cpp, line 839]

Events (20 events):
Event: 248.147 Executing coalesced safepoint VM operation: RevokeBias
Event: 248.147 Executing coalesced safepoint VM operation: RevokeBias done
Event: 248.147 Executing VM operation: RevokeBias done
Event: 248.148 loading class com/android/tools/r8/internal/d00
Event: 248.148 loading class com/android/tools/r8/internal/d00 done
Event: 248.149 loading class com/android/tools/r8/graph/T0
Event: 248.149 loading class com/android/tools/r8/graph/T0 done
Event: 248.151 loading class com/android/tools/r8/graph/N2
Event: 248.151 loading class com/android/tools/r8/graph/N2 done
Event: 248.155 loading class com/android/tools/r8/internal/qK
Event: 248.155 loading class com/android/tools/r8/internal/qK done
Event: 248.156 loading class com/android/tools/r8/internal/vK
Event: 248.156 loading class com/android/tools/r8/internal/vK done
Event: 248.349 Executing VM operation: CGC_Operation
Event: 248.356 Executing VM operation: CGC_Operation done
Event: 248.601 loading class com/android/tools/r8/internal/Wh
Event: 248.601 loading class com/android/tools/r8/internal/Wh done
Event: 248.680 Executing VM operation: G1CollectForAllocation
Event: 248.822 Executing VM operation: G1CollectForAllocation done
Event: 249.465 Executing VM operation: G1CollectForAllocation


Dynamic libraries:
0x00007ff64ed80000 - 0x00007ff64ed8d000 	C:\Program Files\Java\jdk-11.0.18+10\bin\java.exe
0x00007ffc8f250000 - 0x00007ffc8f448000 	C:\WINDOWS\SYSTEM32\ntdll.dll
0x00007ffc8d3a0000 - 0x00007ffc8d45f000 	C:\WINDOWS\System32\KERNEL32.DLL
0x00007ffc8cbb0000 - 0x00007ffc8cea6000 	C:\WINDOWS\System32\KERNELBASE.dll
0x00007ffc8cfb0000 - 0x00007ffc8d0b0000 	C:\WINDOWS\System32\ucrtbase.dll
0x00007ffc84cd0000 - 0x00007ffc84ce5000 	C:\Program Files\Java\jdk-11.0.18+10\bin\VCRUNTIME140.dll
0x00007ffc858d0000 - 0x00007ffc858e7000 	C:\Program Files\Java\jdk-11.0.18+10\bin\jli.dll
0x00007ffc8e960000 - 0x00007ffc8eafd000 	C:\WINDOWS\System32\USER32.dll
0x00007ffc8d2c0000 - 0x00007ffc8d2e2000 	C:\WINDOWS\System32\win32u.dll
0x00007ffc8e150000 - 0x00007ffc8e17c000 	C:\WINDOWS\System32\GDI32.dll
0x00007ffc79970000 - 0x00007ffc79c0a000 	C:\WINDOWS\WinSxS\amd64_microsoft.windows.common-controls_6595b64144ccf1df_6.0.19041.1110_none_60b5254171f9507e\COMCTL32.dll
0x00007ffc8d1a0000 - 0x00007ffc8d2b5000 	C:\WINDOWS\System32\gdi32full.dll
0x00007ffc8dd90000 - 0x00007ffc8de2e000 	C:\WINDOWS\System32\msvcrt.dll
0x00007ffc8d100000 - 0x00007ffc8d19d000 	C:\WINDOWS\System32\msvcp_win.dll
0x00007ffc8dd60000 - 0x00007ffc8dd90000 	C:\WINDOWS\System32\IMM32.DLL
0x00007ffc760f0000 - 0x00007ffc7618b000 	C:\Program Files\Java\jdk-11.0.18+10\bin\msvcp140.dll
0x00007ffc535f0000 - 0x00007ffc54182000 	C:\Program Files\Java\jdk-11.0.18+10\bin\server\jvm.dll
0x00007ffc8dbe0000 - 0x00007ffc8dc8f000 	C:\WINDOWS\System32\ADVAPI32.dll
0x00007ffc8d870000 - 0x00007ffc8d90c000 	C:\WINDOWS\System32\sechost.dll
0x00007ffc8da40000 - 0x00007ffc8db66000 	C:\WINDOWS\System32\RPCRT4.dll
0x00007ffc8e950000 - 0x00007ffc8e958000 	C:\WINDOWS\System32\PSAPI.DLL
0x00007ffc8af30000 - 0x00007ffc8af39000 	C:\WINDOWS\SYSTEM32\WSOCK32.dll
0x00007ffc8db70000 - 0x00007ffc8dbdb000 	C:\WINDOWS\System32\WS2_32.dll
0x00007ffc7b920000 - 0x00007ffc7b947000 	C:\WINDOWS\SYSTEM32\WINMM.dll
0x00007ffc8b170000 - 0x00007ffc8b17a000 	C:\WINDOWS\SYSTEM32\VERSION.dll
0x00007ffc8b270000 - 0x00007ffc8b282000 	C:\WINDOWS\SYSTEM32\kernel.appcore.dll
0x00007ffc89c20000 - 0x00007ffc89c30000 	C:\Program Files\Java\jdk-11.0.18+10\bin\verify.dll
0x00007ffc7c0b0000 - 0x00007ffc7c294000 	C:\WINDOWS\SYSTEM32\DBGHELP.DLL
0x00007ffc7ba50000 - 0x00007ffc7ba84000 	C:\WINDOWS\SYSTEM32\dbgcore.DLL
0x00007ffc8ceb0000 - 0x00007ffc8cf32000 	C:\WINDOWS\System32\bcryptPrimitives.dll
0x00007ffc7f120000 - 0x00007ffc7f148000 	C:\Program Files\Java\jdk-11.0.18+10\bin\java.dll
0x00007ffc86ad0000 - 0x00007ffc86ada000 	C:\Program Files\Java\jdk-11.0.18+10\bin\jimage.dll
0x00007ffc84a50000 - 0x00007ffc84a68000 	C:\Program Files\Java\jdk-11.0.18+10\bin\zip.dll
0x00007ffc8e200000 - 0x00007ffc8e944000 	C:\WINDOWS\System32\SHELL32.dll
0x00007ffc8a730000 - 0x00007ffc8aec3000 	C:\WINDOWS\SYSTEM32\windows.storage.dll
0x00007ffc8d460000 - 0x00007ffc8d7b4000 	C:\WINDOWS\System32\combase.dll
0x00007ffc8c3a0000 - 0x00007ffc8c3ce000 	C:\WINDOWS\SYSTEM32\Wldp.dll
0x00007ffc8de30000 - 0x00007ffc8dedd000 	C:\WINDOWS\System32\SHCORE.dll
0x00007ffc8e090000 - 0x00007ffc8e0e5000 	C:\WINDOWS\System32\shlwapi.dll
0x00007ffc8c960000 - 0x00007ffc8c97f000 	C:\WINDOWS\SYSTEM32\profapi.dll
0x00007ffc7f100000 - 0x00007ffc7f119000 	C:\Program Files\Java\jdk-11.0.18+10\bin\net.dll
0x00007ffc862c0000 - 0x00007ffc863ca000 	C:\WINDOWS\SYSTEM32\WINHTTP.dll
0x00007ffc8c100000 - 0x00007ffc8c16a000 	C:\WINDOWS\system32\mswsock.dll
0x00007ffc7f0e0000 - 0x00007ffc7f0f3000 	C:\Program Files\Java\jdk-11.0.18+10\bin\nio.dll
0x00007ffc7a780000 - 0x00007ffc7a7a7000 	C:\Users\almeida\.gradle\native\e1d6ef7f7dcc3fd88c89a11ec53ec762bb8ba0a96d01ffa2cd45eb1d1d8dd5c5\windows-amd64\native-platform.dll
0x00007ffc534a0000 - 0x00007ffc535e4000 	C:\Users\almeida\.gradle\native\0d407fdbe67a94daf76414ababcb853783967236a71b16ec16e742cd7a986fd3\windows-amd64\native-platform-file-events.dll
0x00007ffc7af40000 - 0x00007ffc7af49000 	C:\Program Files\Java\jdk-11.0.18+10\bin\management.dll
0x00007ffc7acf0000 - 0x00007ffc7acfb000 	C:\Program Files\Java\jdk-11.0.18+10\bin\management_ext.dll
0x00007ffc8c2f0000 - 0x00007ffc8c308000 	C:\WINDOWS\SYSTEM32\CRYPTSP.dll
0x00007ffc8ba20000 - 0x00007ffc8ba54000 	C:\WINDOWS\system32\rsaenh.dll
0x00007ffc8cb80000 - 0x00007ffc8cba7000 	C:\WINDOWS\System32\bcrypt.dll
0x00007ffc8c920000 - 0x00007ffc8c94e000 	C:\WINDOWS\SYSTEM32\USERENV.dll
0x00007ffc8c310000 - 0x00007ffc8c31c000 	C:\WINDOWS\SYSTEM32\CRYPTBASE.dll
0x00007ffc8bdf0000 - 0x00007ffc8be2c000 	C:\WINDOWS\SYSTEM32\IPHLPAPI.DLL
0x00007ffc8f1a0000 - 0x00007ffc8f1a8000 	C:\WINDOWS\System32\NSI.dll
0x00007ffc816f0000 - 0x00007ffc81707000 	C:\WINDOWS\SYSTEM32\dhcpcsvc6.DLL
0x00007ffc81640000 - 0x00007ffc8165d000 	C:\WINDOWS\SYSTEM32\dhcpcsvc.DLL
0x00007ffc8be30000 - 0x00007ffc8befb000 	C:\WINDOWS\SYSTEM32\DNSAPI.dll
0x00007ffc76000000 - 0x00007ffc76025000 	C:\Program Files\Java\jdk-11.0.18+10\bin\sunec.dll
0x0000000063560000 - 0x0000000063569000 	C:\Program Files\National Instruments\Shared\mDNS Responder\nimdnsNSP.dll
0x0000000063550000 - 0x000000006355e000 	C:\WINDOWS\SYSTEM32\nimdnsResponder.dll
0x000000006bcc0000 - 0x000000006bd63000 	C:\WINDOWS\WinSxS\amd64_microsoft.vc90.crt_1fc8b3b9a1e18e3b_9.0.30729.9625_none_08e1c10da83fbc83\MSVCR90.dll
0x00007ffc7ead0000 - 0x00007ffc7eada000 	C:\Windows\System32\rasadhlp.dll
0x00007ffc7ed90000 - 0x00007ffc7ee12000 	C:\WINDOWS\System32\fwpuclnt.dll
0x00007ffc87b10000 - 0x00007ffc87b1e000 	C:\Program Files\Java\jdk-11.0.18+10\bin\sunmscapi.dll
0x00007ffc8ca20000 - 0x00007ffc8cb7e000 	C:\WINDOWS\System32\CRYPT32.dll
0x00007ffc8c410000 - 0x00007ffc8c438000 	C:\WINDOWS\SYSTEM32\ncrypt.dll
0x00007ffc8c3d0000 - 0x00007ffc8c40b000 	C:\WINDOWS\SYSTEM32\NTASN1.dll

dbghelp: loaded successfully - version: 4.0.5 - missing functions: none
symbol engine: initialized successfully - sym options: 0x614 - pdb path: .;C:\Program Files\Java\jdk-11.0.18+10\bin;C:\WINDOWS\SYSTEM32;C:\WINDOWS\WinSxS\amd64_microsoft.windows.common-controls_6595b64144ccf1df_6.0.19041.1110_none_60b5254171f9507e;C:\Program Files\Java\jdk-11.0.18+10\bin\server;C:\Users\almeida\.gradle\native\e1d6ef7f7dcc3fd88c89a11ec53ec762bb8ba0a96d01ffa2cd45eb1d1d8dd5c5\windows-amd64;C:\Users\almeida\.gradle\native\0d407fdbe67a94daf76414ababcb853783967236a71b16ec16e742cd7a986fd3\windows-amd64;C:\Program Files\National Instruments\Shared\mDNS Responder;C:\WINDOWS\WinSxS\amd64_microsoft.vc90.crt_1fc8b3b9a1e18e3b_9.0.30729.9625_none_08e1c10da83fbc83

VM Arguments:
jvm_args: -XX:MaxMetaspaceSize=512m --add-opens=java.base/java.util=ALL-UNNAMED --add-opens=java.base/java.lang=ALL-UNNAMED --add-opens=java.base/java.lang.invoke=ALL-UNNAMED --add-opens=java.base/java.util=ALL-UNNAMED --add-opens=java.prefs/java.util.prefs=ALL-UNNAMED --add-opens=java.prefs/java.util.prefs=ALL-UNNAMED --add-opens=java.base/java.nio.charset=ALL-UNNAMED --add-opens=java.base/java.net=ALL-UNNAMED --add-opens=java.base/java.util.concurrent.atomic=ALL-UNNAMED -Xmx2048m -Dfile.encoding=windows-1252 -Duser.country=BR -Duser.language=pt -Duser.variant 
java_command: org.gradle.launcher.daemon.bootstrap.GradleDaemon 7.5.1
java_class_path (initial): C:\Users\almeida\.gradle\wrapper\dists\gradle-7.5.1-all\1ehga6e77gqps5uk2kc5kf1vc\gradle-7.5.1\lib\gradle-launcher-7.5.1.jar
Launcher Type: SUN_STANDARD

[Global flags]
     intx CICompilerCount                          = 3                                         {product} {ergonomic}
   size_t CompressedClassSpaceSize                 = 528482304                                 {product} {ergonomic}
     uint ConcGCThreads                            = 1                                         {product} {ergonomic}
     uint G1ConcRefinementThreads                  = 4                                         {product} {ergonomic}
   size_t G1HeapRegionSize                         = 1048576                                   {product} {ergonomic}
    uintx GCDrainStackTargetSize                   = 64                                        {product} {ergonomic}
   size_t InitialHeapSize                          = 67108864                                  {product} {ergonomic}
   size_t MarkStackSize                            = 4194304                                   {product} {ergonomic}
   size_t MaxHeapSize                              = 2147483648                                {product} {command line}
   size_t MaxMetaspaceSize                         = 536870912                                 {product} {command line}
   size_t MaxNewSize                               = 1287651328                                {product} {ergonomic}
   size_t MinHeapDeltaBytes                        = 1048576                                   {product} {ergonomic}
    uintx NonNMethodCodeHeapSize                   = 5830732                                {pd product} {ergonomic}
    uintx NonProfiledCodeHeapSize                  = 122913754                              {pd product} {ergonomic}
    uintx ProfiledCodeHeapSize                     = 122913754                              {pd product} {ergonomic}
    uintx ReservedCodeCacheSize                    = 251658240                              {pd product} {ergonomic}
     bool SegmentedCodeCache                       = true                                      {product} {ergonomic}
     bool UseCompressedClassPointers               = true                                 {lp64_product} {ergonomic}
     bool UseCompressedOops                        = true                                 {lp64_product} {ergonomic}
     bool UseG1GC                                  = true                                      {product} {ergonomic}
     bool UseLargePagesIndividualAllocation        = false                                  {pd product} {ergonomic}

Logging:
Log output configuration:
 #0: stdout all=warning uptime,level,tags
 #1: stderr all=off uptime,level,tags

Environment Variables:
JAVA_HOME=C:\Program Files\Java\jdk-11.0.18+10
CLASSPATH=C:\source\repos\C.A.P\client\android\\gradle\wrapper\gradle-wrapper.jar
PATH=C:\source\repos\C.A.P\client\android\node_modules\.bin;C:\source\repos\C.A.P\client\node_modules\.bin;C:\source\repos\C.A.P\node_modules\.bin;C:\source\repos\node_modules\.bin;C:\source\node_modules\.bin;C:\node_modules\.bin;C:\Program Files\nodejs;C:\source\repos\C.A.P\client\node_modules\.bin;C:\source\repos\C.A.P\node_modules\.bin;C:\source\repos\node_modules\.bin;C:\source\node_modules\.bin;C:\node_modules\.bin;C:\Program Files\nodejs\node_modules\npm\node_modules\@npmcli\run-script\lib\node-gyp-bin;C:\Program Files\Eclipse Adoptium\jdk-11.0.18.10-hotspot\bin;C:\Program Files\Common Files\Oracle\Java\javapath;C:\WINDOWS\system32;C:\WINDOWS;C:\WINDOWS\System32\Wbem;C:\WINDOWS\System32\WindowsPowerShell\v1.0\;C:\Program Files\dotnet\;C:\WINDOWS\System32\OpenSSH\;C:\Program Files\Git\cmd;C:\Program Files\Microsoft SQL Server\Client SDK\ODBC\170\Tools\Binn\;C:\Windows\Microsoft.NET\Framework64\v4.0.30319;C:\Windows\Microsoft.NET\Framework64\v4.0.30319;C:\Program Files\MySQL\MySQL Server 8.0\bin;C:\ProgramData\chocolatey\bin;C:\Program Files\nodejs\;C:\Program Files (x86)\Yarn\bin\;C:\platform-tools\;C:\Program Files\Azure Data Studio\bin;C:\Program Files (x86)\Microsoft SQL Server\160\DTS\Binn\;C:\Program Files (x86)\Microsoft SQL Server\160\Tools\Binn\;C:\Program Files\Microsoft SQL Server\160\Tools\Binn\;C:\Program Files\Microsoft SQL Server\160\DTS\Binn\;C:\Program Files\MySQL\MySQL Shell 8.0\bin\;C:\Users\almeida\AppData\Local\Microsoft\WindowsApps;C:\Users\THALIS NATHAN\AppData\Roaming\npm;C:\Users\THALIS NATHAN\AppData\Local\Programs\Microsoft VS Code\bin;C:\Users\THALIS NATHAN\AppData\Local\GitHubDesktop\bin;C:\Users\almeida\.dotnet\tools;C:\Users\almeida\AppData\Local\GitHubDesktop\bin;C:\Users\almeida\AppData\Local\Android\Sdk\emulador;C:\Users\almeida\AppData\Local\Android\Sdk\tools;C:\Users\almeida\AppData\Local\Android\Sdk\tools\bin;C:\Users\almeida\AppData\Local\Android\Sdk\platform-tools;C:\Users\almeida\AppData\Local\Yarn\bin;C:\Users\almeida\AppDat
USERNAME=THALIS
OS=Windows_NT
PROCESSOR_IDENTIFIER=Intel64 Family 6 Model 42 Stepping 7, GenuineIntel
TMP=C:\Users\almeida\AppData\Local\Temp
TEMP=C:\Users\almeida\AppData\Local\Temp



---------------  S Y S T E M  ---------------

OS: Windows 10 , 64 bit Build 19041 (10.0.19041.2913)
OS uptime: 0 days 1:37 hours

CPU:total 4 (initial active 4) (2 cores per cpu, 2 threads per core) family 6 model 42 stepping 7 microcode 0x2f, cmov, cx8, fxsr, mmx, sse, sse2, sse3, ssse3, sse4.1, sse4.2, popcnt, avx, aes, clmul, ht, tsc, tscinvbit

Memory: 4k page, system-wide physical 4003M (512M free)
TotalPageFile size 6051M (AvailPageFile size 220M)
current process WorkingSet (physical memory assigned to process): 686M, peak: 689M
current process commit charge ("private bytes"): 725M, peak: 1059M

vm_info: OpenJDK 64-Bit Server VM (11.0.18+10-LTS) for windows-amd64 JRE (11.0.18+10-LTS), built on Jan 18 2023 15:56:47 by "MicrosoftCorporation" with MS VC++ 15.9 (VS2017)

END.
