#
# There is insufficient memory for the Java Runtime Environment to continue.
# Native memory allocation (malloc) failed to allocate 1117456 bytes for Chunk::new
# Possible reasons:
#   The system is out of physical RAM or swap space
#   The process is running with CompressedOops enabled, and the Java Heap may be blocking the growth of the native heap
# Possible solutions:
#   Reduce memory load on the system
#   Increase physical memory or swap space
#   Check if swap backing store is full
#   Decrease Java heap size (-Xmx/-Xms)
#   Decrease number of Java threads
#   Decrease Java thread stack sizes (-Xss)
#   Set larger code cache with -XX:ReservedCodeCacheSize=
#   JVM is running with Unscaled Compressed Oops mode in which the Java heap is
#     placed in the first 4GB address space. The Java Heap base address is the
#     maximum limit for the native heap growth. Please use -XX:HeapBaseMinAddress
#     to set the Java Heap base and to place the Java Heap above 4GB virtual address.
# This output file may be truncated or incomplete.
#
#  Out of Memory Error (./src/hotspot/share/memory/arena.cpp:197), pid=4864, tid=12628
#
# JRE version: OpenJDK Runtime Environment Microsoft-7208460 (11.0.18+10) (build 11.0.18+10-LTS)
# Java VM: OpenJDK 64-Bit Server VM Microsoft-7208460 (11.0.18+10-LTS, mixed mode, tiered, compressed oops, g1 gc, windows-amd64)
# No core dump will be written. Minidumps are not enabled by default on client versions of Windows
#

---------------  S U M M A R Y ------------

Command Line: -XX:MaxMetaspaceSize=512m --add-opens=java.base/java.util=ALL-UNNAMED --add-opens=java.base/java.lang=ALL-UNNAMED --add-opens=java.base/java.lang.invoke=ALL-UNNAMED --add-opens=java.base/java.util=ALL-UNNAMED --add-opens=java.prefs/java.util.prefs=ALL-UNNAMED --add-opens=java.prefs/java.util.prefs=ALL-UNNAMED --add-opens=java.base/java.nio.charset=ALL-UNNAMED --add-opens=java.base/java.net=ALL-UNNAMED --add-opens=java.base/java.util.concurrent.atomic=ALL-UNNAMED -Xmx2048m -Dfile.encoding=windows-1252 -Duser.country=BR -Duser.language=pt -Duser.variant org.gradle.launcher.daemon.bootstrap.GradleDaemon 7.5.1

Host: Intel(R) Core(TM) i5-2450M CPU @ 2.50GHz, 4 cores, 3G,  Windows 10 , 64 bit Build 19041 (10.0.19041.2913)
Time: Sat Jun 24 00:39:01 2023 Hora oficial do Brasil elapsed time: 269.436467 seconds (0d 0h 4m 29s)

---------------  T H R E A D  ---------------

Current thread (0x0000027d60a20000):  JavaThread "C2 CompilerThread0" daemon [_thread_in_native, id=12628, stack(0x000000f808100000,0x000000f808200000)]


Current CompileTask:
C2: 269436 11370 %     4       groovy.lang.MetaClassImpl::applyStrayPropertyMethods @ 57 (288 bytes)

Stack: [0x000000f808100000,0x000000f808200000]
Native frames: (J=compiled Java code, j=interpreted, Vv=VM code, C=native code)
V  [jvm.dll+0x62bf8a]
V  [jvm.dll+0x7b8fb9]
V  [jvm.dll+0x7ba6a8]
V  [jvm.dll+0x7bad83]
V  [jvm.dll+0x250248]
V  [jvm.dll+0xc260c]
V  [jvm.dll+0xc2bcc]
V  [jvm.dll+0x35e1c7]
V  [jvm.dll+0x32a373]
V  [jvm.dll+0x3296aa]
V  [jvm.dll+0x2093b3]
V  [jvm.dll+0x20850d]
V  [jvm.dll+0x18a4b1]
V  [jvm.dll+0x217eec]
V  [jvm.dll+0x21612b]
V  [jvm.dll+0x77bac0]
V  [jvm.dll+0x7749f4]
V  [jvm.dll+0x62adf5]
C  [ucrtbase.dll+0x21bb2]
C  [KERNEL32.DLL+0x17614]
C  [ntdll.dll+0x526a1]


---------------  P R O C E S S  ---------------

Threads class SMR info:
_java_thread_list=0x0000027d659a1fc0, length=87, elements={
0x0000027d419a1000, 0x0000027d609c2800, 0x0000027d609c5000, 0x0000027d60a14000,
0x0000027d60a16000, 0x0000027d60a17800, 0x0000027d60a20000, 0x0000027d60a21000,
0x0000027d60a32800, 0x0000027d60c93000, 0x0000027d6241d000, 0x0000027d62bfd800,
0x0000027d62298800, 0x0000027d62af7000, 0x0000027d62afb000, 0x0000027d62afc000,
0x0000027d62af6800, 0x0000027d62afd000, 0x0000027d62af8000, 0x0000027d62af9000,
0x0000027d62afa800, 0x0000027d62af9800, 0x0000027d61eee000, 0x0000027d61eea000,
0x0000027d61eeb000, 0x0000027d61eec000, 0x0000027d61ee8800, 0x0000027d61eef000,
0x0000027d61ee9800, 0x0000027d61ef2800, 0x0000027d61ef1800, 0x0000027d61eec800,
0x0000027d61ef3000, 0x0000027d61ef5000, 0x0000027d61ef5800, 0x0000027d61ef0000,
0x0000027d61ef6800, 0x0000027d61ef0800, 0x0000027d61ef7000, 0x0000027d61ef4000,
0x0000027d6371c800, 0x0000027d63717000, 0x0000027d6371b000, 0x0000027d6371d800,
0x0000027d6371c000, 0x0000027d63719800, 0x0000027d63717800, 0x0000027d6371e000,
0x0000027d63718800, 0x0000027d6371f000, 0x0000027d63720000, 0x0000027d6371a000,
0x0000027d63722800, 0x0000027d63725000, 0x0000027d63725800, 0x0000027d63723000,
0x0000027d63720800, 0x0000027d63724000, 0x0000027d63721800, 0x0000027d622d4800,
0x0000027d622d3000, 0x0000027d622d6000, 0x0000027d622d4000, 0x0000027d622d5800,
0x0000027d622d7000, 0x0000027d622d8000, 0x0000027d622d2000, 0x0000027d622dd800,
0x0000027d622dc000, 0x0000027d622dd000, 0x0000027d622de800, 0x0000027d622d8800,
0x0000027d622d9800, 0x0000027d622df000, 0x0000027d622da800, 0x0000027d622e1000,
0x0000027d622db000, 0x0000027d68f3b800, 0x0000027d68f3c800, 0x0000027d68f39000,
0x0000027d68f3e000, 0x0000027d68f3f800, 0x0000027d68f3d000, 0x0000027d68f3e800,
0x0000027d68f3a000, 0x0000027d68f40800, 0x0000027d6ce35800
}

Java Threads: ( => current thread )
  0x0000027d419a1000 JavaThread "main" [_thread_blocked, id=12392, stack(0x000000f807500000,0x000000f807600000)]
  0x0000027d609c2800 JavaThread "Reference Handler" daemon [_thread_blocked, id=6100, stack(0x000000f807c00000,0x000000f807d00000)]
  0x0000027d609c5000 JavaThread "Finalizer" daemon [_thread_blocked, id=10100, stack(0x000000f807d00000,0x000000f807e00000)]
  0x0000027d60a14000 JavaThread "Signal Dispatcher" daemon [_thread_blocked, id=13264, stack(0x000000f807e00000,0x000000f807f00000)]
  0x0000027d60a16000 JavaThread "Attach Listener" daemon [_thread_blocked, id=12792, stack(0x000000f807f00000,0x000000f808000000)]
  0x0000027d60a17800 JavaThread "Service Thread" daemon [_thread_blocked, id=636, stack(0x000000f808000000,0x000000f808100000)]
=>0x0000027d60a20000 JavaThread "C2 CompilerThread0" daemon [_thread_in_native, id=12628, stack(0x000000f808100000,0x000000f808200000)]
  0x0000027d60a21000 JavaThread "C1 CompilerThread0" daemon [_thread_blocked, id=1492, stack(0x000000f808200000,0x000000f808300000)]
  0x0000027d60a32800 JavaThread "Sweeper thread" daemon [_thread_blocked, id=12704, stack(0x000000f808300000,0x000000f808400000)]
  0x0000027d60c93000 JavaThread "Common-Cleaner" daemon [_thread_blocked, id=8396, stack(0x000000f808400000,0x000000f808500000)]
  0x0000027d6241d000 JavaThread "Daemon health stats" [_thread_blocked, id=9152, stack(0x000000f808700000,0x000000f808800000)]
  0x0000027d62bfd800 JavaThread "Incoming local TCP Connector on port 56517" [_thread_in_native, id=572, stack(0x000000f808a00000,0x000000f808b00000)]
  0x0000027d62298800 JavaThread "Daemon periodic checks" [_thread_blocked, id=1416, stack(0x000000f808b00000,0x000000f808c00000)]
  0x0000027d62af7000 JavaThread "Daemon" [_thread_blocked, id=10956, stack(0x000000f808c00000,0x000000f808d00000)]
  0x0000027d62afb000 JavaThread "Handler for socket connection from /127.0.0.1:56517 to /127.0.0.1:56518" [_thread_in_native, id=7896, stack(0x000000f808d00000,0x000000f808e00000)]
  0x0000027d62afc000 JavaThread "Cancel handler" [_thread_blocked, id=5772, stack(0x000000f808e00000,0x000000f808f00000)]
  0x0000027d62af6800 JavaThread "Daemon worker" [_thread_in_Java, id=2116, stack(0x000000f808f00000,0x000000f809000000)]
  0x0000027d62afd000 JavaThread "Asynchronous log dispatcher for DefaultDaemonConnection: socket connection from /127.0.0.1:56517 to /127.0.0.1:56518" [_thread_blocked, id=10080, stack(0x000000f809000000,0x000000f809100000)]
  0x0000027d62af8000 JavaThread "Stdin handler" [_thread_blocked, id=2220, stack(0x000000f809100000,0x000000f809200000)]
  0x0000027d62af9000 JavaThread "Daemon client event forwarder" [_thread_blocked, id=3480, stack(0x000000f809200000,0x000000f809300000)]
  0x0000027d62afa800 JavaThread "Cache worker for journal cache (C:\Users\almeida\.gradle\caches\journal-1)" [_thread_blocked, id=8744, stack(0x000000f809300000,0x000000f809400000)]
  0x0000027d62af9800 JavaThread "File lock request listener" [_thread_in_native, id=10836, stack(0x000000f809400000,0x000000f809500000)]
  0x0000027d61eee000 JavaThread "Cache worker for file hash cache (C:\Users\almeida\.gradle\caches\7.5.1\fileHashes)" [_thread_blocked, id=6120, stack(0x000000f807300000,0x000000f807400000)]
  0x0000027d61eea000 JavaThread "File watcher server" daemon [_thread_in_native, id=10252, stack(0x000000f809500000,0x000000f809600000)]
  0x0000027d61eeb000 JavaThread "File watcher consumer" daemon [_thread_blocked, id=11132, stack(0x000000f809600000,0x000000f809700000)]
  0x0000027d61eec000 JavaThread "Cache worker for checksums cache (C:\source\repos\C.A.P\client\android\.gradle\7.5.1\checksums)" [_thread_blocked, id=9688, stack(0x000000f809700000,0x000000f809800000)]
  0x0000027d61ee8800 JavaThread "Cache worker for cache directory md-rule (C:\Users\almeida\.gradle\caches\7.5.1\md-rule)" [_thread_blocked, id=2408, stack(0x000000f809800000,0x000000f809900000)]
  0x0000027d61eef000 JavaThread "Cache worker for file content cache (C:\Users\almeida\.gradle\caches\7.5.1\fileContent)" [_thread_blocked, id=6924, stack(0x000000f809900000,0x000000f809a00000)]
  0x0000027d61ee9800 JavaThread "Cache worker for file hash cache (C:\source\repos\C.A.P\client\android\.gradle\7.5.1\fileHashes)" [_thread_blocked, id=12340, stack(0x000000f809b00000,0x000000f809c00000)]
  0x0000027d61ef2800 JavaThread "Cache worker for cache directory md-supplier (C:\Users\almeida\.gradle\caches\7.5.1\md-supplier)" [_thread_blocked, id=8360, stack(0x000000f809e00000,0x000000f809f00000)]
  0x0000027d61ef1800 JavaThread "Cache worker for execution history cache (C:\Users\almeida\.gradle\caches\7.5.1\executionHistory)" [_thread_blocked, id=1412, stack(0x000000f809a00000,0x000000f809b00000)]
  0x0000027d61eec800 JavaThread "jar transforms" [_thread_blocked, id=9684, stack(0x000000f80a000000,0x000000f80a100000)]
  0x0000027d61ef3000 JavaThread "jar transforms Thread 2" [_thread_blocked, id=9672, stack(0x000000f80a100000,0x000000f80a200000)]
  0x0000027d61ef5000 JavaThread "jar transforms Thread 3" [_thread_blocked, id=10828, stack(0x000000f80a200000,0x000000f80a300000)]
  0x0000027d61ef5800 JavaThread "jar transforms Thread 4" [_thread_blocked, id=1708, stack(0x000000f80a300000,0x000000f80a400000)]
  0x0000027d61ef0000 JavaThread "Cache worker for kotlin-dsl (C:\Users\almeida\.gradle\caches\7.5.1\kotlin-dsl)" [_thread_blocked, id=12596, stack(0x000000f807200000,0x000000f807300000)]
  0x0000027d61ef6800 JavaThread "Cache worker for dependencies-accessors (C:\source\repos\C.A.P\client\android\.gradle\7.5.1\dependencies-accessors)" [_thread_blocked, id=12752, stack(0x000000f807400000,0x000000f807500000)]
  0x0000027d61ef0800 JavaThread "Cache worker for Build Output Cleanup Cache (C:\source\repos\C.A.P\client\node_modules\react-native-gradle-plugin\.gradle\buildOutputCleanup)" [_thread_blocked, id=12540, stack(0x000000f809f00000,0x000000f80a000000)]
  0x0000027d61ef7000 JavaThread "Unconstrained build operations" [_thread_blocked, id=12464, stack(0x000000f80a400000,0x000000f80a500000)]
  0x0000027d61ef4000 JavaThread "Unconstrained build operations Thread 2" [_thread_blocked, id=3548, stack(0x000000f80a500000,0x000000f80a600000)]
  0x0000027d6371c800 JavaThread "Unconstrained build operations Thread 3" [_thread_blocked, id=12300, stack(0x000000f80a600000,0x000000f80a700000)]
  0x0000027d63717000 JavaThread "Unconstrained build operations Thread 4" [_thread_blocked, id=1704, stack(0x000000f80a700000,0x000000f80a800000)]
  0x0000027d6371b000 JavaThread "Unconstrained build operations Thread 5" [_thread_blocked, id=600, stack(0x000000f80a800000,0x000000f80a900000)]
  0x0000027d6371d800 JavaThread "Unconstrained build operations Thread 6" [_thread_blocked, id=12440, stack(0x000000f80a900000,0x000000f80aa00000)]
  0x0000027d6371c000 JavaThread "Unconstrained build operations Thread 7" [_thread_blocked, id=2612, stack(0x000000f80aa00000,0x000000f80ab00000)]
  0x0000027d63719800 JavaThread "Unconstrained build operations Thread 8" [_thread_blocked, id=7096, stack(0x000000f80ab00000,0x000000f80ac00000)]
  0x0000027d63717800 JavaThread "Unconstrained build operations Thread 9" [_thread_blocked, id=828, stack(0x000000f80ac00000,0x000000f80ad00000)]
  0x0000027d6371e000 JavaThread "Unconstrained build operations Thread 10" [_thread_blocked, id=12176, stack(0x000000f80ad00000,0x000000f80ae00000)]
  0x0000027d63718800 JavaThread "Unconstrained build operations Thread 11" [_thread_blocked, id=8528, stack(0x000000f80ae00000,0x000000f80af00000)]
  0x0000027d6371f000 JavaThread "Unconstrained build operations Thread 12" [_thread_blocked, id=10508, stack(0x000000f80af00000,0x000000f80b000000)]
  0x0000027d63720000 JavaThread "Unconstrained build operations Thread 13" [_thread_blocked, id=8452, stack(0x000000f80b000000,0x000000f80b100000)]
  0x0000027d6371a000 JavaThread "Unconstrained build operations Thread 14" [_thread_blocked, id=212, stack(0x000000f80b100000,0x000000f80b200000)]
  0x0000027d63722800 JavaThread "Unconstrained build operations Thread 15" [_thread_blocked, id=12740, stack(0x000000f80b200000,0x000000f80b300000)]
  0x0000027d63725000 JavaThread "Unconstrained build operations Thread 16" [_thread_blocked, id=5952, stack(0x000000f80b300000,0x000000f80b400000)]
  0x0000027d63725800 JavaThread "Unconstrained build operations Thread 17" [_thread_blocked, id=11952, stack(0x000000f80b400000,0x000000f80b500000)]
  0x0000027d63723000 JavaThread "Unconstrained build operations Thread 18" [_thread_blocked, id=7844, stack(0x000000f80b500000,0x000000f80b600000)]
  0x0000027d63720800 JavaThread "Unconstrained build operations Thread 19" [_thread_blocked, id=8476, stack(0x000000f80b600000,0x000000f80b700000)]
  0x0000027d63724000 JavaThread "Unconstrained build operations Thread 20" [_thread_blocked, id=4828, stack(0x000000f80b700000,0x000000f80b800000)]
  0x0000027d63721800 JavaThread "Unconstrained build operations Thread 21" [_thread_blocked, id=8260, stack(0x000000f80b800000,0x000000f80b900000)]
  0x0000027d622d4800 JavaThread "Unconstrained build operations Thread 22" [_thread_blocked, id=1108, stack(0x000000f80b900000,0x000000f80ba00000)]
  0x0000027d622d3000 JavaThread "Unconstrained build operations Thread 23" [_thread_blocked, id=1680, stack(0x000000f80ba00000,0x000000f80bb00000)]
  0x0000027d622d6000 JavaThread "Unconstrained build operations Thread 24" [_thread_blocked, id=3680, stack(0x000000f80bb00000,0x000000f80bc00000)]
  0x0000027d622d4000 JavaThread "Unconstrained build operations Thread 25" [_thread_blocked, id=12388, stack(0x000000f80bc00000,0x000000f80bd00000)]
  0x0000027d622d5800 JavaThread "Unconstrained build operations Thread 26" [_thread_blocked, id=2008, stack(0x000000f80bd00000,0x000000f80be00000)]
  0x0000027d622d7000 JavaThread "Unconstrained build operations Thread 27" [_thread_blocked, id=2512, stack(0x000000f80be00000,0x000000f80bf00000)]
  0x0000027d622d8000 JavaThread "Unconstrained build operations Thread 28" [_thread_blocked, id=8704, stack(0x000000f80bf00000,0x000000f80c000000)]
  0x0000027d622d2000 JavaThread "Unconstrained build operations Thread 29" [_thread_blocked, id=9068, stack(0x000000f80c000000,0x000000f80c100000)]
  0x0000027d622dd800 JavaThread "Unconstrained build operations Thread 30" [_thread_blocked, id=3320, stack(0x000000f80c100000,0x000000f80c200000)]
  0x0000027d622dc000 JavaThread "Unconstrained build operations Thread 31" [_thread_blocked, id=1284, stack(0x000000f80c200000,0x000000f80c300000)]
  0x0000027d622dd000 JavaThread "Unconstrained build operations Thread 32" [_thread_blocked, id=12328, stack(0x000000f80c300000,0x000000f80c400000)]
  0x0000027d622de800 JavaThread "Unconstrained build operations Thread 33" [_thread_blocked, id=5968, stack(0x000000f80c400000,0x000000f80c500000)]
  0x0000027d622d8800 JavaThread "build event listener" [_thread_blocked, id=9640, stack(0x000000f80c500000,0x000000f80c600000)]
  0x0000027d622d9800 JavaThread "Memory manager" [_thread_blocked, id=4432, stack(0x000000f80c700000,0x000000f80c800000)]
  0x0000027d622df000 JavaThread "Cache worker for Build Output Cleanup Cache (C:\source\repos\C.A.P\client\android\.gradle\buildOutputCleanup)" [_thread_blocked, id=11328, stack(0x000000f80c800000,0x000000f80c900000)]
  0x0000027d622da800 JavaThread "Execution worker" [_thread_blocked, id=11544, stack(0x000000f80c900000,0x000000f80ca00000)]
  0x0000027d622e1000 JavaThread "Execution worker Thread 2" [_thread_blocked, id=640, stack(0x000000f80ca00000,0x000000f80cb00000)]
  0x0000027d622db000 JavaThread "Execution worker Thread 3" [_thread_blocked, id=12264, stack(0x000000f80cb00000,0x000000f80cc00000)]
  0x0000027d68f3b800 JavaThread "Cache worker for execution history cache (C:\source\repos\C.A.P\client\node_modules\react-native-gradle-plugin\.gradle\7.5.1\executionHistory)" [_thread_blocked, id=9160, stack(0x000000f80cc00000,0x000000f80cd00000)]
  0x0000027d68f3c800 JavaThread "Unconstrained build operations Thread 34" [_thread_blocked, id=12736, stack(0x000000f80cd00000,0x000000f80ce00000)]
  0x0000027d68f39000 JavaThread "Unconstrained build operations Thread 35" [_thread_blocked, id=10676, stack(0x000000f80ce00000,0x000000f80cf00000)]
  0x0000027d68f3e000 JavaThread "Unconstrained build operations Thread 36" [_thread_blocked, id=5064, stack(0x000000f80cf00000,0x000000f80d000000)]
  0x0000027d68f3f800 JavaThread "Unconstrained build operations Thread 37" [_thread_blocked, id=8348, stack(0x000000f80d000000,0x000000f80d100000)]
  0x0000027d68f3d000 JavaThread "Unconstrained build operations Thread 38" [_thread_blocked, id=12988, stack(0x000000f80d100000,0x000000f80d200000)]
  0x0000027d68f3e800 JavaThread "Unconstrained build operations Thread 39" [_thread_blocked, id=1872, stack(0x000000f80d200000,0x000000f80d300000)]
  0x0000027d68f3a000 JavaThread "Unconstrained build operations Thread 40" [_thread_blocked, id=9512, stack(0x000000f80d300000,0x000000f80d400000)]
  0x0000027d68f40800 JavaThread "build event listener" [_thread_blocked, id=6464, stack(0x000000f80c600000,0x000000f80c700000)]
  0x0000027d6ce35800 JavaThread "C2 CompilerThread1" daemon [_thread_in_native, id=11524, stack(0x000000f80d400000,0x000000f80d500000)]

Other Threads:
  0x0000027d609b0800 VMThread "VM Thread" [stack: 0x000000f807b00000,0x000000f807c00000] [id=10260]
  0x0000027d60cca800 WatcherThread [stack: 0x000000f808500000,0x000000f808600000] [id=8852]
  0x0000027d419ba800 GCTaskThread "GC Thread#0" [stack: 0x000000f807600000,0x000000f807700000] [id=1920]
  0x0000027d60d1f800 GCTaskThread "GC Thread#1" [stack: 0x000000f808600000,0x000000f808700000] [id=12188]
  0x0000027d62bee000 GCTaskThread "GC Thread#2" [stack: 0x000000f808800000,0x000000f808900000] [id=11364]
  0x0000027d6192f800 GCTaskThread "GC Thread#3" [stack: 0x000000f808900000,0x000000f808a00000] [id=984]
  0x0000027d419ec800 ConcurrentGCThread "G1 Main Marker" [stack: 0x000000f807700000,0x000000f807800000] [id=10116]
  0x0000027d419ee000 ConcurrentGCThread "G1 Conc#0" [stack: 0x000000f807800000,0x000000f807900000] [id=3188]
  0x0000027d41a49000 ConcurrentGCThread "G1 Refine#0" [stack: 0x000000f807900000,0x000000f807a00000] [id=8848]
  0x0000027d41a4a000 ConcurrentGCThread "G1 Young RemSet Sampling" [stack: 0x000000f807a00000,0x000000f807b00000] [id=12968]

Threads with active compile tasks:
C2 CompilerThread0   269849 11370 %     4       groovy.lang.MetaClassImpl::applyStrayPropertyMethods @ 57 (288 bytes)
C2 CompilerThread1   269849 11428       4       java.util.regex.Pattern::compile (498 bytes)

VM state:not at safepoint (normal execution)

VM Mutex/Monitor currently owned by a thread: None

Heap address: 0x0000000080000000, size: 2048 MB, Compressed Oops mode: 32-bit
Narrow klass base: 0x0000000000000000, Narrow klass shift: 3
Compressed class space size: 528482304 Address: 0x0000000100000000

Heap:
 garbage-first heap   total 176128K, used 142542K [0x0000000080000000, 0x0000000100000000)
  region size 1024K, 12 young (12288K), 1 survivors (1024K)
 Metaspace       used 95391K, capacity 98673K, committed 98896K, reserved 602112K
  class space    used 12528K, capacity 13802K, committed 13824K, reserved 516096K
Heap Regions: E=young(eden), S=young(survivor), O=old, HS=humongous(starts), HC=humongous(continues), CS=collection set, F=free, A=archive, TAMS=top-at-mark-start (previous, next)
|   0|0x0000000080000000, 0x0000000080100000, 0x0000000080100000|100%|HS|  |TAMS 0x0000000080100000, 0x0000000080000000| Complete 
|   1|0x0000000080100000, 0x0000000080200000, 0x0000000080200000|100%|HC|  |TAMS 0x0000000080200000, 0x0000000080100000| Complete 
|   2|0x0000000080200000, 0x0000000080300000, 0x0000000080300000|100%|HC|  |TAMS 0x0000000080300000, 0x0000000080200000| Complete 
|   3|0x0000000080300000, 0x0000000080400000, 0x0000000080400000|100%| O|  |TAMS 0x0000000080400000, 0x0000000080300000| Untracked 
|   4|0x0000000080400000, 0x0000000080500000, 0x0000000080500000|100%| O|  |TAMS 0x0000000080500000, 0x0000000080400000| Untracked 
|   5|0x0000000080500000, 0x0000000080600000, 0x0000000080600000|100%| O|  |TAMS 0x0000000080600000, 0x0000000080500000| Untracked 
|   6|0x0000000080600000, 0x0000000080700000, 0x0000000080700000|100%| O|  |TAMS 0x0000000080700000, 0x0000000080600000| Untracked 
|   7|0x0000000080700000, 0x0000000080800000, 0x0000000080800000|100%| O|  |TAMS 0x0000000080800000, 0x0000000080700000| Complete 
|   8|0x0000000080800000, 0x0000000080900000, 0x0000000080900000|100%| O|  |TAMS 0x0000000080900000, 0x0000000080800000| Untracked 
|   9|0x0000000080900000, 0x0000000080a00000, 0x0000000080a00000|100%| O|  |TAMS 0x0000000080a00000, 0x0000000080900000| Untracked 
|  10|0x0000000080a00000, 0x0000000080b00000, 0x0000000080b00000|100%| O|  |TAMS 0x0000000080b00000, 0x0000000080a00000| Untracked 
|  11|0x0000000080b00000, 0x0000000080c00000, 0x0000000080c00000|100%| O|  |TAMS 0x0000000080c00000, 0x0000000080b00000| Untracked 
|  12|0x0000000080c00000, 0x0000000080d00000, 0x0000000080d00000|100%| O|  |TAMS 0x0000000080d00000, 0x0000000080c00000| Untracked 
|  13|0x0000000080d00000, 0x0000000080e00000, 0x0000000080e00000|100%| O|  |TAMS 0x0000000080e00000, 0x0000000080d00000| Untracked 
|  14|0x0000000080e00000, 0x0000000080f00000, 0x0000000080f00000|100%| O|  |TAMS 0x0000000080f00000, 0x0000000080e00000| Complete 
|  15|0x0000000080f00000, 0x0000000081000000, 0x0000000081000000|100%| O|  |TAMS 0x0000000081000000, 0x0000000080f00000| Untracked 
|  16|0x0000000081000000, 0x0000000081100000, 0x0000000081100000|100%| O|  |TAMS 0x0000000081100000, 0x0000000081000000| Untracked 
|  17|0x0000000081100000, 0x0000000081200000, 0x0000000081200000|100%| O|  |TAMS 0x0000000081200000, 0x0000000081100000| Untracked 
|  18|0x0000000081200000, 0x0000000081300000, 0x0000000081300000|100%| O|  |TAMS 0x0000000081300000, 0x0000000081200000| Complete 
|  19|0x0000000081300000, 0x0000000081400000, 0x0000000081400000|100%| O|  |TAMS 0x0000000081400000, 0x0000000081300000| Untracked 
|  20|0x0000000081400000, 0x0000000081500000, 0x0000000081500000|100%| O|  |TAMS 0x0000000081500000, 0x0000000081400000| Complete 
|  21|0x0000000081500000, 0x0000000081600000, 0x0000000081600000|100%| O|  |TAMS 0x0000000081600000, 0x0000000081500000| Complete 
|  22|0x0000000081600000, 0x0000000081700000, 0x0000000081700000|100%| O|  |TAMS 0x0000000081700000, 0x0000000081600000| Untracked 
|  23|0x0000000081700000, 0x0000000081800000, 0x0000000081800000|100%| O|  |TAMS 0x0000000081800000, 0x0000000081700000| Complete 
|  24|0x0000000081800000, 0x0000000081900000, 0x0000000081900000|100%| O|  |TAMS 0x0000000081900000, 0x0000000081800000| Untracked 
|  25|0x0000000081900000, 0x0000000081a00000, 0x0000000081a00000|100%| O|  |TAMS 0x0000000081a00000, 0x0000000081900000| Untracked 
|  26|0x0000000081a00000, 0x0000000081b00000, 0x0000000081b00000|100%| O|  |TAMS 0x0000000081b00000, 0x0000000081a00000| Untracked 
|  27|0x0000000081b00000, 0x0000000081c00000, 0x0000000081c00000|100%| O|  |TAMS 0x0000000081c00000, 0x0000000081b00000| Untracked 
|  28|0x0000000081c00000, 0x0000000081d00000, 0x0000000081d00000|100%| O|  |TAMS 0x0000000081d00000, 0x0000000081c00000| Untracked 
|  29|0x0000000081d00000, 0x0000000081e00000, 0x0000000081e00000|100%| O|  |TAMS 0x0000000081e00000, 0x0000000081d00000| Complete 
|  30|0x0000000081e00000, 0x0000000081f00000, 0x0000000081f00000|100%| O|  |TAMS 0x0000000081f00000, 0x0000000081e00000| Complete 
|  31|0x0000000081f00000, 0x0000000082000000, 0x0000000082000000|100%| O|  |TAMS 0x0000000082000000, 0x0000000081f00000| Complete 
|  32|0x0000000082000000, 0x0000000082100000, 0x0000000082100000|100%| O|  |TAMS 0x0000000082100000, 0x0000000082000000| Untracked 
|  33|0x0000000082100000, 0x0000000082200000, 0x0000000082200000|100%| O|  |TAMS 0x0000000082200000, 0x0000000082100000| Complete 
|  34|0x0000000082200000, 0x0000000082300000, 0x0000000082300000|100%|HS|  |TAMS 0x0000000082300000, 0x0000000082200000| Complete 
|  35|0x0000000082300000, 0x0000000082400000, 0x0000000082400000|100%| O|  |TAMS 0x0000000082400000, 0x0000000082300000| Complete 
|  36|0x0000000082400000, 0x0000000082500000, 0x0000000082500000|100%|HS|  |TAMS 0x0000000082500000, 0x0000000082400000| Complete 
|  37|0x0000000082500000, 0x0000000082600000, 0x0000000082600000|100%|HC|  |TAMS 0x0000000082600000, 0x0000000082500000| Complete 
|  38|0x0000000082600000, 0x0000000082700000, 0x0000000082700000|100%|HC|  |TAMS 0x0000000082700000, 0x0000000082600000| Complete 
|  39|0x0000000082700000, 0x0000000082800000, 0x0000000082800000|100%| O|  |TAMS 0x0000000082800000, 0x0000000082700000| Untracked 
|  40|0x0000000082800000, 0x0000000082900000, 0x0000000082900000|100%| O|  |TAMS 0x0000000082900000, 0x0000000082800000| Untracked 
|  41|0x0000000082900000, 0x0000000082a00000, 0x0000000082a00000|100%| O|  |TAMS 0x0000000082a00000, 0x0000000082900000| Untracked 
|  42|0x0000000082a00000, 0x0000000082b00000, 0x0000000082b00000|100%| O|  |TAMS 0x0000000082b00000, 0x0000000082a00000| Untracked 
|  43|0x0000000082b00000, 0x0000000082c00000, 0x0000000082c00000|100%| O|  |TAMS 0x0000000082c00000, 0x0000000082b00000| Untracked 
|  44|0x0000000082c00000, 0x0000000082d00000, 0x0000000082d00000|100%| O|  |TAMS 0x0000000082d00000, 0x0000000082c00000| Complete 
|  45|0x0000000082d00000, 0x0000000082e00000, 0x0000000082e00000|100%|HS|  |TAMS 0x0000000082d00000, 0x0000000082d00000| Complete 
|  46|0x0000000082e00000, 0x0000000082f00000, 0x0000000082f00000|100%| O|  |TAMS 0x0000000082f00000, 0x0000000082e00000| Untracked 
|  47|0x0000000082f00000, 0x0000000083000000, 0x0000000083000000|100%| O|  |TAMS 0x0000000083000000, 0x0000000082f00000| Untracked 
|  48|0x0000000083000000, 0x0000000083100000, 0x0000000083100000|100%| O|  |TAMS 0x0000000083100000, 0x0000000083000000| Untracked 
|  49|0x0000000083100000, 0x0000000083200000, 0x0000000083200000|100%| O|  |TAMS 0x0000000083200000, 0x0000000083100000| Untracked 
|  50|0x0000000083200000, 0x0000000083300000, 0x0000000083300000|100%| O|  |TAMS 0x0000000083300000, 0x0000000083200000| Untracked 
|  51|0x0000000083300000, 0x0000000083400000, 0x0000000083400000|100%| O|  |TAMS 0x0000000083400000, 0x0000000083300000| Untracked 
|  52|0x0000000083400000, 0x0000000083500000, 0x0000000083500000|100%| O|  |TAMS 0x0000000083500000, 0x0000000083400000| Untracked 
|  53|0x0000000083500000, 0x0000000083600000, 0x0000000083600000|100%| O|  |TAMS 0x0000000083600000, 0x0000000083500000| Untracked 
|  54|0x0000000083600000, 0x0000000083700000, 0x0000000083700000|100%| O|  |TAMS 0x0000000083700000, 0x0000000083600000| Complete 
|  55|0x0000000083700000, 0x0000000083800000, 0x0000000083800000|100%|HS|  |TAMS 0x0000000083800000, 0x0000000083700000| Complete 
|  56|0x0000000083800000, 0x0000000083900000, 0x0000000083900000|100%|HS|  |TAMS 0x0000000083900000, 0x0000000083800000| Complete 
|  57|0x0000000083900000, 0x0000000083a00000, 0x0000000083a00000|100%|HS|  |TAMS 0x0000000083a00000, 0x0000000083900000| Complete 
|  58|0x0000000083a00000, 0x0000000083b00000, 0x0000000083b00000|100%| O|  |TAMS 0x0000000083b00000, 0x0000000083a00000| Complete 
|  59|0x0000000083b00000, 0x0000000083c00000, 0x0000000083c00000|100%|HS|  |TAMS 0x0000000083c00000, 0x0000000083b00000| Complete 
|  60|0x0000000083c00000, 0x0000000083d00000, 0x0000000083d00000|100%|HC|  |TAMS 0x0000000083d00000, 0x0000000083c00000| Complete 
|  61|0x0000000083d00000, 0x0000000083e00000, 0x0000000083e00000|100%|HC|  |TAMS 0x0000000083e00000, 0x0000000083d00000| Complete 
|  62|0x0000000083e00000, 0x0000000083f00000, 0x0000000083f00000|100%| O|  |TAMS 0x0000000083f00000, 0x0000000083e00000| Untracked 
|  63|0x0000000083f00000, 0x0000000084000000, 0x0000000084000000|100%|HS|  |TAMS 0x0000000084000000, 0x0000000083f00000| Complete 
|  64|0x0000000084000000, 0x0000000084100000, 0x0000000084100000|100%|HC|  |TAMS 0x0000000084100000, 0x0000000084000000| Complete 
|  65|0x0000000084100000, 0x0000000084200000, 0x0000000084200000|100%| O|  |TAMS 0x0000000084200000, 0x0000000084100000| Complete 
|  66|0x0000000084200000, 0x0000000084300000, 0x0000000084300000|100%| O|  |TAMS 0x0000000084300000, 0x0000000084200000| Untracked 
|  67|0x0000000084300000, 0x0000000084400000, 0x0000000084400000|100%| O|  |TAMS 0x0000000084400000, 0x0000000084300000| Complete 
|  68|0x0000000084400000, 0x0000000084500000, 0x0000000084500000|100%| O|  |TAMS 0x0000000084500000, 0x0000000084400000| Complete 
|  69|0x0000000084500000, 0x0000000084600000, 0x0000000084600000|100%| O|  |TAMS 0x0000000084600000, 0x0000000084500000| Complete 
|  70|0x0000000084600000, 0x0000000084700000, 0x0000000084700000|100%| O|  |TAMS 0x0000000084700000, 0x0000000084600000| Untracked 
|  71|0x0000000084700000, 0x0000000084800000, 0x0000000084800000|100%| O|  |TAMS 0x0000000084800000, 0x0000000084700000| Complete 
|  72|0x0000000084800000, 0x0000000084900000, 0x0000000084900000|100%| O|  |TAMS 0x0000000084900000, 0x0000000084800000| Untracked 
|  73|0x0000000084900000, 0x0000000084a00000, 0x0000000084a00000|100%| O|  |TAMS 0x0000000084a00000, 0x0000000084900000| Complete 
|  74|0x0000000084a00000, 0x0000000084b00000, 0x0000000084b00000|100%| O|  |TAMS 0x0000000084b00000, 0x0000000084a00000| Untracked 
|  75|0x0000000084b00000, 0x0000000084c00000, 0x0000000084c00000|100%| O|  |TAMS 0x0000000084c00000, 0x0000000084b00000| Untracked 
|  76|0x0000000084c00000, 0x0000000084d00000, 0x0000000084d00000|100%| O|  |TAMS 0x0000000084d00000, 0x0000000084c00000| Untracked 
|  77|0x0000000084d00000, 0x0000000084e00000, 0x0000000084e00000|100%| O|  |TAMS 0x0000000084e00000, 0x0000000084d00000| Untracked 
|  78|0x0000000084e00000, 0x0000000084f00000, 0x0000000084f00000|100%| O|  |TAMS 0x0000000084f00000, 0x0000000084e00000| Untracked 
|  79|0x0000000084f00000, 0x0000000085000000, 0x0000000085000000|100%| O|  |TAMS 0x0000000085000000, 0x0000000084f00000| Untracked 
|  80|0x0000000085000000, 0x0000000085100000, 0x0000000085100000|100%| O|  |TAMS 0x0000000085100000, 0x0000000085000000| Untracked 
|  81|0x0000000085100000, 0x0000000085200000, 0x0000000085200000|100%| O|  |TAMS 0x0000000085200000, 0x0000000085100000| Untracked 
|  82|0x0000000085200000, 0x0000000085300000, 0x0000000085300000|100%| O|  |TAMS 0x0000000085300000, 0x0000000085200000| Untracked 
|  83|0x0000000085300000, 0x0000000085400000, 0x0000000085400000|100%| O|  |TAMS 0x0000000085400000, 0x0000000085300000| Untracked 
|  84|0x0000000085400000, 0x0000000085500000, 0x0000000085500000|100%| O|  |TAMS 0x0000000085500000, 0x0000000085400000| Untracked 
|  85|0x0000000085500000, 0x0000000085600000, 0x0000000085600000|100%| O|  |TAMS 0x0000000085600000, 0x0000000085500000| Untracked 
|  86|0x0000000085600000, 0x0000000085700000, 0x0000000085700000|100%| O|  |TAMS 0x0000000085700000, 0x0000000085600000| Untracked 
|  87|0x0000000085700000, 0x0000000085800000, 0x0000000085800000|100%| O|  |TAMS 0x0000000085800000, 0x0000000085700000| Untracked 
|  88|0x0000000085800000, 0x0000000085900000, 0x0000000085900000|100%| O|  |TAMS 0x0000000085900000, 0x0000000085800000| Untracked 
|  89|0x0000000085900000, 0x0000000085a00000, 0x0000000085a00000|100%| O|  |TAMS 0x0000000085a00000, 0x0000000085900000| Untracked 
|  90|0x0000000085a00000, 0x0000000085b00000, 0x0000000085b00000|100%| O|  |TAMS 0x0000000085b00000, 0x0000000085a00000| Untracked 
|  91|0x0000000085b00000, 0x0000000085c00000, 0x0000000085c00000|100%| O|  |TAMS 0x0000000085c00000, 0x0000000085b00000| Untracked 
|  92|0x0000000085c00000, 0x0000000085d00000, 0x0000000085d00000|100%|HS|  |TAMS 0x0000000085d00000, 0x0000000085c00000| Complete 
|  93|0x0000000085d00000, 0x0000000085e00000, 0x0000000085e00000|100%|HC|  |TAMS 0x0000000085e00000, 0x0000000085d00000| Complete 
|  94|0x0000000085e00000, 0x0000000085f00000, 0x0000000085f00000|100%|HC|  |TAMS 0x0000000085f00000, 0x0000000085e00000| Complete 
|  95|0x0000000085f00000, 0x0000000086000000, 0x0000000086000000|100%|HS|  |TAMS 0x0000000086000000, 0x0000000085f00000| Complete 
|  96|0x0000000086000000, 0x0000000086100000, 0x0000000086100000|100%|HC|  |TAMS 0x0000000086100000, 0x0000000086000000| Complete 
|  97|0x0000000086100000, 0x0000000086200000, 0x0000000086200000|100%| O|  |TAMS 0x0000000086200000, 0x0000000086100000| Complete 
|  98|0x0000000086200000, 0x0000000086300000, 0x0000000086300000|100%| O|  |TAMS 0x0000000086300000, 0x0000000086200000| Untracked 
|  99|0x0000000086300000, 0x0000000086400000, 0x0000000086400000|100%| O|  |TAMS 0x0000000086400000, 0x0000000086300000| Untracked 
| 100|0x0000000086400000, 0x0000000086500000, 0x0000000086500000|100%| O|  |TAMS 0x0000000086500000, 0x0000000086400000| Untracked 
| 101|0x0000000086500000, 0x0000000086600000, 0x0000000086600000|100%| O|  |TAMS 0x0000000086600000, 0x0000000086500000| Complete 
| 102|0x0000000086600000, 0x0000000086700000, 0x0000000086700000|100%| O|  |TAMS 0x0000000086700000, 0x0000000086600000| Untracked 
| 103|0x0000000086700000, 0x0000000086800000, 0x0000000086800000|100%| O|  |TAMS 0x0000000086800000, 0x0000000086700000| Untracked 
| 104|0x0000000086800000, 0x0000000086900000, 0x0000000086900000|100%| O|  |TAMS 0x0000000086900000, 0x0000000086800000| Untracked 
| 105|0x0000000086900000, 0x0000000086a00000, 0x0000000086a00000|100%| O|  |TAMS 0x0000000086a00000, 0x0000000086900000| Untracked 
| 106|0x0000000086a00000, 0x0000000086b00000, 0x0000000086b00000|100%| O|  |TAMS 0x0000000086b00000, 0x0000000086a00000| Complete 
| 107|0x0000000086b00000, 0x0000000086c00000, 0x0000000086c00000|100%| O|  |TAMS 0x0000000086c00000, 0x0000000086b00000| Complete 
| 108|0x0000000086c00000, 0x0000000086d00000, 0x0000000086d00000|100%| O|  |TAMS 0x0000000086d00000, 0x0000000086c00000| Untracked 
| 109|0x0000000086d00000, 0x0000000086e00000, 0x0000000086e00000|100%| O|  |TAMS 0x0000000086e00000, 0x0000000086d00000| Untracked 
| 110|0x0000000086e00000, 0x0000000086f00000, 0x0000000086f00000|100%| O|  |TAMS 0x0000000086f00000, 0x0000000086e00000| Untracked 
| 111|0x0000000086f00000, 0x0000000087000000, 0x0000000087000000|100%| O|  |TAMS 0x0000000087000000, 0x0000000086f00000| Complete 
| 112|0x0000000087000000, 0x0000000087100000, 0x0000000087100000|100%| O|  |TAMS 0x0000000087100000, 0x0000000087000000| Untracked 
| 113|0x0000000087100000, 0x0000000087200000, 0x0000000087200000|100%| O|  |TAMS 0x0000000087200000, 0x0000000087100000| Complete 
| 114|0x0000000087200000, 0x0000000087300000, 0x0000000087300000|100%| O|  |TAMS 0x0000000087300000, 0x0000000087200000| Complete 
| 115|0x0000000087300000, 0x0000000087400000, 0x0000000087400000|100%| O|  |TAMS 0x0000000087400000, 0x0000000087300000| Complete 
| 116|0x0000000087400000, 0x0000000087500000, 0x0000000087500000|100%| O|  |TAMS 0x0000000087500000, 0x0000000087400000| Complete 
| 117|0x0000000087500000, 0x0000000087600000, 0x0000000087600000|100%| O|  |TAMS 0x0000000087600000, 0x0000000087500000| Untracked 
| 118|0x0000000087600000, 0x0000000087700000, 0x0000000087700000|100%| O|  |TAMS 0x000000008760ba00, 0x0000000087600000| Untracked 
| 119|0x0000000087700000, 0x0000000087800000, 0x0000000087800000|100%|HS|  |TAMS 0x0000000087700000, 0x0000000087700000| Complete 
| 120|0x0000000087800000, 0x0000000087900000, 0x0000000087900000|100%|HS|  |TAMS 0x0000000087800000, 0x0000000087800000| Complete 
| 121|0x0000000087900000, 0x0000000087a00000, 0x0000000087a00000|100%|HS|  |TAMS 0x0000000087900000, 0x0000000087900000| Complete 
| 122|0x0000000087a00000, 0x0000000087b00000, 0x0000000087b00000|100%|HC|  |TAMS 0x0000000087a00000, 0x0000000087a00000| Complete 
| 123|0x0000000087b00000, 0x0000000087c00000, 0x0000000087c00000|100%|HC|  |TAMS 0x0000000087b00000, 0x0000000087b00000| Complete 
| 124|0x0000000087c00000, 0x0000000087d00000, 0x0000000087d00000|100%| O|  |TAMS 0x0000000087c00000, 0x0000000087c00000| Untracked 
| 125|0x0000000087d00000, 0x0000000087e00000, 0x0000000087e00000|100%| O|  |TAMS 0x0000000087d00000, 0x0000000087d00000| Untracked 
| 126|0x0000000087e00000, 0x0000000087f00000, 0x0000000087f00000|100%| O|  |TAMS 0x0000000087e00000, 0x0000000087e00000| Untracked 
| 127|0x0000000087f00000, 0x0000000088000000, 0x0000000088000000|100%| O|  |TAMS 0x0000000087f00000, 0x0000000087f00000| Untracked 
| 128|0x0000000088000000, 0x0000000088033a00, 0x0000000088100000| 20%| O|  |TAMS 0x0000000088000000, 0x0000000088000000| Untracked 
| 129|0x0000000088100000, 0x0000000088100000, 0x0000000088200000|  0%| F|  |TAMS 0x0000000088100000, 0x0000000088100000| Untracked 
| 130|0x0000000088200000, 0x0000000088200000, 0x0000000088300000|  0%| F|  |TAMS 0x0000000088200000, 0x0000000088200000| Untracked 
| 131|0x0000000088300000, 0x0000000088300000, 0x0000000088400000|  0%| F|  |TAMS 0x0000000088300000, 0x0000000088300000| Untracked 
| 132|0x0000000088400000, 0x0000000088400000, 0x0000000088500000|  0%| F|  |TAMS 0x0000000088400000, 0x0000000088400000| Untracked 
| 133|0x0000000088500000, 0x0000000088500000, 0x0000000088600000|  0%| F|  |TAMS 0x0000000088500000, 0x0000000088500000| Untracked 
| 134|0x0000000088600000, 0x0000000088600000, 0x0000000088700000|  0%| F|  |TAMS 0x0000000088600000, 0x0000000088600000| Untracked 
| 135|0x0000000088700000, 0x0000000088800000, 0x0000000088800000|100%| S|CS|TAMS 0x0000000088700000, 0x0000000088700000| Complete 
| 136|0x0000000088800000, 0x0000000088800000, 0x0000000088900000|  0%| F|  |TAMS 0x0000000088800000, 0x0000000088800000| Untracked 
| 137|0x0000000088900000, 0x0000000088900000, 0x0000000088a00000|  0%| F|  |TAMS 0x0000000088900000, 0x0000000088900000| Untracked 
| 138|0x0000000088a00000, 0x0000000088a00000, 0x0000000088b00000|  0%| F|  |TAMS 0x0000000088a00000, 0x0000000088a00000| Untracked 
| 139|0x0000000088b00000, 0x0000000088b00000, 0x0000000088c00000|  0%| F|  |TAMS 0x0000000088b00000, 0x0000000088b00000| Untracked 
| 140|0x0000000088c00000, 0x0000000088c00000, 0x0000000088d00000|  0%| F|  |TAMS 0x0000000088c00000, 0x0000000088c00000| Untracked 
| 141|0x0000000088d00000, 0x0000000088d00000, 0x0000000088e00000|  0%| F|  |TAMS 0x0000000088d00000, 0x0000000088d00000| Untracked 
| 142|0x0000000088e00000, 0x0000000088e00000, 0x0000000088f00000|  0%| F|  |TAMS 0x0000000088e00000, 0x0000000088e00000| Untracked 
| 143|0x0000000088f00000, 0x0000000088f00000, 0x0000000089000000|  0%| F|  |TAMS 0x0000000088f00000, 0x0000000088f00000| Untracked 
| 144|0x0000000089000000, 0x0000000089000000, 0x0000000089100000|  0%| F|  |TAMS 0x0000000089000000, 0x0000000089000000| Untracked 
| 145|0x0000000089100000, 0x0000000089100000, 0x0000000089200000|  0%| F|  |TAMS 0x0000000089100000, 0x0000000089100000| Untracked 
| 146|0x0000000089200000, 0x0000000089200000, 0x0000000089300000|  0%| F|  |TAMS 0x0000000089200000, 0x0000000089200000| Untracked 
| 147|0x0000000089300000, 0x0000000089300000, 0x0000000089400000|  0%| F|  |TAMS 0x0000000089300000, 0x0000000089300000| Untracked 
| 148|0x0000000089400000, 0x0000000089400000, 0x0000000089500000|  0%| F|  |TAMS 0x0000000089400000, 0x0000000089400000| Untracked 
| 149|0x0000000089500000, 0x0000000089500000, 0x0000000089600000|  0%| F|  |TAMS 0x0000000089500000, 0x0000000089500000| Untracked 
| 150|0x0000000089600000, 0x0000000089600000, 0x0000000089700000|  0%| F|  |TAMS 0x0000000089600000, 0x0000000089600000| Untracked 
| 151|0x0000000089700000, 0x0000000089700000, 0x0000000089800000|  0%| F|  |TAMS 0x0000000089700000, 0x0000000089700000| Untracked 
| 152|0x0000000089800000, 0x0000000089800000, 0x0000000089900000|  0%| F|  |TAMS 0x0000000089800000, 0x0000000089800000| Untracked 
| 153|0x0000000089900000, 0x0000000089900000, 0x0000000089a00000|  0%| F|  |TAMS 0x0000000089900000, 0x0000000089900000| Untracked 
| 154|0x0000000089a00000, 0x0000000089a00000, 0x0000000089b00000|  0%| F|  |TAMS 0x0000000089a00000, 0x0000000089a00000| Untracked 
| 155|0x0000000089b00000, 0x0000000089b00000, 0x0000000089c00000|  0%| F|  |TAMS 0x0000000089b00000, 0x0000000089b00000| Untracked 
| 156|0x0000000089c00000, 0x0000000089c00000, 0x0000000089d00000|  0%| F|  |TAMS 0x0000000089c00000, 0x0000000089c00000| Untracked 
| 157|0x0000000089d00000, 0x0000000089d00000, 0x0000000089e00000|  0%| F|  |TAMS 0x0000000089d00000, 0x0000000089d00000| Untracked 
| 158|0x0000000089e00000, 0x0000000089e00000, 0x0000000089f00000|  0%| F|  |TAMS 0x0000000089e00000, 0x0000000089e00000| Untracked 
| 159|0x0000000089f00000, 0x0000000089f00000, 0x000000008a000000|  0%| F|  |TAMS 0x0000000089f00000, 0x0000000089f00000| Untracked 
| 160|0x000000008a000000, 0x000000008a000000, 0x000000008a100000|  0%| F|  |TAMS 0x000000008a000000, 0x000000008a000000| Untracked 
| 161|0x000000008a100000, 0x000000008a200000, 0x000000008a200000|100%| E|  |TAMS 0x000000008a100000, 0x000000008a100000| Complete 
| 162|0x000000008a200000, 0x000000008a300000, 0x000000008a300000|100%| E|CS|TAMS 0x000000008a200000, 0x000000008a200000| Complete 
| 163|0x000000008a300000, 0x000000008a400000, 0x000000008a400000|100%| E|CS|TAMS 0x000000008a300000, 0x000000008a300000| Complete 
| 164|0x000000008a400000, 0x000000008a500000, 0x000000008a500000|100%| E|CS|TAMS 0x000000008a400000, 0x000000008a400000| Complete 
| 165|0x000000008a500000, 0x000000008a600000, 0x000000008a600000|100%| E|CS|TAMS 0x000000008a500000, 0x000000008a500000| Complete 
| 166|0x000000008a600000, 0x000000008a700000, 0x000000008a700000|100%| E|CS|TAMS 0x000000008a600000, 0x000000008a600000| Complete 
| 167|0x000000008a700000, 0x000000008a800000, 0x000000008a800000|100%| E|CS|TAMS 0x000000008a700000, 0x000000008a700000| Complete 
| 168|0x000000008a800000, 0x000000008a900000, 0x000000008a900000|100%| E|CS|TAMS 0x000000008a800000, 0x000000008a800000| Complete 
| 169|0x000000008a900000, 0x000000008aa00000, 0x000000008aa00000|100%| E|CS|TAMS 0x000000008a900000, 0x000000008a900000| Complete 
| 170|0x000000008aa00000, 0x000000008ab00000, 0x000000008ab00000|100%| E|CS|TAMS 0x000000008aa00000, 0x000000008aa00000| Complete 
| 171|0x000000008ab00000, 0x000000008ac00000, 0x000000008ac00000|100%| E|CS|TAMS 0x000000008ab00000, 0x000000008ab00000| Complete 

Card table byte_map: [0x0000027d59520000,0x0000027d59920000] _byte_map_base: 0x0000027d59120000

Marking Bits (Prev, Next): (CMBitMap*) 0x0000027d419e3810, (CMBitMap*) 0x0000027d419e37d8
 Prev Bits: [0x0000027d5bd20000, 0x0000027d5dd20000)
 Next Bits: [0x0000027d59d20000, 0x0000027d5bd20000)

Polling page: 0x0000027d3f800000

Metaspace:

Usage:
  Non-class:     82.88 MB capacity,    80.93 MB ( 98%) used,     1.67 MB (  2%) free+waste,   290.31 KB ( <1%) overhead. 
      Class:     13.48 MB capacity,    12.24 MB ( 91%) used,     1.11 MB (  8%) free+waste,   136.00 KB ( <1%) overhead. 
       Both:     96.36 MB capacity,    93.17 MB ( 97%) used,     2.78 MB (  3%) free+waste,   426.31 KB ( <1%) overhead. 

Virtual space:
  Non-class space:       84.00 MB reserved,      83.08 MB ( 99%) committed 
      Class space:      504.00 MB reserved,      13.50 MB (  3%) committed 
             Both:      588.00 MB reserved,      96.58 MB ( 16%) committed 

Chunk freelists:
   Non-Class:  9.00 KB
       Class:  22.00 KB
        Both:  31.00 KB

MaxMetaspaceSize: 512.00 MB
CompressedClassSpaceSize: 504.00 MB
Initial GC threshold: 20.80 MB
Current GC threshold: 160.55 MB
CDS: off

CodeHeap 'non-profiled nmethods': size=120064Kb used=7424Kb max_used=7424Kb free=112639Kb
 bounds [0x0000027d51be0000, 0x0000027d52330000, 0x0000027d59120000]
CodeHeap 'profiled nmethods': size=120000Kb used=25703Kb max_used=25703Kb free=94296Kb
 bounds [0x0000027d4a6b0000, 0x0000027d4bfd0000, 0x0000027d51be0000]
CodeHeap 'non-nmethods': size=5696Kb used=2389Kb max_used=2444Kb free=3306Kb
 bounds [0x0000027d4a120000, 0x0000027d4a390000, 0x0000027d4a6b0000]
 total_blobs=12238 nmethods=11319 adapters=831
 compilation: enabled
              stopped_count=0, restarted_count=0
 full_count=0

Compilation events (20 events):
Event: 269.349 Thread 0x0000027d60a21000 nmethod 11408 0x0000027d4bfb6310 code [0x0000027d4bfb64c0, 0x0000027d4bfb6688]
Event: 269.353 Thread 0x0000027d60a21000 11409       1       com.android.build.gradle.internal.publishing.ComponentPublishingInfo::getComponentName (5 bytes)
Event: 269.354 Thread 0x0000027d60a21000 nmethod 11409 0x0000027d5231da10 code [0x0000027d5231dbc0, 0x0000027d5231dc78]
Event: 269.355 Thread 0x0000027d60a21000 11410       1       com.android.build.gradle.internal.instrumentation.AsmClassVisitorsFactoryRegistry::getDependenciesClassesVisitors (5 bytes)
Event: 269.355 Thread 0x0000027d60a21000 nmethod 11410 0x0000027d5231dd10 code [0x0000027d5231dec0, 0x0000027d5231df78]
Event: 269.361 Thread 0x0000027d60a21000 11411       3       org.gradle.api.internal.provider.AbstractCollectionProperty::add (27 bytes)
Event: 269.367 Thread 0x0000027d60a21000 nmethod 11411 0x0000027d4bfb6790 code [0x0000027d4bfb6a80, 0x0000027d4bfb7fe8]
Event: 269.367 Thread 0x0000027d60a21000 11412       3       java.util.HashSet::<init> (40 bytes)
Event: 269.369 Thread 0x0000027d60a21000 nmethod 11412 0x0000027d4bfb8590 code [0x0000027d4bfb87e0, 0x0000027d4bfb8dc8]
Event: 269.373 Thread 0x0000027d60a21000 11414       3       com.android.build.gradle.options.Option$DefaultImpls::getDefaultValue (8 bytes)
Event: 269.376 Thread 0x0000027d60a21000 nmethod 11414 0x0000027d4bfb9010 code [0x0000027d4bfb9240, 0x0000027d4bfb9798]
Event: 269.376 Thread 0x0000027d60a21000 11415       3       com.android.build.api.component.impl.AndroidTestImpl_Decorated::getName (40 bytes)
Event: 269.378 Thread 0x0000027d60a21000 nmethod 11415 0x0000027d4bfb9a10 code [0x0000027d4bfb9c20, 0x0000027d4bfba198]
Event: 269.398 Thread 0x0000027d60a21000 11416       3       com.android.build.api.artifact.impl.ArtifactsImpl::getArtifactContainer$gradle_core (26 bytes)
Event: 269.401 Thread 0x0000027d60a21000 nmethod 11416 0x0000027d4bfba390 code [0x0000027d4bfba5e0, 0x0000027d4bfbac18]
Event: 269.402 Thread 0x0000027d60a21000 11417       3       com.android.build.api.artifact.impl.TypedStorageProvider::getArtifact$gradle_core (80 bytes)
Event: 269.406 Thread 0x0000027d60a21000 nmethod 11417 0x0000027d4bfbaf10 code [0x0000027d4bfbb220, 0x0000027d4bfbc208]
Event: 269.409 Thread 0x0000027d60a21000 11418       3       org.gradle.internal.event.BroadcastDispatch$SingletonDispatch::add (70 bytes)
Event: 269.416 Thread 0x0000027d60a21000 nmethod 11418 0x0000027d4bfbc790 code [0x0000027d4bfbcac0, 0x0000027d4bfbe0c8]
Event: 269.417 Thread 0x0000027d6ce35800 11419   !   4       java.util.concurrent.ConcurrentHashMap::replaceNode (437 bytes)

GC Heap History (20 events):
Event: 260.956 GC heap before
{Heap before GC invocations=91 (full 0):
 garbage-first heap   total 146432K, used 123689K [0x0000000080000000, 0x0000000100000000)
  region size 1024K, 20 young (20480K), 4 survivors (4096K)
 Metaspace       used 92744K, capacity 95795K, committed 95952K, reserved 600064K
  class space    used 12208K, capacity 13382K, committed 13440K, reserved 516096K
}
Event: 260.975 GC heap after
{Heap after GC invocations=92 (full 0):
 garbage-first heap   total 146432K, used 113280K [0x0000000080000000, 0x0000000100000000)
  region size 1024K, 3 young (3072K), 3 survivors (3072K)
 Metaspace       used 92744K, capacity 95795K, committed 95952K, reserved 600064K
  class space    used 12208K, capacity 13382K, committed 13440K, reserved 516096K
}
Event: 261.738 GC heap before
{Heap before GC invocations=93 (full 0):
 garbage-first heap   total 146432K, used 123520K [0x0000000080000000, 0x0000000100000000)
  region size 1024K, 14 young (14336K), 3 survivors (3072K)
 Metaspace       used 93296K, capacity 96546K, committed 96592K, reserved 600064K
  class space    used 12279K, capacity 13542K, committed 13568K, reserved 516096K
}
Event: 261.748 GC heap after
{Heap after GC invocations=94 (full 0):
 garbage-first heap   total 146432K, used 116077K [0x0000000080000000, 0x0000000100000000)
  region size 1024K, 2 young (2048K), 2 survivors (2048K)
 Metaspace       used 93296K, capacity 96546K, committed 96592K, reserved 600064K
  class space    used 12279K, capacity 13542K, committed 13568K, reserved 516096K
}
Event: 263.266 GC heap before
{Heap before GC invocations=94 (full 0):
 garbage-first heap   total 146432K, used 124269K [0x0000000080000000, 0x0000000100000000)
  region size 1024K, 10 young (10240K), 2 survivors (2048K)
 Metaspace       used 93413K, capacity 96616K, committed 96848K, reserved 600064K
  class space    used 12279K, capacity 13542K, committed 13568K, reserved 516096K
}
Event: 263.320 GC heap after
{Heap after GC invocations=95 (full 0):
 garbage-first heap   total 146432K, used 118062K [0x0000000080000000, 0x0000000100000000)
  region size 1024K, 2 young (2048K), 2 survivors (2048K)
 Metaspace       used 93413K, capacity 96616K, committed 96848K, reserved 600064K
  class space    used 12279K, capacity 13542K, committed 13568K, reserved 516096K
}
Event: 264.099 GC heap before
{Heap before GC invocations=95 (full 0):
 garbage-first heap   total 146432K, used 124206K [0x0000000080000000, 0x0000000100000000)
  region size 1024K, 9 young (9216K), 2 survivors (2048K)
 Metaspace       used 93506K, capacity 96694K, committed 96848K, reserved 600064K
  class space    used 12281K, capacity 13544K, committed 13568K, reserved 516096K
}
Event: 264.118 GC heap after
{Heap after GC invocations=96 (full 0):
 garbage-first heap   total 146432K, used 118710K [0x0000000080000000, 0x0000000100000000)
  region size 1024K, 1 young (1024K), 1 survivors (1024K)
 Metaspace       used 93506K, capacity 96694K, committed 96848K, reserved 600064K
  class space    used 12281K, capacity 13544K, committed 13568K, reserved 516096K
}
Event: 264.825 GC heap before
{Heap before GC invocations=96 (full 0):
 garbage-first heap   total 146432K, used 123830K [0x0000000080000000, 0x0000000100000000)
  region size 1024K, 7 young (7168K), 1 survivors (1024K)
 Metaspace       used 93525K, capacity 96767K, committed 96848K, reserved 600064K
  class space    used 12281K, capacity 13544K, committed 13568K, reserved 516096K
}
Event: 264.839 GC heap after
{Heap after GC invocations=97 (full 0):
 garbage-first heap   total 146432K, used 119429K [0x0000000080000000, 0x0000000100000000)
  region size 1024K, 1 young (1024K), 1 survivors (1024K)
 Metaspace       used 93525K, capacity 96767K, committed 96848K, reserved 600064K
  class space    used 12281K, capacity 13544K, committed 13568K, reserved 516096K
}
Event: 265.537 GC heap before
{Heap before GC invocations=98 (full 0):
 garbage-first heap   total 146432K, used 124549K [0x0000000080000000, 0x0000000100000000)
  region size 1024K, 7 young (7168K), 1 survivors (1024K)
 Metaspace       used 93611K, capacity 96964K, committed 97104K, reserved 600064K
  class space    used 12289K, capacity 13557K, committed 13568K, reserved 516096K
}
Event: 265.559 GC heap after
{Heap after GC invocations=99 (full 0):
 garbage-first heap   total 146432K, used 120545K [0x0000000080000000, 0x0000000100000000)
  region size 1024K, 1 young (1024K), 1 survivors (1024K)
 Metaspace       used 93611K, capacity 96964K, committed 97104K, reserved 600064K
  class space    used 12289K, capacity 13557K, committed 13568K, reserved 516096K
}
Event: 266.242 GC heap before
{Heap before GC invocations=99 (full 0):
 garbage-first heap   total 146432K, used 126689K [0x0000000080000000, 0x0000000100000000)
  region size 1024K, 7 young (7168K), 1 survivors (1024K)
 Metaspace       used 94560K, capacity 97869K, committed 98000K, reserved 602112K
  class space    used 12414K, capacity 13686K, committed 13696K, reserved 516096K
}
Event: 266.257 GC heap after
{Heap after GC invocations=100 (full 0):
 garbage-first heap   total 146432K, used 120205K [0x0000000080000000, 0x0000000100000000)
  region size 1024K, 1 young (1024K), 1 survivors (1024K)
 Metaspace       used 94560K, capacity 97869K, committed 98000K, reserved 602112K
  class space    used 12414K, capacity 13686K, committed 13696K, reserved 516096K
}
Event: 266.691 GC heap before
{Heap before GC invocations=100 (full 0):
 garbage-first heap   total 146432K, used 126349K [0x0000000080000000, 0x0000000100000000)
  region size 1024K, 7 young (7168K), 1 survivors (1024K)
 Metaspace       used 94929K, capacity 98221K, committed 98384K, reserved 602112K
  class space    used 12457K, capacity 13718K, committed 13824K, reserved 516096K
}
Event: 266.703 GC heap after
{Heap after GC invocations=101 (full 0):
 garbage-first heap   total 146432K, used 120662K [0x0000000080000000, 0x0000000100000000)
  region size 1024K, 1 young (1024K), 1 survivors (1024K)
 Metaspace       used 94929K, capacity 98221K, committed 98384K, reserved 602112K
  class space    used 12457K, capacity 13718K, committed 13824K, reserved 516096K
}
Event: 267.863 GC heap before
{Heap before GC invocations=101 (full 0):
 garbage-first heap   total 146432K, used 131926K [0x0000000080000000, 0x0000000100000000)
  region size 1024K, 7 young (7168K), 1 survivors (1024K)
 Metaspace       used 95022K, capacity 98305K, committed 98640K, reserved 602112K
  class space    used 12478K, capacity 13726K, committed 13824K, reserved 516096K
}
Event: 267.877 GC heap after
{Heap after GC invocations=102 (full 0):
 garbage-first heap   total 146432K, used 129934K [0x0000000080000000, 0x0000000100000000)
  region size 1024K, 1 young (1024K), 1 survivors (1024K)
 Metaspace       used 95022K, capacity 98305K, committed 98640K, reserved 602112K
  class space    used 12478K, capacity 13726K, committed 13824K, reserved 516096K
}
Event: 268.750 GC heap before
{Heap before GC invocations=102 (full 0):
 garbage-first heap   total 146432K, used 135054K [0x0000000080000000, 0x0000000100000000)
  region size 1024K, 7 young (7168K), 1 survivors (1024K)
 Metaspace       used 95075K, capacity 98349K, committed 98640K, reserved 602112K
  class space    used 12488K, capacity 13761K, committed 13824K, reserved 516096K
}
Event: 268.763 GC heap after
{Heap after GC invocations=103 (full 0):
 garbage-first heap   total 176128K, used 132302K [0x0000000080000000, 0x0000000100000000)
  region size 1024K, 1 young (1024K), 1 survivors (1024K)
 Metaspace       used 95075K, capacity 98349K, committed 98640K, reserved 602112K
  class space    used 12488K, capacity 13761K, committed 13824K, reserved 516096K
}

Deoptimization events (20 events):
Event: 265.392 Thread 0x0000027d62af6800 DEOPT PACKING pc=0x0000027d4b83a9b1 sp=0x000000f808ff8740
Event: 265.392 Thread 0x0000027d62af6800 DEOPT UNPACKING pc=0x0000027d4a16a95e sp=0x000000f808ff7c08 mode 0
Event: 266.096 Thread 0x0000027d62af6800 Uncommon trap: trap_request=0xffffff4d fr.pc=0x0000027d5208eaac relative=0x000000000000316c
Event: 266.096 Thread 0x0000027d62af6800 Uncommon trap: reason=unstable_if action=reinterpret pc=0x0000027d5208eaac method=sun.net.www.protocol.jar.Handler.parseURL(Ljava/net/URL;Ljava/lang/String;II)V @ 116 c2
Event: 266.096 Thread 0x0000027d62af6800 DEOPT PACKING pc=0x0000027d5208eaac sp=0x000000f808ff7b70
Event: 266.096 Thread 0x0000027d62af6800 DEOPT UNPACKING pc=0x0000027d4a16a1af sp=0x000000f808ff7b30 mode 2
Event: 266.811 Thread 0x0000027d62af6800 DEOPT PACKING pc=0x0000027d4acd0a11 sp=0x000000f808ff8620
Event: 266.811 Thread 0x0000027d62af6800 DEOPT UNPACKING pc=0x0000027d4a16a95e sp=0x000000f808ff7af8 mode 0
Event: 266.825 Thread 0x0000027d62af6800 Uncommon trap: trap_request=0xffffffc6 fr.pc=0x0000027d5218484c relative=0x00000000000005ec
Event: 266.825 Thread 0x0000027d62af6800 Uncommon trap: reason=bimorphic_or_optimized_type_check action=maybe_recompile pc=0x0000027d5218484c method=groovy.lang.MetaClassImpl.filterPropertyMethod(Ljava/lang/Object;ZZ)Ljava/lang/Object; @ 165 c2
Event: 266.825 Thread 0x0000027d62af6800 DEOPT PACKING pc=0x0000027d5218484c sp=0x000000f808ff91f0
Event: 266.825 Thread 0x0000027d62af6800 DEOPT UNPACKING pc=0x0000027d4a16a1af sp=0x000000f808ff9168 mode 2
Event: 268.892 Thread 0x0000027d62af6800 Uncommon trap: trap_request=0xffffff4d fr.pc=0x0000027d52174fc0 relative=0x0000000000002a60
Event: 268.893 Thread 0x0000027d62af6800 Uncommon trap: reason=unstable_if action=reinterpret pc=0x0000027d52174fc0 method=java.lang.PublicMethods$MethodList.getMostSpecific()Ljava/lang/reflect/Method; @ 35 c2
Event: 268.893 Thread 0x0000027d62af6800 DEOPT PACKING pc=0x0000027d52174fc0 sp=0x000000f808ff4230
Event: 268.893 Thread 0x0000027d62af6800 DEOPT UNPACKING pc=0x0000027d4a16a1af sp=0x000000f808ff4130 mode 2
Event: 269.165 Thread 0x0000027d62af6800 Uncommon trap: trap_request=0xffffffde fr.pc=0x0000027d51ef810c relative=0x00000000000019ac
Event: 269.165 Thread 0x0000027d62af6800 Uncommon trap: reason=class_check action=maybe_recompile pc=0x0000027d51ef810c method=java.lang.Class.createAnnotationData(I)Ljava/lang/Class$AnnotationData; @ 103 c2
Event: 269.165 Thread 0x0000027d62af6800 DEOPT PACKING pc=0x0000027d51ef810c sp=0x000000f808ff26c0
Event: 269.165 Thread 0x0000027d62af6800 DEOPT UNPACKING pc=0x0000027d4a16a1af sp=0x000000f808ff2650 mode 2

Classes redefined (0 events):
No events

Internal exceptions (20 events):
Event: 268.825 Thread 0x0000027d62af6800 Exception <a 'java/lang/ClassNotFoundException'{0x000000008aba6148}: com/android/VersionBeanInfo> (0x000000008aba6148) thrown at [./src/hotspot/share/classfile/systemDictionary.cpp, line 230]
Event: 268.828 Thread 0x0000027d62af6800 Exception <a 'java/lang/ClassNotFoundException'{0x000000008abc2f00}: com/android/VersionCustomizer> (0x000000008abc2f00) thrown at [./src/hotspot/share/classfile/systemDictionary.cpp, line 230]
Event: 268.853 Thread 0x0000027d62af6800 Exception <a 'java/lang/ClassNotFoundException'{0x000000008aa16fd0}: build_cmfy9407zeck7ifn3gnccnpj6$_run_closure5BeanInfo> (0x000000008aa16fd0) thrown at [./src/hotspot/share/classfile/systemDictionary.cpp, line 230]
Event: 268.856 Thread 0x0000027d62af6800 Exception <a 'java/lang/ClassNotFoundException'{0x000000008aa32350}: build_cmfy9407zeck7ifn3gnccnpj6$_run_closure5Customizer> (0x000000008aa32350) thrown at [./src/hotspot/share/classfile/systemDictionary.cpp, line 230]
Event: 268.906 Thread 0x0000027d62af6800 Exception <a 'java/lang/ClassNotFoundException'{0x000000008aaedf28}: com/android/build/gradle/internal/dsl/PackagingOptions$AgpDecorated_DecoratedBeanInfo> (0x000000008aaedf28) thrown at [./src/hotspot/share/classfile/systemDictionary.cpp, line 230]
Event: 268.910 Thread 0x0000027d62af6800 Exception <a 'java/lang/ClassNotFoundException'{0x000000008a91b050}: com/android/build/gradle/internal/dsl/PackagingOptions$AgpDecoratedBeanInfo> (0x000000008a91b050) thrown at [./src/hotspot/share/classfile/systemDictionary.cpp, line 230]
Event: 268.914 Thread 0x0000027d62af6800 Exception <a 'java/lang/ClassNotFoundException'{0x000000008a943c80}: com/android/build/gradle/internal/dsl/PackagingOptionsBeanInfo> (0x000000008a943c80) thrown at [./src/hotspot/share/classfile/systemDictionary.cpp, line 230]
Event: 268.926 Thread 0x0000027d62af6800 Exception <a 'java/lang/ClassNotFoundException'{0x000000008a96c9a8}: com/android/build/gradle/internal/dsl/PackagingOptionsCustomizer> (0x000000008a96c9a8) thrown at [./src/hotspot/share/classfile/systemDictionary.cpp, line 230]
Event: 268.932 Thread 0x0000027d62af6800 Exception <a 'java/lang/ClassNotFoundException'{0x000000008a9a2e88}: com/android/build/gradle/internal/dsl/PackagingOptions$AgpDecoratedCustomizer> (0x000000008a9a2e88) thrown at [./src/hotspot/share/classfile/systemDictionary.cpp, line 230]
Event: 268.938 Thread 0x0000027d62af6800 Exception <a 'java/lang/ClassNotFoundException'{0x000000008a9e7c78}: com/android/build/gradle/internal/dsl/PackagingOptions$AgpDecorated_DecoratedCustomizer> (0x000000008a9e7c78) thrown at [./src/hotspot/share/classfile/systemDictionary.cpp, line 230]
Event: 268.994 Thread 0x0000027d62af6800 Exception <a 'java/lang/ClassNotFoundException'{0x000000008a88c6f0}: org/jetbrains/kotlin/gradle/plugin/sources/DefaultKotlinSourceSetBeanInfo> (0x000000008a88c6f0) thrown at [./src/hotspot/share/classfile/systemDictionary.cpp, line 230]
Event: 268.998 Thread 0x0000027d62af6800 Exception <a 'java/lang/ClassNotFoundException'{0x000000008a8baad0}: org/jetbrains/kotlin/gradle/plugin/sources/DefaultKotlinSourceSetCustomizer> (0x000000008a8baad0) thrown at [./src/hotspot/share/classfile/systemDictionary.cpp, line 230]
Event: 269.077 Thread 0x0000027d62af6800 Exception <a 'java/lang/ClassNotFoundException'{0x000000008a655718}: java/util/TreeSetBeanInfo> (0x000000008a655718) thrown at [./src/hotspot/share/classfile/systemDictionary.cpp, line 230]
Event: 269.081 Thread 0x0000027d62af6800 Exception <a 'java/lang/ClassNotFoundException'{0x000000008a66cf00}: java/util/AbstractSetBeanInfo> (0x000000008a66cf00) thrown at [./src/hotspot/share/classfile/systemDictionary.cpp, line 230]
Event: 269.085 Thread 0x0000027d62af6800 Exception <a 'java/lang/ClassNotFoundException'{0x000000008a684480}: java/util/AbstractSetCustomizer> (0x000000008a684480) thrown at [./src/hotspot/share/classfile/systemDictionary.cpp, line 230]
Event: 269.089 Thread 0x0000027d62af6800 Exception <a 'java/lang/ClassNotFoundException'{0x000000008a69fac8}: java/util/TreeSetCustomizer> (0x000000008a69fac8) thrown at [./src/hotspot/share/classfile/systemDictionary.cpp, line 230]
Event: 269.138 Thread 0x0000027d62af6800 Exception <a 'java/lang/ClassNotFoundException'{0x000000008a5c6ac8}: com/google/common/collect/RegularImmutableSetBeanInfo> (0x000000008a5c6ac8) thrown at [./src/hotspot/share/classfile/systemDictionary.cpp, line 230]
Event: 269.142 Thread 0x0000027d62af6800 Exception <a 'java/lang/ClassNotFoundException'{0x000000008a5ef298}: com/google/common/collect/ImmutableSet$CachingAsListBeanInfo> (0x000000008a5ef298) thrown at [./src/hotspot/share/classfile/systemDictionary.cpp, line 230]
Event: 269.146 Thread 0x0000027d62af6800 Exception <a 'java/lang/ClassNotFoundException'{0x000000008a4184b8}: com/google/common/collect/ImmutableSet$CachingAsListCustomizer> (0x000000008a4184b8) thrown at [./src/hotspot/share/classfile/systemDictionary.cpp, line 230]
Event: 269.165 Thread 0x0000027d62af6800 Exception <a 'java/lang/ClassNotFoundException'{0x000000008a459bc0}: com/google/common/collect/RegularImmutableSetCustomizer> (0x000000008a459bc0) thrown at [./src/hotspot/share/classfile/systemDictionary.cpp, line 230]

Events (20 events):
Event: 269.137 loading class com/google/common/collect/RegularImmutableSetBeanInfo done
Event: 269.138 loading class com/google/common/collect/ImmutableSet$CachingAsListBeanInfo
Event: 269.138 loading class com/google/common/collect/ImmutableSet$CachingAsListBeanInfo done
Event: 269.142 loading class com/google/common/collect/ImmutableSet$CachingAsListBeanInfo
Event: 269.142 loading class com/google/common/collect/ImmutableSet$CachingAsListBeanInfo done
Event: 269.142 loading class com/google/common/collect/ImmutableSet$CachingAsListCustomizer
Event: 269.142 loading class com/google/common/collect/ImmutableSet$CachingAsListCustomizer done
Event: 269.146 loading class com/google/common/collect/ImmutableSet$CachingAsListCustomizer
Event: 269.146 loading class com/google/common/collect/ImmutableSet$CachingAsListCustomizer done
Event: 269.147 loading class com/google/common/collect/ImmutableSet$SerializedForm
Event: 269.147 loading class com/google/common/collect/ImmutableSet$SerializedForm done
Event: 269.149 loading class com/google/common/collect/ImmutableSet$Indexed
Event: 269.149 loading class com/google/common/collect/ImmutableSet$Indexed done
Event: 269.159 loading class com/google/common/collect/RegularImmutableSetCustomizer
Event: 269.159 loading class com/google/common/collect/RegularImmutableSetCustomizer done
Event: 269.164 loading class com/google/common/collect/RegularImmutableSetCustomizer
Event: 269.164 loading class com/google/common/collect/RegularImmutableSetCustomizer done
Event: 269.187 loading class groovy/runtime/metaclass/build_cmfy9407zeck7ifn3gnccnpj6$_run_closure6MetaClass
Event: 269.187 loading class groovy/runtime/metaclass/build_cmfy9407zeck7ifn3gnccnpj6$_run_closure6MetaClass done
Event: 269.417 Thread 0x0000027d6ce35800 Thread added: 0x0000027d6ce35800


Dynamic libraries:
0x00007ff627f50000 - 0x00007ff627f5d000 	C:\Program Files\Java\jdk-11.0.18+10\bin\java.exe
0x00007ffe3c010000 - 0x00007ffe3c208000 	C:\WINDOWS\SYSTEM32\ntdll.dll
0x00007ffe3a730000 - 0x00007ffe3a7ef000 	C:\WINDOWS\System32\KERNEL32.DLL
0x00007ffe39cb0000 - 0x00007ffe39fa6000 	C:\WINDOWS\System32\KERNELBASE.dll
0x00007ffe39a90000 - 0x00007ffe39b90000 	C:\WINDOWS\System32\ucrtbase.dll
0x00007ffe1f320000 - 0x00007ffe1f335000 	C:\Program Files\Java\jdk-11.0.18+10\bin\VCRUNTIME140.dll
0x00007ffe229b0000 - 0x00007ffe229c7000 	C:\Program Files\Java\jdk-11.0.18+10\bin\jli.dll
0x00007ffe3b470000 - 0x00007ffe3b60d000 	C:\WINDOWS\System32\USER32.dll
0x00007ffe399c0000 - 0x00007ffe399e2000 	C:\WINDOWS\System32\win32u.dll
0x00007ffe3a1b0000 - 0x00007ffe3a1dc000 	C:\WINDOWS\System32\GDI32.dll
0x00007ffe39b90000 - 0x00007ffe39ca5000 	C:\WINDOWS\System32\gdi32full.dll
0x00007ffe29180000 - 0x00007ffe2941a000 	C:\WINDOWS\WinSxS\amd64_microsoft.windows.common-controls_6595b64144ccf1df_6.0.19041.1110_none_60b5254171f9507e\COMCTL32.dll
0x00007ffe3a110000 - 0x00007ffe3a1ae000 	C:\WINDOWS\System32\msvcrt.dll
0x00007ffe399f0000 - 0x00007ffe39a8d000 	C:\WINDOWS\System32\msvcp_win.dll
0x00007ffe3b970000 - 0x00007ffe3b9a0000 	C:\WINDOWS\System32\IMM32.DLL
0x00007ffe19a70000 - 0x00007ffe19b0b000 	C:\Program Files\Java\jdk-11.0.18+10\bin\msvcp140.dll
0x00007ffdfe570000 - 0x00007ffdff102000 	C:\Program Files\Java\jdk-11.0.18+10\bin\server\jvm.dll
0x00007ffe3a5a0000 - 0x00007ffe3a64f000 	C:\WINDOWS\System32\ADVAPI32.dll
0x00007ffe3b1a0000 - 0x00007ffe3b23c000 	C:\WINDOWS\System32\sechost.dll
0x00007ffe3a7f0000 - 0x00007ffe3a916000 	C:\WINDOWS\System32\RPCRT4.dll
0x00007ffe3a100000 - 0x00007ffe3a108000 	C:\WINDOWS\System32\PSAPI.DLL
0x00007ffe2b4d0000 - 0x00007ffe2b4f7000 	C:\WINDOWS\SYSTEM32\WINMM.dll
0x00007ffe2cd60000 - 0x00007ffe2cd6a000 	C:\WINDOWS\SYSTEM32\VERSION.dll
0x00007ffe32120000 - 0x00007ffe32129000 	C:\WINDOWS\SYSTEM32\WSOCK32.dll
0x00007ffe3a920000 - 0x00007ffe3a98b000 	C:\WINDOWS\System32\WS2_32.dll
0x00007ffe37640000 - 0x00007ffe37652000 	C:\WINDOWS\SYSTEM32\kernel.appcore.dll
0x00007ffe32ca0000 - 0x00007ffe32cb0000 	C:\Program Files\Java\jdk-11.0.18+10\bin\verify.dll
0x00007ffe2be00000 - 0x00007ffe2bfe4000 	C:\WINDOWS\SYSTEM32\DBGHELP.DLL
0x00007ffe2b500000 - 0x00007ffe2b534000 	C:\WINDOWS\SYSTEM32\dbgcore.DLL
0x00007ffe39930000 - 0x00007ffe399b2000 	C:\WINDOWS\System32\bcryptPrimitives.dll
0x00007ffe1a920000 - 0x00007ffe1a948000 	C:\Program Files\Java\jdk-11.0.18+10\bin\java.dll
0x00007ffe229a0000 - 0x00007ffe229aa000 	C:\Program Files\Java\jdk-11.0.18+10\bin\jimage.dll
0x00007ffe19a50000 - 0x00007ffe19a68000 	C:\Program Files\Java\jdk-11.0.18+10\bin\zip.dll
0x00007ffe3a9a0000 - 0x00007ffe3b0e4000 	C:\WINDOWS\System32\SHELL32.dll
0x00007ffe37840000 - 0x00007ffe37fd3000 	C:\WINDOWS\SYSTEM32\windows.storage.dll
0x00007ffe3a240000 - 0x00007ffe3a594000 	C:\WINDOWS\System32\combase.dll
0x00007ffe39100000 - 0x00007ffe3912e000 	C:\WINDOWS\SYSTEM32\Wldp.dll
0x00007ffe3b0f0000 - 0x00007ffe3b19d000 	C:\WINDOWS\System32\SHCORE.dll
0x00007ffe3a1e0000 - 0x00007ffe3a235000 	C:\WINDOWS\System32\shlwapi.dll
0x00007ffe396c0000 - 0x00007ffe396df000 	C:\WINDOWS\SYSTEM32\profapi.dll
0x00007ffe19920000 - 0x00007ffe19939000 	C:\Program Files\Java\jdk-11.0.18+10\bin\net.dll
0x00007ffe33740000 - 0x00007ffe3384a000 	C:\WINDOWS\SYSTEM32\WINHTTP.dll
0x00007ffe38e60000 - 0x00007ffe38eca000 	C:\WINDOWS\system32\mswsock.dll
0x00007ffe19900000 - 0x00007ffe19913000 	C:\Program Files\Java\jdk-11.0.18+10\bin\nio.dll
0x00007ffe229f0000 - 0x00007ffe22a17000 	C:\Users\almeida\.gradle\native\e1d6ef7f7dcc3fd88c89a11ec53ec762bb8ba0a96d01ffa2cd45eb1d1d8dd5c5\windows-amd64\native-platform.dll
0x00007ffdfe420000 - 0x00007ffdfe564000 	C:\Users\almeida\.gradle\native\0d407fdbe67a94daf76414ababcb853783967236a71b16ec16e742cd7a986fd3\windows-amd64\native-platform-file-events.dll
0x00007ffe22820000 - 0x00007ffe22829000 	C:\Program Files\Java\jdk-11.0.18+10\bin\management.dll
0x00007ffe20250000 - 0x00007ffe2025b000 	C:\Program Files\Java\jdk-11.0.18+10\bin\management_ext.dll
0x00007ffe39060000 - 0x00007ffe39078000 	C:\WINDOWS\SYSTEM32\CRYPTSP.dll
0x00007ffe38780000 - 0x00007ffe387b4000 	C:\WINDOWS\system32\rsaenh.dll
0x00007ffe39fb0000 - 0x00007ffe39fd7000 	C:\WINDOWS\System32\bcrypt.dll
0x00007ffe39680000 - 0x00007ffe396ae000 	C:\WINDOWS\SYSTEM32\USERENV.dll
0x00007ffe39050000 - 0x00007ffe3905c000 	C:\WINDOWS\SYSTEM32\CRYPTBASE.dll
0x00007ffe38b50000 - 0x00007ffe38b8c000 	C:\WINDOWS\SYSTEM32\IPHLPAPI.DLL
0x00007ffe3a990000 - 0x00007ffe3a998000 	C:\WINDOWS\System32\NSI.dll
0x00007ffe329c0000 - 0x00007ffe329d7000 	C:\WINDOWS\SYSTEM32\dhcpcsvc6.DLL
0x00007ffe32aa0000 - 0x00007ffe32abd000 	C:\WINDOWS\SYSTEM32\dhcpcsvc.DLL
0x00007ffe38b90000 - 0x00007ffe38c5b000 	C:\WINDOWS\SYSTEM32\DNSAPI.dll

dbghelp: loaded successfully - version: 4.0.5 - missing functions: none
symbol engine: initialized successfully - sym options: 0x614 - pdb path: .;C:\Program Files\Java\jdk-11.0.18+10\bin;C:\WINDOWS\SYSTEM32;C:\WINDOWS\WinSxS\amd64_microsoft.windows.common-controls_6595b64144ccf1df_6.0.19041.1110_none_60b5254171f9507e;C:\Program Files\Java\jdk-11.0.18+10\bin\server;C:\Users\almeida\.gradle\native\e1d6ef7f7dcc3fd88c89a11ec53ec762bb8ba0a96d01ffa2cd45eb1d1d8dd5c5\windows-amd64;C:\Users\almeida\.gradle\native\0d407fdbe67a94daf76414ababcb853783967236a71b16ec16e742cd7a986fd3\windows-amd64

VM Arguments:
jvm_args: -XX:MaxMetaspaceSize=512m --add-opens=java.base/java.util=ALL-UNNAMED --add-opens=java.base/java.lang=ALL-UNNAMED --add-opens=java.base/java.lang.invoke=ALL-UNNAMED --add-opens=java.base/java.util=ALL-UNNAMED --add-opens=java.prefs/java.util.prefs=ALL-UNNAMED --add-opens=java.prefs/java.util.prefs=ALL-UNNAMED --add-opens=java.base/java.nio.charset=ALL-UNNAMED --add-opens=java.base/java.net=ALL-UNNAMED --add-opens=java.base/java.util.concurrent.atomic=ALL-UNNAMED -Xmx2048m -Dfile.encoding=windows-1252 -Duser.country=BR -Duser.language=pt -Duser.variant 
java_command: org.gradle.launcher.daemon.bootstrap.GradleDaemon 7.5.1
java_class_path (initial): C:\Users\almeida\.gradle\wrapper\dists\gradle-7.5.1-all\1ehga6e77gqps5uk2kc5kf1vc\gradle-7.5.1\lib\gradle-launcher-7.5.1.jar
Launcher Type: SUN_STANDARD

[Global flags]
     intx CICompilerCount                          = 3                                         {product} {ergonomic}
   size_t CompressedClassSpaceSize                 = 528482304                                 {product} {ergonomic}
     uint ConcGCThreads                            = 1                                         {product} {ergonomic}
     uint G1ConcRefinementThreads                  = 4                                         {product} {ergonomic}
   size_t G1HeapRegionSize                         = 1048576                                   {product} {ergonomic}
    uintx GCDrainStackTargetSize                   = 64                                        {product} {ergonomic}
   size_t InitialHeapSize                          = 67108864                                  {product} {ergonomic}
   size_t MarkStackSize                            = 4194304                                   {product} {ergonomic}
   size_t MaxHeapSize                              = 2147483648                                {product} {command line}
   size_t MaxMetaspaceSize                         = 536870912                                 {product} {command line}
   size_t MaxNewSize                               = 1287651328                                {product} {ergonomic}
   size_t MinHeapDeltaBytes                        = 1048576                                   {product} {ergonomic}
    uintx NonNMethodCodeHeapSize                   = 5830732                                {pd product} {ergonomic}
    uintx NonProfiledCodeHeapSize                  = 122913754                              {pd product} {ergonomic}
    uintx ProfiledCodeHeapSize                     = 122913754                              {pd product} {ergonomic}
    uintx ReservedCodeCacheSize                    = 251658240                              {pd product} {ergonomic}
     bool SegmentedCodeCache                       = true                                      {product} {ergonomic}
     bool UseCompressedClassPointers               = true                                 {lp64_product} {ergonomic}
     bool UseCompressedOops                        = true                                 {lp64_product} {ergonomic}
     bool UseG1GC                                  = true                                      {product} {ergonomic}
     bool UseLargePagesIndividualAllocation        = false                                  {pd product} {ergonomic}

Logging:
Log output configuration:
 #0: stdout all=warning uptime,level,tags
 #1: stderr all=off uptime,level,tags

Environment Variables:
JAVA_HOME=C:\Program Files\Java\jdk-11.0.18+10
CLASSPATH=C:\source\repos\C.A.P\client\android\\gradle\wrapper\gradle-wrapper.jar
PATH=C:\source\repos\C.A.P\client\android\node_modules\.bin;C:\source\repos\C.A.P\client\node_modules\.bin;C:\source\repos\C.A.P\node_modules\.bin;C:\source\repos\node_modules\.bin;C:\source\node_modules\.bin;C:\node_modules\.bin;C:\Program Files\nodejs;C:\source\repos\C.A.P\client\node_modules\.bin;C:\source\repos\C.A.P\node_modules\.bin;C:\source\repos\node_modules\.bin;C:\source\node_modules\.bin;C:\node_modules\.bin;C:\Program Files\nodejs\node_modules\npm\node_modules\@npmcli\run-script\lib\node-gyp-bin;C:\Program Files\Eclipse Adoptium\jdk-11.0.18.10-hotspot\bin;C:\Program Files\Common Files\Oracle\Java\javapath;C:\WINDOWS\system32;C:\WINDOWS;C:\WINDOWS\System32\Wbem;C:\WINDOWS\System32\WindowsPowerShell\v1.0\;C:\Program Files\dotnet\;C:\WINDOWS\System32\OpenSSH\;C:\Program Files\Git\cmd;C:\Program Files\Microsoft SQL Server\Client SDK\ODBC\170\Tools\Binn\;C:\Windows\Microsoft.NET\Framework64\v4.0.30319;C:\Windows\Microsoft.NET\Framework64\v4.0.30319;C:\Program Files\MySQL\MySQL Server 8.0\bin;C:\ProgramData\chocolatey\bin;C:\Program Files\nodejs\;C:\Program Files (x86)\Yarn\bin\;C:\platform-tools\;C:\Program Files\Azure Data Studio\bin;C:\Program Files (x86)\Microsoft SQL Server\160\DTS\Binn\;C:\Program Files (x86)\Microsoft SQL Server\160\Tools\Binn\;C:\Program Files\Microsoft SQL Server\160\Tools\Binn\;C:\Program Files\Microsoft SQL Server\160\DTS\Binn\;C:\Program Files\MySQL\MySQL Shell 8.0\bin\;C:\Users\almeida\AppData\Local\Microsoft\WindowsApps;C:\Users\THALIS NATHAN\AppData\Roaming\npm;C:\Users\THALIS NATHAN\AppData\Local\Programs\Microsoft VS Code\bin;C:\Users\THALIS NATHAN\AppData\Local\GitHubDesktop\bin;C:\Users\almeida\.dotnet\tools;C:\Users\almeida\AppData\Local\GitHubDesktop\bin;C:\Users\almeida\AppData\Local\Android\Sdk\emulador;C:\Users\almeida\AppData\Local\Android\Sdk\tools;C:\Users\almeida\AppData\Local\Android\Sdk\tools\bin;C:\Users\almeida\AppData\Local\Android\Sdk\platform-tools;C:\Users\almeida\AppData\Local\Yarn\bin;C:\Users\almeida\AppDat
USERNAME=THALIS
OS=Windows_NT
PROCESSOR_IDENTIFIER=Intel64 Family 6 Model 42 Stepping 7, GenuineIntel
TMP=C:\Users\almeida\AppData\Local\Temp
TEMP=C:\Users\almeida\AppData\Local\Temp



---------------  S Y S T E M  ---------------

OS: Windows 10 , 64 bit Build 19041 (10.0.19041.2913)
OS uptime: 0 days 0:51 hours

CPU:total 4 (initial active 4) (2 cores per cpu, 2 threads per core) family 6 model 42 stepping 7 microcode 0x2f, cmov, cx8, fxsr, mmx, sse, sse2, sse3, ssse3, sse4.1, sse4.2, popcnt, avx, aes, clmul, ht, tsc, tscinvbit

Memory: 4k page, system-wide physical 4003M (413M free)
TotalPageFile size 6051M (AvailPageFile size 5M)
current process WorkingSet (physical memory assigned to process): 427M, peak: 427M
current process commit charge ("private bytes"): 480M, peak: 481M

vm_info: OpenJDK 64-Bit Server VM (11.0.18+10-LTS) for windows-amd64 JRE (11.0.18+10-LTS), built on Jan 18 2023 15:56:47 by "MicrosoftCorporation" with MS VC++ 15.9 (VS2017)

END.
