#
# There is insufficient memory for the Java Runtime Environment to continue.
# Native memory allocation (malloc) failed to allocate 2296496 bytes for Chunk::new
# Possible reasons:
#   The system is out of physical RAM or swap space
#   The process is running with CompressedOops enabled, and the Java Heap may be blocking the growth of the native heap
# Possible solutions:
#   Reduce memory load on the system
#   Increase physical memory or swap space
#   Check if swap backing store is full
#   Decrease Java heap size (-Xmx/-Xms)
#   Decrease number of Java threads
#   Decrease Java thread stack sizes (-Xss)
#   Set larger code cache with -XX:ReservedCodeCacheSize=
#   JVM is running with Unscaled Compressed Oops mode in which the Java heap is
#     placed in the first 4GB address space. The Java Heap base address is the
#     maximum limit for the native heap growth. Please use -XX:HeapBaseMinAddress
#     to set the Java Heap base and to place the Java Heap above 4GB virtual address.
# This output file may be truncated or incomplete.
#
#  Out of Memory Error (./src/hotspot/share/memory/arena.cpp:197), pid=4316, tid=492
#
# JRE version: OpenJDK Runtime Environment Microsoft-7208460 (11.0.18+10) (build 11.0.18+10-LTS)
# Java VM: OpenJDK 64-Bit Server VM Microsoft-7208460 (11.0.18+10-LTS, mixed mode, tiered, compressed oops, g1 gc, windows-amd64)
# No core dump will be written. Minidumps are not enabled by default on client versions of Windows
#

---------------  S U M M A R Y ------------

Command Line: -XX:MaxMetaspaceSize=512m --add-opens=java.base/java.util=ALL-UNNAMED --add-opens=java.base/java.lang=ALL-UNNAMED --add-opens=java.base/java.lang.invoke=ALL-UNNAMED --add-opens=java.base/java.util=ALL-UNNAMED --add-opens=java.prefs/java.util.prefs=ALL-UNNAMED --add-opens=java.prefs/java.util.prefs=ALL-UNNAMED --add-opens=java.base/java.nio.charset=ALL-UNNAMED --add-opens=java.base/java.net=ALL-UNNAMED --add-opens=java.base/java.util.concurrent.atomic=ALL-UNNAMED -Xmx2048m -Dfile.encoding=windows-1252 -Duser.country=BR -Duser.language=pt -Duser.variant org.gradle.launcher.daemon.bootstrap.GradleDaemon 7.5.1

Host: Intel(R) Core(TM) i5-2450M CPU @ 2.50GHz, 4 cores, 3G,  Windows 10 , 64 bit Build 19041 (10.0.19041.2913)
Time: Sun Jun 25 00:15:31 2023 Hora oficial do Brasil elapsed time: 231.283208 seconds (0d 0h 3m 51s)

---------------  T H R E A D  ---------------

Current thread (0x0000016651c8b800):  JavaThread "C2 CompilerThread0" daemon [_thread_in_native, id=492, stack(0x0000001235400000,0x0000001235500000)]


Current CompileTask:
C2: 231283 17418       4       org.gradle.api.internal.artifacts.transform.DefaultTransformedVariantFactory::locateOrCreate (150 bytes)

Stack: [0x0000001235400000,0x0000001235500000]
Native frames: (J=compiled Java code, j=interpreted, Vv=VM code, C=native code)
V  [jvm.dll+0x62bf8a]
V  [jvm.dll+0x7b8fb9]
V  [jvm.dll+0x7ba6a8]
V  [jvm.dll+0x7bad83]
V  [jvm.dll+0x250248]
V  [jvm.dll+0xc260c]
V  [jvm.dll+0xc2bcc]
V  [jvm.dll+0x35e182]
V  [jvm.dll+0x32a373]
V  [jvm.dll+0x3296aa]
V  [jvm.dll+0x2093b3]
V  [jvm.dll+0x20850d]
V  [jvm.dll+0x18a4b1]
V  [jvm.dll+0x217eec]
V  [jvm.dll+0x21612b]
V  [jvm.dll+0x77bac0]
V  [jvm.dll+0x7749f4]
V  [jvm.dll+0x62adf5]
C  [ucrtbase.dll+0x21bb2]
C  [KERNEL32.DLL+0x17614]
C  [ntdll.dll+0x526a1]


---------------  P R O C E S S  ---------------

Threads class SMR info:
_java_thread_list=0x0000016657bd40f0, length=89, elements={
0x0000016632c14800, 0x0000016651c1f800, 0x0000016651c29000, 0x0000016651c84000,
0x0000016651c86000, 0x0000016651c87800, 0x0000016651c8b800, 0x0000016651c90000,
0x0000016651c9a000, 0x0000016651f01800, 0x0000016653537000, 0x0000016652cf7000,
0x0000016652ad0000, 0x0000016654425000, 0x0000016654978800, 0x0000016652cd4800,
0x000001665318e000, 0x000001665320e000, 0x0000016653775800, 0x0000016652518800,
0x000001665395a800, 0x0000016653959800, 0x0000016653958000, 0x0000016653959000,
0x0000016656087800, 0x0000016656087000, 0x0000016656083800, 0x0000016656085000,
0x0000016656082000, 0x0000016656084800, 0x0000016656083000, 0x000001665608c000,
0x0000016656088800, 0x000001665608c800, 0x000001665608f000, 0x000001665608d800,
0x0000016656090000, 0x000001665608e000, 0x0000016656090800, 0x000001665976b000,
0x000001665976d000, 0x000001665976c000, 0x000001665976f800, 0x000001665976d800,
0x000001665976e800, 0x0000016659769800, 0x0000016659770000, 0x000001665976a800,
0x0000016659771800, 0x0000016659776800, 0x0000016659772800, 0x0000016659771000,
0x0000016659775000, 0x0000016659776000, 0x0000016659777800, 0x0000016659778800,
0x0000016659774000, 0x0000016659773800, 0x000001665a257000, 0x000001665a258800,
0x000001665a258000, 0x000001665a254000, 0x000001665a255800, 0x000001665a259800,
0x000001665a25a800, 0x000001665a254800, 0x000001665a25b000, 0x000001665a25c000,
0x000001665a256800, 0x000001665a260000, 0x000001665a25d000, 0x000001665a261000,
0x000001665a25d800, 0x000001665a25f800, 0x000001665a262800, 0x000001665a25e800,
0x00000166580a3800, 0x000001665809d800, 0x00000166580a2000, 0x00000166580a2800,
0x000001665809e800, 0x00000166580a1000, 0x00000166580a4000, 0x00000166580a5000,
0x000001665809f800, 0x00000166580a0000, 0x00000166580ac800, 0x00000166580a6800,
0x0000016659d36000
}

Java Threads: ( => current thread )
  0x0000016632c14800 JavaThread "main" [_thread_blocked, id=9828, stack(0x0000001234800000,0x0000001234900000)]
  0x0000016651c1f800 JavaThread "Reference Handler" daemon [_thread_blocked, id=456, stack(0x0000001234f00000,0x0000001235000000)]
  0x0000016651c29000 JavaThread "Finalizer" daemon [_thread_blocked, id=8992, stack(0x0000001235000000,0x0000001235100000)]
  0x0000016651c84000 JavaThread "Signal Dispatcher" daemon [_thread_blocked, id=10832, stack(0x0000001235100000,0x0000001235200000)]
  0x0000016651c86000 JavaThread "Attach Listener" daemon [_thread_blocked, id=2844, stack(0x0000001235200000,0x0000001235300000)]
  0x0000016651c87800 JavaThread "Service Thread" daemon [_thread_blocked, id=5820, stack(0x0000001235300000,0x0000001235400000)]
=>0x0000016651c8b800 JavaThread "C2 CompilerThread0" daemon [_thread_in_native, id=492, stack(0x0000001235400000,0x0000001235500000)]
  0x0000016651c90000 JavaThread "C1 CompilerThread0" daemon [_thread_blocked, id=6452, stack(0x0000001235500000,0x0000001235600000)]
  0x0000016651c9a000 JavaThread "Sweeper thread" daemon [_thread_blocked, id=10344, stack(0x0000001235600000,0x0000001235700000)]
  0x0000016651f01800 JavaThread "Common-Cleaner" daemon [_thread_blocked, id=3112, stack(0x0000001235700000,0x0000001235800000)]
  0x0000016653537000 JavaThread "Daemon health stats" [_thread_blocked, id=1216, stack(0x0000001235b00000,0x0000001235c00000)]
  0x0000016652cf7000 JavaThread "Incoming local TCP Connector on port 59770" [_thread_in_native, id=5868, stack(0x0000001235900000,0x0000001235a00000)]
  0x0000016652ad0000 JavaThread "Daemon periodic checks" [_thread_blocked, id=7648, stack(0x0000001235e00000,0x0000001235f00000)]
  0x0000016654425000 JavaThread "Daemon" [_thread_blocked, id=11900, stack(0x0000001235f00000,0x0000001236000000)]
  0x0000016654978800 JavaThread "Handler for socket connection from /127.0.0.1:59770 to /127.0.0.1:59771" [_thread_in_native, id=3948, stack(0x0000001236000000,0x0000001236100000)]
  0x0000016652cd4800 JavaThread "Cancel handler" [_thread_blocked, id=4024, stack(0x0000001236100000,0x0000001236200000)]
  0x000001665318e000 JavaThread "Daemon worker" [_thread_blocked, id=9920, stack(0x0000001236200000,0x0000001236300000)]
  0x000001665320e000 JavaThread "Asynchronous log dispatcher for DefaultDaemonConnection: socket connection from /127.0.0.1:59770 to /127.0.0.1:59771" [_thread_blocked, id=576, stack(0x0000001236300000,0x0000001236400000)]
  0x0000016653775800 JavaThread "Stdin handler" [_thread_blocked, id=12284, stack(0x0000001236400000,0x0000001236500000)]
  0x0000016652518800 JavaThread "Daemon client event forwarder" [_thread_blocked, id=11768, stack(0x0000001236500000,0x0000001236600000)]
  0x000001665395a800 JavaThread "Cache worker for journal cache (C:\Users\almeida\.gradle\caches\journal-1)" [_thread_blocked, id=3816, stack(0x0000001236600000,0x0000001236700000)]
  0x0000016653959800 JavaThread "File lock request listener" [_thread_in_native, id=2564, stack(0x0000001236700000,0x0000001236800000)]
  0x0000016653958000 JavaThread "Cache worker for file hash cache (C:\Users\almeida\.gradle\caches\7.5.1\fileHashes)" [_thread_in_native, id=4904, stack(0x0000001236800000,0x0000001236900000)]
  0x0000016653959000 JavaThread "File watcher server" daemon [_thread_in_native, id=5804, stack(0x0000001236a00000,0x0000001236b00000)]
  0x0000016656087800 JavaThread "File watcher consumer" daemon [_thread_blocked, id=12236, stack(0x0000001236b00000,0x0000001236c00000)]
  0x0000016656087000 JavaThread "Cache worker for checksums cache (C:\source\repos\C.A.P\client\android\.gradle\7.5.1\checksums)" [_thread_blocked, id=9316, stack(0x0000001236c00000,0x0000001236d00000)]
  0x0000016656083800 JavaThread "Cache worker for cache directory md-rule (C:\Users\almeida\.gradle\caches\7.5.1\md-rule)" [_thread_blocked, id=3820, stack(0x0000001236d00000,0x0000001236e00000)]
  0x0000016656085000 JavaThread "Cache worker for file content cache (C:\Users\almeida\.gradle\caches\7.5.1\fileContent)" [_thread_blocked, id=5672, stack(0x0000001236e00000,0x0000001236f00000)]
  0x0000016656082000 JavaThread "Cache worker for file hash cache (C:\source\repos\C.A.P\client\android\.gradle\7.5.1\fileHashes)" [_thread_blocked, id=11804, stack(0x0000001236f00000,0x0000001237000000)]
  0x0000016656084800 JavaThread "Cache worker for cache directory md-supplier (C:\Users\almeida\.gradle\caches\7.5.1\md-supplier)" [_thread_blocked, id=11192, stack(0x0000001237000000,0x0000001237100000)]
  0x0000016656083000 JavaThread "Cache worker for execution history cache (C:\Users\almeida\.gradle\caches\7.5.1\executionHistory)" [_thread_blocked, id=10280, stack(0x0000001237100000,0x0000001237200000)]
  0x000001665608c000 JavaThread "jar transforms" [_thread_blocked, id=11344, stack(0x0000001237200000,0x0000001237300000)]
  0x0000016656088800 JavaThread "jar transforms Thread 2" [_thread_blocked, id=1604, stack(0x0000001237300000,0x0000001237400000)]
  0x000001665608c800 JavaThread "jar transforms Thread 3" [_thread_blocked, id=2832, stack(0x0000001237400000,0x0000001237500000)]
  0x000001665608f000 JavaThread "jar transforms Thread 4" [_thread_blocked, id=8384, stack(0x0000001237500000,0x0000001237600000)]
  0x000001665608d800 JavaThread "Cache worker for kotlin-dsl (C:\Users\almeida\.gradle\caches\7.5.1\kotlin-dsl)" [_thread_blocked, id=7148, stack(0x0000001237700000,0x0000001237800000)]
  0x0000016656090000 JavaThread "Cache worker for dependencies-accessors (C:\source\repos\C.A.P\client\android\.gradle\7.5.1\dependencies-accessors)" [_thread_blocked, id=9228, stack(0x0000001237800000,0x0000001237900000)]
  0x000001665608e000 JavaThread "Cache worker for Build Output Cleanup Cache (C:\source\repos\C.A.P\client\node_modules\react-native-gradle-plugin\.gradle\buildOutputCleanup)" [_thread_blocked, id=9236, stack(0x0000001237900000,0x0000001237a00000)]
  0x0000016656090800 JavaThread "Unconstrained build operations" [_thread_blocked, id=11096, stack(0x0000001237a00000,0x0000001237b00000)]
  0x000001665976b000 JavaThread "Unconstrained build operations Thread 2" [_thread_blocked, id=7416, stack(0x0000001237b00000,0x0000001237c00000)]
  0x000001665976d000 JavaThread "Unconstrained build operations Thread 3" [_thread_blocked, id=8676, stack(0x0000001237c00000,0x0000001237d00000)]
  0x000001665976c000 JavaThread "Unconstrained build operations Thread 4" [_thread_blocked, id=9764, stack(0x0000001237d00000,0x0000001237e00000)]
  0x000001665976f800 JavaThread "Unconstrained build operations Thread 5" [_thread_blocked, id=5304, stack(0x0000001237e00000,0x0000001237f00000)]
  0x000001665976d800 JavaThread "Unconstrained build operations Thread 6" [_thread_blocked, id=6640, stack(0x0000001237f00000,0x0000001238000000)]
  0x000001665976e800 JavaThread "Unconstrained build operations Thread 7" [_thread_blocked, id=11844, stack(0x0000001238000000,0x0000001238100000)]
  0x0000016659769800 JavaThread "Unconstrained build operations Thread 8" [_thread_blocked, id=124, stack(0x0000001238100000,0x0000001238200000)]
  0x0000016659770000 JavaThread "Unconstrained build operations Thread 9" [_thread_blocked, id=6936, stack(0x0000001238200000,0x0000001238300000)]
  0x000001665976a800 JavaThread "Unconstrained build operations Thread 10" [_thread_blocked, id=7208, stack(0x0000001238300000,0x0000001238400000)]
  0x0000016659771800 JavaThread "Unconstrained build operations Thread 11" [_thread_blocked, id=1692, stack(0x0000001238400000,0x0000001238500000)]
  0x0000016659776800 JavaThread "Unconstrained build operations Thread 12" [_thread_blocked, id=9740, stack(0x0000001238500000,0x0000001238600000)]
  0x0000016659772800 JavaThread "Unconstrained build operations Thread 13" [_thread_blocked, id=7388, stack(0x0000001238600000,0x0000001238700000)]
  0x0000016659771000 JavaThread "Unconstrained build operations Thread 14" [_thread_blocked, id=5372, stack(0x0000001238700000,0x0000001238800000)]
  0x0000016659775000 JavaThread "Unconstrained build operations Thread 15" [_thread_blocked, id=7040, stack(0x0000001238800000,0x0000001238900000)]
  0x0000016659776000 JavaThread "Unconstrained build operations Thread 16" [_thread_blocked, id=1044, stack(0x0000001238900000,0x0000001238a00000)]
  0x0000016659777800 JavaThread "Unconstrained build operations Thread 17" [_thread_blocked, id=10112, stack(0x0000001238a00000,0x0000001238b00000)]
  0x0000016659778800 JavaThread "Unconstrained build operations Thread 18" [_thread_blocked, id=704, stack(0x0000001238b00000,0x0000001238c00000)]
  0x0000016659774000 JavaThread "Unconstrained build operations Thread 19" [_thread_blocked, id=4656, stack(0x0000001238c00000,0x0000001238d00000)]
  0x0000016659773800 JavaThread "Unconstrained build operations Thread 20" [_thread_blocked, id=2164, stack(0x0000001238d00000,0x0000001238e00000)]
  0x000001665a257000 JavaThread "Unconstrained build operations Thread 21" [_thread_blocked, id=7216, stack(0x0000001238e00000,0x0000001238f00000)]
  0x000001665a258800 JavaThread "Unconstrained build operations Thread 22" [_thread_blocked, id=7880, stack(0x0000001238f00000,0x0000001239000000)]
  0x000001665a258000 JavaThread "Unconstrained build operations Thread 23" [_thread_blocked, id=1152, stack(0x0000001239000000,0x0000001239100000)]
  0x000001665a254000 JavaThread "Unconstrained build operations Thread 24" [_thread_blocked, id=2392, stack(0x0000001239100000,0x0000001239200000)]
  0x000001665a255800 JavaThread "Unconstrained build operations Thread 25" [_thread_blocked, id=6552, stack(0x0000001239200000,0x0000001239300000)]
  0x000001665a259800 JavaThread "Unconstrained build operations Thread 26" [_thread_blocked, id=11508, stack(0x0000001239300000,0x0000001239400000)]
  0x000001665a25a800 JavaThread "Unconstrained build operations Thread 27" [_thread_blocked, id=2884, stack(0x0000001239400000,0x0000001239500000)]
  0x000001665a254800 JavaThread "Unconstrained build operations Thread 28" [_thread_blocked, id=11068, stack(0x0000001239500000,0x0000001239600000)]
  0x000001665a25b000 JavaThread "Unconstrained build operations Thread 29" [_thread_blocked, id=8072, stack(0x0000001239600000,0x0000001239700000)]
  0x000001665a25c000 JavaThread "Unconstrained build operations Thread 30" [_thread_blocked, id=2676, stack(0x0000001239700000,0x0000001239800000)]
  0x000001665a256800 JavaThread "Unconstrained build operations Thread 31" [_thread_blocked, id=1988, stack(0x0000001239800000,0x0000001239900000)]
  0x000001665a260000 JavaThread "Unconstrained build operations Thread 32" [_thread_blocked, id=6988, stack(0x0000001239900000,0x0000001239a00000)]
  0x000001665a25d000 JavaThread "Unconstrained build operations Thread 33" [_thread_blocked, id=4292, stack(0x0000001239a00000,0x0000001239b00000)]
  0x000001665a261000 JavaThread "build event listener" [_thread_blocked, id=10384, stack(0x0000001237600000,0x0000001237700000)]
  0x000001665a25d800 JavaThread "Memory manager" [_thread_blocked, id=7188, stack(0x0000001239c00000,0x0000001239d00000)]
  0x000001665a25f800 JavaThread "Cache worker for Build Output Cleanup Cache (C:\source\repos\C.A.P\client\android\.gradle\buildOutputCleanup)" [_thread_blocked, id=4092, stack(0x0000001234600000,0x0000001234700000)]
  0x000001665a262800 JavaThread "Execution worker" [_thread_blocked, id=5588, stack(0x0000001239d00000,0x0000001239e00000)]
  0x000001665a25e800 JavaThread "Execution worker Thread 2" [_thread_blocked, id=8224, stack(0x0000001239e00000,0x0000001239f00000)]
  0x00000166580a3800 JavaThread "Execution worker Thread 3" [_thread_blocked, id=3500, stack(0x0000001239f00000,0x000000123a000000)]
  0x000001665809d800 JavaThread "Cache worker for execution history cache (C:\source\repos\C.A.P\client\node_modules\react-native-gradle-plugin\.gradle\7.5.1\executionHistory)" [_thread_blocked, id=1908, stack(0x000000123a000000,0x000000123a100000)]
  0x00000166580a2000 JavaThread "Unconstrained build operations Thread 34" [_thread_blocked, id=9924, stack(0x0000001234500000,0x0000001234600000)]
  0x00000166580a2800 JavaThread "Unconstrained build operations Thread 35" [_thread_blocked, id=1268, stack(0x000000123a100000,0x000000123a200000)]
  0x000001665809e800 JavaThread "Unconstrained build operations Thread 36" [_thread_blocked, id=11564, stack(0x000000123a200000,0x000000123a300000)]
  0x00000166580a1000 JavaThread "Unconstrained build operations Thread 37" [_thread_blocked, id=2592, stack(0x000000123a300000,0x000000123a400000)]
  0x00000166580a4000 JavaThread "Unconstrained build operations Thread 38" [_thread_blocked, id=8884, stack(0x000000123a400000,0x000000123a500000)]
  0x00000166580a5000 JavaThread "Unconstrained build operations Thread 39" [_thread_blocked, id=10412, stack(0x000000123a500000,0x000000123a600000)]
  0x000001665809f800 JavaThread "Unconstrained build operations Thread 40" [_thread_blocked, id=2708, stack(0x000000123a600000,0x000000123a700000)]
  0x00000166580a0000 JavaThread "build event listener" [_thread_blocked, id=9444, stack(0x000000123a800000,0x000000123a900000)]
  0x00000166580ac800 JavaThread "included builds Thread 2" [_thread_blocked, id=1940, stack(0x000000123ac00000,0x000000123ad00000)]
  0x00000166580a6800 JavaThread "Cache worker for execution history cache (C:\source\repos\C.A.P\client\android\.gradle\7.5.1\executionHistory)" [_thread_blocked, id=4144, stack(0x000000123ad00000,0x000000123ae00000)]
  0x0000016659d36000 JavaThread "C2 CompilerThread1" daemon [_thread_in_native, id=7360, stack(0x0000001239b00000,0x0000001239c00000)]

Other Threads:
  0x0000016651c1d000 VMThread "VM Thread" [stack: 0x0000001234e00000,0x0000001234f00000] [id=10336]
  0x0000016651f3d800 WatcherThread [stack: 0x0000001235800000,0x0000001235900000] [id=2860]
  0x0000016632c2c800 GCTaskThread "GC Thread#0" [stack: 0x0000001234900000,0x0000001234a00000] [id=10812]
  0x0000016652a20800 GCTaskThread "GC Thread#1" [stack: 0x0000001235a00000,0x0000001235b00000] [id=4732]
  0x00000166533b7000 GCTaskThread "GC Thread#2" [stack: 0x0000001235c00000,0x0000001235d00000] [id=7308]
  0x000001665374e800 GCTaskThread "GC Thread#3" [stack: 0x0000001235d00000,0x0000001235e00000] [id=11472]
  0x0000016632c5e800 ConcurrentGCThread "G1 Main Marker" [stack: 0x0000001234a00000,0x0000001234b00000] [id=10248]
  0x0000016632c5f800 ConcurrentGCThread "G1 Conc#0" [stack: 0x0000001234b00000,0x0000001234c00000] [id=10376]
  0x0000016632cb7000 ConcurrentGCThread "G1 Refine#0" [stack: 0x0000001234c00000,0x0000001234d00000] [id=11964]
  0x0000016632cb8000 ConcurrentGCThread "G1 Young RemSet Sampling" [stack: 0x0000001234d00000,0x0000001234e00000] [id=7844]

Threads with active compile tasks:
C2 CompilerThread0   231842 17418       4       org.gradle.api.internal.artifacts.transform.DefaultTransformedVariantFactory::locateOrCreate (150 bytes)
C2 CompilerThread1   231843 17405       4       org.gradle.api.internal.artifacts.transform.AttributeMatchingVariantSelector::doSelect (469 bytes)

VM state:not at safepoint (normal execution)

VM Mutex/Monitor currently owned by a thread: None

Heap address: 0x0000000080000000, size: 2048 MB, Compressed Oops mode: 32-bit
Narrow klass base: 0x0000000000000000, Narrow klass shift: 3
Compressed class space size: 528482304 Address: 0x0000000100000000

Heap:
 garbage-first heap   total 310272K, used 236796K [0x0000000080000000, 0x0000000100000000)
  region size 1024K, 19 young (19456K), 5 survivors (5120K)
 Metaspace       used 114393K, capacity 118942K, committed 119120K, reserved 620544K
  class space    used 14826K, capacity 16596K, committed 16640K, reserved 516096K
Heap Regions: E=young(eden), S=young(survivor), O=old, HS=humongous(starts), HC=humongous(continues), CS=collection set, F=free, A=archive, TAMS=top-at-mark-start (previous, next)
|   0|0x0000000080000000, 0x0000000080100000, 0x0000000080100000|100%|HS|  |TAMS 0x0000000080100000, 0x0000000080000000| Complete 
|   1|0x0000000080100000, 0x0000000080200000, 0x0000000080200000|100%|HC|  |TAMS 0x0000000080200000, 0x0000000080100000| Complete 
|   2|0x0000000080200000, 0x0000000080300000, 0x0000000080300000|100%|HC|  |TAMS 0x0000000080300000, 0x0000000080200000| Complete 
|   3|0x0000000080300000, 0x0000000080400000, 0x0000000080400000|100%| O|  |TAMS 0x0000000080400000, 0x0000000080300000| Untracked 
|   4|0x0000000080400000, 0x0000000080500000, 0x0000000080500000|100%| O|  |TAMS 0x0000000080500000, 0x0000000080400000| Untracked 
|   5|0x0000000080500000, 0x0000000080600000, 0x0000000080600000|100%| O|  |TAMS 0x0000000080600000, 0x0000000080500000| Untracked 
|   6|0x0000000080600000, 0x0000000080700000, 0x0000000080700000|100%| O|  |TAMS 0x0000000080700000, 0x0000000080600000| Untracked 
|   7|0x0000000080700000, 0x0000000080800000, 0x0000000080800000|100%| O|  |TAMS 0x0000000080800000, 0x0000000080700000| Untracked 
|   8|0x0000000080800000, 0x0000000080900000, 0x0000000080900000|100%| O|  |TAMS 0x0000000080900000, 0x0000000080800000| Untracked 
|   9|0x0000000080900000, 0x0000000080a00000, 0x0000000080a00000|100%| O|  |TAMS 0x0000000080a00000, 0x0000000080900000| Untracked 
|  10|0x0000000080a00000, 0x0000000080b00000, 0x0000000080b00000|100%| O|  |TAMS 0x0000000080b00000, 0x0000000080a00000| Untracked 
|  11|0x0000000080b00000, 0x0000000080c00000, 0x0000000080c00000|100%| O|  |TAMS 0x0000000080c00000, 0x0000000080b00000| Untracked 
|  12|0x0000000080c00000, 0x0000000080c00000, 0x0000000080d00000|  0%| F|  |TAMS 0x0000000080c00000, 0x0000000080c00000| Untracked 
|  13|0x0000000080d00000, 0x0000000080e00000, 0x0000000080e00000|100%| O|  |TAMS 0x0000000080e00000, 0x0000000080d00000| Untracked 
|  14|0x0000000080e00000, 0x0000000080f00000, 0x0000000080f00000|100%| O|  |TAMS 0x0000000080f00000, 0x0000000080e00000| Untracked 
|  15|0x0000000080f00000, 0x0000000081000000, 0x0000000081000000|100%| O|  |TAMS 0x0000000081000000, 0x0000000080f00000| Untracked 
|  16|0x0000000081000000, 0x0000000081100000, 0x0000000081100000|100%| O|  |TAMS 0x0000000081100000, 0x0000000081000000| Untracked 
|  17|0x0000000081100000, 0x0000000081200000, 0x0000000081200000|100%| O|  |TAMS 0x0000000081200000, 0x0000000081100000| Untracked 
|  18|0x0000000081200000, 0x0000000081300000, 0x0000000081300000|100%| O|  |TAMS 0x0000000081300000, 0x0000000081200000| Untracked 
|  19|0x0000000081300000, 0x0000000081400000, 0x0000000081400000|100%| O|  |TAMS 0x0000000081400000, 0x0000000081300000| Untracked 
|  20|0x0000000081400000, 0x0000000081500000, 0x0000000081500000|100%| O|  |TAMS 0x0000000081500000, 0x0000000081400000| Untracked 
|  21|0x0000000081500000, 0x0000000081600000, 0x0000000081600000|100%| O|  |TAMS 0x0000000081600000, 0x0000000081500000| Untracked 
|  22|0x0000000081600000, 0x0000000081700000, 0x0000000081700000|100%| O|  |TAMS 0x0000000081700000, 0x0000000081600000| Untracked 
|  23|0x0000000081700000, 0x0000000081800000, 0x0000000081800000|100%| O|  |TAMS 0x0000000081800000, 0x0000000081700000| Untracked 
|  24|0x0000000081800000, 0x0000000081900000, 0x0000000081900000|100%| O|  |TAMS 0x0000000081900000, 0x0000000081800000| Untracked 
|  25|0x0000000081900000, 0x0000000081a00000, 0x0000000081a00000|100%| O|  |TAMS 0x0000000081a00000, 0x0000000081900000| Untracked 
|  26|0x0000000081a00000, 0x0000000081b00000, 0x0000000081b00000|100%| O|  |TAMS 0x0000000081b00000, 0x0000000081a00000| Untracked 
|  27|0x0000000081b00000, 0x0000000081c00000, 0x0000000081c00000|100%| O|  |TAMS 0x0000000081c00000, 0x0000000081b00000| Untracked 
|  28|0x0000000081c00000, 0x0000000081d00000, 0x0000000081d00000|100%| O|  |TAMS 0x0000000081d00000, 0x0000000081c00000| Untracked 
|  29|0x0000000081d00000, 0x0000000081e00000, 0x0000000081e00000|100%| O|  |TAMS 0x0000000081e00000, 0x0000000081d00000| Untracked 
|  30|0x0000000081e00000, 0x0000000081f00000, 0x0000000081f00000|100%| O|  |TAMS 0x0000000081f00000, 0x0000000081e00000| Untracked 
|  31|0x0000000081f00000, 0x0000000082000000, 0x0000000082000000|100%| O|  |TAMS 0x0000000082000000, 0x0000000081f00000| Untracked 
|  32|0x0000000082000000, 0x0000000082100000, 0x0000000082100000|100%| O|  |TAMS 0x0000000082100000, 0x0000000082000000| Untracked 
|  33|0x0000000082100000, 0x0000000082200000, 0x0000000082200000|100%|HS|  |TAMS 0x0000000082200000, 0x0000000082100000| Complete 
|  34|0x0000000082200000, 0x0000000082300000, 0x0000000082300000|100%|HS|  |TAMS 0x0000000082300000, 0x0000000082200000| Complete 
|  35|0x0000000082300000, 0x0000000082400000, 0x0000000082400000|100%|HC|  |TAMS 0x0000000082400000, 0x0000000082300000| Complete 
|  36|0x0000000082400000, 0x0000000082500000, 0x0000000082500000|100%|HC|  |TAMS 0x0000000082500000, 0x0000000082400000| Complete 
|  37|0x0000000082500000, 0x0000000082600000, 0x0000000082600000|100%| O|  |TAMS 0x0000000082600000, 0x0000000082500000| Untracked 
|  38|0x0000000082600000, 0x0000000082700000, 0x0000000082700000|100%| O|  |TAMS 0x0000000082700000, 0x0000000082600000| Untracked 
|  39|0x0000000082700000, 0x0000000082800000, 0x0000000082800000|100%| O|  |TAMS 0x0000000082800000, 0x0000000082700000| Untracked 
|  40|0x0000000082800000, 0x0000000082900000, 0x0000000082900000|100%| O|  |TAMS 0x0000000082900000, 0x0000000082800000| Untracked 
|  41|0x0000000082900000, 0x0000000082a00000, 0x0000000082a00000|100%| O|  |TAMS 0x0000000082a00000, 0x0000000082900000| Untracked 
|  42|0x0000000082a00000, 0x0000000082b00000, 0x0000000082b00000|100%| O|  |TAMS 0x0000000082b00000, 0x0000000082a00000| Untracked 
|  43|0x0000000082b00000, 0x0000000082c00000, 0x0000000082c00000|100%| O|  |TAMS 0x0000000082c00000, 0x0000000082b00000| Untracked 
|  44|0x0000000082c00000, 0x0000000082d00000, 0x0000000082d00000|100%| O|  |TAMS 0x0000000082d00000, 0x0000000082c00000| Untracked 
|  45|0x0000000082d00000, 0x0000000082e00000, 0x0000000082e00000|100%| O|  |TAMS 0x0000000082e00000, 0x0000000082d00000| Untracked 
|  46|0x0000000082e00000, 0x0000000082f00000, 0x0000000082f00000|100%| O|  |TAMS 0x0000000082f00000, 0x0000000082e00000| Untracked 
|  47|0x0000000082f00000, 0x0000000083000000, 0x0000000083000000|100%| O|  |TAMS 0x0000000083000000, 0x0000000082f00000| Untracked 
|  48|0x0000000083000000, 0x0000000083100000, 0x0000000083100000|100%| O|  |TAMS 0x0000000083100000, 0x0000000083000000| Untracked 
|  49|0x0000000083100000, 0x0000000083200000, 0x0000000083200000|100%| O|  |TAMS 0x0000000083200000, 0x0000000083100000| Untracked 
|  50|0x0000000083200000, 0x0000000083300000, 0x0000000083300000|100%| O|  |TAMS 0x0000000083300000, 0x0000000083200000| Untracked 
|  51|0x0000000083300000, 0x0000000083400000, 0x0000000083400000|100%| O|  |TAMS 0x0000000083400000, 0x0000000083300000| Untracked 
|  52|0x0000000083400000, 0x0000000083500000, 0x0000000083500000|100%| O|  |TAMS 0x0000000083500000, 0x0000000083400000| Untracked 
|  53|0x0000000083500000, 0x0000000083600000, 0x0000000083600000|100%| O|  |TAMS 0x0000000083600000, 0x0000000083500000| Untracked 
|  54|0x0000000083600000, 0x0000000083700000, 0x0000000083700000|100%| O|  |TAMS 0x0000000083700000, 0x0000000083600000| Untracked 
|  55|0x0000000083700000, 0x0000000083800000, 0x0000000083800000|100%| O|  |TAMS 0x0000000083800000, 0x0000000083700000| Untracked 
|  56|0x0000000083800000, 0x0000000083900000, 0x0000000083900000|100%| O|  |TAMS 0x0000000083900000, 0x0000000083800000| Untracked 
|  57|0x0000000083900000, 0x0000000083a00000, 0x0000000083a00000|100%|HS|  |TAMS 0x0000000083a00000, 0x0000000083900000| Complete 
|  58|0x0000000083a00000, 0x0000000083b00000, 0x0000000083b00000|100%|HS|  |TAMS 0x0000000083b00000, 0x0000000083a00000| Complete 
|  59|0x0000000083b00000, 0x0000000083c00000, 0x0000000083c00000|100%|HS|  |TAMS 0x0000000083c00000, 0x0000000083b00000| Complete 
|  60|0x0000000083c00000, 0x0000000083d00000, 0x0000000083d00000|100%|HS|  |TAMS 0x0000000083d00000, 0x0000000083c00000| Complete 
|  61|0x0000000083d00000, 0x0000000083e00000, 0x0000000083e00000|100%|HC|  |TAMS 0x0000000083e00000, 0x0000000083d00000| Complete 
|  62|0x0000000083e00000, 0x0000000083f00000, 0x0000000083f00000|100%|HC|  |TAMS 0x0000000083f00000, 0x0000000083e00000| Complete 
|  63|0x0000000083f00000, 0x0000000084000000, 0x0000000084000000|100%| O|  |TAMS 0x0000000084000000, 0x0000000083f00000| Untracked 
|  64|0x0000000084000000, 0x0000000084100000, 0x0000000084100000|100%|HS|  |TAMS 0x0000000084100000, 0x0000000084000000| Complete 
|  65|0x0000000084100000, 0x0000000084200000, 0x0000000084200000|100%|HC|  |TAMS 0x0000000084200000, 0x0000000084100000| Complete 
|  66|0x0000000084200000, 0x0000000084300000, 0x0000000084300000|100%| O|  |TAMS 0x0000000084300000, 0x0000000084200000| Untracked 
|  67|0x0000000084300000, 0x0000000084400000, 0x0000000084400000|100%| O|  |TAMS 0x0000000084400000, 0x0000000084300000| Untracked 
|  68|0x0000000084400000, 0x0000000084500000, 0x0000000084500000|100%| O|  |TAMS 0x0000000084500000, 0x0000000084400000| Untracked 
|  69|0x0000000084500000, 0x0000000084600000, 0x0000000084600000|100%| O|  |TAMS 0x0000000084600000, 0x0000000084500000| Untracked 
|  70|0x0000000084600000, 0x0000000084700000, 0x0000000084700000|100%| O|  |TAMS 0x0000000084700000, 0x0000000084600000| Untracked 
|  71|0x0000000084700000, 0x0000000084800000, 0x0000000084800000|100%| O|  |TAMS 0x0000000084800000, 0x0000000084700000| Untracked 
|  72|0x0000000084800000, 0x0000000084900000, 0x0000000084900000|100%| O|  |TAMS 0x0000000084900000, 0x0000000084800000| Untracked 
|  73|0x0000000084900000, 0x0000000084a00000, 0x0000000084a00000|100%| O|  |TAMS 0x0000000084a00000, 0x0000000084900000| Untracked 
|  74|0x0000000084a00000, 0x0000000084b00000, 0x0000000084b00000|100%| O|  |TAMS 0x0000000084b00000, 0x0000000084a00000| Untracked 
|  75|0x0000000084b00000, 0x0000000084c00000, 0x0000000084c00000|100%| O|  |TAMS 0x0000000084c00000, 0x0000000084b00000| Untracked 
|  76|0x0000000084c00000, 0x0000000084d00000, 0x0000000084d00000|100%| O|  |TAMS 0x0000000084d00000, 0x0000000084c00000| Untracked 
|  77|0x0000000084d00000, 0x0000000084e00000, 0x0000000084e00000|100%| O|  |TAMS 0x0000000084e00000, 0x0000000084d00000| Untracked 
|  78|0x0000000084e00000, 0x0000000084f00000, 0x0000000084f00000|100%| O|  |TAMS 0x0000000084f00000, 0x0000000084e00000| Untracked 
|  79|0x0000000084f00000, 0x0000000085000000, 0x0000000085000000|100%| O|  |TAMS 0x0000000085000000, 0x0000000084f00000| Untracked 
|  80|0x0000000085000000, 0x0000000085100000, 0x0000000085100000|100%| O|  |TAMS 0x0000000085100000, 0x0000000085000000| Untracked 
|  81|0x0000000085100000, 0x0000000085200000, 0x0000000085200000|100%| O|  |TAMS 0x0000000085200000, 0x0000000085100000| Untracked 
|  82|0x0000000085200000, 0x0000000085300000, 0x0000000085300000|100%| O|  |TAMS 0x0000000085300000, 0x0000000085200000| Untracked 
|  83|0x0000000085300000, 0x0000000085400000, 0x0000000085400000|100%| O|  |TAMS 0x0000000085400000, 0x0000000085300000| Untracked 
|  84|0x0000000085400000, 0x0000000085500000, 0x0000000085500000|100%| O|  |TAMS 0x0000000085500000, 0x0000000085400000| Untracked 
|  85|0x0000000085500000, 0x0000000085600000, 0x0000000085600000|100%| O|  |TAMS 0x0000000085600000, 0x0000000085500000| Untracked 
|  86|0x0000000085600000, 0x0000000085700000, 0x0000000085700000|100%| O|  |TAMS 0x0000000085700000, 0x0000000085600000| Untracked 
|  87|0x0000000085700000, 0x0000000085800000, 0x0000000085800000|100%| O|  |TAMS 0x0000000085800000, 0x0000000085700000| Untracked 
|  88|0x0000000085800000, 0x0000000085900000, 0x0000000085900000|100%| O|  |TAMS 0x0000000085900000, 0x0000000085800000| Untracked 
|  89|0x0000000085900000, 0x0000000085a00000, 0x0000000085a00000|100%| O|  |TAMS 0x0000000085a00000, 0x0000000085900000| Untracked 
|  90|0x0000000085a00000, 0x0000000085b00000, 0x0000000085b00000|100%| O|  |TAMS 0x0000000085b00000, 0x0000000085a00000| Untracked 
|  91|0x0000000085b00000, 0x0000000085c00000, 0x0000000085c00000|100%| O|  |TAMS 0x0000000085c00000, 0x0000000085b00000| Untracked 
|  92|0x0000000085c00000, 0x0000000085d00000, 0x0000000085d00000|100%|HS|  |TAMS 0x0000000085d00000, 0x0000000085c00000| Complete 
|  93|0x0000000085d00000, 0x0000000085e00000, 0x0000000085e00000|100%|HC|  |TAMS 0x0000000085e00000, 0x0000000085d00000| Complete 
|  94|0x0000000085e00000, 0x0000000085f00000, 0x0000000085f00000|100%|HC|  |TAMS 0x0000000085f00000, 0x0000000085e00000| Complete 
|  95|0x0000000085f00000, 0x0000000086000000, 0x0000000086000000|100%| O|  |TAMS 0x0000000086000000, 0x0000000085f00000| Untracked 
|  96|0x0000000086000000, 0x0000000086100000, 0x0000000086100000|100%| O|  |TAMS 0x0000000086100000, 0x0000000086000000| Untracked 
|  97|0x0000000086100000, 0x0000000086200000, 0x0000000086200000|100%| O|  |TAMS 0x0000000086200000, 0x0000000086100000| Untracked 
|  98|0x0000000086200000, 0x0000000086300000, 0x0000000086300000|100%| O|  |TAMS 0x0000000086300000, 0x0000000086200000| Untracked 
|  99|0x0000000086300000, 0x0000000086400000, 0x0000000086400000|100%| O|  |TAMS 0x0000000086400000, 0x0000000086300000| Untracked 
| 100|0x0000000086400000, 0x0000000086500000, 0x0000000086500000|100%| O|  |TAMS 0x0000000086500000, 0x0000000086400000| Untracked 
| 101|0x0000000086500000, 0x0000000086600000, 0x0000000086600000|100%| O|  |TAMS 0x0000000086600000, 0x0000000086500000| Untracked 
| 102|0x0000000086600000, 0x0000000086600000, 0x0000000086700000|  0%| F|  |TAMS 0x0000000086600000, 0x0000000086600000| Untracked 
| 103|0x0000000086700000, 0x0000000086800000, 0x0000000086800000|100%| O|  |TAMS 0x0000000086800000, 0x0000000086700000| Untracked 
| 104|0x0000000086800000, 0x0000000086900000, 0x0000000086900000|100%|HS|  |TAMS 0x0000000086900000, 0x0000000086800000| Complete 
| 105|0x0000000086900000, 0x0000000086a00000, 0x0000000086a00000|100%|HC|  |TAMS 0x0000000086a00000, 0x0000000086900000| Complete 
| 106|0x0000000086a00000, 0x0000000086b00000, 0x0000000086b00000|100%| O|  |TAMS 0x0000000086b00000, 0x0000000086a00000| Untracked 
| 107|0x0000000086b00000, 0x0000000086c00000, 0x0000000086c00000|100%| O|  |TAMS 0x0000000086c00000, 0x0000000086b00000| Untracked 
| 108|0x0000000086c00000, 0x0000000086d00000, 0x0000000086d00000|100%| O|  |TAMS 0x0000000086d00000, 0x0000000086c00000| Untracked 
| 109|0x0000000086d00000, 0x0000000086e00000, 0x0000000086e00000|100%| O|  |TAMS 0x0000000086e00000, 0x0000000086d00000| Untracked 
| 110|0x0000000086e00000, 0x0000000086f00000, 0x0000000086f00000|100%| O|  |TAMS 0x0000000086f00000, 0x0000000086e00000| Untracked 
| 111|0x0000000086f00000, 0x0000000087000000, 0x0000000087000000|100%| O|  |TAMS 0x0000000087000000, 0x0000000086f00000| Untracked 
| 112|0x0000000087000000, 0x0000000087100000, 0x0000000087100000|100%| O|  |TAMS 0x0000000087100000, 0x0000000087000000| Untracked 
| 113|0x0000000087100000, 0x0000000087200000, 0x0000000087200000|100%| O|  |TAMS 0x0000000087200000, 0x0000000087100000| Untracked 
| 114|0x0000000087200000, 0x0000000087200000, 0x0000000087300000|  0%| F|  |TAMS 0x0000000087200000, 0x0000000087200000| Untracked 
| 115|0x0000000087300000, 0x0000000087400000, 0x0000000087400000|100%|HS|  |TAMS 0x0000000087400000, 0x0000000087300000| Complete 
| 116|0x0000000087400000, 0x0000000087500000, 0x0000000087500000|100%|HS|  |TAMS 0x0000000087500000, 0x0000000087400000| Complete 
| 117|0x0000000087500000, 0x0000000087600000, 0x0000000087600000|100%|HS|  |TAMS 0x0000000087600000, 0x0000000087500000| Complete 
| 118|0x0000000087600000, 0x0000000087700000, 0x0000000087700000|100%|HS|  |TAMS 0x0000000087700000, 0x0000000087600000| Complete 
| 119|0x0000000087700000, 0x0000000087800000, 0x0000000087800000|100%|HC|  |TAMS 0x0000000087800000, 0x0000000087700000| Complete 
| 120|0x0000000087800000, 0x0000000087900000, 0x0000000087900000|100%|HC|  |TAMS 0x0000000087900000, 0x0000000087800000| Complete 
| 121|0x0000000087900000, 0x0000000087a00000, 0x0000000087a00000|100%| O|  |TAMS 0x0000000087a00000, 0x0000000087900000| Untracked 
| 122|0x0000000087a00000, 0x0000000087b00000, 0x0000000087b00000|100%| O|  |TAMS 0x0000000087b00000, 0x0000000087a00000| Untracked 
| 123|0x0000000087b00000, 0x0000000087c00000, 0x0000000087c00000|100%| O|  |TAMS 0x0000000087c00000, 0x0000000087b00000| Untracked 
| 124|0x0000000087c00000, 0x0000000087d00000, 0x0000000087d00000|100%| O|  |TAMS 0x0000000087d00000, 0x0000000087c00000| Untracked 
| 125|0x0000000087d00000, 0x0000000087e00000, 0x0000000087e00000|100%| O|  |TAMS 0x0000000087e00000, 0x0000000087d00000| Untracked 
| 126|0x0000000087e00000, 0x0000000087f00000, 0x0000000087f00000|100%| O|  |TAMS 0x0000000087f00000, 0x0000000087e00000| Untracked 
| 127|0x0000000087f00000, 0x0000000087f00000, 0x0000000088000000|  0%| F|  |TAMS 0x0000000087f00000, 0x0000000087f00000| Untracked 
| 128|0x0000000088000000, 0x0000000088100000, 0x0000000088100000|100%| O|  |TAMS 0x0000000088100000, 0x0000000088000000| Untracked 
| 129|0x0000000088100000, 0x0000000088200000, 0x0000000088200000|100%| O|  |TAMS 0x0000000088200000, 0x0000000088100000| Untracked 
| 130|0x0000000088200000, 0x0000000088300000, 0x0000000088300000|100%| O|  |TAMS 0x0000000088300000, 0x0000000088200000| Untracked 
| 131|0x0000000088300000, 0x0000000088400000, 0x0000000088400000|100%| O|  |TAMS 0x0000000088400000, 0x0000000088300000| Untracked 
| 132|0x0000000088400000, 0x0000000088500000, 0x0000000088500000|100%| O|  |TAMS 0x0000000088500000, 0x0000000088400000| Untracked 
| 133|0x0000000088500000, 0x0000000088600000, 0x0000000088600000|100%| O|  |TAMS 0x0000000088600000, 0x0000000088500000| Untracked 
| 134|0x0000000088600000, 0x0000000088700000, 0x0000000088700000|100%| O|  |TAMS 0x0000000088700000, 0x0000000088600000| Untracked 
| 135|0x0000000088700000, 0x0000000088800000, 0x0000000088800000|100%| O|  |TAMS 0x0000000088800000, 0x0000000088700000| Untracked 
| 136|0x0000000088800000, 0x0000000088900000, 0x0000000088900000|100%| O|  |TAMS 0x0000000088900000, 0x0000000088800000| Untracked 
| 137|0x0000000088900000, 0x0000000088a00000, 0x0000000088a00000|100%|HS|  |TAMS 0x0000000088a00000, 0x0000000088900000| Complete 
| 138|0x0000000088a00000, 0x0000000088b00000, 0x0000000088b00000|100%|HS|  |TAMS 0x0000000088b00000, 0x0000000088a00000| Complete 
| 139|0x0000000088b00000, 0x0000000088c00000, 0x0000000088c00000|100%|HC|  |TAMS 0x0000000088c00000, 0x0000000088b00000| Complete 
| 140|0x0000000088c00000, 0x0000000088d00000, 0x0000000088d00000|100%|HC|  |TAMS 0x0000000088d00000, 0x0000000088c00000| Complete 
| 141|0x0000000088d00000, 0x0000000088e00000, 0x0000000088e00000|100%| O|  |TAMS 0x0000000088e00000, 0x0000000088d00000| Untracked 
| 142|0x0000000088e00000, 0x0000000088f00000, 0x0000000088f00000|100%| O|  |TAMS 0x0000000088f00000, 0x0000000088e00000| Untracked 
| 143|0x0000000088f00000, 0x0000000089000000, 0x0000000089000000|100%| O|  |TAMS 0x0000000089000000, 0x0000000088f00000| Untracked 
| 144|0x0000000089000000, 0x0000000089100000, 0x0000000089100000|100%| O|  |TAMS 0x0000000089100000, 0x0000000089000000| Untracked 
| 145|0x0000000089100000, 0x0000000089200000, 0x0000000089200000|100%| O|  |TAMS 0x0000000089200000, 0x0000000089100000| Untracked 
| 146|0x0000000089200000, 0x0000000089300000, 0x0000000089300000|100%|HS|  |TAMS 0x0000000089300000, 0x0000000089200000| Complete 
| 147|0x0000000089300000, 0x0000000089400000, 0x0000000089400000|100%| O|  |TAMS 0x0000000089400000, 0x0000000089300000| Untracked 
| 148|0x0000000089400000, 0x0000000089500000, 0x0000000089500000|100%| O|  |TAMS 0x0000000089500000, 0x0000000089400000| Untracked 
| 149|0x0000000089500000, 0x0000000089600000, 0x0000000089600000|100%| O|  |TAMS 0x0000000089600000, 0x0000000089500000| Untracked 
| 150|0x0000000089600000, 0x0000000089700000, 0x0000000089700000|100%| O|  |TAMS 0x0000000089700000, 0x0000000089600000| Untracked 
| 151|0x0000000089700000, 0x0000000089800000, 0x0000000089800000|100%| O|  |TAMS 0x0000000089800000, 0x0000000089700000| Untracked 
| 152|0x0000000089800000, 0x0000000089900000, 0x0000000089900000|100%| O|  |TAMS 0x0000000089900000, 0x0000000089800000| Untracked 
| 153|0x0000000089900000, 0x0000000089a00000, 0x0000000089a00000|100%| O|  |TAMS 0x0000000089a00000, 0x0000000089900000| Untracked 
| 154|0x0000000089a00000, 0x0000000089b00000, 0x0000000089b00000|100%| O|  |TAMS 0x0000000089b00000, 0x0000000089a00000| Untracked 
| 155|0x0000000089b00000, 0x0000000089c00000, 0x0000000089c00000|100%| O|  |TAMS 0x0000000089c00000, 0x0000000089b00000| Untracked 
| 156|0x0000000089c00000, 0x0000000089c00000, 0x0000000089d00000|  0%| F|  |TAMS 0x0000000089c00000, 0x0000000089c00000| Untracked 
| 157|0x0000000089d00000, 0x0000000089e00000, 0x0000000089e00000|100%| O|  |TAMS 0x0000000089e00000, 0x0000000089d00000| Untracked 
| 158|0x0000000089e00000, 0x0000000089f00000, 0x0000000089f00000|100%| O|  |TAMS 0x0000000089f00000, 0x0000000089e00000| Untracked 
| 159|0x0000000089f00000, 0x000000008a000000, 0x000000008a000000|100%| O|  |TAMS 0x000000008a000000, 0x0000000089f00000| Untracked 
| 160|0x000000008a000000, 0x000000008a100000, 0x000000008a100000|100%| O|  |TAMS 0x000000008a100000, 0x000000008a000000| Untracked 
| 161|0x000000008a100000, 0x000000008a200000, 0x000000008a200000|100%| O|  |TAMS 0x000000008a200000, 0x000000008a100000| Untracked 
| 162|0x000000008a200000, 0x000000008a300000, 0x000000008a300000|100%| O|  |TAMS 0x000000008a300000, 0x000000008a200000| Untracked 
| 163|0x000000008a300000, 0x000000008a400000, 0x000000008a400000|100%| O|  |TAMS 0x000000008a400000, 0x000000008a300000| Untracked 
| 164|0x000000008a400000, 0x000000008a500000, 0x000000008a500000|100%| O|  |TAMS 0x000000008a500000, 0x000000008a400000| Untracked 
| 165|0x000000008a500000, 0x000000008a600000, 0x000000008a600000|100%| O|  |TAMS 0x000000008a600000, 0x000000008a500000| Untracked 
| 166|0x000000008a600000, 0x000000008a700000, 0x000000008a700000|100%| O|  |TAMS 0x000000008a700000, 0x000000008a600000| Untracked 
| 167|0x000000008a700000, 0x000000008a700000, 0x000000008a800000|  0%| F|  |TAMS 0x000000008a700000, 0x000000008a700000| Untracked 
| 168|0x000000008a800000, 0x000000008a900000, 0x000000008a900000|100%| O|  |TAMS 0x000000008a900000, 0x000000008a800000| Untracked 
| 169|0x000000008a900000, 0x000000008aa00000, 0x000000008aa00000|100%| O|  |TAMS 0x000000008aa00000, 0x000000008a900000| Untracked 
| 170|0x000000008aa00000, 0x000000008ab00000, 0x000000008ab00000|100%| O|  |TAMS 0x000000008ab00000, 0x000000008aa00000| Untracked 
| 171|0x000000008ab00000, 0x000000008ac00000, 0x000000008ac00000|100%| O|  |TAMS 0x000000008ac00000, 0x000000008ab00000| Untracked 
| 172|0x000000008ac00000, 0x000000008ad00000, 0x000000008ad00000|100%| O|  |TAMS 0x000000008ad00000, 0x000000008ac00000| Untracked 
| 173|0x000000008ad00000, 0x000000008ae00000, 0x000000008ae00000|100%| O|  |TAMS 0x000000008ae00000, 0x000000008ad00000| Untracked 
| 174|0x000000008ae00000, 0x000000008af00000, 0x000000008af00000|100%| O|  |TAMS 0x000000008af00000, 0x000000008ae00000| Untracked 
| 175|0x000000008af00000, 0x000000008b000000, 0x000000008b000000|100%| O|  |TAMS 0x000000008b000000, 0x000000008af00000| Untracked 
| 176|0x000000008b000000, 0x000000008b100000, 0x000000008b100000|100%| O|  |TAMS 0x000000008b100000, 0x000000008b000000| Untracked 
| 177|0x000000008b100000, 0x000000008b200000, 0x000000008b200000|100%| O|  |TAMS 0x000000008b200000, 0x000000008b100000| Untracked 
| 178|0x000000008b200000, 0x000000008b300000, 0x000000008b300000|100%| O|  |TAMS 0x000000008b300000, 0x000000008b200000| Untracked 
| 179|0x000000008b300000, 0x000000008b400000, 0x000000008b400000|100%| O|  |TAMS 0x000000008b400000, 0x000000008b300000| Untracked 
| 180|0x000000008b400000, 0x000000008b500000, 0x000000008b500000|100%| O|  |TAMS 0x000000008b500000, 0x000000008b400000| Untracked 
| 181|0x000000008b500000, 0x000000008b600000, 0x000000008b600000|100%| O|  |TAMS 0x000000008b600000, 0x000000008b500000| Untracked 
| 182|0x000000008b600000, 0x000000008b700000, 0x000000008b700000|100%| O|  |TAMS 0x000000008b700000, 0x000000008b600000| Untracked 
| 183|0x000000008b700000, 0x000000008b800000, 0x000000008b800000|100%| O|  |TAMS 0x000000008b800000, 0x000000008b700000| Untracked 
| 184|0x000000008b800000, 0x000000008b900000, 0x000000008b900000|100%| O|  |TAMS 0x000000008b900000, 0x000000008b800000| Untracked 
| 185|0x000000008b900000, 0x000000008ba00000, 0x000000008ba00000|100%| O|  |TAMS 0x000000008ba00000, 0x000000008b900000| Untracked 
| 186|0x000000008ba00000, 0x000000008bb00000, 0x000000008bb00000|100%| O|  |TAMS 0x000000008bb00000, 0x000000008ba00000| Untracked 
| 187|0x000000008bb00000, 0x000000008bc00000, 0x000000008bc00000|100%| O|  |TAMS 0x000000008bc00000, 0x000000008bb00000| Untracked 
| 188|0x000000008bc00000, 0x000000008bd00000, 0x000000008bd00000|100%| O|  |TAMS 0x000000008bd00000, 0x000000008bc00000| Untracked 
| 189|0x000000008bd00000, 0x000000008be00000, 0x000000008be00000|100%| O|  |TAMS 0x000000008be00000, 0x000000008bd00000| Untracked 
| 190|0x000000008be00000, 0x000000008be00000, 0x000000008bf00000|  0%| F|  |TAMS 0x000000008be00000, 0x000000008be00000| Untracked 
| 191|0x000000008bf00000, 0x000000008c000000, 0x000000008c000000|100%| O|  |TAMS 0x000000008c000000, 0x000000008bf00000| Untracked 
| 192|0x000000008c000000, 0x000000008c100000, 0x000000008c100000|100%| O|  |TAMS 0x000000008c100000, 0x000000008c000000| Untracked 
| 193|0x000000008c100000, 0x000000008c200000, 0x000000008c200000|100%| O|  |TAMS 0x000000008c200000, 0x000000008c100000| Untracked 
| 194|0x000000008c200000, 0x000000008c300000, 0x000000008c300000|100%| O|  |TAMS 0x000000008c300000, 0x000000008c200000| Untracked 
| 195|0x000000008c300000, 0x000000008c400000, 0x000000008c400000|100%| O|  |TAMS 0x000000008c400000, 0x000000008c300000| Untracked 
| 196|0x000000008c400000, 0x000000008c400000, 0x000000008c500000|  0%| F|  |TAMS 0x000000008c400000, 0x000000008c400000| Untracked 
| 197|0x000000008c500000, 0x000000008c600000, 0x000000008c600000|100%| O|  |TAMS 0x000000008c600000, 0x000000008c500000| Untracked 
| 198|0x000000008c600000, 0x000000008c600000, 0x000000008c700000|  0%| F|  |TAMS 0x000000008c600000, 0x000000008c600000| Untracked 
| 199|0x000000008c700000, 0x000000008c800000, 0x000000008c800000|100%| O|  |TAMS 0x000000008c800000, 0x000000008c700000| Untracked 
| 200|0x000000008c800000, 0x000000008c900000, 0x000000008c900000|100%| O|  |TAMS 0x000000008c900000, 0x000000008c800000| Untracked 
| 201|0x000000008c900000, 0x000000008ca00000, 0x000000008ca00000|100%| O|  |TAMS 0x000000008ca00000, 0x000000008c900000| Untracked 
| 202|0x000000008ca00000, 0x000000008cb00000, 0x000000008cb00000|100%| O|  |TAMS 0x000000008cb00000, 0x000000008ca00000| Untracked 
| 203|0x000000008cb00000, 0x000000008cc00000, 0x000000008cc00000|100%| O|  |TAMS 0x000000008cc00000, 0x000000008cb00000| Untracked 
| 204|0x000000008cc00000, 0x000000008cc00000, 0x000000008cd00000|  0%| F|  |TAMS 0x000000008cc00000, 0x000000008cc00000| Untracked 
| 205|0x000000008cd00000, 0x000000008ce00000, 0x000000008ce00000|100%| O|  |TAMS 0x000000008ce00000, 0x000000008cd00000| Untracked 
| 206|0x000000008ce00000, 0x000000008cf00000, 0x000000008cf00000|100%| O|  |TAMS 0x000000008cf00000, 0x000000008ce00000| Untracked 
| 207|0x000000008cf00000, 0x000000008d000000, 0x000000008d000000|100%| O|  |TAMS 0x000000008d000000, 0x000000008cf00000| Untracked 
| 208|0x000000008d000000, 0x000000008d100000, 0x000000008d100000|100%| O|  |TAMS 0x000000008d100000, 0x000000008d000000| Untracked 
| 209|0x000000008d100000, 0x000000008d200000, 0x000000008d200000|100%| O|  |TAMS 0x000000008d200000, 0x000000008d100000| Untracked 
| 210|0x000000008d200000, 0x000000008d300000, 0x000000008d300000|100%| O|  |TAMS 0x000000008d2f3200, 0x000000008d200000| Untracked 
| 211|0x000000008d300000, 0x000000008d400000, 0x000000008d400000|100%| O|  |TAMS 0x000000008d300000, 0x000000008d300000| Untracked 
| 212|0x000000008d400000, 0x000000008d500000, 0x000000008d500000|100%| O|  |TAMS 0x000000008d400000, 0x000000008d400000| Untracked 
| 213|0x000000008d500000, 0x000000008d600000, 0x000000008d600000|100%| O|  |TAMS 0x000000008d500000, 0x000000008d500000| Untracked 
| 214|0x000000008d600000, 0x000000008d700000, 0x000000008d700000|100%| O|  |TAMS 0x000000008d600000, 0x000000008d600000| Untracked 
| 215|0x000000008d700000, 0x000000008d800000, 0x000000008d800000|100%| O|  |TAMS 0x000000008d700000, 0x000000008d700000| Untracked 
| 216|0x000000008d800000, 0x000000008d900000, 0x000000008d900000|100%| O|  |TAMS 0x000000008d800000, 0x000000008d800000| Untracked 
| 217|0x000000008d900000, 0x000000008da00000, 0x000000008da00000|100%| O|  |TAMS 0x000000008d900000, 0x000000008d900000| Untracked 
| 218|0x000000008da00000, 0x000000008db00000, 0x000000008db00000|100%| O|  |TAMS 0x000000008da00000, 0x000000008da00000| Untracked 
| 219|0x000000008db00000, 0x000000008dc00000, 0x000000008dc00000|100%| O|  |TAMS 0x000000008db00000, 0x000000008db00000| Untracked 
| 220|0x000000008dc00000, 0x000000008dd00000, 0x000000008dd00000|100%| O|  |TAMS 0x000000008dc00000, 0x000000008dc00000| Untracked 
| 221|0x000000008dd00000, 0x000000008de00000, 0x000000008de00000|100%| O|  |TAMS 0x000000008dd00000, 0x000000008dd00000| Untracked 
| 222|0x000000008de00000, 0x000000008df00000, 0x000000008df00000|100%| O|  |TAMS 0x000000008de00000, 0x000000008de00000| Untracked 
| 223|0x000000008df00000, 0x000000008dfe1a00, 0x000000008e000000| 88%| O|  |TAMS 0x000000008df00000, 0x000000008df00000| Untracked 
| 224|0x000000008e000000, 0x000000008e000000, 0x000000008e100000|  0%| F|  |TAMS 0x000000008e000000, 0x000000008e000000| Untracked 
| 225|0x000000008e100000, 0x000000008e100000, 0x000000008e200000|  0%| F|  |TAMS 0x000000008e100000, 0x000000008e100000| Untracked 
| 226|0x000000008e200000, 0x000000008e200000, 0x000000008e300000|  0%| F|  |TAMS 0x000000008e200000, 0x000000008e200000| Untracked 
| 227|0x000000008e300000, 0x000000008e300000, 0x000000008e400000|  0%| F|  |TAMS 0x000000008e300000, 0x000000008e300000| Untracked 
| 228|0x000000008e400000, 0x000000008e400000, 0x000000008e500000|  0%| F|  |TAMS 0x000000008e400000, 0x000000008e400000| Untracked 
| 229|0x000000008e500000, 0x000000008e500000, 0x000000008e600000|  0%| F|  |TAMS 0x000000008e500000, 0x000000008e500000| Untracked 
| 230|0x000000008e600000, 0x000000008e600000, 0x000000008e700000|  0%| F|  |TAMS 0x000000008e600000, 0x000000008e600000| Untracked 
| 231|0x000000008e700000, 0x000000008e700000, 0x000000008e800000|  0%| F|  |TAMS 0x000000008e700000, 0x000000008e700000| Untracked 
| 232|0x000000008e800000, 0x000000008e800000, 0x000000008e900000|  0%| F|  |TAMS 0x000000008e800000, 0x000000008e800000| Untracked 
| 233|0x000000008e900000, 0x000000008e900000, 0x000000008ea00000|  0%| F|  |TAMS 0x000000008e900000, 0x000000008e900000| Untracked 
| 234|0x000000008ea00000, 0x000000008ea00000, 0x000000008eb00000|  0%| F|  |TAMS 0x000000008ea00000, 0x000000008ea00000| Untracked 
| 235|0x000000008eb00000, 0x000000008eb00000, 0x000000008ec00000|  0%| F|  |TAMS 0x000000008eb00000, 0x000000008eb00000| Untracked 
| 236|0x000000008ec00000, 0x000000008ec00000, 0x000000008ed00000|  0%| F|  |TAMS 0x000000008ec00000, 0x000000008ec00000| Untracked 
| 237|0x000000008ed00000, 0x000000008ed00000, 0x000000008ee00000|  0%| F|  |TAMS 0x000000008ed00000, 0x000000008ed00000| Untracked 
| 238|0x000000008ee00000, 0x000000008ee00000, 0x000000008ef00000|  0%| F|  |TAMS 0x000000008ee00000, 0x000000008ee00000| Untracked 
| 239|0x000000008ef00000, 0x000000008ef00000, 0x000000008f000000|  0%| F|  |TAMS 0x000000008ef00000, 0x000000008ef00000| Untracked 
| 240|0x000000008f000000, 0x000000008f000000, 0x000000008f100000|  0%| F|  |TAMS 0x000000008f000000, 0x000000008f000000| Untracked 
| 241|0x000000008f100000, 0x000000008f100000, 0x000000008f200000|  0%| F|  |TAMS 0x000000008f100000, 0x000000008f100000| Untracked 
| 242|0x000000008f200000, 0x000000008f200000, 0x000000008f300000|  0%| F|  |TAMS 0x000000008f200000, 0x000000008f200000| Untracked 
| 243|0x000000008f300000, 0x000000008f300000, 0x000000008f400000|  0%| F|  |TAMS 0x000000008f300000, 0x000000008f300000| Untracked 
| 244|0x000000008f400000, 0x000000008f400000, 0x000000008f500000|  0%| F|  |TAMS 0x000000008f400000, 0x000000008f400000| Untracked 
| 245|0x000000008f500000, 0x000000008f500000, 0x000000008f600000|  0%| F|  |TAMS 0x000000008f500000, 0x000000008f500000| Untracked 
| 246|0x000000008f600000, 0x000000008f600000, 0x000000008f700000|  0%| F|  |TAMS 0x000000008f600000, 0x000000008f600000| Untracked 
| 247|0x000000008f700000, 0x000000008f700000, 0x000000008f800000|  0%| F|  |TAMS 0x000000008f700000, 0x000000008f700000| Untracked 
| 248|0x000000008f800000, 0x000000008f800000, 0x000000008f900000|  0%| F|  |TAMS 0x000000008f800000, 0x000000008f800000| Untracked 
| 249|0x000000008f900000, 0x000000008f900000, 0x000000008fa00000|  0%| F|  |TAMS 0x000000008f900000, 0x000000008f900000| Untracked 
| 250|0x000000008fa00000, 0x000000008fa00000, 0x000000008fb00000|  0%| F|  |TAMS 0x000000008fa00000, 0x000000008fa00000| Untracked 
| 251|0x000000008fb00000, 0x000000008fb00000, 0x000000008fc00000|  0%| F|  |TAMS 0x000000008fb00000, 0x000000008fb00000| Untracked 
| 252|0x000000008fc00000, 0x000000008fc00000, 0x000000008fd00000|  0%| F|  |TAMS 0x000000008fc00000, 0x000000008fc00000| Untracked 
| 253|0x000000008fd00000, 0x000000008fd00000, 0x000000008fe00000|  0%| F|  |TAMS 0x000000008fd00000, 0x000000008fd00000| Untracked 
| 254|0x000000008fe00000, 0x000000008fe00000, 0x000000008ff00000|  0%| F|  |TAMS 0x000000008fe00000, 0x000000008fe00000| Untracked 
| 255|0x000000008ff00000, 0x000000008ff00000, 0x0000000090000000|  0%| F|  |TAMS 0x000000008ff00000, 0x000000008ff00000| Untracked 
| 256|0x0000000090000000, 0x0000000090000000, 0x0000000090100000|  0%| F|  |TAMS 0x0000000090000000, 0x0000000090000000| Untracked 
| 257|0x0000000090100000, 0x000000009015d958, 0x0000000090200000| 36%| S|CS|TAMS 0x0000000090100000, 0x0000000090100000| Complete 
| 258|0x0000000090200000, 0x0000000090300000, 0x0000000090300000|100%| S|CS|TAMS 0x0000000090200000, 0x0000000090200000| Complete 
| 259|0x0000000090300000, 0x0000000090400000, 0x0000000090400000|100%| S|CS|TAMS 0x0000000090300000, 0x0000000090300000| Complete 
| 260|0x0000000090400000, 0x0000000090500000, 0x0000000090500000|100%| S|CS|TAMS 0x0000000090400000, 0x0000000090400000| Complete 
| 261|0x0000000090500000, 0x0000000090600000, 0x0000000090600000|100%| S|CS|TAMS 0x0000000090500000, 0x0000000090500000| Complete 
| 262|0x0000000090600000, 0x0000000090600000, 0x0000000090700000|  0%| F|  |TAMS 0x0000000090600000, 0x0000000090600000| Untracked 
| 263|0x0000000090700000, 0x0000000090700000, 0x0000000090800000|  0%| F|  |TAMS 0x0000000090700000, 0x0000000090700000| Untracked 
| 264|0x0000000090800000, 0x0000000090800000, 0x0000000090900000|  0%| F|  |TAMS 0x0000000090800000, 0x0000000090800000| Untracked 
| 265|0x0000000090900000, 0x0000000090900000, 0x0000000090a00000|  0%| F|  |TAMS 0x0000000090900000, 0x0000000090900000| Untracked 
| 266|0x0000000090a00000, 0x0000000090a00000, 0x0000000090b00000|  0%| F|  |TAMS 0x0000000090a00000, 0x0000000090a00000| Untracked 
| 267|0x0000000090b00000, 0x0000000090b00000, 0x0000000090c00000|  0%| F|  |TAMS 0x0000000090b00000, 0x0000000090b00000| Untracked 
| 268|0x0000000090c00000, 0x0000000090c00000, 0x0000000090d00000|  0%| F|  |TAMS 0x0000000090c00000, 0x0000000090c00000| Untracked 
| 269|0x0000000090d00000, 0x0000000090d00000, 0x0000000090e00000|  0%| F|  |TAMS 0x0000000090d00000, 0x0000000090d00000| Untracked 
| 270|0x0000000090e00000, 0x0000000090e00000, 0x0000000090f00000|  0%| F|  |TAMS 0x0000000090e00000, 0x0000000090e00000| Untracked 
| 271|0x0000000090f00000, 0x0000000090f00000, 0x0000000091000000|  0%| F|  |TAMS 0x0000000090f00000, 0x0000000090f00000| Untracked 
| 272|0x0000000091000000, 0x0000000091000000, 0x0000000091100000|  0%| F|  |TAMS 0x0000000091000000, 0x0000000091000000| Untracked 
| 273|0x0000000091100000, 0x0000000091100000, 0x0000000091200000|  0%| F|  |TAMS 0x0000000091100000, 0x0000000091100000| Untracked 
| 274|0x0000000091200000, 0x0000000091200000, 0x0000000091300000|  0%| F|  |TAMS 0x0000000091200000, 0x0000000091200000| Untracked 
| 275|0x0000000091300000, 0x0000000091300000, 0x0000000091400000|  0%| F|  |TAMS 0x0000000091300000, 0x0000000091300000| Untracked 
| 276|0x0000000091400000, 0x0000000091400000, 0x0000000091500000|  0%| F|  |TAMS 0x0000000091400000, 0x0000000091400000| Untracked 
| 277|0x0000000091500000, 0x0000000091500000, 0x0000000091600000|  0%| F|  |TAMS 0x0000000091500000, 0x0000000091500000| Untracked 
| 278|0x0000000091600000, 0x0000000091600000, 0x0000000091700000|  0%| F|  |TAMS 0x0000000091600000, 0x0000000091600000| Untracked 
| 279|0x0000000091700000, 0x0000000091700000, 0x0000000091800000|  0%| F|  |TAMS 0x0000000091700000, 0x0000000091700000| Untracked 
| 280|0x0000000091800000, 0x0000000091800000, 0x0000000091900000|  0%| F|  |TAMS 0x0000000091800000, 0x0000000091800000| Untracked 
| 281|0x0000000091900000, 0x0000000091900000, 0x0000000091a00000|  0%| F|  |TAMS 0x0000000091900000, 0x0000000091900000| Untracked 
| 282|0x0000000091a00000, 0x0000000091a00000, 0x0000000091b00000|  0%| F|  |TAMS 0x0000000091a00000, 0x0000000091a00000| Untracked 
| 283|0x0000000091b00000, 0x0000000091b00000, 0x0000000091c00000|  0%| F|  |TAMS 0x0000000091b00000, 0x0000000091b00000| Untracked 
| 284|0x0000000091c00000, 0x0000000091c00000, 0x0000000091d00000|  0%| F|  |TAMS 0x0000000091c00000, 0x0000000091c00000| Untracked 
| 285|0x0000000091d00000, 0x0000000091d00000, 0x0000000091e00000|  0%| F|  |TAMS 0x0000000091d00000, 0x0000000091d00000| Untracked 
| 286|0x0000000091e00000, 0x0000000091e00000, 0x0000000091f00000|  0%| F|  |TAMS 0x0000000091e00000, 0x0000000091e00000| Untracked 
| 287|0x0000000091f00000, 0x0000000091f00000, 0x0000000092000000|  0%| F|  |TAMS 0x0000000091f00000, 0x0000000091f00000| Untracked 
| 288|0x0000000092000000, 0x0000000092000000, 0x0000000092100000|  0%| F|  |TAMS 0x0000000092000000, 0x0000000092000000| Untracked 
| 289|0x0000000092100000, 0x00000000921ea7e0, 0x0000000092200000| 91%| E|  |TAMS 0x0000000092100000, 0x0000000092100000| Complete 
| 290|0x0000000092200000, 0x0000000092300000, 0x0000000092300000|100%| E|CS|TAMS 0x0000000092200000, 0x0000000092200000| Complete 
| 291|0x0000000092300000, 0x0000000092400000, 0x0000000092400000|100%| E|CS|TAMS 0x0000000092300000, 0x0000000092300000| Complete 
| 292|0x0000000092400000, 0x0000000092500000, 0x0000000092500000|100%| E|CS|TAMS 0x0000000092400000, 0x0000000092400000| Complete 
| 293|0x0000000092500000, 0x0000000092600000, 0x0000000092600000|100%| E|CS|TAMS 0x0000000092500000, 0x0000000092500000| Complete 
| 294|0x0000000092600000, 0x0000000092700000, 0x0000000092700000|100%| E|CS|TAMS 0x0000000092600000, 0x0000000092600000| Complete 
| 295|0x0000000092700000, 0x0000000092800000, 0x0000000092800000|100%| E|CS|TAMS 0x0000000092700000, 0x0000000092700000| Complete 
| 296|0x0000000092800000, 0x0000000092900000, 0x0000000092900000|100%| E|CS|TAMS 0x0000000092800000, 0x0000000092800000| Complete 
| 297|0x0000000092900000, 0x0000000092a00000, 0x0000000092a00000|100%| E|CS|TAMS 0x0000000092900000, 0x0000000092900000| Complete 
| 298|0x0000000092a00000, 0x0000000092b00000, 0x0000000092b00000|100%| E|CS|TAMS 0x0000000092a00000, 0x0000000092a00000| Complete 
| 299|0x0000000092b00000, 0x0000000092c00000, 0x0000000092c00000|100%| E|CS|TAMS 0x0000000092b00000, 0x0000000092b00000| Complete 
| 300|0x0000000092c00000, 0x0000000092d00000, 0x0000000092d00000|100%| E|CS|TAMS 0x0000000092c00000, 0x0000000092c00000| Complete 
| 301|0x0000000092d00000, 0x0000000092e00000, 0x0000000092e00000|100%| E|CS|TAMS 0x0000000092d00000, 0x0000000092d00000| Complete 
| 302|0x0000000092e00000, 0x0000000092f00000, 0x0000000092f00000|100%| E|CS|TAMS 0x0000000092e00000, 0x0000000092e00000| Complete 

Card table byte_map: [0x000001664a790000,0x000001664ab90000] _byte_map_base: 0x000001664a390000

Marking Bits (Prev, Next): (CMBitMap*) 0x0000016632c55460, (CMBitMap*) 0x0000016632c55428
 Prev Bits: [0x000001664cf90000, 0x000001664ef90000)
 Next Bits: [0x000001664af90000, 0x000001664cf90000)

Polling page: 0x00000166323f0000

Metaspace:

Usage:
  Non-class:     99.95 MB capacity,    97.23 MB ( 97%) used,     2.35 MB (  2%) free+waste,   376.56 KB ( <1%) overhead. 
      Class:     16.21 MB capacity,    14.48 MB ( 89%) used,     1.56 MB ( 10%) free+waste,   171.25 KB (  1%) overhead. 
       Both:    116.15 MB capacity,   111.71 MB ( 96%) used,     3.91 MB (  3%) free+waste,   547.81 KB ( <1%) overhead. 

Virtual space:
  Non-class space:      102.00 MB reserved,     100.08 MB ( 98%) committed 
      Class space:      504.00 MB reserved,      16.25 MB (  3%) committed 
             Both:      606.00 MB reserved,     116.33 MB ( 19%) committed 

Chunk freelists:
   Non-Class:  6.00 KB
       Class:  12.00 KB
        Both:  18.00 KB

MaxMetaspaceSize: 512.00 MB
CompressedClassSpaceSize: 504.00 MB
Initial GC threshold: 20.80 MB
Current GC threshold: 193.88 MB
CDS: off

CodeHeap 'non-profiled nmethods': size=120064Kb used=11974Kb max_used=11974Kb free=108089Kb
 bounds [0x0000016642e50000, 0x0000016643a10000, 0x000001664a390000]
CodeHeap 'profiled nmethods': size=120000Kb used=37900Kb max_used=37900Kb free=82099Kb
 bounds [0x000001663b920000, 0x000001663de30000, 0x0000016642e50000]
CodeHeap 'non-nmethods': size=5696Kb used=2431Kb max_used=2502Kb free=3264Kb
 bounds [0x000001663b390000, 0x000001663b610000, 0x000001663b920000]
 total_blobs=18044 nmethods=17082 adapters=873
 compilation: enabled
              stopped_count=0, restarted_count=0
 full_count=0

Compilation events (20 events):
Event: 231.046 Thread 0x0000016651c90000 17440       1       org.gradle.internal.execution.steps.ResolveCachingStateStep$2::getCachingState (5 bytes)
Event: 231.047 Thread 0x0000016651c90000 nmethod 17440 0x0000016643a01610 code [0x0000016643a017c0, 0x0000016643a01878]
Event: 231.165 Thread 0x0000016651c90000 17441       3       org.gradle.api.internal.project.taskfactory.StandardTaskAction::getActionImplementation (27 bytes)
Event: 231.180 Thread 0x0000016651c90000 nmethod 17441 0x000001663de1bd10 code [0x000001663de1c100, 0x000001663de1dce8]
Event: 231.180 Thread 0x0000016651c90000 17443       3       org.gradle.api.internal.tasks.execution.TaskExecution::visitImplementations (71 bytes)
Event: 231.182 Thread 0x0000016651c90000 nmethod 17443 0x000001663de1e710 code [0x000001663de1e960, 0x000001663de1f188]
Event: 231.182 Thread 0x0000016651c90000 17442       3       java.util.TreeMap$TreeMapSpliterator::getEstimate (68 bytes)
Event: 231.185 Thread 0x0000016651c90000 nmethod 17442 0x000001663de1f410 code [0x000001663de1f600, 0x000001663de1faf8]
Event: 231.195 Thread 0x0000016651c90000 17444   !   3       sun.security.provider.HashDrbg::hashGen (143 bytes)
Event: 231.200 Thread 0x0000016651c90000 nmethod 17444 0x000001663de1fd10 code [0x000001663de1ffc0, 0x000001663de20ff8]
Event: 231.200 Thread 0x0000016651c90000 17445       3       java.math.BigInteger::toByteArray (78 bytes)
Event: 231.202 Thread 0x0000016651c90000 nmethod 17445 0x000001663de21590 code [0x000001663de21760, 0x000001663de21af8]
Event: 231.202 Thread 0x0000016651c90000 17446       3       org.gradle.api.internal.tasks.properties.OutputUnpacker$$Lambda$985/0x000000010095fc40::accept (28 bytes)
Event: 231.203 Thread 0x0000016651c90000 nmethod 17446 0x000001663de21c90 code [0x000001663de21e60, 0x000001663de221e8]
Event: 231.203 Thread 0x0000016651c90000 17447       3       org.gradle.api.internal.tasks.properties.OutputUnpacker::lambda$visitOutputFileProperty$0 (21 bytes)
Event: 231.204 Thread 0x0000016651c90000 nmethod 17447 0x000001663de22390 code [0x000001663de22560, 0x000001663de22748]
Event: 231.204 Thread 0x0000016651c90000 17448       3       org.gradle.api.internal.tasks.properties.OutputFilesCollector::visitUnpackedOutputFileProperty (13 bytes)
Event: 231.205 Thread 0x0000016651c90000 nmethod 17448 0x000001663de22890 code [0x000001663de22a40, 0x000001663de22c08]
Event: 231.205 Thread 0x0000016651c90000 17449       3       org.gradle.api.internal.tasks.properties.OutputUnpacker$UnpackedOutputConsumer$1::visitUnpackedOutputFileProperty (29 bytes)
Event: 231.206 Thread 0x0000016651c90000 nmethod 17449 0x000001663de22d10 code [0x000001663de22ee0, 0x000001663de23198]

GC Heap History (20 events):
Event: 166.959 GC heap before
{Heap before GC invocations=102 (full 0):
 garbage-first heap   total 258048K, used 220640K [0x0000000080000000, 0x0000000100000000)
  region size 1024K, 25 young (25600K), 4 survivors (4096K)
 Metaspace       used 112797K, capacity 117241K, committed 117456K, reserved 618496K
  class space    used 14698K, capacity 16409K, committed 16512K, reserved 516096K
}
Event: 167.008 GC heap after
{Heap after GC invocations=103 (full 0):
 garbage-first heap   total 258048K, used 201650K [0x0000000080000000, 0x0000000100000000)
  region size 1024K, 3 young (3072K), 3 survivors (3072K)
 Metaspace       used 112797K, capacity 117241K, committed 117456K, reserved 618496K
  class space    used 14698K, capacity 16409K, committed 16512K, reserved 516096K
}
Event: 170.363 GC heap before
{Heap before GC invocations=103 (full 0):
 garbage-first heap   total 258048K, used 221106K [0x0000000080000000, 0x0000000100000000)
  region size 1024K, 23 young (23552K), 3 survivors (3072K)
 Metaspace       used 112955K, capacity 117377K, committed 117712K, reserved 618496K
  class space    used 14699K, capacity 16409K, committed 16512K, reserved 516096K
}
Event: 170.408 GC heap after
{Heap after GC invocations=104 (full 0):
 garbage-first heap   total 310272K, used 203285K [0x0000000080000000, 0x0000000100000000)
  region size 1024K, 2 young (2048K), 2 survivors (2048K)
 Metaspace       used 112955K, capacity 117377K, committed 117712K, reserved 618496K
  class space    used 14699K, capacity 16409K, committed 16512K, reserved 516096K
}
Event: 183.970 GC heap before
{Heap before GC invocations=105 (full 0):
 garbage-first heap   total 310272K, used 242197K [0x0000000080000000, 0x0000000100000000)
  region size 1024K, 41 young (41984K), 2 survivors (2048K)
 Metaspace       used 113449K, capacity 117984K, committed 118352K, reserved 618496K
  class space    used 14772K, capacity 16521K, committed 16640K, reserved 516096K
}
Event: 183.986 GC heap after
{Heap after GC invocations=106 (full 0):
 garbage-first heap   total 310272K, used 207180K [0x0000000080000000, 0x0000000100000000)
  region size 1024K, 6 young (6144K), 6 survivors (6144K)
 Metaspace       used 113449K, capacity 117984K, committed 118352K, reserved 618496K
  class space    used 14772K, capacity 16521K, committed 16640K, reserved 516096K
}
Event: 189.617 GC heap before
{Heap before GC invocations=106 (full 0):
 garbage-first heap   total 310272K, used 216396K [0x0000000080000000, 0x0000000100000000)
  region size 1024K, 15 young (15360K), 6 survivors (6144K)
 Metaspace       used 113450K, capacity 117984K, committed 118352K, reserved 618496K
  class space    used 14772K, capacity 16521K, committed 16640K, reserved 516096K
}
Event: 189.674 GC heap after
{Heap after GC invocations=107 (full 0):
 garbage-first heap   total 310272K, used 206589K [0x0000000080000000, 0x0000000100000000)
  region size 1024K, 2 young (2048K), 2 survivors (2048K)
 Metaspace       used 113450K, capacity 117984K, committed 118352K, reserved 618496K
  class space    used 14772K, capacity 16521K, committed 16640K, reserved 516096K
}
Event: 208.521 GC heap before
{Heap before GC invocations=107 (full 0):
 garbage-first heap   total 310272K, used 246525K [0x0000000080000000, 0x0000000100000000)
  region size 1024K, 41 young (41984K), 2 survivors (2048K)
 Metaspace       used 113458K, capacity 117988K, committed 118352K, reserved 618496K
  class space    used 14772K, capacity 16522K, committed 16640K, reserved 516096K
}
Event: 208.542 GC heap after
{Heap after GC invocations=108 (full 0):
 garbage-first heap   total 310272K, used 211900K [0x0000000080000000, 0x0000000100000000)
  region size 1024K, 6 young (6144K), 6 survivors (6144K)
 Metaspace       used 113458K, capacity 117988K, committed 118352K, reserved 618496K
  class space    used 14772K, capacity 16522K, committed 16640K, reserved 516096K
}
Event: 223.417 GC heap before
{Heap before GC invocations=108 (full 0):
 garbage-first heap   total 310272K, used 250812K [0x0000000080000000, 0x0000000100000000)
  region size 1024K, 45 young (46080K), 6 survivors (6144K)
 Metaspace       used 113910K, capacity 118450K, committed 118608K, reserved 618496K
  class space    used 14805K, capacity 16571K, committed 16640K, reserved 516096K
}
Event: 223.489 GC heap after
{Heap after GC invocations=109 (full 0):
 garbage-first heap   total 310272K, used 217601K [0x0000000080000000, 0x0000000100000000)
  region size 1024K, 6 young (6144K), 6 survivors (6144K)
 Metaspace       used 113910K, capacity 118450K, committed 118608K, reserved 618496K
  class space    used 14805K, capacity 16571K, committed 16640K, reserved 516096K
}
Event: 227.788 GC heap before
{Heap before GC invocations=109 (full 0):
 garbage-first heap   total 310272K, used 255489K [0x0000000080000000, 0x0000000100000000)
  region size 1024K, 44 young (45056K), 6 survivors (6144K)
 Metaspace       used 114169K, capacity 118755K, committed 118864K, reserved 618496K
  class space    used 14824K, capacity 16596K, committed 16640K, reserved 516096K
}
Event: 227.841 GC heap after
{Heap after GC invocations=110 (full 0):
 garbage-first heap   total 310272K, used 220900K [0x0000000080000000, 0x0000000100000000)
  region size 1024K, 5 young (5120K), 5 survivors (5120K)
 Metaspace       used 114169K, capacity 118755K, committed 118864K, reserved 618496K
  class space    used 14824K, capacity 16596K, committed 16640K, reserved 516096K
}
Event: 229.464 GC heap before
{Heap before GC invocations=111 (full 0):
 garbage-first heap   total 310272K, used 257764K [0x0000000080000000, 0x0000000100000000)
  region size 1024K, 42 young (43008K), 5 survivors (5120K)
 Metaspace       used 114302K, capacity 118855K, committed 119120K, reserved 620544K
  class space    used 14811K, capacity 16571K, committed 16640K, reserved 516096K
}
Event: 229.481 GC heap after
{Heap after GC invocations=112 (full 0):
 garbage-first heap   total 310272K, used 223214K [0x0000000080000000, 0x0000000100000000)
  region size 1024K, 4 young (4096K), 4 survivors (4096K)
 Metaspace       used 114302K, capacity 118855K, committed 119120K, reserved 620544K
  class space    used 14811K, capacity 16571K, committed 16640K, reserved 516096K
}
Event: 229.834 GC heap before
{Heap before GC invocations=112 (full 0):
 garbage-first heap   total 310272K, used 233454K [0x0000000080000000, 0x0000000100000000)
  region size 1024K, 15 young (15360K), 4 survivors (4096K)
 Metaspace       used 114312K, capacity 118856K, committed 119120K, reserved 620544K
  class space    used 14811K, capacity 16571K, committed 16640K, reserved 516096K
}
Event: 229.871 GC heap after
{Heap after GC invocations=113 (full 0):
 garbage-first heap   total 310272K, used 220381K [0x0000000080000000, 0x0000000100000000)
  region size 1024K, 2 young (2048K), 2 survivors (2048K)
 Metaspace       used 114312K, capacity 118856K, committed 119120K, reserved 620544K
  class space    used 14811K, capacity 16571K, committed 16640K, reserved 516096K
}
Event: 230.487 GC heap before
{Heap before GC invocations=113 (full 0):
 garbage-first heap   total 310272K, used 259293K [0x0000000080000000, 0x0000000100000000)
  region size 1024K, 41 young (41984K), 2 survivors (2048K)
 Metaspace       used 114378K, capacity 118929K, committed 119120K, reserved 620544K
  class space    used 14825K, capacity 16594K, committed 16640K, reserved 516096K
}
Event: 230.532 GC heap after
{Heap after GC invocations=114 (full 0):
 garbage-first heap   total 310272K, used 223484K [0x0000000080000000, 0x0000000100000000)
  region size 1024K, 5 young (5120K), 5 survivors (5120K)
 Metaspace       used 114378K, capacity 118929K, committed 119120K, reserved 620544K
  class space    used 14825K, capacity 16594K, committed 16640K, reserved 516096K
}

Deoptimization events (20 events):
Event: 229.709 Thread 0x00000166580ac800 Uncommon trap: trap_request=0xffffffd6 fr.pc=0x00000166439b0a9c relative=0x00000000000006dc
Event: 229.709 Thread 0x00000166580ac800 Uncommon trap: reason=array_check action=maybe_recompile pc=0x00000166439b0a9c method=java.util.TimSort.binarySort([Ljava/lang/Object;IIILjava/util/Comparator;)V @ 215 c2
Event: 229.709 Thread 0x00000166580ac800 DEOPT PACKING pc=0x00000166439b0a9c sp=0x000000123acf9fd0
Event: 229.709 Thread 0x00000166580ac800 DEOPT UNPACKING pc=0x000001663b3da1af sp=0x000000123acf9fa0 mode 2
Event: 229.717 Thread 0x00000166580ac800 Uncommon trap: trap_request=0xffffffd6 fr.pc=0x00000166437de280 relative=0x0000000000000820
Event: 229.717 Thread 0x00000166580ac800 Uncommon trap: reason=array_check action=maybe_recompile pc=0x00000166437de280 method=java.util.TimSort.binarySort([Ljava/lang/Object;IIILjava/util/Comparator;)V @ 193 c2
Event: 229.717 Thread 0x00000166580ac800 DEOPT PACKING pc=0x00000166437de280 sp=0x000000123acfa230
Event: 229.717 Thread 0x00000166580ac800 DEOPT UNPACKING pc=0x000001663b3da1af sp=0x000000123acfa200 mode 2
Event: 229.901 Thread 0x0000016656083000 DEOPT PACKING pc=0x000001663dca559d sp=0x00000012371fe3d0
Event: 229.901 Thread 0x0000016656083000 DEOPT UNPACKING pc=0x000001663b3da95e sp=0x00000012371fd898 mode 0
Event: 230.091 Thread 0x00000166580ac800 Uncommon trap: trap_request=0xffffff4d fr.pc=0x000001664387f84c relative=0x000000000000034c
Event: 230.091 Thread 0x00000166580ac800 Uncommon trap: reason=unstable_if action=reinterpret pc=0x000001664387f84c method=org.gradle.util.internal.DeferredUtil.unpack(Lorg/gradle/api/internal/provider/ProviderResolutionStrategy;Ljava/lang/Object;)Ljava/lang/Object; @ 1 c2
Event: 230.091 Thread 0x00000166580ac800 DEOPT PACKING pc=0x000001664387f84c sp=0x000000123acfc460
Event: 230.091 Thread 0x00000166580ac800 DEOPT UNPACKING pc=0x000001663b3da1af sp=0x000000123acfc3e8 mode 2
Event: 230.122 Thread 0x00000166580ac800 Uncommon trap: trap_request=0xffffffc6 fr.pc=0x0000016643838bc8 relative=0x00000000000062a8
Event: 230.122 Thread 0x00000166580ac800 Uncommon trap: reason=bimorphic_or_optimized_type_check action=maybe_recompile pc=0x0000016643838bc8 method=org.gradle.api.internal.artifacts.transform.AttributeMatchingVariantSelector.doSelect(Lorg/gradle/api/internal/artifacts/ivyservice/resolveengine/a
Event: 230.122 Thread 0x00000166580ac800 DEOPT PACKING pc=0x0000016643838bc8 sp=0x000000123acfaab0
Event: 230.122 Thread 0x00000166580ac800 DEOPT UNPACKING pc=0x000001663b3da1af sp=0x000000123acfaad0 mode 2
Event: 230.433 Thread 0x00000166580ac800 DEOPT PACKING pc=0x000001663dd67df7 sp=0x000000123acfa4e0
Event: 230.433 Thread 0x00000166580ac800 DEOPT UNPACKING pc=0x000001663b3da95e sp=0x000000123acf99e0 mode 0

Classes redefined (0 events):
No events

Internal exceptions (20 events):
Event: 173.503 Thread 0x00000166580ac800 Exception <a 'java/lang/ClassNotFoundException'{0x0000000091a7f4b0}: org/gradle/api/internal/model/DefaultObjectFactoryCustomizer> (0x0000000091a7f4b0) thrown at [./src/hotspot/share/classfile/systemDictionary.cpp, line 230]
Event: 173.563 Thread 0x00000166580ac800 Exception <a 'java/lang/ClassNotFoundException'{0x00000000919658f0}: org/gradle/api/internal/file/DefaultFileVisitDetailsBeanInfo> (0x00000000919658f0) thrown at [./src/hotspot/share/classfile/systemDictionary.cpp, line 230]
Event: 173.569 Thread 0x00000166580ac800 Exception <a 'java/lang/ClassNotFoundException'{0x00000000919a7878}: org/gradle/api/internal/file/DefaultFileTreeElementBeanInfo> (0x00000000919a7878) thrown at [./src/hotspot/share/classfile/systemDictionary.cpp, line 230]
Event: 173.575 Thread 0x00000166580ac800 Exception <a 'java/lang/ClassNotFoundException'{0x00000000919e9578}: org/gradle/api/internal/file/AbstractFileTreeElementBeanInfo> (0x00000000919e9578) thrown at [./src/hotspot/share/classfile/systemDictionary.cpp, line 230]
Event: 173.582 Thread 0x00000166580ac800 Exception <a 'java/lang/ClassNotFoundException'{0x000000009182bdc8}: org/gradle/api/internal/file/AbstractFileTreeElementCustomizer> (0x000000009182bdc8) thrown at [./src/hotspot/share/classfile/systemDictionary.cpp, line 230]
Event: 173.591 Thread 0x00000166580ac800 Exception <a 'java/lang/ClassNotFoundException'{0x0000000091873f00}: org/gradle/api/internal/file/DefaultFileTreeElementCustomizer> (0x0000000091873f00) thrown at [./src/hotspot/share/classfile/systemDictionary.cpp, line 230]
Event: 173.599 Thread 0x00000166580ac800 Exception <a 'java/lang/ClassNotFoundException'{0x00000000918bf9f8}: org/gradle/api/internal/file/DefaultFileVisitDetailsCustomizer> (0x00000000918bf9f8) thrown at [./src/hotspot/share/classfile/systemDictionary.cpp, line 230]
Event: 173.625 Thread 0x00000166580ac800 Exception <a 'java/lang/ClassNotFoundException'{0x00000000917136e8}: java/nio/file/FilesBeanInfo> (0x00000000917136e8) thrown at [./src/hotspot/share/classfile/systemDictionary.cpp, line 230]
Event: 173.628 Thread 0x00000166580ac800 Exception <a 'java/lang/ClassNotFoundException'{0x000000009172a230}: java/nio/file/FilesCustomizer> (0x000000009172a230) thrown at [./src/hotspot/share/classfile/systemDictionary.cpp, line 230]
Event: 207.753 Thread 0x00000166580ac800 Exception <a 'java/lang/ClassNotFoundException'{0x000000009084b1e8}: org/gradle/api/internal/file/AttributeBasedFileVisitDetailsBeanInfo> (0x000000009084b1e8) thrown at [./src/hotspot/share/classfile/systemDictionary.cpp, line 230]
Event: 207.755 Thread 0x00000166580ac800 Exception <a 'java/lang/ClassNotFoundException'{0x0000000090890678}: org/gradle/api/internal/file/AttributeBasedFileVisitDetailsCustomizer> (0x0000000090890678) thrown at [./src/hotspot/share/classfile/systemDictionary.cpp, line 230]
Event: 220.456 Thread 0x00000166580ac800 Implicit null exception at 0x00000166438f2518 to 0x00000166438f312c
Event: 220.467 Thread 0x00000166580ac800 Exception <a 'java/lang/ClassNotFoundException'{0x00000000921f1428}: java/util/LinkedHashSetBeanInfo> (0x00000000921f1428) thrown at [./src/hotspot/share/classfile/systemDictionary.cpp, line 230]
Event: 220.469 Thread 0x00000166580ac800 Exception <a 'java/lang/ClassNotFoundException'{0x0000000092004848}: java/util/HashSetBeanInfo> (0x0000000092004848) thrown at [./src/hotspot/share/classfile/systemDictionary.cpp, line 230]
Event: 220.470 Thread 0x00000166580ac800 Exception <a 'java/lang/ClassNotFoundException'{0x0000000092018b60}: java/util/HashSetCustomizer> (0x0000000092018b60) thrown at [./src/hotspot/share/classfile/systemDictionary.cpp, line 230]
Event: 220.478 Thread 0x00000166580ac800 Exception <a 'java/lang/ClassNotFoundException'{0x0000000092035020}: java/util/LinkedHashSetCustomizer> (0x0000000092035020) thrown at [./src/hotspot/share/classfile/systemDictionary.cpp, line 230]
Event: 220.509 Thread 0x00000166580ac800 Implicit null exception at 0x00000166438c2cf7 to 0x00000166438c30fc
Event: 221.194 Thread 0x00000166580a3800 Exception <a 'java/lang/NoSuchMethodError'{0x0000000091d7c2a0}: <clinit>> (0x0000000091d7c2a0) thrown at [./src/hotspot/share/prims/jni.cpp, line 1367]
Event: 225.693 Thread 0x00000166580ac800 Exception <a 'java/lang/NoSuchMethodError'{0x000000009119dd18}: <clinit>> (0x000000009119dd18) thrown at [./src/hotspot/share/prims/jni.cpp, line 1367]
Event: 225.698 Thread 0x00000166580ac800 Exception <a 'java/lang/NoSuchMethodError'{0x00000000911ac7b8}: <clinit>> (0x00000000911ac7b8) thrown at [./src/hotspot/share/prims/jni.cpp, line 1367]

Events (20 events):
Event: 229.972 loading class org/gradle/internal/Try$1
Event: 229.972 loading class org/gradle/internal/Try$1 done
Event: 229.972 Executing VM operation: BulkRevokeBias
Event: 229.976 Executing VM operation: BulkRevokeBias done
Event: 229.976 Executing VM operation: BulkRevokeBias
Event: 229.979 Executing VM operation: BulkRevokeBias done
Event: 229.993 Executing VM operation: RevokeBias
Event: 229.994 Executing VM operation: RevokeBias done
Event: 229.996 Executing VM operation: BulkRevokeBias
Event: 230.001 Executing VM operation: BulkRevokeBias done
Event: 230.119 Executing VM operation: RevokeBias
Event: 230.120 Executing VM operation: RevokeBias done
Event: 230.120 Executing VM operation: RevokeBias
Event: 230.121 Executing VM operation: RevokeBias done
Event: 230.122 loading class org/gradle/api/internal/artifacts/ivyservice/resolveengine/artifact/LocalFileDependencyBackedArtifactSet$TransformedLocalFileArtifactSet
Event: 230.122 loading class org/gradle/api/internal/artifacts/ivyservice/resolveengine/artifact/LocalFileDependencyBackedArtifactSet$TransformedLocalFileArtifactSet done
Event: 230.123 Executing VM operation: Deoptimize
Event: 230.125 Executing VM operation: Deoptimize done
Event: 230.486 Executing VM operation: G1CollectForAllocation
Event: 230.532 Executing VM operation: G1CollectForAllocation done


Dynamic libraries:
0x00007ff79b740000 - 0x00007ff79b74d000 	C:\Program Files\Java\jdk-11.0.18+10\bin\java.exe
0x00007ffdc2ef0000 - 0x00007ffdc30e8000 	C:\WINDOWS\SYSTEM32\ntdll.dll
0x00007ffdc2180000 - 0x00007ffdc223f000 	C:\WINDOWS\System32\KERNEL32.DLL
0x00007ffdc0760000 - 0x00007ffdc0a56000 	C:\WINDOWS\System32\KERNELBASE.dll
0x00007ffdc0e30000 - 0x00007ffdc0f30000 	C:\WINDOWS\System32\ucrtbase.dll
0x00007ffdbc260000 - 0x00007ffdbc277000 	C:\Program Files\Java\jdk-11.0.18+10\bin\jli.dll
0x00007ffdbc280000 - 0x00007ffdbc295000 	C:\Program Files\Java\jdk-11.0.18+10\bin\VCRUNTIME140.dll
0x00007ffdc1b70000 - 0x00007ffdc1d0d000 	C:\WINDOWS\System32\USER32.dll
0x00007ffdc0f80000 - 0x00007ffdc0fa2000 	C:\WINDOWS\System32\win32u.dll
0x00007ffdc2500000 - 0x00007ffdc252c000 	C:\WINDOWS\System32\GDI32.dll
0x00007ffdadda0000 - 0x00007ffdae03a000 	C:\WINDOWS\WinSxS\amd64_microsoft.windows.common-controls_6595b64144ccf1df_6.0.19041.1110_none_60b5254171f9507e\COMCTL32.dll
0x00007ffdc0d10000 - 0x00007ffdc0e25000 	C:\WINDOWS\System32\gdi32full.dll
0x00007ffdc2600000 - 0x00007ffdc269e000 	C:\WINDOWS\System32\msvcrt.dll
0x00007ffdc0b10000 - 0x00007ffdc0bad000 	C:\WINDOWS\System32\msvcp_win.dll
0x00007ffdc1b40000 - 0x00007ffdc1b70000 	C:\WINDOWS\System32\IMM32.DLL
0x00007ffda9740000 - 0x00007ffda97db000 	C:\Program Files\Java\jdk-11.0.18+10\bin\msvcp140.dll
0x00007ffd85de0000 - 0x00007ffd86972000 	C:\Program Files\Java\jdk-11.0.18+10\bin\server\jvm.dll
0x00007ffdc2540000 - 0x00007ffdc25ef000 	C:\WINDOWS\System32\ADVAPI32.dll
0x00007ffdc2bc0000 - 0x00007ffdc2c5c000 	C:\WINDOWS\System32\sechost.dll
0x00007ffdc1040000 - 0x00007ffdc1166000 	C:\WINDOWS\System32\RPCRT4.dll
0x00007ffdc25f0000 - 0x00007ffdc25f8000 	C:\WINDOWS\System32\PSAPI.DLL
0x00007ffdbc2d0000 - 0x00007ffdbc2d9000 	C:\WINDOWS\SYSTEM32\WSOCK32.dll
0x00007ffdc2c70000 - 0x00007ffdc2cdb000 	C:\WINDOWS\System32\WS2_32.dll
0x00007ffdafbd0000 - 0x00007ffdafbf7000 	C:\WINDOWS\SYSTEM32\WINMM.dll
0x00007ffdb1260000 - 0x00007ffdb126a000 	C:\WINDOWS\SYSTEM32\VERSION.dll
0x00007ffdbe4a0000 - 0x00007ffdbe4b2000 	C:\WINDOWS\SYSTEM32\kernel.appcore.dll
0x00007ffdbb370000 - 0x00007ffdbb380000 	C:\Program Files\Java\jdk-11.0.18+10\bin\verify.dll
0x00007ffdb0780000 - 0x00007ffdb0964000 	C:\WINDOWS\SYSTEM32\DBGHELP.DLL
0x00007ffdafd40000 - 0x00007ffdafd74000 	C:\WINDOWS\SYSTEM32\dbgcore.DLL
0x00007ffdc0fb0000 - 0x00007ffdc1032000 	C:\WINDOWS\System32\bcryptPrimitives.dll
0x00007ffdb5c00000 - 0x00007ffdb5c28000 	C:\Program Files\Java\jdk-11.0.18+10\bin\java.dll
0x00007ffdbb360000 - 0x00007ffdbb36a000 	C:\Program Files\Java\jdk-11.0.18+10\bin\jimage.dll
0x00007ffdb5be0000 - 0x00007ffdb5bf8000 	C:\Program Files\Java\jdk-11.0.18+10\bin\zip.dll
0x00007ffdc13f0000 - 0x00007ffdc1b34000 	C:\WINDOWS\System32\SHELL32.dll
0x00007ffdbe780000 - 0x00007ffdbef13000 	C:\WINDOWS\SYSTEM32\windows.storage.dll
0x00007ffdc2860000 - 0x00007ffdc2bb4000 	C:\WINDOWS\System32\combase.dll
0x00007ffdc0040000 - 0x00007ffdc006e000 	C:\WINDOWS\SYSTEM32\Wldp.dll
0x00007ffdc2ce0000 - 0x00007ffdc2d8d000 	C:\WINDOWS\System32\SHCORE.dll
0x00007ffdc1390000 - 0x00007ffdc13e5000 	C:\WINDOWS\System32\shlwapi.dll
0x00007ffdc0600000 - 0x00007ffdc061f000 	C:\WINDOWS\SYSTEM32\profapi.dll
0x00007ffdb0560000 - 0x00007ffdb0579000 	C:\Program Files\Java\jdk-11.0.18+10\bin\net.dll
0x00007ffdb99e0000 - 0x00007ffdb9aea000 	C:\WINDOWS\SYSTEM32\WINHTTP.dll
0x00007ffdbfda0000 - 0x00007ffdbfe0a000 	C:\WINDOWS\system32\mswsock.dll
0x00007ffdb0480000 - 0x00007ffdb0493000 	C:\Program Files\Java\jdk-11.0.18+10\bin\nio.dll
0x00007ffd98960000 - 0x00007ffd98987000 	C:\Users\almeida\.gradle\native\e1d6ef7f7dcc3fd88c89a11ec53ec762bb8ba0a96d01ffa2cd45eb1d1d8dd5c5\windows-amd64\native-platform.dll
0x00007ffd869f0000 - 0x00007ffd86b34000 	C:\Users\almeida\.gradle\native\0d407fdbe67a94daf76414ababcb853783967236a71b16ec16e742cd7a986fd3\windows-amd64\native-platform-file-events.dll
0x00007ffdb8250000 - 0x00007ffdb8259000 	C:\Program Files\Java\jdk-11.0.18+10\bin\management.dll
0x00007ffdb0540000 - 0x00007ffdb054b000 	C:\Program Files\Java\jdk-11.0.18+10\bin\management_ext.dll
0x00007ffdbffa0000 - 0x00007ffdbffb8000 	C:\WINDOWS\SYSTEM32\CRYPTSP.dll
0x00007ffdbf6c0000 - 0x00007ffdbf6f4000 	C:\WINDOWS\system32\rsaenh.dll
0x00007ffdc0730000 - 0x00007ffdc0757000 	C:\WINDOWS\System32\bcrypt.dll
0x00007ffdc0580000 - 0x00007ffdc05ae000 	C:\WINDOWS\SYSTEM32\USERENV.dll
0x00007ffdbff90000 - 0x00007ffdbff9c000 	C:\WINDOWS\SYSTEM32\CRYPTBASE.dll
0x00007ffdbfa90000 - 0x00007ffdbfacc000 	C:\WINDOWS\SYSTEM32\IPHLPAPI.DLL
0x00007ffdc2c60000 - 0x00007ffdc2c68000 	C:\WINDOWS\System32\NSI.dll
0x00007ffdb95c0000 - 0x00007ffdb95d7000 	C:\WINDOWS\SYSTEM32\dhcpcsvc6.DLL
0x00007ffdb9570000 - 0x00007ffdb958d000 	C:\WINDOWS\SYSTEM32\dhcpcsvc.DLL
0x00007ffdbfad0000 - 0x00007ffdbfb9b000 	C:\WINDOWS\SYSTEM32\DNSAPI.dll
0x00007ffdab820000 - 0x00007ffdab845000 	C:\Program Files\Java\jdk-11.0.18+10\bin\sunec.dll
0x0000000063560000 - 0x0000000063569000 	C:\Program Files\National Instruments\Shared\mDNS Responder\nimdnsNSP.dll
0x0000000063550000 - 0x000000006355e000 	C:\WINDOWS\SYSTEM32\nimdnsResponder.dll
0x0000000074600000 - 0x00000000746a3000 	C:\WINDOWS\WinSxS\amd64_microsoft.vc90.crt_1fc8b3b9a1e18e3b_9.0.30729.9625_none_08e1c10da83fbc83\MSVCR90.dll
0x00007ffdb5cd0000 - 0x00007ffdb5cda000 	C:\Windows\System32\rasadhlp.dll
0x00007ffdb5da0000 - 0x00007ffdb5e22000 	C:\WINDOWS\System32\fwpuclnt.dll
0x00007ffdbb2b0000 - 0x00007ffdbb2be000 	C:\Program Files\Java\jdk-11.0.18+10\bin\sunmscapi.dll
0x00007ffdc0bb0000 - 0x00007ffdc0d0e000 	C:\WINDOWS\System32\CRYPT32.dll
0x00007ffdc00b0000 - 0x00007ffdc00d8000 	C:\WINDOWS\SYSTEM32\ncrypt.dll
0x00007ffdc0070000 - 0x00007ffdc00ab000 	C:\WINDOWS\SYSTEM32\NTASN1.dll

dbghelp: loaded successfully - version: 4.0.5 - missing functions: none
symbol engine: initialized successfully - sym options: 0x614 - pdb path: .;C:\Program Files\Java\jdk-11.0.18+10\bin;C:\WINDOWS\SYSTEM32;C:\WINDOWS\WinSxS\amd64_microsoft.windows.common-controls_6595b64144ccf1df_6.0.19041.1110_none_60b5254171f9507e;C:\Program Files\Java\jdk-11.0.18+10\bin\server;C:\Users\almeida\.gradle\native\e1d6ef7f7dcc3fd88c89a11ec53ec762bb8ba0a96d01ffa2cd45eb1d1d8dd5c5\windows-amd64;C:\Users\almeida\.gradle\native\0d407fdbe67a94daf76414ababcb853783967236a71b16ec16e742cd7a986fd3\windows-amd64;C:\Program Files\National Instruments\Shared\mDNS Responder;C:\WINDOWS\WinSxS\amd64_microsoft.vc90.crt_1fc8b3b9a1e18e3b_9.0.30729.9625_none_08e1c10da83fbc83

VM Arguments:
jvm_args: -XX:MaxMetaspaceSize=512m --add-opens=java.base/java.util=ALL-UNNAMED --add-opens=java.base/java.lang=ALL-UNNAMED --add-opens=java.base/java.lang.invoke=ALL-UNNAMED --add-opens=java.base/java.util=ALL-UNNAMED --add-opens=java.prefs/java.util.prefs=ALL-UNNAMED --add-opens=java.prefs/java.util.prefs=ALL-UNNAMED --add-opens=java.base/java.nio.charset=ALL-UNNAMED --add-opens=java.base/java.net=ALL-UNNAMED --add-opens=java.base/java.util.concurrent.atomic=ALL-UNNAMED -Xmx2048m -Dfile.encoding=windows-1252 -Duser.country=BR -Duser.language=pt -Duser.variant 
java_command: org.gradle.launcher.daemon.bootstrap.GradleDaemon 7.5.1
java_class_path (initial): C:\Users\almeida\.gradle\wrapper\dists\gradle-7.5.1-all\1ehga6e77gqps5uk2kc5kf1vc\gradle-7.5.1\lib\gradle-launcher-7.5.1.jar
Launcher Type: SUN_STANDARD

[Global flags]
     intx CICompilerCount                          = 3                                         {product} {ergonomic}
   size_t CompressedClassSpaceSize                 = 528482304                                 {product} {ergonomic}
     uint ConcGCThreads                            = 1                                         {product} {ergonomic}
     uint G1ConcRefinementThreads                  = 4                                         {product} {ergonomic}
   size_t G1HeapRegionSize                         = 1048576                                   {product} {ergonomic}
    uintx GCDrainStackTargetSize                   = 64                                        {product} {ergonomic}
   size_t InitialHeapSize                          = 67108864                                  {product} {ergonomic}
   size_t MarkStackSize                            = 4194304                                   {product} {ergonomic}
   size_t MaxHeapSize                              = 2147483648                                {product} {command line}
   size_t MaxMetaspaceSize                         = 536870912                                 {product} {command line}
   size_t MaxNewSize                               = 1287651328                                {product} {ergonomic}
   size_t MinHeapDeltaBytes                        = 1048576                                   {product} {ergonomic}
    uintx NonNMethodCodeHeapSize                   = 5830732                                {pd product} {ergonomic}
    uintx NonProfiledCodeHeapSize                  = 122913754                              {pd product} {ergonomic}
    uintx ProfiledCodeHeapSize                     = 122913754                              {pd product} {ergonomic}
    uintx ReservedCodeCacheSize                    = 251658240                              {pd product} {ergonomic}
     bool SegmentedCodeCache                       = true                                      {product} {ergonomic}
     bool UseCompressedClassPointers               = true                                 {lp64_product} {ergonomic}
     bool UseCompressedOops                        = true                                 {lp64_product} {ergonomic}
     bool UseG1GC                                  = true                                      {product} {ergonomic}
     bool UseLargePagesIndividualAllocation        = false                                  {pd product} {ergonomic}

Logging:
Log output configuration:
 #0: stdout all=warning uptime,level,tags
 #1: stderr all=off uptime,level,tags

Environment Variables:
JAVA_HOME=C:\Program Files\Java\jdk-11.0.18+10
CLASSPATH=C:\source\repos\C.A.P\client\android\\gradle\wrapper\gradle-wrapper.jar
PATH=C:\source\repos\C.A.P\client\android\node_modules\.bin;C:\source\repos\C.A.P\client\node_modules\.bin;C:\source\repos\C.A.P\node_modules\.bin;C:\source\repos\node_modules\.bin;C:\source\node_modules\.bin;C:\node_modules\.bin;C:\Program Files\nodejs;C:\source\repos\C.A.P\client\node_modules\.bin;C:\source\repos\C.A.P\node_modules\.bin;C:\source\repos\node_modules\.bin;C:\source\node_modules\.bin;C:\node_modules\.bin;C:\Program Files\nodejs\node_modules\npm\node_modules\@npmcli\run-script\lib\node-gyp-bin;C:\Program Files\Eclipse Adoptium\jdk-11.0.18.10-hotspot\bin;C:\Program Files\Common Files\Oracle\Java\javapath;C:\WINDOWS\system32;C:\WINDOWS;C:\WINDOWS\System32\Wbem;C:\WINDOWS\System32\WindowsPowerShell\v1.0\;C:\Program Files\dotnet\;C:\WINDOWS\System32\OpenSSH\;C:\Program Files\Git\cmd;C:\Program Files\Microsoft SQL Server\Client SDK\ODBC\170\Tools\Binn\;C:\Windows\Microsoft.NET\Framework64\v4.0.30319;C:\Windows\Microsoft.NET\Framework64\v4.0.30319;C:\Program Files\MySQL\MySQL Server 8.0\bin;C:\ProgramData\chocolatey\bin;C:\Program Files\nodejs\;C:\Program Files (x86)\Yarn\bin\;C:\platform-tools\;C:\Program Files\Azure Data Studio\bin;C:\Program Files (x86)\Microsoft SQL Server\160\DTS\Binn\;C:\Program Files (x86)\Microsoft SQL Server\160\Tools\Binn\;C:\Program Files\Microsoft SQL Server\160\Tools\Binn\;C:\Program Files\Microsoft SQL Server\160\DTS\Binn\;C:\Program Files\MySQL\MySQL Shell 8.0\bin\;C:\Users\almeida\AppData\Local\Microsoft\WindowsApps;C:\Users\THALIS NATHAN\AppData\Roaming\npm;C:\Users\THALIS NATHAN\AppData\Local\Programs\Microsoft VS Code\bin;C:\Users\THALIS NATHAN\AppData\Local\GitHubDesktop\bin;C:\Users\almeida\.dotnet\tools;C:\Users\almeida\AppData\Local\GitHubDesktop\bin;C:\Users\almeida\AppData\Local\Android\Sdk\emulador;C:\Users\almeida\AppData\Local\Android\Sdk\tools;C:\Users\almeida\AppData\Local\Android\Sdk\tools\bin;C:\Users\almeida\AppData\Local\Android\Sdk\platform-tools;C:\Users\almeida\AppData\Local\Yarn\bin;C:\Users\almeida\AppDat
USERNAME=THALIS
OS=Windows_NT
PROCESSOR_IDENTIFIER=Intel64 Family 6 Model 42 Stepping 7, GenuineIntel
TMP=C:\Users\almeida\AppData\Local\Temp
TEMP=C:\Users\almeida\AppData\Local\Temp



---------------  S Y S T E M  ---------------

OS: Windows 10 , 64 bit Build 19041 (10.0.19041.2913)
OS uptime: 0 days 2:48 hours

CPU:total 4 (initial active 4) (2 cores per cpu, 2 threads per core) family 6 model 42 stepping 7 microcode 0x2f, cmov, cx8, fxsr, mmx, sse, sse2, sse3, ssse3, sse4.1, sse4.2, popcnt, avx, aes, clmul, ht, tsc, tscinvbit

Memory: 4k page, system-wide physical 4003M (473M free)
TotalPageFile size 6051M (AvailPageFile size 6M)
current process WorkingSet (physical memory assigned to process): 634M, peak: 635M
current process commit charge ("private bytes"): 675M, peak: 684M

vm_info: OpenJDK 64-Bit Server VM (11.0.18+10-LTS) for windows-amd64 JRE (11.0.18+10-LTS), built on Jan 18 2023 15:56:47 by "MicrosoftCorporation" with MS VC++ 15.9 (VS2017)

END.
