#
# There is insufficient memory for the Java Runtime Environment to continue.
# Native memory allocation (malloc) failed to allocate 662416 bytes for Chunk::new
# Possible reasons:
#   The system is out of physical RAM or swap space
#   The process is running with CompressedOops enabled, and the Java Heap may be blocking the growth of the native heap
# Possible solutions:
#   Reduce memory load on the system
#   Increase physical memory or swap space
#   Check if swap backing store is full
#   Decrease Java heap size (-Xmx/-Xms)
#   Decrease number of Java threads
#   Decrease Java thread stack sizes (-Xss)
#   Set larger code cache with -XX:ReservedCodeCacheSize=
#   JVM is running with Unscaled Compressed Oops mode in which the Java heap is
#     placed in the first 4GB address space. The Java Heap base address is the
#     maximum limit for the native heap growth. Please use -XX:HeapBaseMinAddress
#     to set the Java Heap base and to place the Java Heap above 4GB virtual address.
# This output file may be truncated or incomplete.
#
#  Out of Memory Error (./src/hotspot/share/memory/arena.cpp:197), pid=4804, tid=3856
#
# JRE version: OpenJDK Runtime Environment Microsoft-7208460 (11.0.18+10) (build 11.0.18+10-LTS)
# Java VM: OpenJDK 64-Bit Server VM Microsoft-7208460 (11.0.18+10-LTS, mixed mode, tiered, compressed oops, g1 gc, windows-amd64)
# No core dump will be written. Minidumps are not enabled by default on client versions of Windows
#

---------------  S U M M A R Y ------------

Command Line: -Xmx64m -Xms64m -Dorg.gradle.appname=gradlew org.gradle.wrapper.GradleWrapperMain app:installDebug -PreactNativeDevServerPort=8081

Host: Intel(R) Core(TM) i5-2450M CPU @ 2.50GHz, 4 cores, 3G,  Windows 10 , 64 bit Build 19041 (10.0.19041.2913)
Time: Sat Jun 24 20:13:39 2023 Hora oficial do Brasil elapsed time: 11.941594 seconds (0d 0h 0m 11s)

---------------  T H R E A D  ---------------

Current thread (0x0000022aebaeb800):  JavaThread "C2 CompilerThread0" daemon [_thread_in_native, id=3856, stack(0x0000003f36100000,0x0000003f36200000)]


Current CompileTask:
C2:  11942  878  s!   4       jdk.internal.loader.URLClassPath::getLoader (194 bytes)

Stack: [0x0000003f36100000,0x0000003f36200000]
Native frames: (J=compiled Java code, j=interpreted, Vv=VM code, C=native code)
V  [jvm.dll+0x62bf8a]
V  [jvm.dll+0x7b8fb9]
V  [jvm.dll+0x7ba6a8]
V  [jvm.dll+0x7bad83]
V  [jvm.dll+0x250248]
V  [jvm.dll+0xc260c]
V  [jvm.dll+0xc2bcc]
V  [jvm.dll+0x35e1c7]
V  [jvm.dll+0x19ede1]
V  [jvm.dll+0x209495]
V  [jvm.dll+0x20850d]
V  [jvm.dll+0x18a4b1]
V  [jvm.dll+0x217eec]
V  [jvm.dll+0x21612b]
V  [jvm.dll+0x77bac0]
V  [jvm.dll+0x7749f4]
V  [jvm.dll+0x62adf5]
C  [ucrtbase.dll+0x21bb2]
C  [KERNEL32.DLL+0x17614]
C  [ntdll.dll+0x526a1]


---------------  P R O C E S S  ---------------

Threads class SMR info:
_java_thread_list=0x0000022aecc171c0, length=11, elements={
0x0000022ad1460000, 0x0000022aeba81000, 0x0000022aeba8a800, 0x0000022aebae5000,
0x0000022aebae7000, 0x0000022aebae8800, 0x0000022aebaeb800, 0x0000022aebaed000,
0x0000022aebc48800, 0x0000022aebd76800, 0x0000022aecb4f000
}

Java Threads: ( => current thread )
  0x0000022ad1460000 JavaThread "main" [_thread_in_vm, id=6212, stack(0x0000003f35500000,0x0000003f35600000)]
  0x0000022aeba81000 JavaThread "Reference Handler" daemon [_thread_blocked, id=2752, stack(0x0000003f35c00000,0x0000003f35d00000)]
  0x0000022aeba8a800 JavaThread "Finalizer" daemon [_thread_blocked, id=7712, stack(0x0000003f35d00000,0x0000003f35e00000)]
  0x0000022aebae5000 JavaThread "Signal Dispatcher" daemon [_thread_blocked, id=11052, stack(0x0000003f35e00000,0x0000003f35f00000)]
  0x0000022aebae7000 JavaThread "Attach Listener" daemon [_thread_blocked, id=9680, stack(0x0000003f35f00000,0x0000003f36000000)]
  0x0000022aebae8800 JavaThread "Service Thread" daemon [_thread_blocked, id=10864, stack(0x0000003f36000000,0x0000003f36100000)]
=>0x0000022aebaeb800 JavaThread "C2 CompilerThread0" daemon [_thread_in_native, id=3856, stack(0x0000003f36100000,0x0000003f36200000)]
  0x0000022aebaed000 JavaThread "C1 CompilerThread0" daemon [_thread_blocked, id=6340, stack(0x0000003f36200000,0x0000003f36300000)]
  0x0000022aebc48800 JavaThread "Sweeper thread" daemon [_thread_blocked, id=4556, stack(0x0000003f36300000,0x0000003f36400000)]
  0x0000022aebd76800 JavaThread "Common-Cleaner" daemon [_thread_blocked, id=10968, stack(0x0000003f36500000,0x0000003f36600000)]
  0x0000022aecb4f000 JavaThread "pool-1-thread-1" [_thread_blocked, id=8820, stack(0x0000003f36700000,0x0000003f36800000)]

Other Threads:
  0x0000022aeba5b000 VMThread "VM Thread" [stack: 0x0000003f35b00000,0x0000003f35c00000] [id=1196]
  0x0000022aebd64800 WatcherThread [stack: 0x0000003f36400000,0x0000003f36500000] [id=7360]
  0x0000022ad1477800 GCTaskThread "GC Thread#0" [stack: 0x0000003f35600000,0x0000003f35700000] [id=11944]
  0x0000022aebe86000 GCTaskThread "GC Thread#1" [stack: 0x0000003f36600000,0x0000003f36700000] [id=6444]
  0x0000022ad147e000 ConcurrentGCThread "G1 Main Marker" [stack: 0x0000003f35700000,0x0000003f35800000] [id=10908]
  0x0000022ad1480800 ConcurrentGCThread "G1 Conc#0" [stack: 0x0000003f35800000,0x0000003f35900000] [id=8396]
  0x0000022ad14d2800 ConcurrentGCThread "G1 Refine#0" [stack: 0x0000003f35900000,0x0000003f35a00000] [id=5992]
  0x0000022ad14d3800 ConcurrentGCThread "G1 Young RemSet Sampling" [stack: 0x0000003f35a00000,0x0000003f35b00000] [id=5700]

Threads with active compile tasks:
C2 CompilerThread0    12312  878  s!   4       jdk.internal.loader.URLClassPath::getLoader (194 bytes)

VM state:not at safepoint (normal execution)

VM Mutex/Monitor currently owned by a thread: None

Heap address: 0x00000000fc000000, size: 64 MB, Compressed Oops mode: 32-bit
Narrow klass base: 0x0000000000000000, Narrow klass shift: 3
Compressed class space size: 1073741824 Address: 0x0000000100000000

Heap:
 garbage-first heap   total 65536K, used 14758K [0x00000000fc000000, 0x0000000100000000)
  region size 1024K, 9 young (9216K), 2 survivors (2048K)
 Metaspace       used 12099K, capacity 12462K, committed 12800K, reserved 1067008K
  class space    used 1295K, capacity 1409K, committed 1536K, reserved 1048576K
Heap Regions: E=young(eden), S=young(survivor), O=old, HS=humongous(starts), HC=humongous(continues), CS=collection set, F=free, A=archive, TAMS=top-at-mark-start (previous, next)
|   0|0x00000000fc000000, 0x00000000fc100000, 0x00000000fc100000|100%|HS|  |TAMS 0x00000000fc000000, 0x00000000fc000000| Complete 
|   1|0x00000000fc100000, 0x00000000fc200000, 0x00000000fc200000|100%|HC|  |TAMS 0x00000000fc100000, 0x00000000fc100000| Complete 
|   2|0x00000000fc200000, 0x00000000fc300000, 0x00000000fc300000|100%|HC|  |TAMS 0x00000000fc200000, 0x00000000fc200000| Complete 
|   3|0x00000000fc300000, 0x00000000fc400000, 0x00000000fc400000|100%| O|  |TAMS 0x00000000fc300000, 0x00000000fc300000| Untracked 
|   4|0x00000000fc400000, 0x00000000fc500000, 0x00000000fc500000|100%| O|  |TAMS 0x00000000fc400000, 0x00000000fc400000| Untracked 
|   5|0x00000000fc500000, 0x00000000fc600000, 0x00000000fc600000|100%| O|  |TAMS 0x00000000fc500000, 0x00000000fc500000| Untracked 
|   6|0x00000000fc600000, 0x00000000fc700000, 0x00000000fc700000|100%| O|  |TAMS 0x00000000fc600000, 0x00000000fc600000| Untracked 
|   7|0x00000000fc700000, 0x00000000fc769800, 0x00000000fc800000| 41%| O|  |TAMS 0x00000000fc700000, 0x00000000fc700000| Untracked 
|   8|0x00000000fc800000, 0x00000000fc800000, 0x00000000fc900000|  0%| F|  |TAMS 0x00000000fc800000, 0x00000000fc800000| Untracked 
|   9|0x00000000fc900000, 0x00000000fc900000, 0x00000000fca00000|  0%| F|  |TAMS 0x00000000fc900000, 0x00000000fc900000| Untracked 
|  10|0x00000000fca00000, 0x00000000fca00000, 0x00000000fcb00000|  0%| F|  |TAMS 0x00000000fca00000, 0x00000000fca00000| Untracked 
|  11|0x00000000fcb00000, 0x00000000fcb00000, 0x00000000fcc00000|  0%| F|  |TAMS 0x00000000fcb00000, 0x00000000fcb00000| Untracked 
|  12|0x00000000fcc00000, 0x00000000fcc00000, 0x00000000fcd00000|  0%| F|  |TAMS 0x00000000fcc00000, 0x00000000fcc00000| Untracked 
|  13|0x00000000fcd00000, 0x00000000fcd00000, 0x00000000fce00000|  0%| F|  |TAMS 0x00000000fcd00000, 0x00000000fcd00000| Untracked 
|  14|0x00000000fce00000, 0x00000000fce00000, 0x00000000fcf00000|  0%| F|  |TAMS 0x00000000fce00000, 0x00000000fce00000| Untracked 
|  15|0x00000000fcf00000, 0x00000000fcf00000, 0x00000000fd000000|  0%| F|  |TAMS 0x00000000fcf00000, 0x00000000fcf00000| Untracked 
|  16|0x00000000fd000000, 0x00000000fd000000, 0x00000000fd100000|  0%| F|  |TAMS 0x00000000fd000000, 0x00000000fd000000| Untracked 
|  17|0x00000000fd100000, 0x00000000fd100000, 0x00000000fd200000|  0%| F|  |TAMS 0x00000000fd100000, 0x00000000fd100000| Untracked 
|  18|0x00000000fd200000, 0x00000000fd200000, 0x00000000fd300000|  0%| F|  |TAMS 0x00000000fd200000, 0x00000000fd200000| Untracked 
|  19|0x00000000fd300000, 0x00000000fd300000, 0x00000000fd400000|  0%| F|  |TAMS 0x00000000fd300000, 0x00000000fd300000| Untracked 
|  20|0x00000000fd400000, 0x00000000fd400000, 0x00000000fd500000|  0%| F|  |TAMS 0x00000000fd400000, 0x00000000fd400000| Untracked 
|  21|0x00000000fd500000, 0x00000000fd500000, 0x00000000fd600000|  0%| F|  |TAMS 0x00000000fd500000, 0x00000000fd500000| Untracked 
|  22|0x00000000fd600000, 0x00000000fd600000, 0x00000000fd700000|  0%| F|  |TAMS 0x00000000fd600000, 0x00000000fd600000| Untracked 
|  23|0x00000000fd700000, 0x00000000fd700000, 0x00000000fd800000|  0%| F|  |TAMS 0x00000000fd700000, 0x00000000fd700000| Untracked 
|  24|0x00000000fd800000, 0x00000000fd800000, 0x00000000fd900000|  0%| F|  |TAMS 0x00000000fd800000, 0x00000000fd800000| Untracked 
|  25|0x00000000fd900000, 0x00000000fd900000, 0x00000000fda00000|  0%| F|  |TAMS 0x00000000fd900000, 0x00000000fd900000| Untracked 
|  26|0x00000000fda00000, 0x00000000fda00000, 0x00000000fdb00000|  0%| F|  |TAMS 0x00000000fda00000, 0x00000000fda00000| Untracked 
|  27|0x00000000fdb00000, 0x00000000fdb00000, 0x00000000fdc00000|  0%| F|  |TAMS 0x00000000fdb00000, 0x00000000fdb00000| Untracked 
|  28|0x00000000fdc00000, 0x00000000fdc00000, 0x00000000fdd00000|  0%| F|  |TAMS 0x00000000fdc00000, 0x00000000fdc00000| Untracked 
|  29|0x00000000fdd00000, 0x00000000fdd00000, 0x00000000fde00000|  0%| F|  |TAMS 0x00000000fdd00000, 0x00000000fdd00000| Untracked 
|  30|0x00000000fde00000, 0x00000000fde00000, 0x00000000fdf00000|  0%| F|  |TAMS 0x00000000fde00000, 0x00000000fde00000| Untracked 
|  31|0x00000000fdf00000, 0x00000000fdf00000, 0x00000000fe000000|  0%| F|  |TAMS 0x00000000fdf00000, 0x00000000fdf00000| Untracked 
|  32|0x00000000fe000000, 0x00000000fe000000, 0x00000000fe100000|  0%| F|  |TAMS 0x00000000fe000000, 0x00000000fe000000| Untracked 
|  33|0x00000000fe100000, 0x00000000fe100000, 0x00000000fe200000|  0%| F|  |TAMS 0x00000000fe100000, 0x00000000fe100000| Untracked 
|  34|0x00000000fe200000, 0x00000000fe200000, 0x00000000fe300000|  0%| F|  |TAMS 0x00000000fe200000, 0x00000000fe200000| Untracked 
|  35|0x00000000fe300000, 0x00000000fe300000, 0x00000000fe400000|  0%| F|  |TAMS 0x00000000fe300000, 0x00000000fe300000| Untracked 
|  36|0x00000000fe400000, 0x00000000fe400000, 0x00000000fe500000|  0%| F|  |TAMS 0x00000000fe400000, 0x00000000fe400000| Untracked 
|  37|0x00000000fe500000, 0x00000000fe500000, 0x00000000fe600000|  0%| F|  |TAMS 0x00000000fe500000, 0x00000000fe500000| Untracked 
|  38|0x00000000fe600000, 0x00000000fe600000, 0x00000000fe700000|  0%| F|  |TAMS 0x00000000fe600000, 0x00000000fe600000| Untracked 
|  39|0x00000000fe700000, 0x00000000fe700000, 0x00000000fe800000|  0%| F|  |TAMS 0x00000000fe700000, 0x00000000fe700000| Untracked 
|  40|0x00000000fe800000, 0x00000000fe800000, 0x00000000fe900000|  0%| F|  |TAMS 0x00000000fe800000, 0x00000000fe800000| Untracked 
|  41|0x00000000fe900000, 0x00000000fe900000, 0x00000000fea00000|  0%| F|  |TAMS 0x00000000fe900000, 0x00000000fe900000| Untracked 
|  42|0x00000000fea00000, 0x00000000fea00000, 0x00000000feb00000|  0%| F|  |TAMS 0x00000000fea00000, 0x00000000fea00000| Untracked 
|  43|0x00000000feb00000, 0x00000000feb00000, 0x00000000fec00000|  0%| F|  |TAMS 0x00000000feb00000, 0x00000000feb00000| Untracked 
|  44|0x00000000fec00000, 0x00000000fec00000, 0x00000000fed00000|  0%| F|  |TAMS 0x00000000fec00000, 0x00000000fec00000| Untracked 
|  45|0x00000000fed00000, 0x00000000fed00000, 0x00000000fee00000|  0%| F|  |TAMS 0x00000000fed00000, 0x00000000fed00000| Untracked 
|  46|0x00000000fee00000, 0x00000000fee00000, 0x00000000fef00000|  0%| F|  |TAMS 0x00000000fee00000, 0x00000000fee00000| Untracked 
|  47|0x00000000fef00000, 0x00000000fef00000, 0x00000000ff000000|  0%| F|  |TAMS 0x00000000fef00000, 0x00000000fef00000| Untracked 
|  48|0x00000000ff000000, 0x00000000ff000000, 0x00000000ff100000|  0%| F|  |TAMS 0x00000000ff000000, 0x00000000ff000000| Untracked 
|  49|0x00000000ff100000, 0x00000000ff100000, 0x00000000ff200000|  0%| F|  |TAMS 0x00000000ff100000, 0x00000000ff100000| Untracked 
|  50|0x00000000ff200000, 0x00000000ff200000, 0x00000000ff300000|  0%| F|  |TAMS 0x00000000ff200000, 0x00000000ff200000| Untracked 
|  51|0x00000000ff300000, 0x00000000ff400000, 0x00000000ff400000|100%| S|CS|TAMS 0x00000000ff300000, 0x00000000ff300000| Complete 
|  52|0x00000000ff400000, 0x00000000ff500000, 0x00000000ff500000|100%| S|CS|TAMS 0x00000000ff400000, 0x00000000ff400000| Complete 
|  53|0x00000000ff500000, 0x00000000ff500000, 0x00000000ff600000|  0%| F|  |TAMS 0x00000000ff500000, 0x00000000ff500000| Untracked 
|  54|0x00000000ff600000, 0x00000000ff600000, 0x00000000ff700000|  0%| F|  |TAMS 0x00000000ff600000, 0x00000000ff600000| Untracked 
|  55|0x00000000ff700000, 0x00000000ff700000, 0x00000000ff800000|  0%| F|  |TAMS 0x00000000ff700000, 0x00000000ff700000| Untracked 
|  56|0x00000000ff800000, 0x00000000ff800000, 0x00000000ff900000|  0%| F|  |TAMS 0x00000000ff800000, 0x00000000ff800000| Untracked 
|  57|0x00000000ff900000, 0x00000000ff9d1b10, 0x00000000ffa00000| 81%| E|  |TAMS 0x00000000ff900000, 0x00000000ff900000| Complete 
|  58|0x00000000ffa00000, 0x00000000ffb00000, 0x00000000ffb00000|100%| E|  |TAMS 0x00000000ffa00000, 0x00000000ffa00000| Complete 
|  59|0x00000000ffb00000, 0x00000000ffc00000, 0x00000000ffc00000|100%| E|CS|TAMS 0x00000000ffb00000, 0x00000000ffb00000| Complete 
|  60|0x00000000ffc00000, 0x00000000ffd00000, 0x00000000ffd00000|100%| E|CS|TAMS 0x00000000ffc00000, 0x00000000ffc00000| Complete 
|  61|0x00000000ffd00000, 0x00000000ffe00000, 0x00000000ffe00000|100%| E|CS|TAMS 0x00000000ffd00000, 0x00000000ffd00000| Complete 
|  62|0x00000000ffe00000, 0x00000000fff00000, 0x00000000fff00000|100%| E|CS|TAMS 0x00000000ffe00000, 0x00000000ffe00000| Complete 
|  63|0x00000000fff00000, 0x0000000100000000, 0x0000000100000000|100%| E|CS|TAMS 0x00000000fff00000, 0x00000000fff00000| Complete 

Card table byte_map: [0x0000022acf460000,0x0000022acf480000] _byte_map_base: 0x0000022acec80000

Marking Bits (Prev, Next): (CMBitMap*) 0x0000022ad147c248, (CMBitMap*) 0x0000022ad147c280
 Prev Bits: [0x0000022ad1280000, 0x0000022ad1380000)
 Next Bits: [0x0000022ae8be0000, 0x0000022ae8ce0000)

Polling page: 0x0000022acf310000

Metaspace:

Usage:
  Non-class:     10.79 MB capacity,    10.56 MB ( 98%) used,   230.48 KB (  2%) free+waste,    14.13 KB ( <1%) overhead. 
      Class:      1.38 MB capacity,     1.27 MB ( 92%) used,   105.47 KB (  7%) free+waste,     6.88 KB ( <1%) overhead. 
       Both:     12.17 MB capacity,    11.82 MB ( 97%) used,   335.95 KB (  3%) free+waste,    21.00 KB ( <1%) overhead. 

Virtual space:
  Non-class space:       18.00 MB reserved,      11.00 MB ( 61%) committed 
      Class space:        1.00 GB reserved,       1.50 MB ( <1%) committed 
             Both:        1.02 GB reserved,      12.50 MB (  1%) committed 

Chunk freelists:
   Non-Class:  19.00 KB
       Class:  31.00 KB
        Both:  50.00 KB

MaxMetaspaceSize: 17179869184.00 GB
CompressedClassSpaceSize: 1.00 GB
Initial GC threshold: 20.80 MB
Current GC threshold: 20.80 MB
CDS: off

CodeHeap 'non-profiled nmethods': size=120064Kb used=335Kb max_used=335Kb free=119728Kb
 bounds [0x0000022ae16a0000, 0x0000022ae1910000, 0x0000022ae8be0000]
CodeHeap 'profiled nmethods': size=120000Kb used=1974Kb max_used=1974Kb free=118025Kb
 bounds [0x0000022ada170000, 0x0000022ada3e0000, 0x0000022ae16a0000]
CodeHeap 'non-nmethods': size=5696Kb used=1136Kb max_used=1143Kb free=4559Kb
 bounds [0x0000022ad9be0000, 0x0000022ad9e50000, 0x0000022ada170000]
 total_blobs=1389 nmethods=998 adapters=304
 compilation: enabled
              stopped_count=0, restarted_count=0
 full_count=0

Compilation events (20 events):
Event: 11.341 Thread 0x0000022aebaed000  941       3       java.util.jar.JavaUtilJarAccessImpl::ensureInitialization (5 bytes)
Event: 11.342 Thread 0x0000022aebaed000 nmethod 941 0x0000022ada338b10 code [0x0000022ada338cc0, 0x0000022ada338e68]
Event: 11.343 Thread 0x0000022aebaeb800 nmethod 882 0x0000022ae16f1890 code [0x0000022ae16f1ac0, 0x0000022ae16f2870]
Event: 11.343 Thread 0x0000022aebaeb800  878  s!   4       jdk.internal.loader.URLClassPath::getLoader (194 bytes)
Event: 11.378 Thread 0x0000022aebaed000  942       3       java.lang.Enum::<init> (15 bytes)
Event: 11.379 Thread 0x0000022aebaed000 nmethod 942 0x0000022ada338f10 code [0x0000022ada3390c0, 0x0000022ada339278]
Event: 11.379 Thread 0x0000022aebaed000  943   !   3       java.util.zip.ZipFile::getInputStream (323 bytes)
Event: 11.387 Thread 0x0000022aebaed000 nmethod 943 0x0000022ada339310 code [0x0000022ada339680, 0x0000022ada33af78]
Event: 11.387 Thread 0x0000022aebaed000  944       3       java.util.zip.ZipFile$ZipFileInflaterInputStream::<init> (14 bytes)
Event: 11.388 Thread 0x0000022aebaed000 nmethod 944 0x0000022ada33bd90 code [0x0000022ada33bf60, 0x0000022ada33c178]
Event: 11.389 Thread 0x0000022aebaed000  945       3       java.util.jar.Manifest$FastInputStream::peek (38 bytes)
Event: 11.390 Thread 0x0000022aebaed000 nmethod 945 0x0000022ada33c290 code [0x0000022ada33c460, 0x0000022ada33c668]
Event: 11.399 Thread 0x0000022aebaed000  946       3       sun.nio.fs.WindowsPath::<init> (26 bytes)
Event: 11.400 Thread 0x0000022aebaed000 nmethod 946 0x0000022ada33c790 code [0x0000022ada33c960, 0x0000022ada33cc38]
Event: 11.486 Thread 0x0000022aebaed000  947       3       java.util.concurrent.ConcurrentHashMap$ValueIterator::next (34 bytes)
Event: 11.487 Thread 0x0000022aebaed000 nmethod 947 0x0000022ada33cd10 code [0x0000022ada33cee0, 0x0000022ada33d178]
Event: 11.665 Thread 0x0000022aebaed000  948       3       java.util.jar.Manifest::getTrustedAttributes (57 bytes)
Event: 11.669 Thread 0x0000022aebaed000 nmethod 948 0x0000022ada33d290 code [0x0000022ada33d540, 0x0000022ada33e0d8]
Event: 11.716 Thread 0x0000022aebaed000  950       3       java.lang.invoke.MemberName$Factory::resolveOrFail (53 bytes)
Event: 11.719 Thread 0x0000022aebaed000 nmethod 950 0x0000022ada33e510 code [0x0000022ada33e740, 0x0000022ada33edf8]

GC Heap History (4 events):
Event: 7.706 GC heap before
{Heap before GC invocations=0 (full 0):
 garbage-first heap   total 65536K, used 16384K [0x00000000fc000000, 0x0000000100000000)
  region size 1024K, 14 young (14336K), 0 survivors (0K)
 Metaspace       used 7619K, capacity 7825K, committed 7936K, reserved 1056768K
  class space    used 668K, capacity 754K, committed 768K, reserved 1048576K
}
Event: 7.716 GC heap after
{Heap after GC invocations=1 (full 0):
 garbage-first heap   total 65536K, used 3393K [0x00000000fc000000, 0x0000000100000000)
  region size 1024K, 2 young (2048K), 2 survivors (2048K)
 Metaspace       used 7619K, capacity 7825K, committed 7936K, reserved 1056768K
  class space    used 668K, capacity 754K, committed 768K, reserved 1048576K
}
Event: 11.064 GC heap before
{Heap before GC invocations=1 (full 0):
 garbage-first heap   total 65536K, used 17729K [0x00000000fc000000, 0x0000000100000000)
  region size 1024K, 13 young (13312K), 2 survivors (2048K)
 Metaspace       used 10737K, capacity 11062K, committed 11264K, reserved 1058816K
  class space    used 1093K, capacity 1176K, committed 1280K, reserved 1048576K
}
Event: 11.091 GC heap after
{Heap after GC invocations=2 (full 0):
 garbage-first heap   total 65536K, used 9638K [0x00000000fc000000, 0x0000000100000000)
  region size 1024K, 2 young (2048K), 2 survivors (2048K)
 Metaspace       used 10737K, capacity 11062K, committed 11264K, reserved 1058816K
  class space    used 1093K, capacity 1176K, committed 1280K, reserved 1048576K
}

Deoptimization events (20 events):
Event: 10.184 Thread 0x0000022ad1460000 Uncommon trap: trap_request=0xffffffde fr.pc=0x0000022ae16be6e0 relative=0x0000000000000300
Event: 10.184 Thread 0x0000022ad1460000 Uncommon trap: reason=class_check action=maybe_recompile pc=0x0000022ae16be6e0 method=java.util.regex.Matcher.match(II)Z @ 121 c2
Event: 10.184 Thread 0x0000022ad1460000 DEOPT PACKING pc=0x0000022ae16be6e0 sp=0x0000003f355fcec0
Event: 10.184 Thread 0x0000022ad1460000 DEOPT UNPACKING pc=0x0000022ad9c2a1af sp=0x0000003f355fce58 mode 2
Event: 10.211 Thread 0x0000022ad1460000 Uncommon trap: trap_request=0xffffff4d fr.pc=0x0000022ae16adef4 relative=0x0000000000000054
Event: 10.211 Thread 0x0000022ad1460000 Uncommon trap: reason=unstable_if action=reinterpret pc=0x0000022ae16adef4 method=java.util.regex.Pattern.has(I)Z @ 6 c2
Event: 10.211 Thread 0x0000022ad1460000 DEOPT PACKING pc=0x0000022ae16adef4 sp=0x0000003f355fcca0
Event: 10.211 Thread 0x0000022ad1460000 DEOPT UNPACKING pc=0x0000022ad9c2a1af sp=0x0000003f355fcc30 mode 2
Event: 10.224 Thread 0x0000022ad1460000 Uncommon trap: trap_request=0xffffff4d fr.pc=0x0000022ae16e293c relative=0x000000000000045c
Event: 10.224 Thread 0x0000022ad1460000 Uncommon trap: reason=unstable_if action=reinterpret pc=0x0000022ae16e293c method=java.util.HashMap.hash(Ljava/lang/Object;)I @ 1 c2
Event: 10.224 Thread 0x0000022ad1460000 DEOPT PACKING pc=0x0000022ae16e293c sp=0x0000003f355fcf80
Event: 10.224 Thread 0x0000022ad1460000 DEOPT UNPACKING pc=0x0000022ad9c2a1af sp=0x0000003f355fcec8 mode 2
Event: 10.480 Thread 0x0000022ad1460000 Uncommon trap: trap_request=0xffffff4d fr.pc=0x0000022ae16e62a0 relative=0x00000000000013c0
Event: 10.481 Thread 0x0000022ad1460000 Uncommon trap: reason=unstable_if action=reinterpret pc=0x0000022ae16e62a0 method=java.io.WinNTFileSystem.normalize(Ljava/lang/String;)Ljava/lang/String; @ 40 c2
Event: 10.481 Thread 0x0000022ad1460000 DEOPT PACKING pc=0x0000022ae16e62a0 sp=0x0000003f355fbc60
Event: 10.481 Thread 0x0000022ad1460000 DEOPT UNPACKING pc=0x0000022ad9c2a1af sp=0x0000003f355fbc38 mode 2
Event: 11.427 Thread 0x0000022ad1460000 Uncommon trap: trap_request=0xffffff4d fr.pc=0x0000022ae16c1e08 relative=0x0000000000000868
Event: 11.427 Thread 0x0000022ad1460000 Uncommon trap: reason=unstable_if action=reinterpret pc=0x0000022ae16c1e08 method=java.io.WinNTFileSystem.resolve(Ljava/lang/String;Ljava/lang/String;)Ljava/lang/String; @ 70 c2
Event: 11.427 Thread 0x0000022ad1460000 DEOPT PACKING pc=0x0000022ae16c1e08 sp=0x0000003f355fbdf0
Event: 11.427 Thread 0x0000022ad1460000 DEOPT UNPACKING pc=0x0000022ad9c2a1af sp=0x0000003f355fbd80 mode 2

Classes redefined (0 events):
No events

Internal exceptions (8 events):
Event: 1.918 Thread 0x0000022ad1460000 Exception <a 'java/lang/NoSuchMethodError'{0x00000000ffc48498}: 'int java.lang.invoke.DirectMethodHandle$Holder.invokeStaticInit(java.lang.Object, java.lang.Object)'> (0x00000000ffc48498) thrown at [./src/hotspot/share/interpreter/linkResolver.cpp, line 773]
Event: 2.417 Thread 0x0000022ad1460000 Exception <a 'java/lang/NoSuchMethodError'{0x00000000ffb1e088}: 'int java.lang.invoke.DirectMethodHandle$Holder.invokeSpecial(java.lang.Object, java.lang.Object, java.lang.Object, java.lang.Object)'> (0x00000000ffb1e088) thrown at [./src/hotspot/share/interpreter/linkResolver.cpp, line 773]
Event: 2.476 Thread 0x0000022ad1460000 Exception <a 'java/lang/NoSuchMethodError'{0x00000000ffb57b88}: 'int java.lang.invoke.DirectMethodHandle$Holder.invokeSpecialIFC(java.lang.Object, java.lang.Object, int)'> (0x00000000ffb57b88) thrown at [./src/hotspot/share/interpreter/linkResolver.cpp, line 773]
Event: 10.224 Thread 0x0000022ad1460000 Implicit null exception at 0x0000022ae16e2515 to 0x0000022ae16e292c
Event: 10.737 Thread 0x0000022ad1460000 Exception <a 'java/lang/NoClassDefFoundError'{0x00000000ff6c4160}: org/slf4j/impl/StaticMarkerBinder> (0x00000000ff6c4160) thrown at [./src/hotspot/share/classfile/systemDictionary.cpp, line 219]
Event: 10.906 Thread 0x0000022ad1460000 Exception <a 'java/lang/NoSuchMethodError'{0x00000000ff5c2fa0}: 'java.lang.Object java.lang.invoke.DirectMethodHandle$Holder.invokeVirtual(java.lang.Object, java.lang.Object, java.lang.Object, java.lang.Object, java.lang.Object, java.lang.Object, java.lang.Object)'> (0x00000000ff5c2fa0) thrown at [./src/hotspot/share/interpreter/linkResolver.cpp, line 773]
Event: 10.958 Thread 0x0000022ad1460000 Exception <a 'java/lang/NoSuchMethodError'{0x00000000ff5d6b28}: 'java.lang.Object java.lang.invoke.Invokers$Holder.invoker(java.lang.Object, java.lang.Object, java.lang.Object)'> (0x00000000ff5d6b28) thrown at [./src/hotspot/share/interpreter/linkResolver.cpp, line 773]
Event: 10.979 Thread 0x0000022ad1460000 Exception <a 'java/lang/NoSuchMethodError'{0x00000000ff5e7850}: 'void java.lang.invoke.DelegatingMethodHandle$Holder.delegate(java.lang.Object, java.lang.Object, int, java.lang.Object)'> (0x00000000ff5e7850) thrown at [./src/hotspot/share/interpreter/linkResolver.cpp, line 773]

Events (20 events):
Event: 11.774 loading class org/gradle/process/internal/ExecActionFactory done
Event: 11.775 loading class org/gradle/process/internal/ExecHandleFactory
Event: 11.775 loading class org/gradle/process/internal/ExecHandleFactory done
Event: 11.777 loading class org/gradle/process/internal/JavaExecHandleFactory
Event: 11.777 loading class org/gradle/process/internal/JavaExecHandleFactory done
Event: 11.778 loading class org/gradle/process/internal/JavaForkOptionsFactory
Event: 11.778 loading class org/gradle/process/internal/JavaForkOptionsFactory done
Event: 11.778 loading class org/gradle/api/internal/ProcessOperations
Event: 11.778 loading class org/gradle/api/internal/ProcessOperations done
Event: 11.780 loading class org/gradle/internal/service/DefaultServiceRegistry$ParentServices
Event: 11.780 loading class org/gradle/internal/service/DefaultServiceRegistry$ParentServices done
Event: 11.782 loading class org/gradle/internal/service/DefaultServiceRegistry$CompositeServiceProvider
Event: 11.782 loading class org/gradle/internal/service/DefaultServiceRegistry$CompositeServiceProvider done
Event: 11.784 loading class org/gradle/cache/internal/locklistener/FileLockContentionHandler
Event: 11.784 loading class org/gradle/cache/internal/locklistener/FileLockContentionHandler done
Event: 11.785 loading class org/gradle/internal/remote/internal/inet/InetAddressFactory
Event: 11.785 loading class org/gradle/internal/remote/internal/inet/InetAddressFactory done
Event: 11.831 loading class java/util/concurrent/TimeUnit$1
Event: 11.832 loading class java/util/concurrent/TimeUnit$1 done
Event: 11.832 loading class java/time/temporal/ChronoUnit


Dynamic libraries:
0x00007ff753c30000 - 0x00007ff753c3d000 	C:\Program Files\Java\jdk-11.0.18+10\bin\java.exe
0x00007ffb5b230000 - 0x00007ffb5b428000 	C:\WINDOWS\SYSTEM32\ntdll.dll
0x00007ffb596f0000 - 0x00007ffb597af000 	C:\WINDOWS\System32\KERNEL32.DLL
0x00007ffb58ab0000 - 0x00007ffb58da6000 	C:\WINDOWS\System32\KERNELBASE.dll
0x00007ffb59190000 - 0x00007ffb59290000 	C:\WINDOWS\System32\ucrtbase.dll
0x00007ffb52730000 - 0x00007ffb52745000 	C:\Program Files\Java\jdk-11.0.18+10\bin\VCRUNTIME140.dll
0x00007ffb47790000 - 0x00007ffb477a7000 	C:\Program Files\Java\jdk-11.0.18+10\bin\jli.dll
0x00007ffb59f70000 - 0x00007ffb5a10d000 	C:\WINDOWS\System32\USER32.dll
0x00007ffb58910000 - 0x00007ffb58932000 	C:\WINDOWS\System32\win32u.dll
0x00007ffb5a110000 - 0x00007ffb5a13c000 	C:\WINDOWS\System32\GDI32.dll
0x00007ffb58940000 - 0x00007ffb58a55000 	C:\WINDOWS\System32\gdi32full.dll
0x00007ffb58f90000 - 0x00007ffb5902d000 	C:\WINDOWS\System32\msvcp_win.dll
0x00007ffb45830000 - 0x00007ffb45aca000 	C:\WINDOWS\WinSxS\amd64_microsoft.windows.common-controls_6595b64144ccf1df_6.0.19041.1110_none_60b5254171f9507e\COMCTL32.dll
0x00007ffb59650000 - 0x00007ffb596ee000 	C:\WINDOWS\System32\msvcrt.dll
0x00007ffb59f00000 - 0x00007ffb59f30000 	C:\WINDOWS\System32\IMM32.DLL
0x00007ffb45e50000 - 0x00007ffb45eeb000 	C:\Program Files\Java\jdk-11.0.18+10\bin\msvcp140.dll
0x00007ffb1cbb0000 - 0x00007ffb1d742000 	C:\Program Files\Java\jdk-11.0.18+10\bin\server\jvm.dll
0x00007ffb59d30000 - 0x00007ffb59ddf000 	C:\WINDOWS\System32\ADVAPI32.dll
0x00007ffb5a610000 - 0x00007ffb5a6ac000 	C:\WINDOWS\System32\sechost.dll
0x00007ffb5a7c0000 - 0x00007ffb5a8e6000 	C:\WINDOWS\System32\RPCRT4.dll
0x00007ffb59f40000 - 0x00007ffb59f48000 	C:\WINDOWS\System32\PSAPI.DLL
0x00007ffb53a20000 - 0x00007ffb53a29000 	C:\WINDOWS\SYSTEM32\WSOCK32.dll
0x00007ffb5b180000 - 0x00007ffb5b1eb000 	C:\WINDOWS\System32\WS2_32.dll
0x00007ffb49470000 - 0x00007ffb49497000 	C:\WINDOWS\SYSTEM32\WINMM.dll
0x00007ffb4f2e0000 - 0x00007ffb4f2ea000 	C:\WINDOWS\SYSTEM32\VERSION.dll
0x00007ffb567d0000 - 0x00007ffb567e2000 	C:\WINDOWS\SYSTEM32\kernel.appcore.dll
0x00007ffb52720000 - 0x00007ffb52730000 	C:\Program Files\Java\jdk-11.0.18+10\bin\verify.dll
0x00007ffb47a80000 - 0x00007ffb47c64000 	C:\WINDOWS\SYSTEM32\DBGHELP.DLL
0x00007ffb47940000 - 0x00007ffb47974000 	C:\WINDOWS\SYSTEM32\dbgcore.DLL
0x00007ffb58f00000 - 0x00007ffb58f82000 	C:\WINDOWS\System32\bcryptPrimitives.dll
0x00007ffb47670000 - 0x00007ffb47698000 	C:\Program Files\Java\jdk-11.0.18+10\bin\java.dll
0x00007ffb49360000 - 0x00007ffb4936a000 	C:\Program Files\Java\jdk-11.0.18+10\bin\jimage.dll
0x00007ffb47770000 - 0x00007ffb47788000 	C:\Program Files\Java\jdk-11.0.18+10\bin\zip.dll
0x00007ffb5a8f0000 - 0x00007ffb5b034000 	C:\WINDOWS\System32\SHELL32.dll
0x00007ffb569d0000 - 0x00007ffb57163000 	C:\WINDOWS\SYSTEM32\windows.storage.dll
0x00007ffb592f0000 - 0x00007ffb59644000 	C:\WINDOWS\System32\combase.dll
0x00007ffb58290000 - 0x00007ffb582be000 	C:\WINDOWS\SYSTEM32\Wldp.dll
0x00007ffb5a6b0000 - 0x00007ffb5a75d000 	C:\WINDOWS\System32\SHCORE.dll
0x00007ffb59290000 - 0x00007ffb592e5000 	C:\WINDOWS\System32\shlwapi.dll
0x00007ffb58850000 - 0x00007ffb5886f000 	C:\WINDOWS\SYSTEM32\profapi.dll
0x00007ffb45e30000 - 0x00007ffb45e49000 	C:\Program Files\Java\jdk-11.0.18+10\bin\net.dll
0x00007ffb52190000 - 0x00007ffb5229a000 	C:\WINDOWS\SYSTEM32\WINHTTP.dll
0x00007ffb57ff0000 - 0x00007ffb5805a000 	C:\WINDOWS\system32\mswsock.dll
0x00007ffb44a10000 - 0x00007ffb44a23000 	C:\Program Files\Java\jdk-11.0.18+10\bin\nio.dll
0x00007ffb45bb0000 - 0x00007ffb45bd7000 	C:\Users\almeida\.gradle\native\e1d6ef7f7dcc3fd88c89a11ec53ec762bb8ba0a96d01ffa2cd45eb1d1d8dd5c5\windows-amd64\native-platform.dll
0x00007ffb54310000 - 0x00007ffb5431a000 	C:\Users\almeida\.gradle\native\jansi\1.18\windows64\jansi.dll

dbghelp: loaded successfully - version: 4.0.5 - missing functions: none
symbol engine: initialized successfully - sym options: 0x614 - pdb path: .;C:\Program Files\Java\jdk-11.0.18+10\bin;C:\WINDOWS\SYSTEM32;C:\WINDOWS\WinSxS\amd64_microsoft.windows.common-controls_6595b64144ccf1df_6.0.19041.1110_none_60b5254171f9507e;C:\Program Files\Java\jdk-11.0.18+10\bin\server;C:\Users\almeida\.gradle\native\e1d6ef7f7dcc3fd88c89a11ec53ec762bb8ba0a96d01ffa2cd45eb1d1d8dd5c5\windows-amd64;C:\Users\almeida\.gradle\native\jansi\1.18\windows64

VM Arguments:
jvm_args: -Xmx64m -Xms64m -Dorg.gradle.appname=gradlew 
java_command: org.gradle.wrapper.GradleWrapperMain app:installDebug -PreactNativeDevServerPort=8081
java_class_path (initial): C:\source\repos\C.A.P\client\android\\gradle\wrapper\gradle-wrapper.jar
Launcher Type: SUN_STANDARD

[Global flags]
     intx CICompilerCount                          = 3                                         {product} {ergonomic}
     uint ConcGCThreads                            = 1                                         {product} {ergonomic}
     uint G1ConcRefinementThreads                  = 4                                         {product} {ergonomic}
   size_t G1HeapRegionSize                         = 1048576                                   {product} {ergonomic}
    uintx GCDrainStackTargetSize                   = 64                                        {product} {ergonomic}
   size_t InitialHeapSize                          = 67108864                                  {product} {command line}
   size_t MarkStackSize                            = 4194304                                   {product} {ergonomic}
   size_t MaxHeapSize                              = 67108864                                  {product} {command line}
   size_t MaxNewSize                               = 39845888                                  {product} {ergonomic}
   size_t MinHeapDeltaBytes                        = 1048576                                   {product} {ergonomic}
    uintx NonNMethodCodeHeapSize                   = 5830732                                {pd product} {ergonomic}
    uintx NonProfiledCodeHeapSize                  = 122913754                              {pd product} {ergonomic}
    uintx ProfiledCodeHeapSize                     = 122913754                              {pd product} {ergonomic}
    uintx ReservedCodeCacheSize                    = 251658240                              {pd product} {ergonomic}
     bool SegmentedCodeCache                       = true                                      {product} {ergonomic}
     bool UseCompressedClassPointers               = true                                 {lp64_product} {ergonomic}
     bool UseCompressedOops                        = true                                 {lp64_product} {ergonomic}
     bool UseG1GC                                  = true                                      {product} {ergonomic}
     bool UseLargePagesIndividualAllocation        = false                                  {pd product} {ergonomic}

Logging:
Log output configuration:
 #0: stdout all=warning uptime,level,tags
 #1: stderr all=off uptime,level,tags

Environment Variables:
JAVA_HOME=C:\Program Files\Java\jdk-11.0.18+10
CLASSPATH=C:\source\repos\C.A.P\client\android\\gradle\wrapper\gradle-wrapper.jar
PATH=C:\source\repos\C.A.P\client\android\node_modules\.bin;C:\source\repos\C.A.P\client\node_modules\.bin;C:\source\repos\C.A.P\node_modules\.bin;C:\source\repos\node_modules\.bin;C:\source\node_modules\.bin;C:\node_modules\.bin;C:\Program Files\nodejs;C:\source\repos\C.A.P\client\node_modules\.bin;C:\source\repos\C.A.P\node_modules\.bin;C:\source\repos\node_modules\.bin;C:\source\node_modules\.bin;C:\node_modules\.bin;C:\Program Files\nodejs\node_modules\npm\node_modules\@npmcli\run-script\lib\node-gyp-bin;C:\Program Files\Eclipse Adoptium\jdk-11.0.18.10-hotspot\bin;C:\Program Files\Common Files\Oracle\Java\javapath;C:\WINDOWS\system32;C:\WINDOWS;C:\WINDOWS\System32\Wbem;C:\WINDOWS\System32\WindowsPowerShell\v1.0\;C:\Program Files\dotnet\;C:\WINDOWS\System32\OpenSSH\;C:\Program Files\Git\cmd;C:\Program Files\Microsoft SQL Server\Client SDK\ODBC\170\Tools\Binn\;C:\Windows\Microsoft.NET\Framework64\v4.0.30319;C:\Windows\Microsoft.NET\Framework64\v4.0.30319;C:\Program Files\MySQL\MySQL Server 8.0\bin;C:\ProgramData\chocolatey\bin;C:\Program Files\nodejs\;C:\Program Files (x86)\Yarn\bin\;C:\platform-tools\;C:\Program Files\Azure Data Studio\bin;C:\Program Files (x86)\Microsoft SQL Server\160\DTS\Binn\;C:\Program Files (x86)\Microsoft SQL Server\160\Tools\Binn\;C:\Program Files\Microsoft SQL Server\160\Tools\Binn\;C:\Program Files\Microsoft SQL Server\160\DTS\Binn\;C:\Program Files\MySQL\MySQL Shell 8.0\bin\;C:\Users\almeida\AppData\Local\Microsoft\WindowsApps;C:\Users\THALIS NATHAN\AppData\Roaming\npm;C:\Users\THALIS NATHAN\AppData\Local\Programs\Microsoft VS Code\bin;C:\Users\THALIS NATHAN\AppData\Local\GitHubDesktop\bin;C:\Users\almeida\.dotnet\tools;C:\Users\almeida\AppData\Local\GitHubDesktop\bin;C:\Users\almeida\AppData\Local\Android\Sdk\emulador;C:\Users\almeida\AppData\Local\Android\Sdk\tools;C:\Users\almeida\AppData\Local\Android\Sdk\tools\bin;C:\Users\almeida\AppData\Local\Android\Sdk\platform-tools;C:\Users\almeida\AppData\Local\Yarn\bin;C:\Users\almeida\AppDat
USERNAME=THALIS
OS=Windows_NT
PROCESSOR_IDENTIFIER=Intel64 Family 6 Model 42 Stepping 7, GenuineIntel
TMP=C:\Users\almeida\AppData\Local\Temp
TEMP=C:\Users\almeida\AppData\Local\Temp



---------------  S Y S T E M  ---------------

OS: Windows 10 , 64 bit Build 19041 (10.0.19041.2913)
OS uptime: 0 days 0:54 hours

CPU:total 4 (initial active 4) (2 cores per cpu, 2 threads per core) family 6 model 42 stepping 7 microcode 0x2f, cmov, cx8, fxsr, mmx, sse, sse2, sse3, ssse3, sse4.1, sse4.2, popcnt, avx, aes, clmul, ht, tsc, tscinvbit

Memory: 4k page, system-wide physical 4003M (334M free)
TotalPageFile size 6051M (AvailPageFile size 15M)
current process WorkingSet (physical memory assigned to process): 75M, peak: 75M
current process commit charge ("private bytes"): 151M, peak: 151M

vm_info: OpenJDK 64-Bit Server VM (11.0.18+10-LTS) for windows-amd64 JRE (11.0.18+10-LTS), built on Jan 18 2023 15:56:47 by "MicrosoftCorporation" with MS VC++ 15.9 (VS2017)

END.
