#
# There is insufficient memory for the Java Runtime Environment to continue.
# Native memory allocation (malloc) failed to allocate 2118256 bytes for Chunk::new
# Possible reasons:
#   The system is out of physical RAM or swap space
#   The process is running with CompressedOops enabled, and the Java Heap may be blocking the growth of the native heap
# Possible solutions:
#   Reduce memory load on the system
#   Increase physical memory or swap space
#   Check if swap backing store is full
#   Decrease Java heap size (-Xmx/-Xms)
#   Decrease number of Java threads
#   Decrease Java thread stack sizes (-Xss)
#   Set larger code cache with -XX:ReservedCodeCacheSize=
#   JVM is running with Unscaled Compressed Oops mode in which the Java heap is
#     placed in the first 4GB address space. The Java Heap base address is the
#     maximum limit for the native heap growth. Please use -XX:HeapBaseMinAddress
#     to set the Java Heap base and to place the Java Heap above 4GB virtual address.
# This output file may be truncated or incomplete.
#
#  Out of Memory Error (./src/hotspot/share/memory/arena.cpp:197), pid=13212, tid=12564
#
# JRE version: OpenJDK Runtime Environment Microsoft-7208460 (11.0.18+10) (build 11.0.18+10-LTS)
# Java VM: OpenJDK 64-Bit Server VM Microsoft-7208460 (11.0.18+10-LTS, mixed mode, tiered, compressed oops, g1 gc, windows-amd64)
# No core dump will be written. Minidumps are not enabled by default on client versions of Windows
#

---------------  S U M M A R Y ------------

Command Line: -XX:MaxMetaspaceSize=512m --add-opens=java.base/java.util=ALL-UNNAMED --add-opens=java.base/java.lang=ALL-UNNAMED --add-opens=java.base/java.lang.invoke=ALL-UNNAMED --add-opens=java.base/java.util=ALL-UNNAMED --add-opens=java.prefs/java.util.prefs=ALL-UNNAMED --add-opens=java.prefs/java.util.prefs=ALL-UNNAMED --add-opens=java.base/java.nio.charset=ALL-UNNAMED --add-opens=java.base/java.net=ALL-UNNAMED --add-opens=java.base/java.util.concurrent.atomic=ALL-UNNAMED -Xmx2048m -Dfile.encoding=windows-1252 -Duser.country=BR -Duser.language=pt -Duser.variant org.gradle.launcher.daemon.bootstrap.GradleDaemon 7.5.1

Host: Intel(R) Core(TM) i5-2450M CPU @ 2.50GHz, 4 cores, 3G,  Windows 10 , 64 bit Build 19041 (10.0.19041.2913)
Time: Fri Jun 23 21:36:43 2023 Hora oficial do Brasil elapsed time: 265.806090 seconds (0d 0h 4m 25s)

---------------  T H R E A D  ---------------

Current thread (0x000002b400806800):  JavaThread "C2 CompilerThread1" daemon [_thread_in_native, id=12564, stack(0x000000e8e7f00000,0x000000e8e8000000)]


Current CompileTask:
C2: 265806 16007       4       org.gradle.api.internal.artifacts.ivyservice.resolveengine.artifact.DefaultArtifactSet::asTransformed (40 bytes)

Stack: [0x000000e8e7f00000,0x000000e8e8000000]
Native frames: (J=compiled Java code, j=interpreted, Vv=VM code, C=native code)
V  [jvm.dll+0x62bf8a]
V  [jvm.dll+0x7b8fb9]
V  [jvm.dll+0x7ba6a8]
V  [jvm.dll+0x7bad83]
V  [jvm.dll+0x250248]
V  [jvm.dll+0xc260c]
V  [jvm.dll+0xc2bcc]
V  [jvm.dll+0x35e1c7]
V  [jvm.dll+0x32a373]
V  [jvm.dll+0x3296aa]
V  [jvm.dll+0x2093b3]
V  [jvm.dll+0x20850d]
V  [jvm.dll+0x18a4b1]
V  [jvm.dll+0x217eec]
V  [jvm.dll+0x21612b]
V  [jvm.dll+0x77bac0]
V  [jvm.dll+0x7749f4]
V  [jvm.dll+0x62adf5]
C  [ucrtbase.dll+0x21bb2]
C  [KERNEL32.DLL+0x17614]
C  [ntdll.dll+0x526a1]


---------------  P R O C E S S  ---------------

Threads class SMR info:
_java_thread_list=0x000002b407adb500, length=89, elements={
0x000002b45cbe2800, 0x000002b47bc03000, 0x000002b47bc0c800, 0x000002b47bc64000,
0x000002b47bc66000, 0x000002b47bc67000, 0x000002b47bc6f800, 0x000002b47bc79000,
0x000002b47bc7a000, 0x000002b47bef1000, 0x000002b47de44000, 0x000002b47c39b800,
0x000002b47cf34800, 0x000002b47cdac800, 0x000002b47e064800, 0x000002b47d400000,
0x000002b47d400800, 0x000002b47df82800, 0x000002b47df83000, 0x000002b47c3b1800,
0x000002b47cc93800, 0x000002b47cc94800, 0x000002b47cc95000, 0x000002b47cc96000,
0x000002b47cc97000, 0x000002b47cc91000, 0x000002b47cc97800, 0x000002b47cc92000,
0x000002b47cc92800, 0x000002b47ce2e000, 0x000002b47ce32000, 0x000002b47ce2f800,
0x000002b47ce2d000, 0x000002b47ce31000, 0x000002b47ce30000, 0x000002b47ce33800,
0x000002b47ce34800, 0x000002b47ce2e800, 0x000002b47ce3a000, 0x000002b47ce38800,
0x000002b47ce36000, 0x000002b47ce3b000, 0x000002b47ce37000, 0x000002b47ce37800,
0x000002b47ce35000, 0x000002b47ce39000, 0x000002b47ce3b800, 0x000002b400d37800,
0x000002b400d36800, 0x000002b400d35000, 0x000002b400d33000, 0x000002b400d34000,
0x000002b400d38000, 0x000002b400d35800, 0x000002b400d32800, 0x000002b400d3e000,
0x000002b400d3b800, 0x000002b400d3c000, 0x000002b400d3d000, 0x000002b400d3a800,
0x000002b400d39000, 0x000002b400d3e800, 0x000002b400d3f800, 0x000002b400d3a000,
0x000002b400d41000, 0x000002b400d40800, 0x000002b400d21000, 0x000002b400d20000,
0x000002b400d22800, 0x000002b400d22000, 0x000002b400d1f800, 0x000002b400d23800,
0x000002b400d26800, 0x000002b400d27800, 0x000002b400d24800, 0x000002b400d28800,
0x000002b400d2b000, 0x000002b400d2a000, 0x000002b400d25000, 0x000002b400d2e000,
0x000002b400d2b800, 0x000002b400d2c800, 0x000002b400d2d800, 0x000002b400d29000,
0x000002b47d911000, 0x000002b47d912000, 0x000002b47d90f800, 0x000002b400806800,
0x000002b47d90d000
}

Java Threads: ( => current thread )
  0x000002b45cbe2800 JavaThread "main" [_thread_blocked, id=12292, stack(0x000000e8e2d00000,0x000000e8e2e00000)]
  0x000002b47bc03000 JavaThread "Reference Handler" daemon [_thread_blocked, id=1496, stack(0x000000e8e3400000,0x000000e8e3500000)]
  0x000002b47bc0c800 JavaThread "Finalizer" daemon [_thread_blocked, id=10372, stack(0x000000e8e3500000,0x000000e8e3600000)]
  0x000002b47bc64000 JavaThread "Signal Dispatcher" daemon [_thread_blocked, id=10980, stack(0x000000e8e3600000,0x000000e8e3700000)]
  0x000002b47bc66000 JavaThread "Attach Listener" daemon [_thread_blocked, id=32, stack(0x000000e8e3700000,0x000000e8e3800000)]
  0x000002b47bc67000 JavaThread "Service Thread" daemon [_thread_blocked, id=12396, stack(0x000000e8e3800000,0x000000e8e3900000)]
  0x000002b47bc6f800 JavaThread "C2 CompilerThread0" daemon [_thread_in_native, id=4868, stack(0x000000e8e3900000,0x000000e8e3a00000)]
  0x000002b47bc79000 JavaThread "C1 CompilerThread0" daemon [_thread_blocked, id=4624, stack(0x000000e8e3a00000,0x000000e8e3b00000)]
  0x000002b47bc7a000 JavaThread "Sweeper thread" daemon [_thread_blocked, id=3088, stack(0x000000e8e3b00000,0x000000e8e3c00000)]
  0x000002b47bef1000 JavaThread "Common-Cleaner" daemon [_thread_blocked, id=3388, stack(0x000000e8e3c00000,0x000000e8e3d00000)]
  0x000002b47de44000 JavaThread "Daemon health stats" [_thread_blocked, id=4772, stack(0x000000e8e4000000,0x000000e8e4100000)]
  0x000002b47c39b800 JavaThread "Incoming local TCP Connector on port 54639" [_thread_in_native, id=12464, stack(0x000000e8e3e00000,0x000000e8e3f00000)]
  0x000002b47cf34800 JavaThread "Daemon periodic checks" [_thread_blocked, id=12760, stack(0x000000e8e4300000,0x000000e8e4400000)]
  0x000002b47cdac800 JavaThread "Daemon" [_thread_blocked, id=8528, stack(0x000000e8e4400000,0x000000e8e4500000)]
  0x000002b47e064800 JavaThread "Handler for socket connection from /127.0.0.1:54639 to /127.0.0.1:54640" [_thread_in_native, id=2260, stack(0x000000e8e4500000,0x000000e8e4600000)]
  0x000002b47d400000 JavaThread "Cancel handler" [_thread_blocked, id=12848, stack(0x000000e8e4600000,0x000000e8e4700000)]
  0x000002b47d400800 JavaThread "Daemon worker" [_thread_blocked, id=13160, stack(0x000000e8e4700000,0x000000e8e4800000)]
  0x000002b47df82800 JavaThread "Asynchronous log dispatcher for DefaultDaemonConnection: socket connection from /127.0.0.1:54639 to /127.0.0.1:54640" [_thread_blocked, id=6692, stack(0x000000e8e4800000,0x000000e8e4900000)]
  0x000002b47df83000 JavaThread "Stdin handler" [_thread_blocked, id=1824, stack(0x000000e8e4900000,0x000000e8e4a00000)]
  0x000002b47c3b1800 JavaThread "Daemon client event forwarder" [_thread_blocked, id=2120, stack(0x000000e8e4a00000,0x000000e8e4b00000)]
  0x000002b47cc93800 JavaThread "Cache worker for journal cache (C:\Users\almeida\.gradle\caches\journal-1)" [_thread_blocked, id=12744, stack(0x000000e8e4b00000,0x000000e8e4c00000)]
  0x000002b47cc94800 JavaThread "File lock request listener" [_thread_in_native, id=2292, stack(0x000000e8e4c00000,0x000000e8e4d00000)]
  0x000002b47cc95000 JavaThread "Cache worker for file hash cache (C:\Users\almeida\.gradle\caches\7.5.1\fileHashes)" [_thread_blocked, id=2948, stack(0x000000e8e4d00000,0x000000e8e4e00000)]
  0x000002b47cc96000 JavaThread "File watcher server" daemon [_thread_in_native, id=4836, stack(0x000000e8e4f00000,0x000000e8e5000000)]
  0x000002b47cc97000 JavaThread "File watcher consumer" daemon [_thread_blocked, id=6860, stack(0x000000e8e5000000,0x000000e8e5100000)]
  0x000002b47cc91000 JavaThread "Cache worker for checksums cache (C:\source\repos\C.A.P\client\android\.gradle\7.5.1\checksums)" [_thread_blocked, id=12740, stack(0x000000e8e4e00000,0x000000e8e4f00000)]
  0x000002b47cc97800 JavaThread "Cache worker for cache directory md-rule (C:\Users\almeida\.gradle\caches\7.5.1\md-rule)" [_thread_blocked, id=12924, stack(0x000000e8e5100000,0x000000e8e5200000)]
  0x000002b47cc92000 JavaThread "Cache worker for file content cache (C:\Users\almeida\.gradle\caches\7.5.1\fileContent)" [_thread_blocked, id=2768, stack(0x000000e8e5200000,0x000000e8e5300000)]
  0x000002b47cc92800 JavaThread "Cache worker for file hash cache (C:\source\repos\C.A.P\client\android\.gradle\7.5.1\fileHashes)" [_thread_blocked, id=1428, stack(0x000000e8e5600000,0x000000e8e5700000)]
  0x000002b47ce2e000 JavaThread "Cache worker for cache directory md-supplier (C:\Users\almeida\.gradle\caches\7.5.1\md-supplier)" [_thread_blocked, id=10944, stack(0x000000e8e5700000,0x000000e8e5800000)]
  0x000002b47ce32000 JavaThread "Cache worker for execution history cache (C:\Users\almeida\.gradle\caches\7.5.1\executionHistory)" [_thread_blocked, id=4752, stack(0x000000e8e5300000,0x000000e8e5400000)]
  0x000002b47ce2f800 JavaThread "jar transforms" [_thread_blocked, id=6904, stack(0x000000e8e5900000,0x000000e8e5a00000)]
  0x000002b47ce2d000 JavaThread "jar transforms Thread 2" [_thread_blocked, id=4636, stack(0x000000e8e5a00000,0x000000e8e5b00000)]
  0x000002b47ce31000 JavaThread "jar transforms Thread 3" [_thread_blocked, id=2672, stack(0x000000e8e5800000,0x000000e8e5900000)]
  0x000002b47ce30000 JavaThread "jar transforms Thread 4" [_thread_blocked, id=9888, stack(0x000000e8e5b00000,0x000000e8e5c00000)]
  0x000002b47ce33800 JavaThread "Cache worker for kotlin-dsl (C:\Users\almeida\.gradle\caches\7.5.1\kotlin-dsl)" [_thread_blocked, id=2032, stack(0x000000e8e2b00000,0x000000e8e2c00000)]
  0x000002b47ce34800 JavaThread "Cache worker for dependencies-accessors (C:\source\repos\C.A.P\client\android\.gradle\7.5.1\dependencies-accessors)" [_thread_blocked, id=2132, stack(0x000000e8e2c00000,0x000000e8e2d00000)]
  0x000002b47ce2e800 JavaThread "Cache worker for Build Output Cleanup Cache (C:\source\repos\C.A.P\client\node_modules\react-native-gradle-plugin\.gradle\buildOutputCleanup)" [_thread_blocked, id=10468, stack(0x000000e8e2a00000,0x000000e8e2b00000)]
  0x000002b47ce3a000 JavaThread "Unconstrained build operations" [_thread_blocked, id=4140, stack(0x000000e8e5d00000,0x000000e8e5e00000)]
  0x000002b47ce38800 JavaThread "Unconstrained build operations Thread 2" [_thread_blocked, id=3604, stack(0x000000e8e5e00000,0x000000e8e5f00000)]
  0x000002b47ce36000 JavaThread "Unconstrained build operations Thread 3" [_thread_blocked, id=992, stack(0x000000e8e5f00000,0x000000e8e6000000)]
  0x000002b47ce3b000 JavaThread "Unconstrained build operations Thread 4" [_thread_blocked, id=1100, stack(0x000000e8e6000000,0x000000e8e6100000)]
  0x000002b47ce37000 JavaThread "Unconstrained build operations Thread 5" [_thread_blocked, id=1392, stack(0x000000e8e6100000,0x000000e8e6200000)]
  0x000002b47ce37800 JavaThread "Unconstrained build operations Thread 6" [_thread_blocked, id=7856, stack(0x000000e8e6200000,0x000000e8e6300000)]
  0x000002b47ce35000 JavaThread "Unconstrained build operations Thread 7" [_thread_blocked, id=7664, stack(0x000000e8e6300000,0x000000e8e6400000)]
  0x000002b47ce39000 JavaThread "Unconstrained build operations Thread 8" [_thread_blocked, id=8804, stack(0x000000e8e6400000,0x000000e8e6500000)]
  0x000002b47ce3b800 JavaThread "Unconstrained build operations Thread 9" [_thread_blocked, id=7352, stack(0x000000e8e6500000,0x000000e8e6600000)]
  0x000002b400d37800 JavaThread "Unconstrained build operations Thread 10" [_thread_blocked, id=388, stack(0x000000e8e6600000,0x000000e8e6700000)]
  0x000002b400d36800 JavaThread "Unconstrained build operations Thread 11" [_thread_blocked, id=7632, stack(0x000000e8e6700000,0x000000e8e6800000)]
  0x000002b400d35000 JavaThread "Unconstrained build operations Thread 12" [_thread_blocked, id=11368, stack(0x000000e8e6800000,0x000000e8e6900000)]
  0x000002b400d33000 JavaThread "Unconstrained build operations Thread 13" [_thread_blocked, id=4448, stack(0x000000e8e6900000,0x000000e8e6a00000)]
  0x000002b400d34000 JavaThread "Unconstrained build operations Thread 14" [_thread_blocked, id=9736, stack(0x000000e8e6a00000,0x000000e8e6b00000)]
  0x000002b400d38000 JavaThread "Unconstrained build operations Thread 15" [_thread_blocked, id=6232, stack(0x000000e8e6b00000,0x000000e8e6c00000)]
  0x000002b400d35800 JavaThread "Unconstrained build operations Thread 16" [_thread_blocked, id=2108, stack(0x000000e8e6c00000,0x000000e8e6d00000)]
  0x000002b400d32800 JavaThread "Unconstrained build operations Thread 17" [_thread_blocked, id=1104, stack(0x000000e8e6d00000,0x000000e8e6e00000)]
  0x000002b400d3e000 JavaThread "Unconstrained build operations Thread 18" [_thread_blocked, id=13036, stack(0x000000e8e6e00000,0x000000e8e6f00000)]
  0x000002b400d3b800 JavaThread "Unconstrained build operations Thread 19" [_thread_blocked, id=6132, stack(0x000000e8e6f00000,0x000000e8e7000000)]
  0x000002b400d3c000 JavaThread "Unconstrained build operations Thread 20" [_thread_blocked, id=7756, stack(0x000000e8e7000000,0x000000e8e7100000)]
  0x000002b400d3d000 JavaThread "Unconstrained build operations Thread 21" [_thread_blocked, id=2776, stack(0x000000e8e7100000,0x000000e8e7200000)]
  0x000002b400d3a800 JavaThread "Unconstrained build operations Thread 22" [_thread_blocked, id=8788, stack(0x000000e8e7200000,0x000000e8e7300000)]
  0x000002b400d39000 JavaThread "Unconstrained build operations Thread 23" [_thread_blocked, id=4476, stack(0x000000e8e7300000,0x000000e8e7400000)]
  0x000002b400d3e800 JavaThread "Unconstrained build operations Thread 24" [_thread_blocked, id=3048, stack(0x000000e8e7400000,0x000000e8e7500000)]
  0x000002b400d3f800 JavaThread "Unconstrained build operations Thread 25" [_thread_blocked, id=6824, stack(0x000000e8e7500000,0x000000e8e7600000)]
  0x000002b400d3a000 JavaThread "Unconstrained build operations Thread 26" [_thread_blocked, id=4788, stack(0x000000e8e7600000,0x000000e8e7700000)]
  0x000002b400d41000 JavaThread "Unconstrained build operations Thread 27" [_thread_blocked, id=11416, stack(0x000000e8e7700000,0x000000e8e7800000)]
  0x000002b400d40800 JavaThread "Unconstrained build operations Thread 28" [_thread_blocked, id=5308, stack(0x000000e8e7800000,0x000000e8e7900000)]
  0x000002b400d21000 JavaThread "Unconstrained build operations Thread 29" [_thread_blocked, id=12724, stack(0x000000e8e7900000,0x000000e8e7a00000)]
  0x000002b400d20000 JavaThread "Unconstrained build operations Thread 30" [_thread_blocked, id=6836, stack(0x000000e8e7a00000,0x000000e8e7b00000)]
  0x000002b400d22800 JavaThread "Unconstrained build operations Thread 31" [_thread_blocked, id=6400, stack(0x000000e8e7b00000,0x000000e8e7c00000)]
  0x000002b400d22000 JavaThread "Unconstrained build operations Thread 32" [_thread_blocked, id=9588, stack(0x000000e8e7c00000,0x000000e8e7d00000)]
  0x000002b400d1f800 JavaThread "Unconstrained build operations Thread 33" [_thread_blocked, id=12456, stack(0x000000e8e7d00000,0x000000e8e7e00000)]
  0x000002b400d23800 JavaThread "build event listener" [_thread_blocked, id=9408, stack(0x000000e8e5c00000,0x000000e8e5d00000)]
  0x000002b400d26800 JavaThread "Memory manager" [_thread_blocked, id=10836, stack(0x000000e8e7e00000,0x000000e8e7f00000)]
  0x000002b400d27800 JavaThread "Cache worker for Build Output Cleanup Cache (C:\source\repos\C.A.P\client\android\.gradle\buildOutputCleanup)" [_thread_blocked, id=5064, stack(0x000000e8e8000000,0x000000e8e8100000)]
  0x000002b400d24800 JavaThread "Execution worker" [_thread_in_vm, id=4736, stack(0x000000e8e8100000,0x000000e8e8200000)]
  0x000002b400d28800 JavaThread "Execution worker Thread 2" [_thread_blocked, id=9644, stack(0x000000e8e8200000,0x000000e8e8300000)]
  0x000002b400d2b000 JavaThread "Execution worker Thread 3" [_thread_blocked, id=3352, stack(0x000000e8e8300000,0x000000e8e8400000)]
  0x000002b400d2a000 JavaThread "Cache worker for execution history cache (C:\source\repos\C.A.P\client\node_modules\react-native-gradle-plugin\.gradle\7.5.1\executionHistory)" [_thread_blocked, id=13016, stack(0x000000e8e8400000,0x000000e8e8500000)]
  0x000002b400d25000 JavaThread "Unconstrained build operations Thread 34" [_thread_blocked, id=7152, stack(0x000000e8e8500000,0x000000e8e8600000)]
  0x000002b400d2e000 JavaThread "Unconstrained build operations Thread 35" [_thread_blocked, id=6148, stack(0x000000e8e8600000,0x000000e8e8700000)]
  0x000002b400d2b800 JavaThread "Unconstrained build operations Thread 36" [_thread_blocked, id=756, stack(0x000000e8e8700000,0x000000e8e8800000)]
  0x000002b400d2c800 JavaThread "Unconstrained build operations Thread 37" [_thread_blocked, id=12316, stack(0x000000e8e8800000,0x000000e8e8900000)]
  0x000002b400d2d800 JavaThread "Unconstrained build operations Thread 38" [_thread_blocked, id=12308, stack(0x000000e8e8900000,0x000000e8e8a00000)]
  0x000002b400d29000 JavaThread "Unconstrained build operations Thread 39" [_thread_blocked, id=11140, stack(0x000000e8e8a00000,0x000000e8e8b00000)]
  0x000002b47d911000 JavaThread "Unconstrained build operations Thread 40" [_thread_blocked, id=10064, stack(0x000000e8e8b00000,0x000000e8e8c00000)]
  0x000002b47d912000 JavaThread "build event listener" [_thread_blocked, id=13308, stack(0x000000e8e8c00000,0x000000e8e8d00000)]
  0x000002b47d90f800 JavaThread "included builds Thread 2" [_thread_blocked, id=9032, stack(0x000000e8e9000000,0x000000e8e9100000)]
=>0x000002b400806800 JavaThread "C2 CompilerThread1" daemon [_thread_in_native, id=12564, stack(0x000000e8e7f00000,0x000000e8e8000000)]
  0x000002b47d90d000 JavaThread "Cache worker for execution history cache (C:\source\repos\C.A.P\client\android\.gradle\7.5.1\executionHistory)" [_thread_blocked, id=9688, stack(0x000000e8e9100000,0x000000e8e9200000)]

Other Threads:
  0x000002b47bc01000 VMThread "VM Thread" [stack: 0x000000e8e3300000,0x000000e8e3400000] [id=216]
  0x000002b47bf0f000 WatcherThread [stack: 0x000000e8e3d00000,0x000000e8e3e00000] [id=12424]
  0x000002b45cbfc000 GCTaskThread "GC Thread#0" [stack: 0x000000e8e2e00000,0x000000e8e2f00000] [id=7192]
  0x000002b47c066000 GCTaskThread "GC Thread#1" [stack: 0x000000e8e3f00000,0x000000e8e4000000] [id=7308]
  0x000002b47eab9800 GCTaskThread "GC Thread#2" [stack: 0x000000e8e4100000,0x000000e8e4200000] [id=8132]
  0x000002b47e088000 GCTaskThread "GC Thread#3" [stack: 0x000000e8e4200000,0x000000e8e4300000] [id=13204]
  0x000002b45cc2d000 ConcurrentGCThread "G1 Main Marker" [stack: 0x000000e8e2f00000,0x000000e8e3000000] [id=2864]
  0x000002b45cc2e800 ConcurrentGCThread "G1 Conc#0" [stack: 0x000000e8e3000000,0x000000e8e3100000] [id=1008]
  0x000002b45cc8c000 ConcurrentGCThread "G1 Refine#0" [stack: 0x000000e8e3100000,0x000000e8e3200000] [id=2680]
  0x000002b45cc8d000 ConcurrentGCThread "G1 Young RemSet Sampling" [stack: 0x000000e8e3200000,0x000000e8e3300000] [id=4396]

Threads with active compile tasks:
C2 CompilerThread0   266279 16006       4       org.gradle.api.internal.artifacts.transform.DefaultTransformedVariantFactory::locateOrCreate (150 bytes)
C2 CompilerThread1   266279 16007       4       org.gradle.api.internal.artifacts.ivyservice.resolveengine.artifact.DefaultArtifactSet::asTransformed (40 bytes)

VM state:not at safepoint (normal execution)

VM Mutex/Monitor currently owned by a thread: None

Heap address: 0x0000000080000000, size: 2048 MB, Compressed Oops mode: 32-bit
Narrow klass base: 0x0000000000000000, Narrow klass shift: 3
Compressed class space size: 528482304 Address: 0x0000000100000000

Heap:
 garbage-first heap   total 287744K, used 216704K [0x0000000080000000, 0x0000000100000000)
  region size 1024K, 13 young (13312K), 2 survivors (2048K)
 Metaspace       used 113289K, capacity 117685K, committed 117968K, reserved 618496K
  class space    used 14710K, capacity 16400K, committed 16512K, reserved 516096K
Heap Regions: E=young(eden), S=young(survivor), O=old, HS=humongous(starts), HC=humongous(continues), CS=collection set, F=free, A=archive, TAMS=top-at-mark-start (previous, next)
|   0|0x0000000080000000, 0x0000000080100000, 0x0000000080100000|100%|HS|  |TAMS 0x0000000080100000, 0x0000000080000000| Complete 
|   1|0x0000000080100000, 0x0000000080200000, 0x0000000080200000|100%|HC|  |TAMS 0x0000000080200000, 0x0000000080100000| Complete 
|   2|0x0000000080200000, 0x0000000080300000, 0x0000000080300000|100%|HC|  |TAMS 0x0000000080300000, 0x0000000080200000| Complete 
|   3|0x0000000080300000, 0x0000000080400000, 0x0000000080400000|100%| O|  |TAMS 0x0000000080400000, 0x0000000080300000| Untracked 
|   4|0x0000000080400000, 0x0000000080500000, 0x0000000080500000|100%| O|  |TAMS 0x0000000080500000, 0x0000000080400000| Untracked 
|   5|0x0000000080500000, 0x0000000080600000, 0x0000000080600000|100%| O|  |TAMS 0x0000000080600000, 0x0000000080500000| Untracked 
|   6|0x0000000080600000, 0x0000000080700000, 0x0000000080700000|100%| O|  |TAMS 0x0000000080700000, 0x0000000080600000| Untracked 
|   7|0x0000000080700000, 0x0000000080800000, 0x0000000080800000|100%| O|  |TAMS 0x0000000080800000, 0x0000000080700000| Untracked 
|   8|0x0000000080800000, 0x0000000080900000, 0x0000000080900000|100%| O|  |TAMS 0x0000000080900000, 0x0000000080800000| Untracked 
|   9|0x0000000080900000, 0x0000000080a00000, 0x0000000080a00000|100%| O|  |TAMS 0x0000000080a00000, 0x0000000080900000| Untracked 
|  10|0x0000000080a00000, 0x0000000080b00000, 0x0000000080b00000|100%| O|  |TAMS 0x0000000080b00000, 0x0000000080a00000| Untracked 
|  11|0x0000000080b00000, 0x0000000080c00000, 0x0000000080c00000|100%| O|  |TAMS 0x0000000080c00000, 0x0000000080b00000| Untracked 
|  12|0x0000000080c00000, 0x0000000080d00000, 0x0000000080d00000|100%| O|  |TAMS 0x0000000080d00000, 0x0000000080c00000| Untracked 
|  13|0x0000000080d00000, 0x0000000080e00000, 0x0000000080e00000|100%| O|  |TAMS 0x0000000080e00000, 0x0000000080d00000| Untracked 
|  14|0x0000000080e00000, 0x0000000080f00000, 0x0000000080f00000|100%| O|  |TAMS 0x0000000080f00000, 0x0000000080e00000| Untracked 
|  15|0x0000000080f00000, 0x0000000081000000, 0x0000000081000000|100%| O|  |TAMS 0x0000000081000000, 0x0000000080f00000| Untracked 
|  16|0x0000000081000000, 0x0000000081100000, 0x0000000081100000|100%| O|  |TAMS 0x0000000081100000, 0x0000000081000000| Untracked 
|  17|0x0000000081100000, 0x0000000081200000, 0x0000000081200000|100%| O|  |TAMS 0x0000000081200000, 0x0000000081100000| Untracked 
|  18|0x0000000081200000, 0x0000000081300000, 0x0000000081300000|100%| O|  |TAMS 0x0000000081300000, 0x0000000081200000| Untracked 
|  19|0x0000000081300000, 0x0000000081400000, 0x0000000081400000|100%| O|  |TAMS 0x0000000081400000, 0x0000000081300000| Untracked 
|  20|0x0000000081400000, 0x0000000081500000, 0x0000000081500000|100%| O|  |TAMS 0x0000000081500000, 0x0000000081400000| Untracked 
|  21|0x0000000081500000, 0x0000000081600000, 0x0000000081600000|100%| O|  |TAMS 0x0000000081600000, 0x0000000081500000| Untracked 
|  22|0x0000000081600000, 0x0000000081700000, 0x0000000081700000|100%| O|  |TAMS 0x0000000081700000, 0x0000000081600000| Untracked 
|  23|0x0000000081700000, 0x0000000081800000, 0x0000000081800000|100%| O|  |TAMS 0x0000000081800000, 0x0000000081700000| Untracked 
|  24|0x0000000081800000, 0x0000000081900000, 0x0000000081900000|100%| O|  |TAMS 0x0000000081900000, 0x0000000081800000| Untracked 
|  25|0x0000000081900000, 0x0000000081a00000, 0x0000000081a00000|100%| O|  |TAMS 0x0000000081a00000, 0x0000000081900000| Untracked 
|  26|0x0000000081a00000, 0x0000000081b00000, 0x0000000081b00000|100%| O|  |TAMS 0x0000000081b00000, 0x0000000081a00000| Untracked 
|  27|0x0000000081b00000, 0x0000000081c00000, 0x0000000081c00000|100%| O|  |TAMS 0x0000000081c00000, 0x0000000081b00000| Untracked 
|  28|0x0000000081c00000, 0x0000000081d00000, 0x0000000081d00000|100%| O|  |TAMS 0x0000000081d00000, 0x0000000081c00000| Untracked 
|  29|0x0000000081d00000, 0x0000000081e00000, 0x0000000081e00000|100%| O|  |TAMS 0x0000000081e00000, 0x0000000081d00000| Untracked 
|  30|0x0000000081e00000, 0x0000000081f00000, 0x0000000081f00000|100%| O|  |TAMS 0x0000000081f00000, 0x0000000081e00000| Untracked 
|  31|0x0000000081f00000, 0x0000000082000000, 0x0000000082000000|100%| O|  |TAMS 0x0000000082000000, 0x0000000081f00000| Untracked 
|  32|0x0000000082000000, 0x0000000082100000, 0x0000000082100000|100%| O|  |TAMS 0x0000000082100000, 0x0000000082000000| Untracked 
|  33|0x0000000082100000, 0x0000000082200000, 0x0000000082200000|100%| O|  |TAMS 0x0000000082200000, 0x0000000082100000| Untracked 
|  34|0x0000000082200000, 0x0000000082300000, 0x0000000082300000|100%|HS|  |TAMS 0x0000000082300000, 0x0000000082200000| Complete 
|  35|0x0000000082300000, 0x0000000082400000, 0x0000000082400000|100%|HS|  |TAMS 0x0000000082400000, 0x0000000082300000| Complete 
|  36|0x0000000082400000, 0x0000000082500000, 0x0000000082500000|100%|HC|  |TAMS 0x0000000082500000, 0x0000000082400000| Complete 
|  37|0x0000000082500000, 0x0000000082600000, 0x0000000082600000|100%|HC|  |TAMS 0x0000000082600000, 0x0000000082500000| Complete 
|  38|0x0000000082600000, 0x0000000082700000, 0x0000000082700000|100%| O|  |TAMS 0x0000000082700000, 0x0000000082600000| Untracked 
|  39|0x0000000082700000, 0x0000000082800000, 0x0000000082800000|100%| O|  |TAMS 0x0000000082800000, 0x0000000082700000| Untracked 
|  40|0x0000000082800000, 0x0000000082900000, 0x0000000082900000|100%| O|  |TAMS 0x0000000082900000, 0x0000000082800000| Untracked 
|  41|0x0000000082900000, 0x0000000082a00000, 0x0000000082a00000|100%| O|  |TAMS 0x0000000082a00000, 0x0000000082900000| Untracked 
|  42|0x0000000082a00000, 0x0000000082b00000, 0x0000000082b00000|100%| O|  |TAMS 0x0000000082b00000, 0x0000000082a00000| Untracked 
|  43|0x0000000082b00000, 0x0000000082c00000, 0x0000000082c00000|100%| O|  |TAMS 0x0000000082c00000, 0x0000000082b00000| Untracked 
|  44|0x0000000082c00000, 0x0000000082d00000, 0x0000000082d00000|100%| O|  |TAMS 0x0000000082d00000, 0x0000000082c00000| Untracked 
|  45|0x0000000082d00000, 0x0000000082e00000, 0x0000000082e00000|100%| O|  |TAMS 0x0000000082e00000, 0x0000000082d00000| Untracked 
|  46|0x0000000082e00000, 0x0000000082f00000, 0x0000000082f00000|100%| O|  |TAMS 0x0000000082f00000, 0x0000000082e00000| Untracked 
|  47|0x0000000082f00000, 0x0000000083000000, 0x0000000083000000|100%| O|  |TAMS 0x0000000083000000, 0x0000000082f00000| Untracked 
|  48|0x0000000083000000, 0x0000000083100000, 0x0000000083100000|100%| O|  |TAMS 0x0000000083100000, 0x0000000083000000| Untracked 
|  49|0x0000000083100000, 0x0000000083200000, 0x0000000083200000|100%| O|  |TAMS 0x0000000083200000, 0x0000000083100000| Untracked 
|  50|0x0000000083200000, 0x0000000083300000, 0x0000000083300000|100%| O|  |TAMS 0x0000000083300000, 0x0000000083200000| Untracked 
|  51|0x0000000083300000, 0x0000000083400000, 0x0000000083400000|100%| O|  |TAMS 0x0000000083400000, 0x0000000083300000| Untracked 
|  52|0x0000000083400000, 0x0000000083500000, 0x0000000083500000|100%| O|  |TAMS 0x0000000083500000, 0x0000000083400000| Untracked 
|  53|0x0000000083500000, 0x0000000083600000, 0x0000000083600000|100%| O|  |TAMS 0x0000000083600000, 0x0000000083500000| Untracked 
|  54|0x0000000083600000, 0x0000000083700000, 0x0000000083700000|100%| O|  |TAMS 0x0000000083700000, 0x0000000083600000| Untracked 
|  55|0x0000000083700000, 0x0000000083800000, 0x0000000083800000|100%|HS|  |TAMS 0x0000000083800000, 0x0000000083700000| Complete 
|  56|0x0000000083800000, 0x0000000083900000, 0x0000000083900000|100%|HS|  |TAMS 0x0000000083900000, 0x0000000083800000| Complete 
|  57|0x0000000083900000, 0x0000000083a00000, 0x0000000083a00000|100%|HS|  |TAMS 0x0000000083a00000, 0x0000000083900000| Complete 
|  58|0x0000000083a00000, 0x0000000083b00000, 0x0000000083b00000|100%| O|  |TAMS 0x0000000083b00000, 0x0000000083a00000| Untracked 
|  59|0x0000000083b00000, 0x0000000083c00000, 0x0000000083c00000|100%| O|  |TAMS 0x0000000083c00000, 0x0000000083b00000| Untracked 
|  60|0x0000000083c00000, 0x0000000083d00000, 0x0000000083d00000|100%| O|  |TAMS 0x0000000083d00000, 0x0000000083c00000| Untracked 
|  61|0x0000000083d00000, 0x0000000083e00000, 0x0000000083e00000|100%|HS|  |TAMS 0x0000000083e00000, 0x0000000083d00000| Complete 
|  62|0x0000000083e00000, 0x0000000083f00000, 0x0000000083f00000|100%|HC|  |TAMS 0x0000000083f00000, 0x0000000083e00000| Complete 
|  63|0x0000000083f00000, 0x0000000084000000, 0x0000000084000000|100%|HC|  |TAMS 0x0000000084000000, 0x0000000083f00000| Complete 
|  64|0x0000000084000000, 0x0000000084100000, 0x0000000084100000|100%| O|  |TAMS 0x0000000084100000, 0x0000000084000000| Untracked 
|  65|0x0000000084100000, 0x0000000084200000, 0x0000000084200000|100%|HS|  |TAMS 0x0000000084200000, 0x0000000084100000| Complete 
|  66|0x0000000084200000, 0x0000000084300000, 0x0000000084300000|100%|HC|  |TAMS 0x0000000084300000, 0x0000000084200000| Complete 
|  67|0x0000000084300000, 0x0000000084400000, 0x0000000084400000|100%| O|  |TAMS 0x0000000084400000, 0x0000000084300000| Untracked 
|  68|0x0000000084400000, 0x0000000084500000, 0x0000000084500000|100%| O|  |TAMS 0x0000000084500000, 0x0000000084400000| Untracked 
|  69|0x0000000084500000, 0x0000000084600000, 0x0000000084600000|100%| O|  |TAMS 0x00000000845f3400, 0x0000000084500000| Untracked 
|  70|0x0000000084600000, 0x0000000084700000, 0x0000000084700000|100%| O|  |TAMS 0x0000000084700000, 0x0000000084600000| Untracked 
|  71|0x0000000084700000, 0x0000000084800000, 0x0000000084800000|100%| O|  |TAMS 0x0000000084800000, 0x0000000084700000| Untracked 
|  72|0x0000000084800000, 0x0000000084900000, 0x0000000084900000|100%| O|  |TAMS 0x0000000084900000, 0x0000000084800000| Untracked 
|  73|0x0000000084900000, 0x0000000084a00000, 0x0000000084a00000|100%| O|  |TAMS 0x0000000084a00000, 0x0000000084900000| Untracked 
|  74|0x0000000084a00000, 0x0000000084b00000, 0x0000000084b00000|100%| O|  |TAMS 0x0000000084b00000, 0x0000000084a00000| Untracked 
|  75|0x0000000084b00000, 0x0000000084c00000, 0x0000000084c00000|100%| O|  |TAMS 0x0000000084c00000, 0x0000000084b00000| Untracked 
|  76|0x0000000084c00000, 0x0000000084d00000, 0x0000000084d00000|100%| O|  |TAMS 0x0000000084d00000, 0x0000000084c00000| Untracked 
|  77|0x0000000084d00000, 0x0000000084e00000, 0x0000000084e00000|100%| O|  |TAMS 0x0000000084e00000, 0x0000000084d00000| Untracked 
|  78|0x0000000084e00000, 0x0000000084f00000, 0x0000000084f00000|100%| O|  |TAMS 0x0000000084f00000, 0x0000000084e00000| Untracked 
|  79|0x0000000084f00000, 0x0000000085000000, 0x0000000085000000|100%| O|  |TAMS 0x0000000085000000, 0x0000000084f00000| Untracked 
|  80|0x0000000085000000, 0x0000000085100000, 0x0000000085100000|100%| O|  |TAMS 0x0000000085100000, 0x0000000085000000| Untracked 
|  81|0x0000000085100000, 0x0000000085200000, 0x0000000085200000|100%|HS|  |TAMS 0x0000000085100000, 0x0000000085100000| Complete 
|  82|0x0000000085200000, 0x0000000085300000, 0x0000000085300000|100%| O|  |TAMS 0x0000000085300000, 0x0000000085200000| Untracked 
|  83|0x0000000085300000, 0x0000000085400000, 0x0000000085400000|100%| O|  |TAMS 0x0000000085400000, 0x0000000085300000| Untracked 
|  84|0x0000000085400000, 0x0000000085500000, 0x0000000085500000|100%| O|  |TAMS 0x0000000085500000, 0x0000000085400000| Untracked 
|  85|0x0000000085500000, 0x0000000085600000, 0x0000000085600000|100%| O|  |TAMS 0x0000000085600000, 0x0000000085500000| Untracked 
|  86|0x0000000085600000, 0x0000000085700000, 0x0000000085700000|100%| O|  |TAMS 0x0000000085700000, 0x0000000085600000| Untracked 
|  87|0x0000000085700000, 0x0000000085800000, 0x0000000085800000|100%| O|  |TAMS 0x0000000085800000, 0x0000000085700000| Untracked 
|  88|0x0000000085800000, 0x0000000085900000, 0x0000000085900000|100%| O|  |TAMS 0x0000000085900000, 0x0000000085800000| Untracked 
|  89|0x0000000085900000, 0x0000000085a00000, 0x0000000085a00000|100%|HS|  |TAMS 0x0000000085a00000, 0x0000000085900000| Complete 
|  90|0x0000000085a00000, 0x0000000085b00000, 0x0000000085b00000|100%|HC|  |TAMS 0x0000000085b00000, 0x0000000085a00000| Complete 
|  91|0x0000000085b00000, 0x0000000085c00000, 0x0000000085c00000|100%|HC|  |TAMS 0x0000000085c00000, 0x0000000085b00000| Complete 
|  92|0x0000000085c00000, 0x0000000085d00000, 0x0000000085d00000|100%|HS|  |TAMS 0x0000000085d00000, 0x0000000085c00000| Complete 
|  93|0x0000000085d00000, 0x0000000085e00000, 0x0000000085e00000|100%|HC|  |TAMS 0x0000000085e00000, 0x0000000085d00000| Complete 
|  94|0x0000000085e00000, 0x0000000085f00000, 0x0000000085f00000|100%| O|  |TAMS 0x0000000085f00000, 0x0000000085e00000| Untracked 
|  95|0x0000000085f00000, 0x0000000086000000, 0x0000000086000000|100%| O|  |TAMS 0x0000000086000000, 0x0000000085f00000| Untracked 
|  96|0x0000000086000000, 0x0000000086100000, 0x0000000086100000|100%| O|  |TAMS 0x0000000086100000, 0x0000000086000000| Untracked 
|  97|0x0000000086100000, 0x0000000086200000, 0x0000000086200000|100%| O|  |TAMS 0x0000000086200000, 0x0000000086100000| Untracked 
|  98|0x0000000086200000, 0x0000000086300000, 0x0000000086300000|100%| O|  |TAMS 0x0000000086300000, 0x0000000086200000| Untracked 
|  99|0x0000000086300000, 0x0000000086400000, 0x0000000086400000|100%| O|  |TAMS 0x0000000086400000, 0x0000000086300000| Untracked 
| 100|0x0000000086400000, 0x0000000086500000, 0x0000000086500000|100%| O|  |TAMS 0x0000000086500000, 0x0000000086400000| Untracked 
| 101|0x0000000086500000, 0x0000000086600000, 0x0000000086600000|100%| O|  |TAMS 0x0000000086600000, 0x0000000086500000| Untracked 
| 102|0x0000000086600000, 0x0000000086700000, 0x0000000086700000|100%| O|  |TAMS 0x0000000086700000, 0x0000000086600000| Untracked 
| 103|0x0000000086700000, 0x0000000086800000, 0x0000000086800000|100%| O|  |TAMS 0x0000000086800000, 0x0000000086700000| Untracked 
| 104|0x0000000086800000, 0x0000000086900000, 0x0000000086900000|100%| O|  |TAMS 0x0000000086900000, 0x0000000086800000| Untracked 
| 105|0x0000000086900000, 0x0000000086a00000, 0x0000000086a00000|100%| O|  |TAMS 0x0000000086a00000, 0x0000000086900000| Untracked 
| 106|0x0000000086a00000, 0x0000000086b00000, 0x0000000086b00000|100%| O|  |TAMS 0x0000000086b00000, 0x0000000086a00000| Untracked 
| 107|0x0000000086b00000, 0x0000000086c00000, 0x0000000086c00000|100%| O|  |TAMS 0x0000000086c00000, 0x0000000086b00000| Untracked 
| 108|0x0000000086c00000, 0x0000000086d00000, 0x0000000086d00000|100%| O|  |TAMS 0x0000000086c00000, 0x0000000086c00000| Untracked 
| 109|0x0000000086d00000, 0x0000000086e00000, 0x0000000086e00000|100%| O|  |TAMS 0x0000000086e00000, 0x0000000086d00000| Untracked 
| 110|0x0000000086e00000, 0x0000000086f00000, 0x0000000086f00000|100%| O|  |TAMS 0x0000000086f00000, 0x0000000086e00000| Untracked 
| 111|0x0000000086f00000, 0x0000000087000000, 0x0000000087000000|100%| O|  |TAMS 0x0000000087000000, 0x0000000086f00000| Untracked 
| 112|0x0000000087000000, 0x0000000087100000, 0x0000000087100000|100%| O|  |TAMS 0x0000000087100000, 0x0000000087000000| Untracked 
| 113|0x0000000087100000, 0x0000000087200000, 0x0000000087200000|100%| O|  |TAMS 0x0000000087200000, 0x0000000087100000| Untracked 
| 114|0x0000000087200000, 0x0000000087300000, 0x0000000087300000|100%| O|  |TAMS 0x0000000087300000, 0x0000000087200000| Untracked 
| 115|0x0000000087300000, 0x0000000087400000, 0x0000000087400000|100%| O|  |TAMS 0x0000000087400000, 0x0000000087300000| Untracked 
| 116|0x0000000087400000, 0x0000000087500000, 0x0000000087500000|100%| O|  |TAMS 0x0000000087500000, 0x0000000087400000| Untracked 
| 117|0x0000000087500000, 0x0000000087600000, 0x0000000087600000|100%|HS|  |TAMS 0x0000000087600000, 0x0000000087500000| Complete 
| 118|0x0000000087600000, 0x0000000087700000, 0x0000000087700000|100%|HS|  |TAMS 0x0000000087700000, 0x0000000087600000| Complete 
| 119|0x0000000087700000, 0x0000000087800000, 0x0000000087800000|100%|HS|  |TAMS 0x0000000087800000, 0x0000000087700000| Complete 
| 120|0x0000000087800000, 0x0000000087900000, 0x0000000087900000|100%|HS|  |TAMS 0x0000000087900000, 0x0000000087800000| Complete 
| 121|0x0000000087900000, 0x0000000087a00000, 0x0000000087a00000|100%|HC|  |TAMS 0x0000000087a00000, 0x0000000087900000| Complete 
| 122|0x0000000087a00000, 0x0000000087b00000, 0x0000000087b00000|100%|HC|  |TAMS 0x0000000087b00000, 0x0000000087a00000| Complete 
| 123|0x0000000087b00000, 0x0000000087c00000, 0x0000000087c00000|100%| O|  |TAMS 0x0000000087c00000, 0x0000000087b00000| Untracked 
| 124|0x0000000087c00000, 0x0000000087d00000, 0x0000000087d00000|100%| O|  |TAMS 0x0000000087d00000, 0x0000000087c00000| Untracked 
| 125|0x0000000087d00000, 0x0000000087e00000, 0x0000000087e00000|100%| O|  |TAMS 0x0000000087e00000, 0x0000000087d00000| Untracked 
| 126|0x0000000087e00000, 0x0000000087f00000, 0x0000000087f00000|100%| O|  |TAMS 0x0000000087f00000, 0x0000000087e00000| Untracked 
| 127|0x0000000087f00000, 0x0000000088000000, 0x0000000088000000|100%| O|  |TAMS 0x0000000088000000, 0x0000000087f00000| Untracked 
| 128|0x0000000088000000, 0x0000000088100000, 0x0000000088100000|100%| O|  |TAMS 0x0000000088000000, 0x0000000088000000| Untracked 
| 129|0x0000000088100000, 0x0000000088200000, 0x0000000088200000|100%| O|  |TAMS 0x0000000088200000, 0x0000000088100000| Untracked 
| 130|0x0000000088200000, 0x0000000088300000, 0x0000000088300000|100%| O|  |TAMS 0x0000000088300000, 0x0000000088200000| Untracked 
| 131|0x0000000088300000, 0x0000000088400000, 0x0000000088400000|100%| O|  |TAMS 0x0000000088400000, 0x0000000088300000| Untracked 
| 132|0x0000000088400000, 0x0000000088500000, 0x0000000088500000|100%| O|  |TAMS 0x0000000088500000, 0x0000000088400000| Untracked 
| 133|0x0000000088500000, 0x0000000088600000, 0x0000000088600000|100%| O|  |TAMS 0x0000000088600000, 0x0000000088500000| Untracked 
| 134|0x0000000088600000, 0x0000000088700000, 0x0000000088700000|100%| O|  |TAMS 0x0000000088700000, 0x0000000088600000| Untracked 
| 135|0x0000000088700000, 0x0000000088800000, 0x0000000088800000|100%| O|  |TAMS 0x0000000088800000, 0x0000000088700000| Untracked 
| 136|0x0000000088800000, 0x0000000088900000, 0x0000000088900000|100%| O|  |TAMS 0x0000000088900000, 0x0000000088800000| Untracked 
| 137|0x0000000088900000, 0x0000000088a00000, 0x0000000088a00000|100%| O|  |TAMS 0x0000000088a00000, 0x0000000088900000| Untracked 
| 138|0x0000000088a00000, 0x0000000088b00000, 0x0000000088b00000|100%| O|  |TAMS 0x0000000088b00000, 0x0000000088a00000| Untracked 
| 139|0x0000000088b00000, 0x0000000088c00000, 0x0000000088c00000|100%| O|  |TAMS 0x0000000088c00000, 0x0000000088b00000| Untracked 
| 140|0x0000000088c00000, 0x0000000088d00000, 0x0000000088d00000|100%| O|  |TAMS 0x0000000088d00000, 0x0000000088c00000| Untracked 
| 141|0x0000000088d00000, 0x0000000088e00000, 0x0000000088e00000|100%|HS|  |TAMS 0x0000000088d00000, 0x0000000088d00000| Complete 
| 142|0x0000000088e00000, 0x0000000088f00000, 0x0000000088f00000|100%|HC|  |TAMS 0x0000000088e00000, 0x0000000088e00000| Complete 
| 143|0x0000000088f00000, 0x0000000089000000, 0x0000000089000000|100%|HC|  |TAMS 0x0000000088f00000, 0x0000000088f00000| Complete 
| 144|0x0000000089000000, 0x0000000089100000, 0x0000000089100000|100%| O|  |TAMS 0x0000000089000000, 0x0000000089000000| Untracked 
| 145|0x0000000089100000, 0x0000000089200000, 0x0000000089200000|100%|HS|  |TAMS 0x0000000089100000, 0x0000000089100000| Complete 
| 146|0x0000000089200000, 0x0000000089300000, 0x0000000089300000|100%| O|  |TAMS 0x0000000089200000, 0x0000000089200000| Untracked 
| 147|0x0000000089300000, 0x0000000089400000, 0x0000000089400000|100%| O|  |TAMS 0x0000000089300000, 0x0000000089300000| Untracked 
| 148|0x0000000089400000, 0x0000000089500000, 0x0000000089500000|100%| O|  |TAMS 0x0000000089400000, 0x0000000089400000| Untracked 
| 149|0x0000000089500000, 0x0000000089600000, 0x0000000089600000|100%| O|  |TAMS 0x0000000089500000, 0x0000000089500000| Untracked 
| 150|0x0000000089600000, 0x0000000089700000, 0x0000000089700000|100%| O|  |TAMS 0x0000000089600000, 0x0000000089600000| Untracked 
| 151|0x0000000089700000, 0x0000000089800000, 0x0000000089800000|100%| O|  |TAMS 0x0000000089700000, 0x0000000089700000| Untracked 
| 152|0x0000000089800000, 0x0000000089900000, 0x0000000089900000|100%| O|  |TAMS 0x0000000089800000, 0x0000000089800000| Untracked 
| 153|0x0000000089900000, 0x0000000089a00000, 0x0000000089a00000|100%| O|  |TAMS 0x0000000089900000, 0x0000000089900000| Untracked 
| 154|0x0000000089a00000, 0x0000000089b00000, 0x0000000089b00000|100%| O|  |TAMS 0x0000000089a00000, 0x0000000089a00000| Untracked 
| 155|0x0000000089b00000, 0x0000000089c00000, 0x0000000089c00000|100%| O|  |TAMS 0x0000000089b00000, 0x0000000089b00000| Untracked 
| 156|0x0000000089c00000, 0x0000000089d00000, 0x0000000089d00000|100%| O|  |TAMS 0x0000000089c00000, 0x0000000089c00000| Untracked 
| 157|0x0000000089d00000, 0x0000000089e00000, 0x0000000089e00000|100%| O|  |TAMS 0x0000000089d00000, 0x0000000089d00000| Untracked 
| 158|0x0000000089e00000, 0x0000000089f00000, 0x0000000089f00000|100%| O|  |TAMS 0x0000000089e00000, 0x0000000089e00000| Untracked 
| 159|0x0000000089f00000, 0x000000008a000000, 0x000000008a000000|100%| O|  |TAMS 0x0000000089f00000, 0x0000000089f00000| Untracked 
| 160|0x000000008a000000, 0x000000008a100000, 0x000000008a100000|100%| O|  |TAMS 0x000000008a000000, 0x000000008a000000| Untracked 
| 161|0x000000008a100000, 0x000000008a200000, 0x000000008a200000|100%| O|  |TAMS 0x000000008a100000, 0x000000008a100000| Untracked 
| 162|0x000000008a200000, 0x000000008a300000, 0x000000008a300000|100%| O|  |TAMS 0x000000008a200000, 0x000000008a200000| Untracked 
| 163|0x000000008a300000, 0x000000008a400000, 0x000000008a400000|100%| O|  |TAMS 0x000000008a300000, 0x000000008a300000| Untracked 
| 164|0x000000008a400000, 0x000000008a500000, 0x000000008a500000|100%| O|  |TAMS 0x000000008a400000, 0x000000008a400000| Untracked 
| 165|0x000000008a500000, 0x000000008a600000, 0x000000008a600000|100%| O|  |TAMS 0x000000008a500000, 0x000000008a500000| Untracked 
| 166|0x000000008a600000, 0x000000008a700000, 0x000000008a700000|100%| O|  |TAMS 0x000000008a600000, 0x000000008a600000| Untracked 
| 167|0x000000008a700000, 0x000000008a800000, 0x000000008a800000|100%| O|  |TAMS 0x000000008a700000, 0x000000008a700000| Untracked 
| 168|0x000000008a800000, 0x000000008a900000, 0x000000008a900000|100%| O|  |TAMS 0x000000008a800000, 0x000000008a800000| Untracked 
| 169|0x000000008a900000, 0x000000008aa00000, 0x000000008aa00000|100%| O|  |TAMS 0x000000008a900000, 0x000000008a900000| Untracked 
| 170|0x000000008aa00000, 0x000000008ab00000, 0x000000008ab00000|100%| O|  |TAMS 0x000000008aa00000, 0x000000008aa00000| Untracked 
| 171|0x000000008ab00000, 0x000000008ac00000, 0x000000008ac00000|100%| O|  |TAMS 0x000000008ab00000, 0x000000008ab00000| Untracked 
| 172|0x000000008ac00000, 0x000000008ad00000, 0x000000008ad00000|100%| O|  |TAMS 0x000000008ac00000, 0x000000008ac00000| Untracked 
| 173|0x000000008ad00000, 0x000000008ae00000, 0x000000008ae00000|100%| O|  |TAMS 0x000000008ad00000, 0x000000008ad00000| Untracked 
| 174|0x000000008ae00000, 0x000000008af00000, 0x000000008af00000|100%| O|  |TAMS 0x000000008ae00000, 0x000000008ae00000| Untracked 
| 175|0x000000008af00000, 0x000000008b000000, 0x000000008b000000|100%| O|  |TAMS 0x000000008af00000, 0x000000008af00000| Untracked 
| 176|0x000000008b000000, 0x000000008b100000, 0x000000008b100000|100%| O|  |TAMS 0x000000008b000000, 0x000000008b000000| Untracked 
| 177|0x000000008b100000, 0x000000008b200000, 0x000000008b200000|100%| O|  |TAMS 0x000000008b100000, 0x000000008b100000| Untracked 
| 178|0x000000008b200000, 0x000000008b300000, 0x000000008b300000|100%| O|  |TAMS 0x000000008b200000, 0x000000008b200000| Untracked 
| 179|0x000000008b300000, 0x000000008b400000, 0x000000008b400000|100%| O|  |TAMS 0x000000008b300000, 0x000000008b300000| Untracked 
| 180|0x000000008b400000, 0x000000008b500000, 0x000000008b500000|100%| O|  |TAMS 0x000000008b400000, 0x000000008b400000| Untracked 
| 181|0x000000008b500000, 0x000000008b600000, 0x000000008b600000|100%| O|  |TAMS 0x000000008b500000, 0x000000008b500000| Untracked 
| 182|0x000000008b600000, 0x000000008b700000, 0x000000008b700000|100%| O|  |TAMS 0x000000008b600000, 0x000000008b600000| Untracked 
| 183|0x000000008b700000, 0x000000008b800000, 0x000000008b800000|100%| O|  |TAMS 0x000000008b700000, 0x000000008b700000| Untracked 
| 184|0x000000008b800000, 0x000000008b900000, 0x000000008b900000|100%| O|  |TAMS 0x000000008b800000, 0x000000008b800000| Untracked 
| 185|0x000000008b900000, 0x000000008ba00000, 0x000000008ba00000|100%| O|  |TAMS 0x000000008b900000, 0x000000008b900000| Untracked 
| 186|0x000000008ba00000, 0x000000008bb00000, 0x000000008bb00000|100%| O|  |TAMS 0x000000008ba00000, 0x000000008ba00000| Untracked 
| 187|0x000000008bb00000, 0x000000008bc00000, 0x000000008bc00000|100%| O|  |TAMS 0x000000008bb00000, 0x000000008bb00000| Untracked 
| 188|0x000000008bc00000, 0x000000008bd00000, 0x000000008bd00000|100%| O|  |TAMS 0x000000008bc00000, 0x000000008bc00000| Untracked 
| 189|0x000000008bd00000, 0x000000008be00000, 0x000000008be00000|100%| O|  |TAMS 0x000000008bd00000, 0x000000008bd00000| Untracked 
| 190|0x000000008be00000, 0x000000008bf00000, 0x000000008bf00000|100%| O|  |TAMS 0x000000008be00000, 0x000000008be00000| Untracked 
| 191|0x000000008bf00000, 0x000000008c000000, 0x000000008c000000|100%| O|  |TAMS 0x000000008bf00000, 0x000000008bf00000| Untracked 
| 192|0x000000008c000000, 0x000000008c100000, 0x000000008c100000|100%| O|  |TAMS 0x000000008c000000, 0x000000008c000000| Untracked 
| 193|0x000000008c100000, 0x000000008c200000, 0x000000008c200000|100%| O|  |TAMS 0x000000008c100000, 0x000000008c100000| Untracked 
| 194|0x000000008c200000, 0x000000008c300000, 0x000000008c300000|100%| O|  |TAMS 0x000000008c200000, 0x000000008c200000| Untracked 
| 195|0x000000008c300000, 0x000000008c400000, 0x000000008c400000|100%| O|  |TAMS 0x000000008c300000, 0x000000008c300000| Untracked 
| 196|0x000000008c400000, 0x000000008c500000, 0x000000008c500000|100%| O|  |TAMS 0x000000008c400000, 0x000000008c400000| Untracked 
| 197|0x000000008c500000, 0x000000008c600000, 0x000000008c600000|100%| O|  |TAMS 0x000000008c500000, 0x000000008c500000| Untracked 
| 198|0x000000008c600000, 0x000000008c700000, 0x000000008c700000|100%| O|  |TAMS 0x000000008c600000, 0x000000008c600000| Untracked 
| 199|0x000000008c700000, 0x000000008c800000, 0x000000008c800000|100%| O|  |TAMS 0x000000008c700000, 0x000000008c700000| Untracked 
| 200|0x000000008c800000, 0x000000008c8dbe00, 0x000000008c900000| 85%| O|  |TAMS 0x000000008c800000, 0x000000008c800000| Untracked 
| 201|0x000000008c900000, 0x000000008c900000, 0x000000008ca00000|  0%| F|  |TAMS 0x000000008c900000, 0x000000008c900000| Untracked 
| 202|0x000000008ca00000, 0x000000008ca00000, 0x000000008cb00000|  0%| F|  |TAMS 0x000000008ca00000, 0x000000008ca00000| Untracked 
| 203|0x000000008cb00000, 0x000000008cb00000, 0x000000008cc00000|  0%| F|  |TAMS 0x000000008cb00000, 0x000000008cb00000| Untracked 
| 204|0x000000008cc00000, 0x000000008cc00000, 0x000000008cd00000|  0%| F|  |TAMS 0x000000008cc00000, 0x000000008cc00000| Untracked 
| 205|0x000000008cd00000, 0x000000008cd00000, 0x000000008ce00000|  0%| F|  |TAMS 0x000000008cd00000, 0x000000008cd00000| Untracked 
| 206|0x000000008ce00000, 0x000000008ce00000, 0x000000008cf00000|  0%| F|  |TAMS 0x000000008ce00000, 0x000000008ce00000| Untracked 
| 207|0x000000008cf00000, 0x000000008cf00000, 0x000000008d000000|  0%| F|  |TAMS 0x000000008cf00000, 0x000000008cf00000| Untracked 
| 208|0x000000008d000000, 0x000000008d000000, 0x000000008d100000|  0%| F|  |TAMS 0x000000008d000000, 0x000000008d000000| Untracked 
| 209|0x000000008d100000, 0x000000008d100000, 0x000000008d200000|  0%| F|  |TAMS 0x000000008d100000, 0x000000008d100000| Untracked 
| 210|0x000000008d200000, 0x000000008d200000, 0x000000008d300000|  0%| F|  |TAMS 0x000000008d200000, 0x000000008d200000| Untracked 
| 211|0x000000008d300000, 0x000000008d300000, 0x000000008d400000|  0%| F|  |TAMS 0x000000008d300000, 0x000000008d300000| Untracked 
| 212|0x000000008d400000, 0x000000008d400000, 0x000000008d500000|  0%| F|  |TAMS 0x000000008d400000, 0x000000008d400000| Untracked 
| 213|0x000000008d500000, 0x000000008d500000, 0x000000008d600000|  0%| F|  |TAMS 0x000000008d500000, 0x000000008d500000| Untracked 
| 214|0x000000008d600000, 0x000000008d600000, 0x000000008d700000|  0%| F|  |TAMS 0x000000008d600000, 0x000000008d600000| Untracked 
| 215|0x000000008d700000, 0x000000008d700000, 0x000000008d800000|  0%| F|  |TAMS 0x000000008d700000, 0x000000008d700000| Untracked 
| 216|0x000000008d800000, 0x000000008d800000, 0x000000008d900000|  0%| F|  |TAMS 0x000000008d800000, 0x000000008d800000| Untracked 
| 217|0x000000008d900000, 0x000000008d900000, 0x000000008da00000|  0%| F|  |TAMS 0x000000008d900000, 0x000000008d900000| Untracked 
| 218|0x000000008da00000, 0x000000008da00000, 0x000000008db00000|  0%| F|  |TAMS 0x000000008da00000, 0x000000008da00000| Untracked 
| 219|0x000000008db00000, 0x000000008db00000, 0x000000008dc00000|  0%| F|  |TAMS 0x000000008db00000, 0x000000008db00000| Untracked 
| 220|0x000000008dc00000, 0x000000008dc00000, 0x000000008dd00000|  0%| F|  |TAMS 0x000000008dc00000, 0x000000008dc00000| Untracked 
| 221|0x000000008dd00000, 0x000000008dd00000, 0x000000008de00000|  0%| F|  |TAMS 0x000000008dd00000, 0x000000008dd00000| Untracked 
| 222|0x000000008de00000, 0x000000008dec45d8, 0x000000008df00000| 76%| S|CS|TAMS 0x000000008de00000, 0x000000008de00000| Complete 
| 223|0x000000008df00000, 0x000000008df00000, 0x000000008e000000|  0%| F|  |TAMS 0x000000008df00000, 0x000000008df00000| Untracked 
| 224|0x000000008e000000, 0x000000008e100000, 0x000000008e100000|100%| S|CS|TAMS 0x000000008e000000, 0x000000008e000000| Complete 
| 225|0x000000008e100000, 0x000000008e100000, 0x000000008e200000|  0%| F|  |TAMS 0x000000008e100000, 0x000000008e100000| Untracked 
| 226|0x000000008e200000, 0x000000008e200000, 0x000000008e300000|  0%| F|  |TAMS 0x000000008e200000, 0x000000008e200000| Untracked 
| 227|0x000000008e300000, 0x000000008e300000, 0x000000008e400000|  0%| F|  |TAMS 0x000000008e300000, 0x000000008e300000| Untracked 
| 228|0x000000008e400000, 0x000000008e400000, 0x000000008e500000|  0%| F|  |TAMS 0x000000008e400000, 0x000000008e400000| Untracked 
| 229|0x000000008e500000, 0x000000008e500000, 0x000000008e600000|  0%| F|  |TAMS 0x000000008e500000, 0x000000008e500000| Untracked 
| 230|0x000000008e600000, 0x000000008e600000, 0x000000008e700000|  0%| F|  |TAMS 0x000000008e600000, 0x000000008e600000| Untracked 
| 231|0x000000008e700000, 0x000000008e700000, 0x000000008e800000|  0%| F|  |TAMS 0x000000008e700000, 0x000000008e700000| Untracked 
| 232|0x000000008e800000, 0x000000008e800000, 0x000000008e900000|  0%| F|  |TAMS 0x000000008e800000, 0x000000008e800000| Untracked 
| 233|0x000000008e900000, 0x000000008e900000, 0x000000008ea00000|  0%| F|  |TAMS 0x000000008e900000, 0x000000008e900000| Untracked 
| 234|0x000000008ea00000, 0x000000008ea00000, 0x000000008eb00000|  0%| F|  |TAMS 0x000000008ea00000, 0x000000008ea00000| Untracked 
| 235|0x000000008eb00000, 0x000000008eb00000, 0x000000008ec00000|  0%| F|  |TAMS 0x000000008eb00000, 0x000000008eb00000| Untracked 
| 236|0x000000008ec00000, 0x000000008ec00000, 0x000000008ed00000|  0%| F|  |TAMS 0x000000008ec00000, 0x000000008ec00000| Untracked 
| 237|0x000000008ed00000, 0x000000008ed00000, 0x000000008ee00000|  0%| F|  |TAMS 0x000000008ed00000, 0x000000008ed00000| Untracked 
| 238|0x000000008ee00000, 0x000000008ee00000, 0x000000008ef00000|  0%| F|  |TAMS 0x000000008ee00000, 0x000000008ee00000| Untracked 
| 239|0x000000008ef00000, 0x000000008ef00000, 0x000000008f000000|  0%| F|  |TAMS 0x000000008ef00000, 0x000000008ef00000| Untracked 
| 240|0x000000008f000000, 0x000000008f000000, 0x000000008f100000|  0%| F|  |TAMS 0x000000008f000000, 0x000000008f000000| Untracked 
| 241|0x000000008f100000, 0x000000008f100000, 0x000000008f200000|  0%| F|  |TAMS 0x000000008f100000, 0x000000008f100000| Untracked 
| 242|0x000000008f200000, 0x000000008f200000, 0x000000008f300000|  0%| F|  |TAMS 0x000000008f200000, 0x000000008f200000| Untracked 
| 243|0x000000008f300000, 0x000000008f300000, 0x000000008f400000|  0%| F|  |TAMS 0x000000008f300000, 0x000000008f300000| Untracked 
| 244|0x000000008f400000, 0x000000008f400000, 0x000000008f500000|  0%| F|  |TAMS 0x000000008f400000, 0x000000008f400000| Untracked 
| 245|0x000000008f500000, 0x000000008f500000, 0x000000008f600000|  0%| F|  |TAMS 0x000000008f500000, 0x000000008f500000| Untracked 
| 246|0x000000008f600000, 0x000000008f600000, 0x000000008f700000|  0%| F|  |TAMS 0x000000008f600000, 0x000000008f600000| Untracked 
| 247|0x000000008f700000, 0x000000008f700000, 0x000000008f800000|  0%| F|  |TAMS 0x000000008f700000, 0x000000008f700000| Untracked 
| 248|0x000000008f800000, 0x000000008f800000, 0x000000008f900000|  0%| F|  |TAMS 0x000000008f800000, 0x000000008f800000| Untracked 
| 249|0x000000008f900000, 0x000000008f900000, 0x000000008fa00000|  0%| F|  |TAMS 0x000000008f900000, 0x000000008f900000| Untracked 
| 250|0x000000008fa00000, 0x000000008fa00000, 0x000000008fb00000|  0%| F|  |TAMS 0x000000008fa00000, 0x000000008fa00000| Untracked 
| 251|0x000000008fb00000, 0x000000008fb00000, 0x000000008fc00000|  0%| F|  |TAMS 0x000000008fb00000, 0x000000008fb00000| Untracked 
| 252|0x000000008fc00000, 0x000000008fc00000, 0x000000008fd00000|  0%| F|  |TAMS 0x000000008fc00000, 0x000000008fc00000| Untracked 
| 253|0x000000008fd00000, 0x000000008fd00000, 0x000000008fe00000|  0%| F|  |TAMS 0x000000008fd00000, 0x000000008fd00000| Untracked 
| 254|0x000000008fe00000, 0x000000008fe00000, 0x000000008ff00000|  0%| F|  |TAMS 0x000000008fe00000, 0x000000008fe00000| Untracked 
| 255|0x000000008ff00000, 0x000000008ff00000, 0x0000000090000000|  0%| F|  |TAMS 0x000000008ff00000, 0x000000008ff00000| Untracked 
| 256|0x0000000090000000, 0x0000000090000000, 0x0000000090100000|  0%| F|  |TAMS 0x0000000090000000, 0x0000000090000000| Untracked 
| 257|0x0000000090100000, 0x0000000090100000, 0x0000000090200000|  0%| F|  |TAMS 0x0000000090100000, 0x0000000090100000| Untracked 
| 258|0x0000000090200000, 0x0000000090200000, 0x0000000090300000|  0%| F|  |TAMS 0x0000000090200000, 0x0000000090200000| Untracked 
| 259|0x0000000090300000, 0x0000000090300000, 0x0000000090400000|  0%| F|  |TAMS 0x0000000090300000, 0x0000000090300000| Untracked 
| 260|0x0000000090400000, 0x0000000090400000, 0x0000000090500000|  0%| F|  |TAMS 0x0000000090400000, 0x0000000090400000| Untracked 
| 261|0x0000000090500000, 0x0000000090500000, 0x0000000090600000|  0%| F|  |TAMS 0x0000000090500000, 0x0000000090500000| Untracked 
| 262|0x0000000090600000, 0x0000000090600000, 0x0000000090700000|  0%| F|  |TAMS 0x0000000090600000, 0x0000000090600000| Untracked 
| 263|0x0000000090700000, 0x0000000090700000, 0x0000000090800000|  0%| F|  |TAMS 0x0000000090700000, 0x0000000090700000| Untracked 
| 264|0x0000000090800000, 0x0000000090800000, 0x0000000090900000|  0%| F|  |TAMS 0x0000000090800000, 0x0000000090800000| Untracked 
| 265|0x0000000090900000, 0x0000000090900000, 0x0000000090a00000|  0%| F|  |TAMS 0x0000000090900000, 0x0000000090900000| Untracked 
| 266|0x0000000090a00000, 0x0000000090a00000, 0x0000000090b00000|  0%| F|  |TAMS 0x0000000090a00000, 0x0000000090a00000| Untracked 
| 267|0x0000000090b00000, 0x0000000090b00000, 0x0000000090c00000|  0%| F|  |TAMS 0x0000000090b00000, 0x0000000090b00000| Untracked 
| 268|0x0000000090c00000, 0x0000000090c00000, 0x0000000090d00000|  0%| F|  |TAMS 0x0000000090c00000, 0x0000000090c00000| Untracked 
| 269|0x0000000090d00000, 0x0000000090d00000, 0x0000000090e00000|  0%| F|  |TAMS 0x0000000090d00000, 0x0000000090d00000| Untracked 
| 270|0x0000000090e00000, 0x0000000090ead558, 0x0000000090f00000| 67%| E|  |TAMS 0x0000000090e00000, 0x0000000090e00000| Complete 
| 271|0x0000000090f00000, 0x0000000091000000, 0x0000000091000000|100%| E|CS|TAMS 0x0000000090f00000, 0x0000000090f00000| Complete 
| 272|0x0000000091000000, 0x0000000091100000, 0x0000000091100000|100%| E|CS|TAMS 0x0000000091000000, 0x0000000091000000| Complete 
| 273|0x0000000091100000, 0x0000000091200000, 0x0000000091200000|100%| E|CS|TAMS 0x0000000091100000, 0x0000000091100000| Complete 
| 274|0x0000000091200000, 0x0000000091300000, 0x0000000091300000|100%| E|CS|TAMS 0x0000000091200000, 0x0000000091200000| Complete 
| 275|0x0000000091300000, 0x0000000091400000, 0x0000000091400000|100%| E|CS|TAMS 0x0000000091300000, 0x0000000091300000| Complete 
| 276|0x0000000091400000, 0x0000000091500000, 0x0000000091500000|100%| E|CS|TAMS 0x0000000091400000, 0x0000000091400000| Complete 
| 277|0x0000000091500000, 0x0000000091600000, 0x0000000091600000|100%| E|CS|TAMS 0x0000000091500000, 0x0000000091500000| Complete 
| 278|0x0000000091600000, 0x0000000091700000, 0x0000000091700000|100%| E|  |TAMS 0x0000000091600000, 0x0000000091600000| Complete 
| 279|0x0000000091700000, 0x0000000091800000, 0x0000000091800000|100%| E|CS|TAMS 0x0000000091700000, 0x0000000091700000| Complete 
| 280|0x0000000091800000, 0x0000000091900000, 0x0000000091900000|100%| E|CS|TAMS 0x0000000091800000, 0x0000000091800000| Complete 

Card table byte_map: [0x000002b474760000,0x000002b474b60000] _byte_map_base: 0x000002b474360000

Marking Bits (Prev, Next): (CMBitMap*) 0x000002b45cc241b0, (CMBitMap*) 0x000002b45cc24178
 Prev Bits: [0x000002b476f60000, 0x000002b478f60000)
 Next Bits: [0x000002b474f60000, 0x000002b476f60000)

Polling page: 0x000002b45abc0000

Metaspace:

Usage:
  Non-class:     98.98 MB capacity,    96.28 MB ( 97%) used,     2.34 MB (  2%) free+waste,   358.63 KB ( <1%) overhead. 
      Class:     16.02 MB capacity,    14.37 MB ( 90%) used,     1.49 MB (  9%) free+waste,   165.56 KB (  1%) overhead. 
       Both:    114.99 MB capacity,   110.65 MB ( 96%) used,     3.83 MB (  3%) free+waste,   524.19 KB ( <1%) overhead. 

Virtual space:
  Non-class space:      100.00 MB reserved,      99.08 MB (>99%) committed 
      Class space:      504.00 MB reserved,      16.13 MB (  3%) committed 
             Both:      604.00 MB reserved,     115.20 MB ( 19%) committed 

Chunk freelists:
   Non-Class:  41.00 KB
       Class:  1.00 KB
        Both:  42.00 KB

MaxMetaspaceSize: 512.00 MB
CompressedClassSpaceSize: 504.00 MB
Initial GC threshold: 20.80 MB
Current GC threshold: 163.67 MB
CDS: off

CodeHeap 'non-profiled nmethods': size=120064Kb used=10670Kb max_used=10670Kb free=109393Kb
 bounds [0x000002b46ce20000, 0x000002b46d890000, 0x000002b474360000]
CodeHeap 'profiled nmethods': size=120000Kb used=35770Kb max_used=35770Kb free=84230Kb
 bounds [0x000002b4658f0000, 0x000002b467be0000, 0x000002b46ce20000]
CodeHeap 'non-nmethods': size=5696Kb used=2427Kb max_used=2490Kb free=3268Kb
 bounds [0x000002b465360000, 0x000002b4655d0000, 0x000002b4658f0000]
 total_blobs=16825 nmethods=15864 adapters=872
 compilation: enabled
              stopped_count=0, restarted_count=0
 full_count=0

Compilation events (20 events):
Event: 265.708 Thread 0x000002b47bc79000 16133       1       org.gradle.api.internal.artifacts.configurations.DefaultConfiguration::getIdentityPath (5 bytes)
Event: 265.708 Thread 0x000002b47bc79000 nmethod 16133 0x000002b46d88a190 code [0x000002b46d88a340, 0x000002b46d88a3f8]
Event: 265.708 Thread 0x000002b47bc79000 16134       1       org.gradle.api.internal.artifacts.ivyservice.resolveengine.artifact.ParallelResolveArtifactSet$VisitingSet::access$100 (5 bytes)
Event: 265.709 Thread 0x000002b47bc79000 nmethod 16134 0x000002b46d88a490 code [0x000002b46d88a640, 0x000002b46d88a6d8]
Event: 265.709 Thread 0x000002b47bc79000 16135       1       org.gradle.api.internal.artifacts.ivyservice.ResolvedFilesCollectingVisitor::getFailures (5 bytes)
Event: 265.709 Thread 0x000002b47bc79000 nmethod 16135 0x000002b46d88a790 code [0x000002b46d88a940, 0x000002b46d88a9f8]
Event: 265.709 Thread 0x000002b47bc79000 16136       1       org.gradle.api.tasks.util.internal.CachingPatternSpecFactory$SpecKey::hashCode (5 bytes)
Event: 265.710 Thread 0x000002b47bc79000 nmethod 16136 0x000002b46d88aa90 code [0x000002b46d88ac40, 0x000002b46d88acf8]
Event: 265.710 Thread 0x000002b47bc79000 16137       2       org.gradle.api.internal.artifacts.ivyservice.resolveengine.artifact.ParallelResolveArtifactSet$VisitingSet$StartVisitAction::visitResults (43 bytes)
Event: 265.711 Thread 0x000002b47bc79000 nmethod 16137 0x000002b467bdc890 code [0x000002b467bdca80, 0x000002b467bdccd8]
Event: 265.711 Thread 0x000002b47bc79000 16138       1       org.gradle.api.internal.artifacts.ivyservice.DefaultLenientConfiguration::access$700 (5 bytes)
Event: 265.712 Thread 0x000002b47bc79000 nmethod 16138 0x000002b46d88ad90 code [0x000002b46d88af40, 0x000002b46d88afd8]
Event: 265.712 Thread 0x000002b47bc79000 16139       1       org.gradle.api.internal.artifacts.ivyservice.DefaultLenientConfiguration::access$900 (5 bytes)
Event: 265.713 Thread 0x000002b47bc79000 nmethod 16139 0x000002b46d88b090 code [0x000002b46d88b240, 0x000002b46d88b2d8]
Event: 265.716 Thread 0x000002b47bc79000 16140       2       org.gradle.execution.plan.Node::getResourcesToLock (4 bytes)
Event: 265.717 Thread 0x000002b47bc79000 nmethod 16140 0x000002b467bdce10 code [0x000002b467bdcfc0, 0x000002b467bdd0b8]
Event: 265.728 Thread 0x000002b47bc79000 16141       1       org.gradle.api.internal.artifacts.dependencies.DefaultSelfResolvingDependency::getTargetComponentId (5 bytes)
Event: 265.729 Thread 0x000002b47bc79000 nmethod 16141 0x000002b46d88b390 code [0x000002b46d88b540, 0x000002b46d88b5f8]
Event: 265.754 Thread 0x000002b47bc79000 16142       1       org.gradle.cache.PersistentIndexedCacheParameters::getCacheName (5 bytes)
Event: 265.755 Thread 0x000002b47bc79000 nmethod 16142 0x000002b46d88b690 code [0x000002b46d88b840, 0x000002b46d88b8f8]

GC Heap History (20 events):
Event: 256.910 GC heap before
{Heap before GC invocations=106 (full 0):
 garbage-first heap   total 239616K, used 209134K [0x0000000080000000, 0x0000000100000000)
  region size 1024K, 15 young (15360K), 2 survivors (2048K)
 Metaspace       used 111539K, capacity 115762K, committed 115920K, reserved 616448K
  class space    used 14513K, capacity 16158K, committed 16256K, reserved 516096K
}
Event: 256.943 GC heap after
{Heap after GC invocations=107 (full 0):
 garbage-first heap   total 239616K, used 197963K [0x0000000080000000, 0x0000000100000000)
  region size 1024K, 2 young (2048K), 2 survivors (2048K)
 Metaspace       used 111539K, capacity 115762K, committed 115920K, reserved 616448K
  class space    used 14513K, capacity 16158K, committed 16256K, reserved 516096K
}
Event: 257.730 GC heap before
{Heap before GC invocations=107 (full 0):
 garbage-first heap   total 239616K, used 209227K [0x0000000080000000, 0x0000000100000000)
  region size 1024K, 13 young (13312K), 2 survivors (2048K)
 Metaspace       used 112174K, capacity 116402K, committed 116688K, reserved 618496K
  class space    used 14582K, capacity 16222K, committed 16256K, reserved 516096K
}
Event: 257.762 GC heap after
{Heap after GC invocations=108 (full 0):
 garbage-first heap   total 239616K, used 199056K [0x0000000080000000, 0x0000000100000000)
  region size 1024K, 1 young (1024K), 1 survivors (1024K)
 Metaspace       used 112174K, capacity 116402K, committed 116688K, reserved 618496K
  class space    used 14582K, capacity 16222K, committed 16256K, reserved 516096K
}
Event: 258.786 GC heap before
{Heap before GC invocations=108 (full 0):
 garbage-first heap   total 239616K, used 209296K [0x0000000080000000, 0x0000000100000000)
  region size 1024K, 11 young (11264K), 1 survivors (1024K)
 Metaspace       used 112229K, capacity 116499K, committed 116688K, reserved 618496K
  class space    used 14587K, capacity 16254K, committed 16256K, reserved 516096K
}
Event: 258.806 GC heap after
{Heap after GC invocations=109 (full 0):
 garbage-first heap   total 239616K, used 200372K [0x0000000080000000, 0x0000000100000000)
  region size 1024K, 2 young (2048K), 2 survivors (2048K)
 Metaspace       used 112229K, capacity 116499K, committed 116688K, reserved 618496K
  class space    used 14587K, capacity 16254K, committed 16256K, reserved 516096K
}
Event: 259.322 GC heap before
{Heap before GC invocations=109 (full 0):
 garbage-first heap   total 239616K, used 209588K [0x0000000080000000, 0x0000000100000000)
  region size 1024K, 11 young (11264K), 2 survivors (2048K)
 Metaspace       used 112348K, capacity 116691K, committed 116816K, reserved 618496K
  class space    used 14604K, capacity 16272K, committed 16384K, reserved 516096K
}
Event: 259.355 GC heap after
{Heap after GC invocations=110 (full 0):
 garbage-first heap   total 239616K, used 202063K [0x0000000080000000, 0x0000000100000000)
  region size 1024K, 2 young (2048K), 2 survivors (2048K)
 Metaspace       used 112348K, capacity 116691K, committed 116816K, reserved 618496K
  class space    used 14604K, capacity 16272K, committed 16384K, reserved 516096K
}
Event: 259.698 GC heap before
{Heap before GC invocations=110 (full 0):
 garbage-first heap   total 239616K, used 211279K [0x0000000080000000, 0x0000000100000000)
  region size 1024K, 11 young (11264K), 2 survivors (2048K)
 Metaspace       used 112387K, capacity 116696K, committed 116816K, reserved 618496K
  class space    used 14606K, capacity 16273K, committed 16384K, reserved 516096K
}
Event: 259.718 GC heap after
{Heap after GC invocations=111 (full 0):
 garbage-first heap   total 239616K, used 202993K [0x0000000080000000, 0x0000000100000000)
  region size 1024K, 2 young (2048K), 2 survivors (2048K)
 Metaspace       used 112387K, capacity 116696K, committed 116816K, reserved 618496K
  class space    used 14606K, capacity 16273K, committed 16384K, reserved 516096K
}
Event: 260.225 GC heap before
{Heap before GC invocations=111 (full 0):
 garbage-first heap   total 239616K, used 212209K [0x0000000080000000, 0x0000000100000000)
  region size 1024K, 11 young (11264K), 2 survivors (2048K)
 Metaspace       used 112495K, capacity 116788K, committed 117072K, reserved 618496K
  class space    used 14621K, capacity 16282K, committed 16384K, reserved 516096K
}
Event: 260.244 GC heap after
{Heap after GC invocations=112 (full 0):
 garbage-first heap   total 239616K, used 203770K [0x0000000080000000, 0x0000000100000000)
  region size 1024K, 2 young (2048K), 2 survivors (2048K)
 Metaspace       used 112495K, capacity 116788K, committed 117072K, reserved 618496K
  class space    used 14621K, capacity 16282K, committed 16384K, reserved 516096K
}
Event: 261.460 GC heap before
{Heap before GC invocations=112 (full 0):
 garbage-first heap   total 239616K, used 211962K [0x0000000080000000, 0x0000000100000000)
  region size 1024K, 11 young (11264K), 2 survivors (2048K)
 Metaspace       used 112907K, capacity 117275K, committed 117328K, reserved 618496K
  class space    used 14680K, capacity 16376K, committed 16384K, reserved 516096K
}
Event: 261.486 GC heap after
{Heap after GC invocations=113 (full 0):
 garbage-first heap   total 239616K, used 204855K [0x0000000080000000, 0x0000000100000000)
  region size 1024K, 2 young (2048K), 2 survivors (2048K)
 Metaspace       used 112907K, capacity 117275K, committed 117328K, reserved 618496K
  class space    used 14680K, capacity 16376K, committed 16384K, reserved 516096K
}
Event: 262.717 GC heap before
{Heap before GC invocations=113 (full 0):
 garbage-first heap   total 239616K, used 213047K [0x0000000080000000, 0x0000000100000000)
  region size 1024K, 11 young (11264K), 2 survivors (2048K)
 Metaspace       used 112977K, capacity 117356K, committed 117584K, reserved 618496K
  class space    used 14683K, capacity 16381K, committed 16384K, reserved 516096K
}
Event: 262.745 GC heap after
{Heap after GC invocations=114 (full 0):
 garbage-first heap   total 239616K, used 205861K [0x0000000080000000, 0x0000000100000000)
  region size 1024K, 2 young (2048K), 2 survivors (2048K)
 Metaspace       used 112977K, capacity 117356K, committed 117584K, reserved 618496K
  class space    used 14683K, capacity 16381K, committed 16384K, reserved 516096K
}
Event: 263.557 GC heap before
{Heap before GC invocations=114 (full 0):
 garbage-first heap   total 239616K, used 215077K [0x0000000080000000, 0x0000000100000000)
  region size 1024K, 11 young (11264K), 2 survivors (2048K)
 Metaspace       used 113058K, capacity 117425K, committed 117584K, reserved 618496K
  class space    used 14683K, capacity 16381K, committed 16384K, reserved 516096K
}
Event: 263.580 GC heap after
{Heap after GC invocations=115 (full 0):
 garbage-first heap   total 239616K, used 206717K [0x0000000080000000, 0x0000000100000000)
  region size 1024K, 2 young (2048K), 2 survivors (2048K)
 Metaspace       used 113058K, capacity 117425K, committed 117584K, reserved 618496K
  class space    used 14683K, capacity 16381K, committed 16384K, reserved 516096K
}
Event: 264.392 GC heap before
{Heap before GC invocations=115 (full 0):
 garbage-first heap   total 239616K, used 214909K [0x0000000080000000, 0x0000000100000000)
  region size 1024K, 11 young (11264K), 2 survivors (2048K)
 Metaspace       used 113105K, capacity 117434K, committed 117584K, reserved 618496K
  class space    used 14685K, capacity 16383K, committed 16384K, reserved 516096K
}
Event: 264.428 GC heap after
{Heap after GC invocations=116 (full 0):
 garbage-first heap   total 287744K, used 207488K [0x0000000080000000, 0x0000000100000000)
  region size 1024K, 2 young (2048K), 2 survivors (2048K)
 Metaspace       used 113105K, capacity 117434K, committed 117584K, reserved 618496K
  class space    used 14685K, capacity 16383K, committed 16384K, reserved 516096K
}

Deoptimization events (20 events):
Event: 261.521 Thread 0x000002b400d3c000 DEOPT PACKING pc=0x000002b46d766cf0 sp=0x000000e8e70fe280
Event: 261.521 Thread 0x000002b400d3c000 DEOPT UNPACKING pc=0x000002b4653aa1af sp=0x000000e8e70fe200 mode 2
Event: 261.852 Thread 0x000002b47ce37000 DEOPT PACKING pc=0x000002b467526ec4 sp=0x000000e8e61fcc30
Event: 261.852 Thread 0x000002b47ce37000 DEOPT UNPACKING pc=0x000002b4653aa95e sp=0x000000e8e61fc1d0 mode 0
Event: 262.297 Thread 0x000002b47ce37000 DEOPT PACKING pc=0x000002b467526ec4 sp=0x000000e8e61fcc30
Event: 262.297 Thread 0x000002b47ce37000 DEOPT UNPACKING pc=0x000002b4653aa95e sp=0x000000e8e61fc1d0 mode 0
Event: 262.752 Thread 0x000002b400d36800 DEOPT PACKING pc=0x000002b467526ec4 sp=0x000000e8e67fd990
Event: 262.752 Thread 0x000002b400d36800 DEOPT UNPACKING pc=0x000002b4653aa95e sp=0x000000e8e67fcf30 mode 0
Event: 263.097 Thread 0x000002b400d36800 DEOPT PACKING pc=0x000002b467526ec4 sp=0x000000e8e67fbef0
Event: 263.097 Thread 0x000002b400d36800 DEOPT UNPACKING pc=0x000002b4653aa95e sp=0x000000e8e67fb490 mode 0
Event: 263.352 Thread 0x000002b47d90f800 DEOPT PACKING pc=0x000002b467526ec4 sp=0x000000e8e90fb4e0
Event: 263.352 Thread 0x000002b47d90f800 DEOPT UNPACKING pc=0x000002b4653aa95e sp=0x000000e8e90faa80 mode 0
Event: 263.929 Thread 0x000002b47ce39000 DEOPT PACKING pc=0x000002b467526ec4 sp=0x000000e8e64fd770
Event: 263.929 Thread 0x000002b47ce39000 DEOPT UNPACKING pc=0x000002b4653aa95e sp=0x000000e8e64fcd10 mode 0
Event: 264.145 Thread 0x000002b400d2d800 DEOPT PACKING pc=0x000002b467526ec4 sp=0x000000e8e89fca40
Event: 264.146 Thread 0x000002b400d2d800 DEOPT UNPACKING pc=0x000002b4653aa95e sp=0x000000e8e89fbfe0 mode 0
Event: 264.788 Thread 0x000002b400d2b000 Uncommon trap: trap_request=0xffffff7e fr.pc=0x000002b46d86a020 relative=0x0000000000000e40
Event: 264.788 Thread 0x000002b400d2b000 Uncommon trap: reason=predicate action=maybe_recompile pc=0x000002b46d86a020 method=com.google.common.collect.RegularImmutableMap.fromEntryArray(I[Ljava/util/Map$Entry;)Lcom/google/common/collect/ImmutableMap; @ 59 c2
Event: 264.788 Thread 0x000002b400d2b000 DEOPT PACKING pc=0x000002b46d86a020 sp=0x000000e8e83fd8f0
Event: 264.788 Thread 0x000002b400d2b000 DEOPT UNPACKING pc=0x000002b4653aa1af sp=0x000000e8e83fd840 mode 2

Classes redefined (0 events):
No events

Internal exceptions (20 events):
Event: 232.329 Thread 0x000002b47d400800 Exception <a 'sun/nio/fs/WindowsException'{0x000000008e95dba8}> (0x000000008e95dba8) thrown at [./src/hotspot/share/prims/jni.cpp, line 617]
Event: 232.330 Thread 0x000002b47d400800 Exception <a 'sun/nio/fs/WindowsException'{0x000000008e95ef80}> (0x000000008e95ef80) thrown at [./src/hotspot/share/prims/jni.cpp, line 617]
Event: 235.469 Thread 0x000002b47bc0c800 Implicit null exception at 0x000002b46d4aa6ad to 0x000002b46d4aadcc
Event: 236.670 Thread 0x000002b47d400800 Implicit null exception at 0x000002b46d678130 to 0x000002b46d6781f0
Event: 236.816 Thread 0x000002b47d400800 Implicit null exception at 0x000002b46d678f07 to 0x000002b46d678fe7
Event: 240.404 Thread 0x000002b47d400800 Implicit null exception at 0x000002b46d34b474 to 0x000002b46d34ba9c
Event: 242.058 Thread 0x000002b47d400800 Exception <a 'sun/nio/fs/WindowsException'{0x000000008da46b08}> (0x000000008da46b08) thrown at [./src/hotspot/share/prims/jni.cpp, line 617]
Event: 246.530 Thread 0x000002b47d400800 Exception <a 'sun/nio/fs/WindowsException'{0x000000008e134128}> (0x000000008e134128) thrown at [./src/hotspot/share/prims/jni.cpp, line 617]
Event: 246.531 Thread 0x000002b47d400800 Exception <a 'sun/nio/fs/WindowsException'{0x000000008e1354b0}> (0x000000008e1354b0) thrown at [./src/hotspot/share/prims/jni.cpp, line 617]
Event: 246.532 Thread 0x000002b47d400800 Exception <a 'sun/nio/fs/WindowsException'{0x000000008e136888}> (0x000000008e136888) thrown at [./src/hotspot/share/prims/jni.cpp, line 617]
Event: 246.534 Thread 0x000002b47d400800 Exception <a 'sun/nio/fs/WindowsException'{0x000000008e137c60}> (0x000000008e137c60) thrown at [./src/hotspot/share/prims/jni.cpp, line 617]
Event: 255.045 Thread 0x000002b47d400800 Implicit null exception at 0x000002b46d679d8f to 0x000002b46d67a5c4
Event: 257.374 Thread 0x000002b47d400800 Implicit null exception at 0x000002b46d5d27ec to 0x000002b46d5d2a38
Event: 260.794 Thread 0x000002b47d400800 Implicit null exception at 0x000002b46d6a06f9 to 0x000002b46d6a0e58
Event: 260.882 Thread 0x000002b400d24800 Exception <a 'java/lang/NoSuchMethodError'{0x000000008e664758}: 'void java.lang.invoke.DirectMethodHandle$Holder.invokeStatic(java.lang.Object, java.lang.Object, java.lang.Object, java.lang.Object, int, java.lang.Object, java.lang.Object)'> (0x000000008e664758) thrown at [./src/hotspot/share/interpreter/linkResolver.cpp, line 773]
Event: 261.153 Thread 0x000002b400d3a000 Exception <a 'java/lang/NoSuchMethodError'{0x000000008e4e37c0}: 'java.lang.Object java.lang.invoke.DirectMethodHandle$Holder.invokeSpecialIFC(java.lang.Object, java.lang.Object, java.lang.Object)'> (0x000000008e4e37c0) thrown at [./src/hotspot/share/interpreter/linkResolver.cpp, line 773]
Event: 261.153 Thread 0x000002b47ce3a000 Exception <a 'java/lang/NoSuchMethodError'{0x000000008e4e4ad0}: 'java.lang.Object java.lang.invoke.DirectMethodHandle$Holder.invokeSpecialIFC(java.lang.Object, java.lang.Object, java.lang.Object)'> (0x000000008e4e4ad0) thrown at [./src/hotspot/share/interpreter/linkResolver.cpp, line 773]
Event: 261.154 Thread 0x000002b400d3c000 Exception <a 'java/lang/NoSuchMethodError'{0x000000008e4e4750}: 'java.lang.Object java.lang.invoke.DirectMethodHandle$Holder.invokeSpecialIFC(java.lang.Object, java.lang.Object, java.lang.Object)'> (0x000000008e4e4750) thrown at [./src/hotspot/share/interpreter/linkResolver.cpp, line 773]
Event: 261.547 Thread 0x000002b47ce3a000 Exception <a 'java/lang/NoSuchMethodError'{0x000000008e9d5aa8}: 'void java.lang.invoke.DirectMethodHandle$Holder.invokeVirtual(java.lang.Object, java.lang.Object)'> (0x000000008e9d5aa8) thrown at [./src/hotspot/share/interpreter/linkResolver.cpp, line 773]
Event: 261.548 Thread 0x000002b400d3a000 Exception <a 'java/lang/NoSuchMethodError'{0x000000008e9cf718}: 'void java.lang.invoke.DirectMethodHandle$Holder.invokeVirtual(java.lang.Object, java.lang.Object)'> (0x000000008e9cf718) thrown at [./src/hotspot/share/interpreter/linkResolver.cpp, line 773]

Events (20 events):
Event: 264.067 loading class org/gradle/api/internal/artifacts/transform/TransformingAsyncArtifactListener$TransformedArtifact
Event: 264.067 loading class org/gradle/api/internal/artifacts/transform/TransformingAsyncArtifactListener$TransformedArtifact done
Event: 264.068 loading class org/gradle/api/internal/artifacts/ivyservice/resolveengine/artifact/ArtifactVisitor
Event: 264.068 loading class org/gradle/api/internal/artifacts/ivyservice/resolveengine/artifact/ArtifactVisitor done
Event: 264.069 loading class org/gradle/api/internal/artifacts/transform/TransformingAsyncArtifactListener$TransformedArtifact
Event: 264.069 loading class org/gradle/api/internal/artifacts/transform/TransformingAsyncArtifactListener$TransformedArtifact done
Event: 264.075 Thread 0x000002b400806800 Thread added: 0x000002b400806800
Event: 264.227 Executing VM operation: RevokeBias
Event: 264.229 Executing VM operation: RevokeBias done
Event: 264.391 Executing VM operation: G1CollectForAllocation
Event: 264.428 Executing VM operation: G1CollectForAllocation done
Event: 264.488 Executing VM operation: RevokeBias
Event: 264.491 Executing VM operation: RevokeBias done
Event: 264.622 loading class org/gradle/api/internal/file/FileCollectionFactory
Event: 264.622 loading class org/gradle/api/internal/file/FileCollectionFactory done
Event: 264.623 loading class org/gradle/api/file/FileCollection
Event: 264.623 loading class org/gradle/api/file/FileCollection done
Event: 264.623 loading class org/gradle/api/internal/file/FileCollectionFactory
Event: 264.623 loading class org/gradle/api/internal/file/FileCollectionFactory done
Event: 265.755 Thread 0x000002b47d90d000 Thread added: 0x000002b47d90d000


Dynamic libraries:
0x00007ff7d8f90000 - 0x00007ff7d8f9d000 	C:\Program Files\Java\jdk-11.0.18+10\bin\java.exe
0x00007ffc8f250000 - 0x00007ffc8f448000 	C:\WINDOWS\SYSTEM32\ntdll.dll
0x00007ffc8d3a0000 - 0x00007ffc8d45f000 	C:\WINDOWS\System32\KERNEL32.DLL
0x00007ffc8cbb0000 - 0x00007ffc8cea6000 	C:\WINDOWS\System32\KERNELBASE.dll
0x00007ffc8cfb0000 - 0x00007ffc8d0b0000 	C:\WINDOWS\System32\ucrtbase.dll
0x00007ffc87b00000 - 0x00007ffc87b17000 	C:\Program Files\Java\jdk-11.0.18+10\bin\jli.dll
0x00007ffc87e00000 - 0x00007ffc87e15000 	C:\Program Files\Java\jdk-11.0.18+10\bin\VCRUNTIME140.dll
0x00007ffc8e960000 - 0x00007ffc8eafd000 	C:\WINDOWS\System32\USER32.dll
0x00007ffc8d2c0000 - 0x00007ffc8d2e2000 	C:\WINDOWS\System32\win32u.dll
0x00007ffc8e150000 - 0x00007ffc8e17c000 	C:\WINDOWS\System32\GDI32.dll
0x00007ffc8d1a0000 - 0x00007ffc8d2b5000 	C:\WINDOWS\System32\gdi32full.dll
0x00007ffc8d100000 - 0x00007ffc8d19d000 	C:\WINDOWS\System32\msvcp_win.dll
0x00007ffc79970000 - 0x00007ffc79c0a000 	C:\WINDOWS\WinSxS\amd64_microsoft.windows.common-controls_6595b64144ccf1df_6.0.19041.1110_none_60b5254171f9507e\COMCTL32.dll
0x00007ffc8dd90000 - 0x00007ffc8de2e000 	C:\WINDOWS\System32\msvcrt.dll
0x00007ffc8dd60000 - 0x00007ffc8dd90000 	C:\WINDOWS\System32\IMM32.DLL
0x00007ffc747a0000 - 0x00007ffc7483b000 	C:\Program Files\Java\jdk-11.0.18+10\bin\msvcp140.dll
0x00007ffc2f080000 - 0x00007ffc2fc12000 	C:\Program Files\Java\jdk-11.0.18+10\bin\server\jvm.dll
0x00007ffc8dbe0000 - 0x00007ffc8dc8f000 	C:\WINDOWS\System32\ADVAPI32.dll
0x00007ffc8d870000 - 0x00007ffc8d90c000 	C:\WINDOWS\System32\sechost.dll
0x00007ffc8da40000 - 0x00007ffc8db66000 	C:\WINDOWS\System32\RPCRT4.dll
0x00007ffc8e950000 - 0x00007ffc8e958000 	C:\WINDOWS\System32\PSAPI.DLL
0x00007ffc8af40000 - 0x00007ffc8af49000 	C:\WINDOWS\SYSTEM32\WSOCK32.dll
0x00007ffc7b920000 - 0x00007ffc7b947000 	C:\WINDOWS\SYSTEM32\WINMM.dll
0x00007ffc8db70000 - 0x00007ffc8dbdb000 	C:\WINDOWS\System32\WS2_32.dll
0x00007ffc8b170000 - 0x00007ffc8b17a000 	C:\WINDOWS\SYSTEM32\VERSION.dll
0x00007ffc8b270000 - 0x00007ffc8b282000 	C:\WINDOWS\SYSTEM32\kernel.appcore.dll
0x00007ffc89c20000 - 0x00007ffc89c30000 	C:\Program Files\Java\jdk-11.0.18+10\bin\verify.dll
0x00007ffc7c0b0000 - 0x00007ffc7c294000 	C:\WINDOWS\SYSTEM32\DBGHELP.DLL
0x00007ffc7ba50000 - 0x00007ffc7ba84000 	C:\WINDOWS\SYSTEM32\dbgcore.DLL
0x00007ffc8ceb0000 - 0x00007ffc8cf32000 	C:\WINDOWS\System32\bcryptPrimitives.dll
0x00007ffc87110000 - 0x00007ffc87138000 	C:\Program Files\Java\jdk-11.0.18+10\bin\java.dll
0x00007ffc87100000 - 0x00007ffc8710a000 	C:\Program Files\Java\jdk-11.0.18+10\bin\jimage.dll
0x00007ffc870e0000 - 0x00007ffc870f8000 	C:\Program Files\Java\jdk-11.0.18+10\bin\zip.dll
0x00007ffc8e200000 - 0x00007ffc8e944000 	C:\WINDOWS\System32\SHELL32.dll
0x00007ffc8a730000 - 0x00007ffc8aec3000 	C:\WINDOWS\SYSTEM32\windows.storage.dll
0x00007ffc8d460000 - 0x00007ffc8d7b4000 	C:\WINDOWS\System32\combase.dll
0x00007ffc8c3a0000 - 0x00007ffc8c3ce000 	C:\WINDOWS\SYSTEM32\Wldp.dll
0x00007ffc8de30000 - 0x00007ffc8dedd000 	C:\WINDOWS\System32\SHCORE.dll
0x00007ffc8e090000 - 0x00007ffc8e0e5000 	C:\WINDOWS\System32\shlwapi.dll
0x00007ffc8c960000 - 0x00007ffc8c97f000 	C:\WINDOWS\SYSTEM32\profapi.dll
0x00007ffc84cd0000 - 0x00007ffc84ce9000 	C:\Program Files\Java\jdk-11.0.18+10\bin\net.dll
0x00007ffc862c0000 - 0x00007ffc863ca000 	C:\WINDOWS\SYSTEM32\WINHTTP.dll
0x00007ffc8c100000 - 0x00007ffc8c16a000 	C:\WINDOWS\system32\mswsock.dll
0x00007ffc7f190000 - 0x00007ffc7f1a3000 	C:\Program Files\Java\jdk-11.0.18+10\bin\nio.dll
0x00007ffc7f160000 - 0x00007ffc7f187000 	C:\Users\almeida\.gradle\native\e1d6ef7f7dcc3fd88c89a11ec53ec762bb8ba0a96d01ffa2cd45eb1d1d8dd5c5\windows-amd64\native-platform.dll
0x00007ffc54040000 - 0x00007ffc54184000 	C:\Users\almeida\.gradle\native\0d407fdbe67a94daf76414ababcb853783967236a71b16ec16e742cd7a986fd3\windows-amd64\native-platform-file-events.dll
0x00007ffc870a0000 - 0x00007ffc870a9000 	C:\Program Files\Java\jdk-11.0.18+10\bin\management.dll
0x00007ffc86870000 - 0x00007ffc8687b000 	C:\Program Files\Java\jdk-11.0.18+10\bin\management_ext.dll
0x00007ffc8c2f0000 - 0x00007ffc8c308000 	C:\WINDOWS\SYSTEM32\CRYPTSP.dll
0x00007ffc8ba20000 - 0x00007ffc8ba54000 	C:\WINDOWS\system32\rsaenh.dll
0x00007ffc8cb80000 - 0x00007ffc8cba7000 	C:\WINDOWS\System32\bcrypt.dll
0x00007ffc8c920000 - 0x00007ffc8c94e000 	C:\WINDOWS\SYSTEM32\USERENV.dll
0x00007ffc8c310000 - 0x00007ffc8c31c000 	C:\WINDOWS\SYSTEM32\CRYPTBASE.dll
0x00007ffc8bdf0000 - 0x00007ffc8be2c000 	C:\WINDOWS\SYSTEM32\IPHLPAPI.DLL
0x00007ffc8f1a0000 - 0x00007ffc8f1a8000 	C:\WINDOWS\System32\NSI.dll
0x00007ffc816f0000 - 0x00007ffc81707000 	C:\WINDOWS\SYSTEM32\dhcpcsvc6.DLL
0x00007ffc81640000 - 0x00007ffc8165d000 	C:\WINDOWS\SYSTEM32\dhcpcsvc.DLL
0x00007ffc8be30000 - 0x00007ffc8befb000 	C:\WINDOWS\SYSTEM32\DNSAPI.dll
0x00007ffc85940000 - 0x00007ffc85965000 	C:\Program Files\Java\jdk-11.0.18+10\bin\sunec.dll
0x0000000063560000 - 0x0000000063569000 	C:\Program Files\National Instruments\Shared\mDNS Responder\nimdnsNSP.dll
0x0000000063550000 - 0x000000006355e000 	C:\WINDOWS\SYSTEM32\nimdnsResponder.dll
0x000000006bcc0000 - 0x000000006bd63000 	C:\WINDOWS\WinSxS\amd64_microsoft.vc90.crt_1fc8b3b9a1e18e3b_9.0.30729.9625_none_08e1c10da83fbc83\MSVCR90.dll
0x00007ffc7ead0000 - 0x00007ffc7eada000 	C:\Windows\System32\rasadhlp.dll
0x00007ffc7ed90000 - 0x00007ffc7ee12000 	C:\WINDOWS\System32\fwpuclnt.dll
0x00007ffc870c0000 - 0x00007ffc870ce000 	C:\Program Files\Java\jdk-11.0.18+10\bin\sunmscapi.dll
0x00007ffc8ca20000 - 0x00007ffc8cb7e000 	C:\WINDOWS\System32\CRYPT32.dll
0x00007ffc8c410000 - 0x00007ffc8c438000 	C:\WINDOWS\SYSTEM32\ncrypt.dll
0x00007ffc8c3d0000 - 0x00007ffc8c40b000 	C:\WINDOWS\SYSTEM32\NTASN1.dll

dbghelp: loaded successfully - version: 4.0.5 - missing functions: none
symbol engine: initialized successfully - sym options: 0x614 - pdb path: .;C:\Program Files\Java\jdk-11.0.18+10\bin;C:\WINDOWS\SYSTEM32;C:\WINDOWS\WinSxS\amd64_microsoft.windows.common-controls_6595b64144ccf1df_6.0.19041.1110_none_60b5254171f9507e;C:\Program Files\Java\jdk-11.0.18+10\bin\server;C:\Users\almeida\.gradle\native\e1d6ef7f7dcc3fd88c89a11ec53ec762bb8ba0a96d01ffa2cd45eb1d1d8dd5c5\windows-amd64;C:\Users\almeida\.gradle\native\0d407fdbe67a94daf76414ababcb853783967236a71b16ec16e742cd7a986fd3\windows-amd64;C:\Program Files\National Instruments\Shared\mDNS Responder;C:\WINDOWS\WinSxS\amd64_microsoft.vc90.crt_1fc8b3b9a1e18e3b_9.0.30729.9625_none_08e1c10da83fbc83

VM Arguments:
jvm_args: -XX:MaxMetaspaceSize=512m --add-opens=java.base/java.util=ALL-UNNAMED --add-opens=java.base/java.lang=ALL-UNNAMED --add-opens=java.base/java.lang.invoke=ALL-UNNAMED --add-opens=java.base/java.util=ALL-UNNAMED --add-opens=java.prefs/java.util.prefs=ALL-UNNAMED --add-opens=java.prefs/java.util.prefs=ALL-UNNAMED --add-opens=java.base/java.nio.charset=ALL-UNNAMED --add-opens=java.base/java.net=ALL-UNNAMED --add-opens=java.base/java.util.concurrent.atomic=ALL-UNNAMED -Xmx2048m -Dfile.encoding=windows-1252 -Duser.country=BR -Duser.language=pt -Duser.variant 
java_command: org.gradle.launcher.daemon.bootstrap.GradleDaemon 7.5.1
java_class_path (initial): C:\Users\almeida\.gradle\wrapper\dists\gradle-7.5.1-all\1ehga6e77gqps5uk2kc5kf1vc\gradle-7.5.1\lib\gradle-launcher-7.5.1.jar
Launcher Type: SUN_STANDARD

[Global flags]
     intx CICompilerCount                          = 3                                         {product} {ergonomic}
   size_t CompressedClassSpaceSize                 = 528482304                                 {product} {ergonomic}
     uint ConcGCThreads                            = 1                                         {product} {ergonomic}
     uint G1ConcRefinementThreads                  = 4                                         {product} {ergonomic}
   size_t G1HeapRegionSize                         = 1048576                                   {product} {ergonomic}
    uintx GCDrainStackTargetSize                   = 64                                        {product} {ergonomic}
   size_t InitialHeapSize                          = 67108864                                  {product} {ergonomic}
   size_t MarkStackSize                            = 4194304                                   {product} {ergonomic}
   size_t MaxHeapSize                              = 2147483648                                {product} {command line}
   size_t MaxMetaspaceSize                         = 536870912                                 {product} {command line}
   size_t MaxNewSize                               = 1287651328                                {product} {ergonomic}
   size_t MinHeapDeltaBytes                        = 1048576                                   {product} {ergonomic}
    uintx NonNMethodCodeHeapSize                   = 5830732                                {pd product} {ergonomic}
    uintx NonProfiledCodeHeapSize                  = 122913754                              {pd product} {ergonomic}
    uintx ProfiledCodeHeapSize                     = 122913754                              {pd product} {ergonomic}
    uintx ReservedCodeCacheSize                    = 251658240                              {pd product} {ergonomic}
     bool SegmentedCodeCache                       = true                                      {product} {ergonomic}
     bool UseCompressedClassPointers               = true                                 {lp64_product} {ergonomic}
     bool UseCompressedOops                        = true                                 {lp64_product} {ergonomic}
     bool UseG1GC                                  = true                                      {product} {ergonomic}
     bool UseLargePagesIndividualAllocation        = false                                  {pd product} {ergonomic}

Logging:
Log output configuration:
 #0: stdout all=warning uptime,level,tags
 #1: stderr all=off uptime,level,tags

Environment Variables:
JAVA_HOME=C:\Program Files\Java\jdk-11.0.18+10
CLASSPATH=C:\source\repos\C.A.P\client\android\\gradle\wrapper\gradle-wrapper.jar
PATH=C:\source\repos\C.A.P\client\android\node_modules\.bin;C:\source\repos\C.A.P\client\node_modules\.bin;C:\source\repos\C.A.P\node_modules\.bin;C:\source\repos\node_modules\.bin;C:\source\node_modules\.bin;C:\node_modules\.bin;C:\Program Files\nodejs;C:\source\repos\C.A.P\client\node_modules\.bin;C:\source\repos\C.A.P\node_modules\.bin;C:\source\repos\node_modules\.bin;C:\source\node_modules\.bin;C:\node_modules\.bin;C:\Program Files\nodejs\node_modules\npm\node_modules\@npmcli\run-script\lib\node-gyp-bin;C:\Program Files\Eclipse Adoptium\jdk-11.0.18.10-hotspot\bin;C:\Program Files\Common Files\Oracle\Java\javapath;C:\WINDOWS\system32;C:\WINDOWS;C:\WINDOWS\System32\Wbem;C:\WINDOWS\System32\WindowsPowerShell\v1.0\;C:\Program Files\dotnet\;C:\WINDOWS\System32\OpenSSH\;C:\Program Files\Git\cmd;C:\Program Files\Microsoft SQL Server\Client SDK\ODBC\170\Tools\Binn\;C:\Windows\Microsoft.NET\Framework64\v4.0.30319;C:\Windows\Microsoft.NET\Framework64\v4.0.30319;C:\Program Files\MySQL\MySQL Server 8.0\bin;C:\ProgramData\chocolatey\bin;C:\Program Files\nodejs\;C:\Program Files (x86)\Yarn\bin\;C:\platform-tools\;C:\Program Files\Azure Data Studio\bin;C:\Program Files (x86)\Microsoft SQL Server\160\DTS\Binn\;C:\Program Files (x86)\Microsoft SQL Server\160\Tools\Binn\;C:\Program Files\Microsoft SQL Server\160\Tools\Binn\;C:\Program Files\Microsoft SQL Server\160\DTS\Binn\;C:\Program Files\MySQL\MySQL Shell 8.0\bin\;C:\Users\almeida\AppData\Local\Microsoft\WindowsApps;C:\Users\THALIS NATHAN\AppData\Roaming\npm;C:\Users\THALIS NATHAN\AppData\Local\Programs\Microsoft VS Code\bin;C:\Users\THALIS NATHAN\AppData\Local\GitHubDesktop\bin;C:\Users\almeida\.dotnet\tools;C:\Users\almeida\AppData\Local\GitHubDesktop\bin;C:\Users\almeida\AppData\Local\Android\Sdk\emulador;C:\Users\almeida\AppData\Local\Android\Sdk\tools;C:\Users\almeida\AppData\Local\Android\Sdk\tools\bin;C:\Users\almeida\AppData\Local\Android\Sdk\platform-tools;C:\Users\almeida\AppData\Local\Yarn\bin;C:\Users\almeida\AppDat
USERNAME=THALIS
OS=Windows_NT
PROCESSOR_IDENTIFIER=Intel64 Family 6 Model 42 Stepping 7, GenuineIntel
TMP=C:\Users\almeida\AppData\Local\Temp
TEMP=C:\Users\almeida\AppData\Local\Temp



---------------  S Y S T E M  ---------------

OS: Windows 10 , 64 bit Build 19041 (10.0.19041.2913)
OS uptime: 0 days 2:42 hours

CPU:total 4 (initial active 4) (2 cores per cpu, 2 threads per core) family 6 model 42 stepping 7 microcode 0x2f, cmov, cx8, fxsr, mmx, sse, sse2, sse3, ssse3, sse4.1, sse4.2, popcnt, avx, aes, clmul, ht, tsc, tscinvbit

Memory: 4k page, system-wide physical 4003M (796M free)
TotalPageFile size 6051M (AvailPageFile size 5M)
current process WorkingSet (physical memory assigned to process): 571M, peak: 577M
current process commit charge ("private bytes"): 654M, peak: 656M

vm_info: OpenJDK 64-Bit Server VM (11.0.18+10-LTS) for windows-amd64 JRE (11.0.18+10-LTS), built on Jan 18 2023 15:56:47 by "MicrosoftCorporation" with MS VC++ 15.9 (VS2017)

END.
