#
# There is insufficient memory for the Java Runtime Environment to continue.
# Native memory allocation (malloc) failed to allocate 2212976 bytes for Chunk::new
# Possible reasons:
#   The system is out of physical RAM or swap space
#   The process is running with CompressedOops enabled, and the Java Heap may be blocking the growth of the native heap
# Possible solutions:
#   Reduce memory load on the system
#   Increase physical memory or swap space
#   Check if swap backing store is full
#   Decrease Java heap size (-Xmx/-Xms)
#   Decrease number of Java threads
#   Decrease Java thread stack sizes (-Xss)
#   Set larger code cache with -XX:ReservedCodeCacheSize=
#   JVM is running with Unscaled Compressed Oops mode in which the Java heap is
#     placed in the first 4GB address space. The Java Heap base address is the
#     maximum limit for the native heap growth. Please use -XX:HeapBaseMinAddress
#     to set the Java Heap base and to place the Java Heap above 4GB virtual address.
# This output file may be truncated or incomplete.
#
#  Out of Memory Error (./src/hotspot/share/memory/arena.cpp:197), pid=8880, tid=9396
#
# JRE version: OpenJDK Runtime Environment Microsoft-7208460 (11.0.18+10) (build 11.0.18+10-LTS)
# Java VM: OpenJDK 64-Bit Server VM Microsoft-7208460 (11.0.18+10-LTS, mixed mode, tiered, compressed oops, g1 gc, windows-amd64)
# No core dump will be written. Minidumps are not enabled by default on client versions of Windows
#

---------------  S U M M A R Y ------------

Command Line: -XX:MaxMetaspaceSize=512m --add-opens=java.base/java.util=ALL-UNNAMED --add-opens=java.base/java.lang=ALL-UNNAMED --add-opens=java.base/java.lang.invoke=ALL-UNNAMED --add-opens=java.base/java.util=ALL-UNNAMED --add-opens=java.prefs/java.util.prefs=ALL-UNNAMED --add-opens=java.prefs/java.util.prefs=ALL-UNNAMED --add-opens=java.base/java.nio.charset=ALL-UNNAMED --add-opens=java.base/java.net=ALL-UNNAMED --add-opens=java.base/java.util.concurrent.atomic=ALL-UNNAMED -Xmx2048m -Dfile.encoding=windows-1252 -Duser.country=BR -Duser.language=pt -Duser.variant org.gradle.launcher.daemon.bootstrap.GradleDaemon 7.5.1

Host: Intel(R) Core(TM) i5-2450M CPU @ 2.50GHz, 4 cores, 3G,  Windows 10 , 64 bit Build 19041 (10.0.19041.2913)
Time: Fri Jun 23 21:47:03 2023 Hora oficial do Brasil elapsed time: 181.743019 seconds (0d 0h 3m 1s)

---------------  T H R E A D  ---------------

Current thread (0x000001961a531800):  JavaThread "C2 CompilerThread1" daemon [_thread_in_native, id=9396, stack(0x00000085e2b00000,0x00000085e2c00000)]


Current CompileTask:
C2: 181743 9668       4       org.gradle.internal.service.DefaultServiceRegistry$SingletonService::get (5 bytes)

Stack: [0x00000085e2b00000,0x00000085e2c00000]
Native frames: (J=compiled Java code, j=interpreted, Vv=VM code, C=native code)
V  [jvm.dll+0x62bf8a]
V  [jvm.dll+0x7b8fb9]
V  [jvm.dll+0x7ba6a8]
V  [jvm.dll+0x7bad83]
V  [jvm.dll+0x250248]
V  [jvm.dll+0xc260c]
V  [jvm.dll+0xc2bcc]
V  [jvm.dll+0x35e182]
V  [jvm.dll+0x32a373]
V  [jvm.dll+0x3296aa]
V  [jvm.dll+0x2093b3]
V  [jvm.dll+0x20850d]
V  [jvm.dll+0x18a4b1]
V  [jvm.dll+0x217eec]
V  [jvm.dll+0x21612b]
V  [jvm.dll+0x77bac0]
V  [jvm.dll+0x7749f4]
V  [jvm.dll+0x62adf5]
C  [ucrtbase.dll+0x21bb2]
C  [KERNEL32.DLL+0x17614]
C  [ntdll.dll+0x526a1]


---------------  P R O C E S S  ---------------

Threads class SMR info:
_java_thread_list=0x000001961749d320, length=86, elements={
0x0000019672fe2800, 0x000001967ef9e800, 0x000001967ef97000, 0x000001967efef000,
0x000001967eff1000, 0x000001967eff2000, 0x000001967f004800, 0x000001967f005800,
0x000001967f00f000, 0x000001967f282800, 0x0000019616af5800, 0x0000019615d08800,
0x0000019615c0f000, 0x00000196165b2800, 0x00000196167e3800, 0x0000019616652000,
0x000001967fb0b800, 0x000001967fb0c000, 0x0000019616351000, 0x000001967f4c9800,
0x000001967f841000, 0x000001967f842800, 0x000001967f83f800, 0x000001967f83e000,
0x000001967f83d000, 0x000001967f83e800, 0x000001967f843800, 0x000001967f842000,
0x000001967f840800, 0x0000019617f35000, 0x0000019617f30000, 0x0000019617f37000,
0x0000019617f31000, 0x0000019617f32000, 0x0000019617f3b800, 0x0000019617f3e000,
0x0000019617f38800, 0x0000019617f3c800, 0x0000019617f3d800, 0x0000019617f3f000,
0x0000019617f3a000, 0x0000019617f39000, 0x0000019617f3b000, 0x000001961b0c2000,
0x000001961b0c5000, 0x000001961b0c7000, 0x000001961b0c6000, 0x000001961b0c1000,
0x000001961b0c3000, 0x000001961b0c7800, 0x000001961b0c8800, 0x000001961b0c9800,
0x000001961b0c3800, 0x000001961b0ca000, 0x000001961b0c4800, 0x000001961b0cf000,
0x000001961b0cd800, 0x000001961b0d0000, 0x000001961b0cb000, 0x000001961b0cb800,
0x000001961b0cc800, 0x000001961b0ce000, 0x000001961aa7c000, 0x000001961aa7d000,
0x000001961aa7f800, 0x000001961aa80000, 0x000001961aa7b000, 0x000001961aa81000,
0x000001961aa7d800, 0x000001961aa83800, 0x000001961aa84000, 0x000001961aa82000,
0x000001961aa7e800, 0x000001961aa89000, 0x000001961aa86800, 0x000001961aa8a000,
0x000001961aa85000, 0x000001961aa87800, 0x000001961aa88800, 0x0000019616927000,
0x0000019616928000, 0x0000019616929800, 0x000001961692c000, 0x000001961692d800,
0x000001961692e800, 0x000001961a531800
}

Java Threads: ( => current thread )
  0x0000019672fe2800 JavaThread "main" [_thread_blocked, id=9248, stack(0x00000085dd700000,0x00000085dd800000)]
  0x000001967ef9e800 JavaThread "Reference Handler" daemon [_thread_blocked, id=2036, stack(0x00000085dde00000,0x00000085ddf00000)]
  0x000001967ef97000 JavaThread "Finalizer" daemon [_thread_blocked, id=11540, stack(0x00000085ddf00000,0x00000085de000000)]
  0x000001967efef000 JavaThread "Signal Dispatcher" daemon [_thread_blocked, id=8408, stack(0x00000085de000000,0x00000085de100000)]
  0x000001967eff1000 JavaThread "Attach Listener" daemon [_thread_blocked, id=11032, stack(0x00000085de100000,0x00000085de200000)]
  0x000001967eff2000 JavaThread "Service Thread" daemon [_thread_blocked, id=12820, stack(0x00000085de200000,0x00000085de300000)]
  0x000001967f004800 JavaThread "C2 CompilerThread0" daemon [_thread_in_native, id=6404, stack(0x00000085de300000,0x00000085de400000)]
  0x000001967f005800 JavaThread "C1 CompilerThread0" daemon [_thread_blocked, id=5828, stack(0x00000085de400000,0x00000085de500000)]
  0x000001967f00f000 JavaThread "Sweeper thread" daemon [_thread_blocked, id=11584, stack(0x00000085de500000,0x00000085de600000)]
  0x000001967f282800 JavaThread "Common-Cleaner" daemon [_thread_blocked, id=1216, stack(0x00000085de600000,0x00000085de700000)]
  0x0000019616af5800 JavaThread "Daemon health stats" [_thread_blocked, id=3340, stack(0x00000085dea00000,0x00000085deb00000)]
  0x0000019615d08800 JavaThread "Incoming local TCP Connector on port 54921" [_thread_in_native, id=2948, stack(0x00000085de900000,0x00000085dea00000)]
  0x0000019615c0f000 JavaThread "Daemon periodic checks" [_thread_blocked, id=1380, stack(0x00000085deb00000,0x00000085dec00000)]
  0x00000196165b2800 JavaThread "Daemon" [_thread_blocked, id=2292, stack(0x00000085dec00000,0x00000085ded00000)]
  0x00000196167e3800 JavaThread "Handler for socket connection from /127.0.0.1:54921 to /127.0.0.1:54922" [_thread_in_native, id=6868, stack(0x00000085ded00000,0x00000085dee00000)]
  0x0000019616652000 JavaThread "Cancel handler" [_thread_blocked, id=6904, stack(0x00000085dee00000,0x00000085def00000)]
  0x000001967fb0b800 JavaThread "Daemon worker" [_thread_in_native, id=6836, stack(0x00000085def00000,0x00000085df000000)]
  0x000001967fb0c000 JavaThread "Asynchronous log dispatcher for DefaultDaemonConnection: socket connection from /127.0.0.1:54921 to /127.0.0.1:54922" [_thread_blocked, id=12564, stack(0x00000085df000000,0x00000085df100000)]
  0x0000019616351000 JavaThread "Stdin handler" [_thread_blocked, id=3248, stack(0x00000085df100000,0x00000085df200000)]
  0x000001967f4c9800 JavaThread "Daemon client event forwarder" [_thread_blocked, id=6824, stack(0x00000085df200000,0x00000085df300000)]
  0x000001967f841000 JavaThread "Cache worker for journal cache (C:\Users\almeida\.gradle\caches\journal-1)" [_thread_blocked, id=9316, stack(0x00000085df300000,0x00000085df400000)]
  0x000001967f842800 JavaThread "File lock request listener" [_thread_in_native, id=12724, stack(0x00000085df600000,0x00000085df700000)]
  0x000001967f83f800 JavaThread "Cache worker for file hash cache (C:\Users\almeida\.gradle\caches\7.5.1\fileHashes)" [_thread_blocked, id=988, stack(0x00000085df700000,0x00000085df800000)]
  0x000001967f83e000 JavaThread "File watcher server" daemon [_thread_in_native, id=10392, stack(0x00000085df900000,0x00000085dfa00000)]
  0x000001967f83d000 JavaThread "File watcher consumer" daemon [_thread_blocked, id=3132, stack(0x00000085dfa00000,0x00000085dfb00000)]
  0x000001967f83e800 JavaThread "Cache worker for checksums cache (C:\source\repos\C.A.P\client\android\.gradle\7.5.1\checksums)" [_thread_blocked, id=13284, stack(0x00000085df800000,0x00000085df900000)]
  0x000001967f843800 JavaThread "Cache worker for cache directory md-rule (C:\Users\almeida\.gradle\caches\7.5.1\md-rule)" [_thread_blocked, id=11132, stack(0x00000085dfb00000,0x00000085dfc00000)]
  0x000001967f842000 JavaThread "Cache worker for file content cache (C:\Users\almeida\.gradle\caches\7.5.1\fileContent)" [_thread_blocked, id=3048, stack(0x00000085dfc00000,0x00000085dfd00000)]
  0x000001967f840800 JavaThread "Cache worker for file hash cache (C:\source\repos\C.A.P\client\android\.gradle\7.5.1\fileHashes)" [_thread_blocked, id=10172, stack(0x00000085dfe00000,0x00000085dff00000)]
  0x0000019617f35000 JavaThread "Cache worker for cache directory md-supplier (C:\Users\almeida\.gradle\caches\7.5.1\md-supplier)" [_thread_blocked, id=7832, stack(0x00000085dff00000,0x00000085e0000000)]
  0x0000019617f30000 JavaThread "Cache worker for execution history cache (C:\Users\almeida\.gradle\caches\7.5.1\executionHistory)" [_thread_blocked, id=2532, stack(0x00000085e0000000,0x00000085e0100000)]
  0x0000019617f37000 JavaThread "jar transforms" [_thread_blocked, id=3604, stack(0x00000085e0300000,0x00000085e0400000)]
  0x0000019617f31000 JavaThread "jar transforms Thread 2" [_thread_blocked, id=11484, stack(0x00000085e0400000,0x00000085e0500000)]
  0x0000019617f32000 JavaThread "jar transforms Thread 3" [_thread_blocked, id=2776, stack(0x00000085e0500000,0x00000085e0600000)]
  0x0000019617f3b800 JavaThread "jar transforms Thread 4" [_thread_blocked, id=8412, stack(0x00000085e0600000,0x00000085e0700000)]
  0x0000019617f3e000 JavaThread "Cache worker for kotlin-dsl (C:\Users\almeida\.gradle\caches\7.5.1\kotlin-dsl)" [_thread_blocked, id=8020, stack(0x00000085dd500000,0x00000085dd600000)]
  0x0000019617f38800 JavaThread "Cache worker for dependencies-accessors (C:\source\repos\C.A.P\client\android\.gradle\7.5.1\dependencies-accessors)" [_thread_blocked, id=2452, stack(0x00000085dd600000,0x00000085dd700000)]
  0x0000019617f3c800 JavaThread "Cache worker for Build Output Cleanup Cache (C:\source\repos\C.A.P\client\node_modules\react-native-gradle-plugin\.gradle\buildOutputCleanup)" [_thread_blocked, id=4400, stack(0x00000085dfd00000,0x00000085dfe00000)]
  0x0000019617f3d800 JavaThread "Unconstrained build operations" [_thread_blocked, id=1540, stack(0x00000085e0700000,0x00000085e0800000)]
  0x0000019617f3f000 JavaThread "Unconstrained build operations Thread 2" [_thread_blocked, id=9284, stack(0x00000085e0800000,0x00000085e0900000)]
  0x0000019617f3a000 JavaThread "Unconstrained build operations Thread 3" [_thread_blocked, id=11656, stack(0x00000085e0900000,0x00000085e0a00000)]
  0x0000019617f39000 JavaThread "Unconstrained build operations Thread 4" [_thread_blocked, id=8572, stack(0x00000085e0a00000,0x00000085e0b00000)]
  0x0000019617f3b000 JavaThread "Unconstrained build operations Thread 5" [_thread_blocked, id=7392, stack(0x00000085e0b00000,0x00000085e0c00000)]
  0x000001961b0c2000 JavaThread "Unconstrained build operations Thread 6" [_thread_blocked, id=4748, stack(0x00000085dd400000,0x00000085dd500000)]
  0x000001961b0c5000 JavaThread "Unconstrained build operations Thread 7" [_thread_blocked, id=9908, stack(0x00000085e0c00000,0x00000085e0d00000)]
  0x000001961b0c7000 JavaThread "Unconstrained build operations Thread 8" [_thread_blocked, id=7132, stack(0x00000085e0d00000,0x00000085e0e00000)]
  0x000001961b0c6000 JavaThread "Unconstrained build operations Thread 9" [_thread_blocked, id=8420, stack(0x00000085e0e00000,0x00000085e0f00000)]
  0x000001961b0c1000 JavaThread "Unconstrained build operations Thread 10" [_thread_blocked, id=9896, stack(0x00000085e0f00000,0x00000085e1000000)]
  0x000001961b0c3000 JavaThread "Unconstrained build operations Thread 11" [_thread_blocked, id=4232, stack(0x00000085e1000000,0x00000085e1100000)]
  0x000001961b0c7800 JavaThread "Unconstrained build operations Thread 12" [_thread_blocked, id=5432, stack(0x00000085e1100000,0x00000085e1200000)]
  0x000001961b0c8800 JavaThread "Unconstrained build operations Thread 13" [_thread_blocked, id=32, stack(0x00000085e1200000,0x00000085e1300000)]
  0x000001961b0c9800 JavaThread "Unconstrained build operations Thread 14" [_thread_blocked, id=12372, stack(0x00000085e1300000,0x00000085e1400000)]
  0x000001961b0c3800 JavaThread "Unconstrained build operations Thread 15" [_thread_blocked, id=11544, stack(0x00000085e1400000,0x00000085e1500000)]
  0x000001961b0ca000 JavaThread "Unconstrained build operations Thread 16" [_thread_blocked, id=10032, stack(0x00000085e1500000,0x00000085e1600000)]
  0x000001961b0c4800 JavaThread "Unconstrained build operations Thread 17" [_thread_blocked, id=10188, stack(0x00000085e1600000,0x00000085e1700000)]
  0x000001961b0cf000 JavaThread "Unconstrained build operations Thread 18" [_thread_blocked, id=13016, stack(0x00000085e1700000,0x00000085e1800000)]
  0x000001961b0cd800 JavaThread "Unconstrained build operations Thread 19" [_thread_blocked, id=808, stack(0x00000085e1800000,0x00000085e1900000)]
  0x000001961b0d0000 JavaThread "Unconstrained build operations Thread 20" [_thread_blocked, id=5580, stack(0x00000085e1900000,0x00000085e1a00000)]
  0x000001961b0cb000 JavaThread "Unconstrained build operations Thread 21" [_thread_blocked, id=11108, stack(0x00000085e1a00000,0x00000085e1b00000)]
  0x000001961b0cb800 JavaThread "Unconstrained build operations Thread 22" [_thread_blocked, id=6668, stack(0x00000085e1b00000,0x00000085e1c00000)]
  0x000001961b0cc800 JavaThread "Unconstrained build operations Thread 23" [_thread_blocked, id=4464, stack(0x00000085e1c00000,0x00000085e1d00000)]
  0x000001961b0ce000 JavaThread "Unconstrained build operations Thread 24" [_thread_blocked, id=6064, stack(0x00000085e1d00000,0x00000085e1e00000)]
  0x000001961aa7c000 JavaThread "Unconstrained build operations Thread 25" [_thread_blocked, id=3608, stack(0x00000085e1e00000,0x00000085e1f00000)]
  0x000001961aa7d000 JavaThread "Unconstrained build operations Thread 26" [_thread_blocked, id=12740, stack(0x00000085e1f00000,0x00000085e2000000)]
  0x000001961aa7f800 JavaThread "Unconstrained build operations Thread 27" [_thread_blocked, id=11608, stack(0x00000085e2000000,0x00000085e2100000)]
  0x000001961aa80000 JavaThread "Unconstrained build operations Thread 28" [_thread_blocked, id=2920, stack(0x00000085e2100000,0x00000085e2200000)]
  0x000001961aa7b000 JavaThread "Unconstrained build operations Thread 29" [_thread_blocked, id=7192, stack(0x00000085e2200000,0x00000085e2300000)]
  0x000001961aa81000 JavaThread "Unconstrained build operations Thread 30" [_thread_blocked, id=6504, stack(0x00000085e2300000,0x00000085e2400000)]
  0x000001961aa7d800 JavaThread "Unconstrained build operations Thread 31" [_thread_blocked, id=2796, stack(0x00000085e2400000,0x00000085e2500000)]
  0x000001961aa83800 JavaThread "Unconstrained build operations Thread 32" [_thread_blocked, id=6012, stack(0x00000085e2500000,0x00000085e2600000)]
  0x000001961aa84000 JavaThread "Unconstrained build operations Thread 33" [_thread_blocked, id=9548, stack(0x00000085e2600000,0x00000085e2700000)]
  0x000001961aa82000 JavaThread "build event listener" [_thread_blocked, id=5316, stack(0x00000085e2700000,0x00000085e2800000)]
  0x000001961aa7e800 JavaThread "Memory manager" [_thread_blocked, id=3504, stack(0x00000085e2900000,0x00000085e2a00000)]
  0x000001961aa89000 JavaThread "Cache worker for Build Output Cleanup Cache (C:\source\repos\C.A.P\client\android\.gradle\buildOutputCleanup)" [_thread_blocked, id=8488, stack(0x00000085e2a00000,0x00000085e2b00000)]
  0x000001961aa86800 JavaThread "Execution worker" [_thread_blocked, id=11312, stack(0x00000085e2c00000,0x00000085e2d00000)]
  0x000001961aa8a000 JavaThread "Execution worker Thread 2" [_thread_blocked, id=760, stack(0x00000085e2d00000,0x00000085e2e00000)]
  0x000001961aa85000 JavaThread "Execution worker Thread 3" [_thread_blocked, id=7376, stack(0x00000085e2e00000,0x00000085e2f00000)]
  0x000001961aa87800 JavaThread "Cache worker for execution history cache (C:\source\repos\C.A.P\client\node_modules\react-native-gradle-plugin\.gradle\7.5.1\executionHistory)" [_thread_blocked, id=7808, stack(0x00000085e2f00000,0x00000085e3000000)]
  0x000001961aa88800 JavaThread "Unconstrained build operations Thread 34" [_thread_blocked, id=8316, stack(0x00000085e3000000,0x00000085e3100000)]
  0x0000019616927000 JavaThread "Unconstrained build operations Thread 35" [_thread_blocked, id=4720, stack(0x00000085e3100000,0x00000085e3200000)]
  0x0000019616928000 JavaThread "Unconstrained build operations Thread 36" [_thread_blocked, id=10740, stack(0x00000085e3200000,0x00000085e3300000)]
  0x0000019616929800 JavaThread "Unconstrained build operations Thread 37" [_thread_blocked, id=9400, stack(0x00000085e3300000,0x00000085e3400000)]
  0x000001961692c000 JavaThread "Unconstrained build operations Thread 38" [_thread_blocked, id=1108, stack(0x00000085e2800000,0x00000085e2900000)]
  0x000001961692d800 JavaThread "Unconstrained build operations Thread 39" [_thread_blocked, id=11316, stack(0x00000085e3400000,0x00000085e3500000)]
  0x000001961692e800 JavaThread "Unconstrained build operations Thread 40" [_thread_blocked, id=2600, stack(0x00000085e3500000,0x00000085e3600000)]
=>0x000001961a531800 JavaThread "C2 CompilerThread1" daemon [_thread_in_native, id=9396, stack(0x00000085e2b00000,0x00000085e2c00000)]

Other Threads:
  0x000001967ef8c000 VMThread "VM Thread" [stack: 0x00000085ddd00000,0x00000085dde00000] [id=9032]
  0x000001967f2af000 WatcherThread [stack: 0x00000085de700000,0x00000085de800000] [id=2932]
  0x0000019672ffa000 GCTaskThread "GC Thread#0" [stack: 0x00000085dd800000,0x00000085dd900000] [id=11460]
  0x000001967f6bb000 GCTaskThread "GC Thread#1" [stack: 0x00000085de800000,0x00000085de900000] [id=7604]
  0x0000019615269000 GCTaskThread "GC Thread#2" [stack: 0x00000085df400000,0x00000085df500000] [id=10836]
  0x0000019616630800 GCTaskThread "GC Thread#3" [stack: 0x00000085df500000,0x00000085df600000] [id=12840]
  0x000001967302f000 ConcurrentGCThread "G1 Main Marker" [stack: 0x00000085dd900000,0x00000085dda00000] [id=4540]
  0x0000019673030000 ConcurrentGCThread "G1 Conc#0" [stack: 0x00000085dda00000,0x00000085ddb00000] [id=13152]
  0x000001967308c000 ConcurrentGCThread "G1 Refine#0" [stack: 0x00000085ddb00000,0x00000085ddc00000] [id=6096]
  0x000001967308d000 ConcurrentGCThread "G1 Young RemSet Sampling" [stack: 0x00000085ddc00000,0x00000085ddd00000] [id=4168]

Threads with active compile tasks:
C2 CompilerThread0   182085 9669   !   4       org.gradle.internal.service.DefaultServiceRegistry$ManagedObjectServiceProvider::getInstance (47 bytes)
C2 CompilerThread1   182085 9668       4       org.gradle.internal.service.DefaultServiceRegistry$SingletonService::get (5 bytes)

VM state:not at safepoint (normal execution)

VM Mutex/Monitor currently owned by a thread: None

Heap address: 0x0000000080000000, size: 2048 MB, Compressed Oops mode: 32-bit
Narrow klass base: 0x0000000000000000, Narrow klass shift: 3
Compressed class space size: 528482304 Address: 0x0000000100000000

Heap:
 garbage-first heap   total 150528K, used 95388K [0x0000000080000000, 0x0000000100000000)
  region size 1024K, 11 young (11264K), 5 survivors (5120K)
 Metaspace       used 89762K, capacity 92265K, committed 92624K, reserved 595968K
  class space    used 11786K, capacity 12823K, committed 12928K, reserved 516096K
Heap Regions: E=young(eden), S=young(survivor), O=old, HS=humongous(starts), HC=humongous(continues), CS=collection set, F=free, A=archive, TAMS=top-at-mark-start (previous, next)
|   0|0x0000000080000000, 0x0000000080100000, 0x0000000080100000|100%|HS|  |TAMS 0x0000000080100000, 0x0000000080000000| Complete 
|   1|0x0000000080100000, 0x0000000080200000, 0x0000000080200000|100%|HC|  |TAMS 0x0000000080200000, 0x0000000080100000| Complete 
|   2|0x0000000080200000, 0x0000000080300000, 0x0000000080300000|100%|HC|  |TAMS 0x0000000080300000, 0x0000000080200000| Complete 
|   3|0x0000000080300000, 0x0000000080400000, 0x0000000080400000|100%| O|  |TAMS 0x0000000080400000, 0x0000000080300000| Updating 
|   4|0x0000000080400000, 0x0000000080500000, 0x0000000080500000|100%| O|  |TAMS 0x0000000080500000, 0x0000000080400000| Updating 
|   5|0x0000000080500000, 0x0000000080600000, 0x0000000080600000|100%| O|  |TAMS 0x0000000080600000, 0x0000000080500000| Updating 
|   6|0x0000000080600000, 0x0000000080700000, 0x0000000080700000|100%| O|  |TAMS 0x0000000080700000, 0x0000000080600000| Updating 
|   7|0x0000000080700000, 0x0000000080800000, 0x0000000080800000|100%| O|  |TAMS 0x0000000080800000, 0x0000000080700000| Updating 
|   8|0x0000000080800000, 0x0000000080900000, 0x0000000080900000|100%| O|  |TAMS 0x0000000080900000, 0x0000000080800000| Updating 
|   9|0x0000000080900000, 0x0000000080a00000, 0x0000000080a00000|100%| O|  |TAMS 0x0000000080a00000, 0x0000000080900000| Updating 
|  10|0x0000000080a00000, 0x0000000080b00000, 0x0000000080b00000|100%| O|  |TAMS 0x0000000080b00000, 0x0000000080a00000| Updating 
|  11|0x0000000080b00000, 0x0000000080c00000, 0x0000000080c00000|100%| O|  |TAMS 0x0000000080c00000, 0x0000000080b00000| Updating 
|  12|0x0000000080c00000, 0x0000000080d00000, 0x0000000080d00000|100%| O|  |TAMS 0x0000000080d00000, 0x0000000080c00000| Updating 
|  13|0x0000000080d00000, 0x0000000080e00000, 0x0000000080e00000|100%| O|  |TAMS 0x0000000080e00000, 0x0000000080d00000| Updating 
|  14|0x0000000080e00000, 0x0000000080f00000, 0x0000000080f00000|100%| O|  |TAMS 0x0000000080f00000, 0x0000000080e00000| Updating 
|  15|0x0000000080f00000, 0x0000000081000000, 0x0000000081000000|100%| O|  |TAMS 0x0000000081000000, 0x0000000080f00000| Updating 
|  16|0x0000000081000000, 0x0000000081100000, 0x0000000081100000|100%| O|  |TAMS 0x0000000081100000, 0x0000000081000000| Updating 
|  17|0x0000000081100000, 0x0000000081200000, 0x0000000081200000|100%| O|  |TAMS 0x0000000081200000, 0x0000000081100000| Updating 
|  18|0x0000000081200000, 0x0000000081300000, 0x0000000081300000|100%| O|  |TAMS 0x0000000081300000, 0x0000000081200000| Updating 
|  19|0x0000000081300000, 0x0000000081400000, 0x0000000081400000|100%| O|  |TAMS 0x0000000081400000, 0x0000000081300000| Updating 
|  20|0x0000000081400000, 0x0000000081500000, 0x0000000081500000|100%| O|  |TAMS 0x0000000081500000, 0x0000000081400000| Updating 
|  21|0x0000000081500000, 0x0000000081600000, 0x0000000081600000|100%| O|  |TAMS 0x0000000081600000, 0x0000000081500000| Updating 
|  22|0x0000000081600000, 0x0000000081700000, 0x0000000081700000|100%| O|  |TAMS 0x0000000081700000, 0x0000000081600000| Updating 
|  23|0x0000000081700000, 0x0000000081800000, 0x0000000081800000|100%| O|  |TAMS 0x0000000081800000, 0x0000000081700000| Updating 
|  24|0x0000000081800000, 0x0000000081900000, 0x0000000081900000|100%| O|  |TAMS 0x0000000081900000, 0x0000000081800000| Updating 
|  25|0x0000000081900000, 0x0000000081a00000, 0x0000000081a00000|100%| O|  |TAMS 0x0000000081a00000, 0x0000000081900000| Updating 
|  26|0x0000000081a00000, 0x0000000081b00000, 0x0000000081b00000|100%| O|  |TAMS 0x0000000081b00000, 0x0000000081a00000| Updating 
|  27|0x0000000081b00000, 0x0000000081c00000, 0x0000000081c00000|100%| O|  |TAMS 0x0000000081c00000, 0x0000000081b00000| Updating 
|  28|0x0000000081c00000, 0x0000000081d00000, 0x0000000081d00000|100%| O|  |TAMS 0x0000000081d00000, 0x0000000081c00000| Updating 
|  29|0x0000000081d00000, 0x0000000081e00000, 0x0000000081e00000|100%| O|  |TAMS 0x0000000081e00000, 0x0000000081d00000| Updating 
|  30|0x0000000081e00000, 0x0000000081f00000, 0x0000000081f00000|100%|HS|  |TAMS 0x0000000081f00000, 0x0000000081e00000| Complete 
|  31|0x0000000081f00000, 0x0000000082000000, 0x0000000082000000|100%| O|  |TAMS 0x0000000082000000, 0x0000000081f00000| Updating 
|  32|0x0000000082000000, 0x0000000082100000, 0x0000000082100000|100%| O|  |TAMS 0x0000000082100000, 0x0000000082000000| Updating 
|  33|0x0000000082100000, 0x0000000082200000, 0x0000000082200000|100%| O|  |TAMS 0x0000000082200000, 0x0000000082100000| Updating 
|  34|0x0000000082200000, 0x0000000082300000, 0x0000000082300000|100%|HS|  |TAMS 0x0000000082300000, 0x0000000082200000| Complete 
|  35|0x0000000082300000, 0x0000000082400000, 0x0000000082400000|100%|HC|  |TAMS 0x0000000082400000, 0x0000000082300000| Complete 
|  36|0x0000000082400000, 0x0000000082500000, 0x0000000082500000|100%|HC|  |TAMS 0x0000000082500000, 0x0000000082400000| Complete 
|  37|0x0000000082500000, 0x0000000082600000, 0x0000000082600000|100%| O|  |TAMS 0x0000000082600000, 0x0000000082500000| Updating 
|  38|0x0000000082600000, 0x0000000082700000, 0x0000000082700000|100%| O|  |TAMS 0x0000000082700000, 0x0000000082600000| Updating 
|  39|0x0000000082700000, 0x0000000082800000, 0x0000000082800000|100%| O|  |TAMS 0x0000000082800000, 0x0000000082700000| Updating 
|  40|0x0000000082800000, 0x0000000082900000, 0x0000000082900000|100%| O|  |TAMS 0x0000000082900000, 0x0000000082800000| Updating 
|  41|0x0000000082900000, 0x0000000082a00000, 0x0000000082a00000|100%| O|  |TAMS 0x0000000082a00000, 0x0000000082900000| Updating 
|  42|0x0000000082a00000, 0x0000000082b00000, 0x0000000082b00000|100%| O|  |TAMS 0x0000000082b00000, 0x0000000082a00000| Updating 
|  43|0x0000000082b00000, 0x0000000082c00000, 0x0000000082c00000|100%| O|  |TAMS 0x0000000082c00000, 0x0000000082b00000| Updating 
|  44|0x0000000082c00000, 0x0000000082d00000, 0x0000000082d00000|100%| O|  |TAMS 0x0000000082d00000, 0x0000000082c00000| Updating 
|  45|0x0000000082d00000, 0x0000000082e00000, 0x0000000082e00000|100%| O|  |TAMS 0x0000000082e00000, 0x0000000082d00000| Updating 
|  46|0x0000000082e00000, 0x0000000082f00000, 0x0000000082f00000|100%| O|  |TAMS 0x0000000082f00000, 0x0000000082e00000| Updating 
|  47|0x0000000082f00000, 0x0000000083000000, 0x0000000083000000|100%| O|  |TAMS 0x0000000083000000, 0x0000000082f00000| Updating 
|  48|0x0000000083000000, 0x0000000083100000, 0x0000000083100000|100%| O|  |TAMS 0x0000000083100000, 0x0000000083000000| Updating 
|  49|0x0000000083100000, 0x0000000083200000, 0x0000000083200000|100%| O|  |TAMS 0x0000000083200000, 0x0000000083100000| Updating 
|  50|0x0000000083200000, 0x0000000083300000, 0x0000000083300000|100%| O|  |TAMS 0x0000000083300000, 0x0000000083200000| Updating 
|  51|0x0000000083300000, 0x0000000083400000, 0x0000000083400000|100%| O|  |TAMS 0x0000000083400000, 0x0000000083300000| Updating 
|  52|0x0000000083400000, 0x0000000083500000, 0x0000000083500000|100%| O|  |TAMS 0x0000000083500000, 0x0000000083400000| Updating 
|  53|0x0000000083500000, 0x0000000083600000, 0x0000000083600000|100%| O|  |TAMS 0x0000000083600000, 0x0000000083500000| Updating 
|  54|0x0000000083600000, 0x0000000083700000, 0x0000000083700000|100%|HS|  |TAMS 0x0000000083700000, 0x0000000083600000| Complete 
|  55|0x0000000083700000, 0x0000000083800000, 0x0000000083800000|100%|HS|  |TAMS 0x0000000083800000, 0x0000000083700000| Complete 
|  56|0x0000000083800000, 0x0000000083900000, 0x0000000083900000|100%|HS|  |TAMS 0x0000000083900000, 0x0000000083800000| Complete 
|  57|0x0000000083900000, 0x0000000083a00000, 0x0000000083a00000|100%| O|  |TAMS 0x0000000083a00000, 0x0000000083900000| Updating 
|  58|0x0000000083a00000, 0x0000000083b00000, 0x0000000083b00000|100%| O|  |TAMS 0x0000000083b00000, 0x0000000083a00000| Updating 
|  59|0x0000000083b00000, 0x0000000083c00000, 0x0000000083c00000|100%| O|  |TAMS 0x0000000083c00000, 0x0000000083b00000| Updating 
|  60|0x0000000083c00000, 0x0000000083d00000, 0x0000000083d00000|100%| O|  |TAMS 0x0000000083d00000, 0x0000000083c00000| Updating 
|  61|0x0000000083d00000, 0x0000000083e00000, 0x0000000083e00000|100%|HS|  |TAMS 0x0000000083e00000, 0x0000000083d00000| Complete 
|  62|0x0000000083e00000, 0x0000000083f00000, 0x0000000083f00000|100%|HC|  |TAMS 0x0000000083f00000, 0x0000000083e00000| Complete 
|  63|0x0000000083f00000, 0x0000000084000000, 0x0000000084000000|100%|HC|  |TAMS 0x0000000084000000, 0x0000000083f00000| Complete 
|  64|0x0000000084000000, 0x0000000084100000, 0x0000000084100000|100%| O|  |TAMS 0x0000000084100000, 0x0000000084000000| Updating 
|  65|0x0000000084100000, 0x0000000084200000, 0x0000000084200000|100%|HS|  |TAMS 0x0000000084200000, 0x0000000084100000| Complete 
|  66|0x0000000084200000, 0x0000000084300000, 0x0000000084300000|100%|HC|  |TAMS 0x0000000084300000, 0x0000000084200000| Complete 
|  67|0x0000000084300000, 0x0000000084400000, 0x0000000084400000|100%| O|  |TAMS 0x0000000084400000, 0x0000000084300000| Updating 
|  68|0x0000000084400000, 0x0000000084500000, 0x0000000084500000|100%| O|  |TAMS 0x0000000084500000, 0x0000000084400000| Updating 
|  69|0x0000000084500000, 0x0000000084600000, 0x0000000084600000|100%| O|  |TAMS 0x0000000084600000, 0x0000000084500000| Updating 
|  70|0x0000000084600000, 0x0000000084700000, 0x0000000084700000|100%| O|  |TAMS 0x0000000084700000, 0x0000000084600000| Updating 
|  71|0x0000000084700000, 0x0000000084800000, 0x0000000084800000|100%| O|  |TAMS 0x0000000084800000, 0x0000000084700000| Updating 
|  72|0x0000000084800000, 0x0000000084900000, 0x0000000084900000|100%| O|  |TAMS 0x0000000084900000, 0x0000000084800000| Updating 
|  73|0x0000000084900000, 0x0000000084a00000, 0x0000000084a00000|100%| O|  |TAMS 0x0000000084a00000, 0x0000000084900000| Updating 
|  74|0x0000000084a00000, 0x0000000084b00000, 0x0000000084b00000|100%| O|  |TAMS 0x0000000084b00000, 0x0000000084a00000| Updating 
|  75|0x0000000084b00000, 0x0000000084c00000, 0x0000000084c00000|100%| O|  |TAMS 0x0000000084c00000, 0x0000000084b00000| Updating 
|  76|0x0000000084c00000, 0x0000000084d00000, 0x0000000084d00000|100%| O|  |TAMS 0x0000000084d00000, 0x0000000084c00000| Updating 
|  77|0x0000000084d00000, 0x0000000084e00000, 0x0000000084e00000|100%| O|  |TAMS 0x0000000084e00000, 0x0000000084d00000| Updating 
|  78|0x0000000084e00000, 0x0000000084f00000, 0x0000000084f00000|100%| O|  |TAMS 0x0000000084f00000, 0x0000000084e00000| Updating 
|  79|0x0000000084f00000, 0x0000000085000000, 0x0000000085000000|100%| O|  |TAMS 0x0000000085000000, 0x0000000084f00000| Updating 
|  80|0x0000000085000000, 0x0000000085100000, 0x0000000085100000|100%| O|  |TAMS 0x0000000085100000, 0x0000000085000000| Updating 
|  81|0x0000000085100000, 0x0000000085200000, 0x0000000085200000|100%| O|  |TAMS 0x0000000085200000, 0x0000000085100000| Updating 
|  82|0x0000000085200000, 0x0000000085300000, 0x0000000085300000|100%| O|  |TAMS 0x0000000085300000, 0x0000000085200000| Updating 
|  83|0x0000000085300000, 0x00000000853b3a00, 0x0000000085400000| 70%| O|  |TAMS 0x00000000853b3a00, 0x0000000085300000| Updating 
|  84|0x0000000085400000, 0x0000000085400000, 0x0000000085500000|  0%| F|  |TAMS 0x0000000085400000, 0x0000000085400000| Untracked 
|  85|0x0000000085500000, 0x0000000085500000, 0x0000000085600000|  0%| F|  |TAMS 0x0000000085500000, 0x0000000085500000| Untracked 
|  86|0x0000000085600000, 0x0000000085600000, 0x0000000085700000|  0%| F|  |TAMS 0x0000000085600000, 0x0000000085600000| Untracked 
|  87|0x0000000085700000, 0x0000000085700000, 0x0000000085800000|  0%| F|  |TAMS 0x0000000085700000, 0x0000000085700000| Untracked 
|  88|0x0000000085800000, 0x0000000085800000, 0x0000000085900000|  0%| F|  |TAMS 0x0000000085800000, 0x0000000085800000| Untracked 
|  89|0x0000000085900000, 0x0000000085900000, 0x0000000085a00000|  0%| F|  |TAMS 0x0000000085900000, 0x0000000085900000| Untracked 
|  90|0x0000000085a00000, 0x0000000085a00000, 0x0000000085b00000|  0%| F|  |TAMS 0x0000000085a00000, 0x0000000085a00000| Untracked 
|  91|0x0000000085b00000, 0x0000000085b00000, 0x0000000085c00000|  0%| F|  |TAMS 0x0000000085b00000, 0x0000000085b00000| Untracked 
|  92|0x0000000085c00000, 0x0000000085c00000, 0x0000000085d00000|  0%| F|  |TAMS 0x0000000085c00000, 0x0000000085c00000| Untracked 
|  93|0x0000000085d00000, 0x0000000085d00000, 0x0000000085e00000|  0%| F|  |TAMS 0x0000000085d00000, 0x0000000085d00000| Untracked 
|  94|0x0000000085e00000, 0x0000000085e00000, 0x0000000085f00000|  0%| F|  |TAMS 0x0000000085e00000, 0x0000000085e00000| Untracked 
|  95|0x0000000085f00000, 0x0000000085f00000, 0x0000000086000000|  0%| F|  |TAMS 0x0000000085f00000, 0x0000000085f00000| Untracked 
|  96|0x0000000086000000, 0x0000000086000000, 0x0000000086100000|  0%| F|  |TAMS 0x0000000086000000, 0x0000000086000000| Untracked 
|  97|0x0000000086100000, 0x0000000086100000, 0x0000000086200000|  0%| F|  |TAMS 0x0000000086100000, 0x0000000086100000| Untracked 
|  98|0x0000000086200000, 0x0000000086200000, 0x0000000086300000|  0%| F|  |TAMS 0x0000000086200000, 0x0000000086200000| Untracked 
|  99|0x0000000086300000, 0x0000000086300000, 0x0000000086400000|  0%| F|  |TAMS 0x0000000086300000, 0x0000000086300000| Untracked 
| 100|0x0000000086400000, 0x0000000086400000, 0x0000000086500000|  0%| F|  |TAMS 0x0000000086400000, 0x0000000086400000| Untracked 
| 101|0x0000000086500000, 0x0000000086500000, 0x0000000086600000|  0%| F|  |TAMS 0x0000000086500000, 0x0000000086500000| Untracked 
| 102|0x0000000086600000, 0x0000000086600000, 0x0000000086700000|  0%| F|  |TAMS 0x0000000086600000, 0x0000000086600000| Untracked 
| 103|0x0000000086700000, 0x0000000086700000, 0x0000000086800000|  0%| F|  |TAMS 0x0000000086700000, 0x0000000086700000| Untracked 
| 104|0x0000000086800000, 0x0000000086800000, 0x0000000086900000|  0%| F|  |TAMS 0x0000000086800000, 0x0000000086800000| Untracked 
| 105|0x0000000086900000, 0x0000000086900000, 0x0000000086a00000|  0%| F|  |TAMS 0x0000000086900000, 0x0000000086900000| Untracked 
| 106|0x0000000086a00000, 0x0000000086a00000, 0x0000000086b00000|  0%| F|  |TAMS 0x0000000086a00000, 0x0000000086a00000| Untracked 
| 107|0x0000000086b00000, 0x0000000086b739e0, 0x0000000086c00000| 45%| S|CS|TAMS 0x0000000086b00000, 0x0000000086b00000| Complete 
| 108|0x0000000086c00000, 0x0000000086d00000, 0x0000000086d00000|100%| S|CS|TAMS 0x0000000086c00000, 0x0000000086c00000| Complete 
| 109|0x0000000086d00000, 0x0000000086e00000, 0x0000000086e00000|100%| S|CS|TAMS 0x0000000086d00000, 0x0000000086d00000| Complete 
| 110|0x0000000086e00000, 0x0000000086f00000, 0x0000000086f00000|100%| S|CS|TAMS 0x0000000086e00000, 0x0000000086e00000| Complete 
| 111|0x0000000086f00000, 0x0000000086f00000, 0x0000000087000000|  0%| F|  |TAMS 0x0000000086f00000, 0x0000000086f00000| Untracked 
| 112|0x0000000087000000, 0x0000000087000000, 0x0000000087100000|  0%| F|  |TAMS 0x0000000087000000, 0x0000000087000000| Untracked 
| 113|0x0000000087100000, 0x0000000087100000, 0x0000000087200000|  0%| F|  |TAMS 0x0000000087100000, 0x0000000087100000| Untracked 
| 114|0x0000000087200000, 0x0000000087200000, 0x0000000087300000|  0%| F|  |TAMS 0x0000000087200000, 0x0000000087200000| Untracked 
| 115|0x0000000087300000, 0x0000000087300000, 0x0000000087400000|  0%| F|  |TAMS 0x0000000087300000, 0x0000000087300000| Untracked 
| 116|0x0000000087400000, 0x0000000087500000, 0x0000000087500000|100%| S|CS|TAMS 0x0000000087400000, 0x0000000087400000| Complete 
| 117|0x0000000087500000, 0x0000000087500000, 0x0000000087600000|  0%| F|  |TAMS 0x0000000087500000, 0x0000000087500000| Untracked 
| 118|0x0000000087600000, 0x0000000087600000, 0x0000000087700000|  0%| F|  |TAMS 0x0000000087600000, 0x0000000087600000| Untracked 
| 119|0x0000000087700000, 0x0000000087700000, 0x0000000087800000|  0%| F|  |TAMS 0x0000000087700000, 0x0000000087700000| Untracked 
| 120|0x0000000087800000, 0x0000000087800000, 0x0000000087900000|  0%| F|  |TAMS 0x0000000087800000, 0x0000000087800000| Untracked 
| 121|0x0000000087900000, 0x0000000087900000, 0x0000000087a00000|  0%| F|  |TAMS 0x0000000087900000, 0x0000000087900000| Untracked 
| 122|0x0000000087a00000, 0x0000000087a00000, 0x0000000087b00000|  0%| F|  |TAMS 0x0000000087a00000, 0x0000000087a00000| Untracked 
| 123|0x0000000087b00000, 0x0000000087b00000, 0x0000000087c00000|  0%| F|  |TAMS 0x0000000087b00000, 0x0000000087b00000| Untracked 
| 124|0x0000000087c00000, 0x0000000087c00000, 0x0000000087d00000|  0%| F|  |TAMS 0x0000000087c00000, 0x0000000087c00000| Untracked 
| 125|0x0000000087d00000, 0x0000000087d00000, 0x0000000087e00000|  0%| F|  |TAMS 0x0000000087d00000, 0x0000000087d00000| Untracked 
| 126|0x0000000087e00000, 0x0000000087e00000, 0x0000000087f00000|  0%| F|  |TAMS 0x0000000087e00000, 0x0000000087e00000| Untracked 
| 127|0x0000000087f00000, 0x0000000087f00000, 0x0000000088000000|  0%| F|  |TAMS 0x0000000087f00000, 0x0000000087f00000| Untracked 
| 128|0x0000000088000000, 0x0000000088000000, 0x0000000088100000|  0%| F|  |TAMS 0x0000000088000000, 0x0000000088000000| Untracked 
| 129|0x0000000088100000, 0x0000000088100000, 0x0000000088200000|  0%| F|  |TAMS 0x0000000088100000, 0x0000000088100000| Untracked 
| 130|0x0000000088200000, 0x0000000088200000, 0x0000000088300000|  0%| F|  |TAMS 0x0000000088200000, 0x0000000088200000| Untracked 
| 131|0x0000000088300000, 0x0000000088300000, 0x0000000088400000|  0%| F|  |TAMS 0x0000000088300000, 0x0000000088300000| Untracked 
| 132|0x0000000088400000, 0x0000000088400000, 0x0000000088500000|  0%| F|  |TAMS 0x0000000088400000, 0x0000000088400000| Untracked 
| 133|0x0000000088500000, 0x0000000088500000, 0x0000000088600000|  0%| F|  |TAMS 0x0000000088500000, 0x0000000088500000| Untracked 
| 134|0x0000000088600000, 0x0000000088600000, 0x0000000088700000|  0%| F|  |TAMS 0x0000000088600000, 0x0000000088600000| Untracked 
| 135|0x0000000088700000, 0x0000000088700000, 0x0000000088800000|  0%| F|  |TAMS 0x0000000088700000, 0x0000000088700000| Untracked 
| 136|0x0000000088800000, 0x0000000088800000, 0x0000000088900000|  0%| F|  |TAMS 0x0000000088800000, 0x0000000088800000| Untracked 
| 137|0x0000000088900000, 0x0000000088900000, 0x0000000088a00000|  0%| F|  |TAMS 0x0000000088900000, 0x0000000088900000| Untracked 
| 138|0x0000000088a00000, 0x0000000088a00000, 0x0000000088b00000|  0%| F|  |TAMS 0x0000000088a00000, 0x0000000088a00000| Untracked 
| 139|0x0000000088b00000, 0x0000000088b00000, 0x0000000088c00000|  0%| F|  |TAMS 0x0000000088b00000, 0x0000000088b00000| Untracked 
| 140|0x0000000088c00000, 0x0000000088c00000, 0x0000000088d00000|  0%| F|  |TAMS 0x0000000088c00000, 0x0000000088c00000| Untracked 
| 141|0x0000000088d00000, 0x0000000088d831d8, 0x0000000088e00000| 51%| E|  |TAMS 0x0000000088d00000, 0x0000000088d00000| Complete 
| 142|0x0000000088e00000, 0x0000000088f00000, 0x0000000088f00000|100%| E|CS|TAMS 0x0000000088e00000, 0x0000000088e00000| Complete 
| 143|0x0000000088f00000, 0x0000000089000000, 0x0000000089000000|100%| E|CS|TAMS 0x0000000088f00000, 0x0000000088f00000| Complete 
| 144|0x0000000089000000, 0x0000000089100000, 0x0000000089100000|100%| E|CS|TAMS 0x0000000089000000, 0x0000000089000000| Complete 
| 145|0x0000000089100000, 0x0000000089200000, 0x0000000089200000|100%| E|CS|TAMS 0x0000000089100000, 0x0000000089100000| Complete 
| 146|0x0000000089200000, 0x0000000089300000, 0x0000000089300000|100%| E|CS|TAMS 0x0000000089200000, 0x0000000089200000| Complete 

Card table byte_map: [0x000001967d9a0000,0x000001967dda0000] _byte_map_base: 0x000001967d5a0000

Marking Bits (Prev, Next): (CMBitMap*) 0x0000019673025ff8, (CMBitMap*) 0x0000019673026030
 Prev Bits: [0x000001960f000000, 0x0000019611000000)
 Next Bits: [0x0000019611000000, 0x0000019613000000)

Polling page: 0x00000196730c0000

Metaspace:

Usage:
  Non-class:     77.64 MB capacity,    76.15 MB ( 98%) used,     1.24 MB (  2%) free+waste,   256.50 KB ( <1%) overhead. 
      Class:     12.52 MB capacity,    11.51 MB ( 92%) used,   915.26 KB (  7%) free+waste,   120.88 KB ( <1%) overhead. 
       Both:     90.17 MB capacity,    87.66 MB ( 97%) used,     2.14 MB (  2%) free+waste,   377.38 KB ( <1%) overhead. 

Virtual space:
  Non-class space:       78.00 MB reserved,      77.83 MB (>99%) committed 
      Class space:      504.00 MB reserved,      12.63 MB (  3%) committed 
             Both:      582.00 MB reserved,      90.45 MB ( 16%) committed 

Chunk freelists:
   Non-Class:  62.00 KB
       Class:  9.00 KB
        Both:  71.00 KB

MaxMetaspaceSize: 512.00 MB
CompressedClassSpaceSize: 504.00 MB
Initial GC threshold: 20.80 MB
Current GC threshold: 150.34 MB
CDS: off

CodeHeap 'non-profiled nmethods': size=120064Kb used=6338Kb max_used=6338Kb free=113725Kb
 bounds [0x0000019607ac0000, 0x0000019608100000, 0x000001960f000000]
CodeHeap 'profiled nmethods': size=120000Kb used=21346Kb max_used=21346Kb free=98653Kb
 bounds [0x0000019600590000, 0x0000019601a70000, 0x0000019607ac0000]
CodeHeap 'non-nmethods': size=5696Kb used=2387Kb max_used=2435Kb free=3309Kb
 bounds [0x0000019600000000, 0x0000019600280000, 0x0000019600590000]
 total_blobs=10501 nmethods=9587 adapters=826
 compilation: enabled
              stopped_count=0, restarted_count=0
 full_count=0

Compilation events (20 events):
Event: 180.896 Thread 0x000001961a531800 nmethod 9675 0x00000196080f0290 code [0x00000196080f0440, 0x00000196080f05d8]
Event: 180.896 Thread 0x000001961a531800 9668       4       org.gradle.internal.service.DefaultServiceRegistry$SingletonService::get (5 bytes)
Event: 180.985 Thread 0x000001967f005800 9707       3       org.gradle.internal.instantiation.generator.AsmBackedClassGenerator$ClassBuilderImpl::addServiceSupport (21 bytes)
Event: 180.989 Thread 0x000001967f005800 nmethod 9707 0x0000019601a61b90 code [0x0000019601a61de0, 0x0000019601a62858]
Event: 180.989 Thread 0x000001967f005800 9708       3       org.gradle.internal.instantiation.generator.AsmBackedClassGenerator$ClassBuilderImpl::addServiceGetter (20 bytes)
Event: 180.991 Thread 0x000001967f005800 nmethod 9708 0x0000019601a62c90 code [0x0000019601a62ea0, 0x0000019601a63478]
Event: 180.991 Thread 0x000001967f005800 9709       3       org.gradle.internal.instantiation.generator.AsmBackedClassGenerator$ClassBuilderImpl$$Lambda$165/0x000000010031dc40::get$Lambda (14 bytes)
Event: 180.992 Thread 0x000001967f005800 nmethod 9709 0x0000019601a63710 code [0x0000019601a638e0, 0x0000019601a63cb8]
Event: 181.063 Thread 0x000001967f005800 9710       3       org.gradle.api.internal.attributes.DefaultImmutableAttributes::<init> (214 bytes)
Event: 181.071 Thread 0x000001967f005800 nmethod 9710 0x0000019601a63e10 code [0x0000019601a641c0, 0x0000019601a65f98]
Event: 181.084 Thread 0x000001967f005800 9711       3       org.gradle.internal.instantiation.generator.AbstractClassGenerator$PropertyMetadata::getGenericType (34 bytes)
Event: 181.089 Thread 0x000001967f005800 nmethod 9711 0x0000019601a66890 code [0x0000019601a66b00, 0x0000019601a67648]
Event: 181.248 Thread 0x000001967f005800 9712       1       com.android.build.gradle.internal.publishing.AndroidArtifacts$ArtifactType::getType (5 bytes)
Event: 181.249 Thread 0x000001967f005800 nmethod 9712 0x00000196080f0710 code [0x00000196080f08c0, 0x00000196080f0978]
Event: 181.260 Thread 0x000001967f005800 9713       3       org.gradle.internal.instantiation.generator.AsmBackedClassGenerator$ClassBuilderImpl::access$1700 (4 bytes)
Event: 181.260 Thread 0x000001967f005800 nmethod 9713 0x0000019601a67990 code [0x0000019601a67b40, 0x0000019601a67c38]
Event: 181.476 Thread 0x000001967f005800 9715       3       org.gradle.api.internal.collections.SortedSetElementSource::iterator (17 bytes)
Event: 181.477 Thread 0x000001967f005800 nmethod 9715 0x0000019601a67d10 code [0x0000019601a67f00, 0x0000019601a682c8]
Event: 181.477 Thread 0x000001967f005800 9716       3       org.gradle.api.internal.collections.DefaultPendingSource::realizePending (26 bytes)
Event: 181.478 Thread 0x000001967f005800 nmethod 9716 0x0000019601a68410 code [0x0000019601a685e0, 0x0000019601a68848]

GC Heap History (20 events):
Event: 120.473 GC heap before
{Heap before GC invocations=43 (full 0):
 garbage-first heap   total 103424K, used 84564K [0x0000000080000000, 0x0000000100000000)
  region size 1024K, 11 young (11264K), 1 survivors (1024K)
 Metaspace       used 74941K, capacity 77303K, committed 77392K, reserved 583680K
  class space    used 9761K, capacity 10716K, committed 10752K, reserved 516096K
}
Event: 120.489 GC heap after
{Heap after GC invocations=44 (full 0):
 garbage-first heap   total 103424K, used 74660K [0x0000000080000000, 0x0000000100000000)
  region size 1024K, 1 young (1024K), 1 survivors (1024K)
 Metaspace       used 74941K, capacity 77303K, committed 77392K, reserved 583680K
  class space    used 9761K, capacity 10716K, committed 10752K, reserved 516096K
}
Event: 121.742 GC heap before
{Heap before GC invocations=45 (full 0):
 garbage-first heap   total 103424K, used 84900K [0x0000000080000000, 0x0000000100000000)
  region size 1024K, 11 young (11264K), 1 survivors (1024K)
 Metaspace       used 76491K, capacity 78810K, committed 79056K, reserved 585728K
  class space    used 9918K, capacity 10877K, committed 10880K, reserved 516096K
}
Event: 121.760 GC heap after
{Heap after GC invocations=46 (full 0):
 garbage-first heap   total 124928K, used 74960K [0x0000000080000000, 0x0000000100000000)
  region size 1024K, 2 young (2048K), 2 survivors (2048K)
 Metaspace       used 76491K, capacity 78810K, committed 79056K, reserved 585728K
  class space    used 9918K, capacity 10877K, committed 10880K, reserved 516096K
}
Event: 124.191 GC heap before
{Heap before GC invocations=46 (full 0):
 garbage-first heap   total 124928K, used 89296K [0x0000000080000000, 0x0000000100000000)
  region size 1024K, 18 young (18432K), 2 survivors (2048K)
 Metaspace       used 79241K, capacity 81617K, committed 81744K, reserved 587776K
  class space    used 10215K, capacity 11171K, committed 11264K, reserved 516096K
}
Event: 124.215 GC heap after
{Heap after GC invocations=47 (full 0):
 garbage-first heap   total 124928K, used 76828K [0x0000000080000000, 0x0000000100000000)
  region size 1024K, 3 young (3072K), 3 survivors (3072K)
 Metaspace       used 79241K, capacity 81617K, committed 81744K, reserved 587776K
  class space    used 10215K, capacity 11171K, committed 11264K, reserved 516096K
}
Event: 125.984 GC heap before
{Heap before GC invocations=48 (full 0):
 garbage-first heap   total 124928K, used 102428K [0x0000000080000000, 0x0000000100000000)
  region size 1024K, 21 young (21504K), 3 survivors (3072K)
 Metaspace       used 79833K, capacity 82185K, committed 82384K, reserved 587776K
  class space    used 10314K, capacity 11271K, committed 11392K, reserved 516096K
}
Event: 126.011 GC heap after
{Heap after GC invocations=49 (full 0):
 garbage-first heap   total 124928K, used 78878K [0x0000000080000000, 0x0000000100000000)
  region size 1024K, 3 young (3072K), 3 survivors (3072K)
 Metaspace       used 79833K, capacity 82185K, committed 82384K, reserved 587776K
  class space    used 10314K, capacity 11271K, committed 11392K, reserved 516096K
}
Event: 128.524 GC heap before
{Heap before GC invocations=49 (full 0):
 garbage-first heap   total 124928K, used 97310K [0x0000000080000000, 0x0000000100000000)
  region size 1024K, 21 young (21504K), 3 survivors (3072K)
 Metaspace       used 81477K, capacity 83804K, committed 84048K, reserved 589824K
  class space    used 10501K, capacity 11467K, committed 11520K, reserved 516096K
}
Event: 128.548 GC heap after
{Heap after GC invocations=50 (full 0):
 garbage-first heap   total 124928K, used 80198K [0x0000000080000000, 0x0000000100000000)
  region size 1024K, 2 young (2048K), 2 survivors (2048K)
 Metaspace       used 81477K, capacity 83804K, committed 84048K, reserved 589824K
  class space    used 10501K, capacity 11467K, committed 11520K, reserved 516096K
}
Event: 130.203 GC heap before
{Heap before GC invocations=51 (full 0):
 garbage-first heap   total 124928K, used 95558K [0x0000000080000000, 0x0000000100000000)
  region size 1024K, 18 young (18432K), 2 survivors (2048K)
 Metaspace       used 82793K, capacity 85065K, committed 85200K, reserved 589824K
  class space    used 10674K, capacity 11630K, committed 11648K, reserved 516096K
}
Event: 130.226 GC heap after
{Heap after GC invocations=52 (full 0):
 garbage-first heap   total 150528K, used 81055K [0x0000000080000000, 0x0000000100000000)
  region size 1024K, 3 young (3072K), 3 survivors (3072K)
 Metaspace       used 82793K, capacity 85065K, committed 85200K, reserved 589824K
  class space    used 10674K, capacity 11630K, committed 11648K, reserved 516096K
}
Event: 132.981 GC heap before
{Heap before GC invocations=53 (full 0):
 garbage-first heap   total 150528K, used 112799K [0x0000000080000000, 0x0000000100000000)
  region size 1024K, 33 young (33792K), 3 survivors (3072K)
 Metaspace       used 83785K, capacity 86135K, committed 86224K, reserved 591872K
  class space    used 10828K, capacity 11815K, committed 11904K, reserved 516096K
}
Event: 133.009 GC heap after
{Heap after GC invocations=54 (full 0):
 garbage-first heap   total 150528K, used 83077K [0x0000000080000000, 0x0000000100000000)
  region size 1024K, 5 young (5120K), 5 survivors (5120K)
 Metaspace       used 83785K, capacity 86135K, committed 86224K, reserved 591872K
  class space    used 10828K, capacity 11815K, committed 11904K, reserved 516096K
}
Event: 135.153 GC heap before
{Heap before GC invocations=54 (full 0):
 garbage-first heap   total 150528K, used 114821K [0x0000000080000000, 0x0000000100000000)
  region size 1024K, 36 young (36864K), 5 survivors (5120K)
 Metaspace       used 84023K, capacity 86504K, committed 86736K, reserved 591872K
  class space    used 10862K, capacity 11898K, committed 11904K, reserved 516096K
}
Event: 135.201 GC heap after
{Heap after GC invocations=55 (full 0):
 garbage-first heap   total 150528K, used 85824K [0x0000000080000000, 0x0000000100000000)
  region size 1024K, 5 young (5120K), 5 survivors (5120K)
 Metaspace       used 84023K, capacity 86504K, committed 86736K, reserved 591872K
  class space    used 10862K, capacity 11898K, committed 11904K, reserved 516096K
}
Event: 177.156 GC heap before
{Heap before GC invocations=56 (full 0):
 garbage-first heap   total 150528K, used 117568K [0x0000000080000000, 0x0000000100000000)
  region size 1024K, 36 young (36864K), 5 survivors (5120K)
 Metaspace       used 85756K, capacity 88234K, committed 88528K, reserved 593920K
  class space    used 11095K, capacity 12105K, committed 12160K, reserved 516096K
}
Event: 177.201 GC heap after
{Heap after GC invocations=57 (full 0):
 garbage-first heap   total 150528K, used 88214K [0x0000000080000000, 0x0000000100000000)
  region size 1024K, 5 young (5120K), 5 survivors (5120K)
 Metaspace       used 85756K, capacity 88234K, committed 88528K, reserved 593920K
  class space    used 11095K, capacity 12105K, committed 12160K, reserved 516096K
}
Event: 181.009 GC heap before
{Heap before GC invocations=57 (full 0):
 garbage-first heap   total 150528K, used 118934K [0x0000000080000000, 0x0000000100000000)
  region size 1024K, 35 young (35840K), 5 survivors (5120K)
 Metaspace       used 89434K, capacity 91933K, committed 91984K, reserved 595968K
  class space    used 11741K, capacity 12756K, committed 12800K, reserved 516096K
}
Event: 181.047 GC heap after
{Heap after GC invocations=58 (full 0):
 garbage-first heap   total 150528K, used 90268K [0x0000000080000000, 0x0000000100000000)
  region size 1024K, 5 young (5120K), 5 survivors (5120K)
 Metaspace       used 89434K, capacity 91933K, committed 91984K, reserved 595968K
  class space    used 11741K, capacity 12756K, committed 12800K, reserved 516096K
}

Deoptimization events (20 events):
Event: 175.530 Thread 0x000001967fb0b800 Uncommon trap: trap_request=0xffffffde fr.pc=0x0000019607e6f708 relative=0x0000000000005a48
Event: 175.530 Thread 0x000001967fb0b800 Uncommon trap: reason=class_check action=maybe_recompile pc=0x0000019607e6f708 method=java.lang.Class.createAnnotationData(I)Ljava/lang/Class$AnnotationData; @ 103 c2
Event: 175.530 Thread 0x000001967fb0b800 DEOPT PACKING pc=0x0000019607e6f708 sp=0x00000085defef0d0
Event: 175.530 Thread 0x000001967fb0b800 DEOPT UNPACKING pc=0x000001960004a1af sp=0x00000085defef058 mode 2
Event: 175.538 Thread 0x000001967fb0b800 Uncommon trap: trap_request=0xffffffde fr.pc=0x0000019607e6f708 relative=0x0000000000005a48
Event: 175.538 Thread 0x000001967fb0b800 Uncommon trap: reason=class_check action=maybe_recompile pc=0x0000019607e6f708 method=java.lang.Class.createAnnotationData(I)Ljava/lang/Class$AnnotationData; @ 103 c2
Event: 175.538 Thread 0x000001967fb0b800 DEOPT PACKING pc=0x0000019607e6f708 sp=0x00000085defef250
Event: 175.538 Thread 0x000001967fb0b800 DEOPT UNPACKING pc=0x000001960004a1af sp=0x00000085defef1d8 mode 2
Event: 178.834 Thread 0x000001967fb0b800 Uncommon trap: trap_request=0xffffff4d fr.pc=0x0000019607e1d1c8 relative=0x0000000000000268
Event: 178.834 Thread 0x000001967fb0b800 Uncommon trap: reason=unstable_if action=reinterpret pc=0x0000019607e1d1c8 method=java.io.WinNTFileSystem.prefixLength(Ljava/lang/String;)I @ 11 c2
Event: 178.834 Thread 0x000001967fb0b800 DEOPT PACKING pc=0x0000019607e1d1c8 sp=0x00000085deff9410
Event: 178.834 Thread 0x000001967fb0b800 DEOPT UNPACKING pc=0x000001960004a1af sp=0x00000085deff9390 mode 2
Event: 180.851 Thread 0x000001967fb0b800 Uncommon trap: trap_request=0xffffffde fr.pc=0x0000019607ebcc50 relative=0x0000000000000f30
Event: 180.852 Thread 0x000001967fb0b800 Uncommon trap: reason=class_check action=maybe_recompile pc=0x0000019607ebcc50 method=org.gradle.internal.instantiation.generator.AbstractClassGenerator$InjectionAnnotationValidator.validateMethod(Ljava/lang/reflect/Method;Lorg/gradle/internal/reflect/Pro
Event: 180.854 Thread 0x000001967fb0b800 DEOPT PACKING pc=0x0000019607ebcc50 sp=0x00000085deff8ba0
Event: 180.854 Thread 0x000001967fb0b800 DEOPT UNPACKING pc=0x000001960004a1af sp=0x00000085deff8b58 mode 2
Event: 181.081 Thread 0x000001967fb0b800 Uncommon trap: trap_request=0xffffffde fr.pc=0x0000019607ebcc50 relative=0x0000000000000f30
Event: 181.081 Thread 0x000001967fb0b800 Uncommon trap: reason=class_check action=maybe_recompile pc=0x0000019607ebcc50 method=org.gradle.internal.instantiation.generator.AbstractClassGenerator$InjectionAnnotationValidator.validateMethod(Ljava/lang/reflect/Method;Lorg/gradle/internal/reflect/Pro
Event: 181.081 Thread 0x000001967fb0b800 DEOPT PACKING pc=0x0000019607ebcc50 sp=0x00000085deff8c20
Event: 181.081 Thread 0x000001967fb0b800 DEOPT UNPACKING pc=0x000001960004a1af sp=0x00000085deff8bd8 mode 2

Classes redefined (0 events):
No events

Internal exceptions (20 events):
Event: 136.497 Thread 0x000001967fb0b800 Exception <a 'java/lang/ClassNotFoundException'{0x0000000088975000}: org/gradle/api/internal/artifacts/configurations/DefaultConfigurationContainer_DecoratedBeanInfo> (0x0000000088975000) thrown at [./src/hotspot/share/classfile/systemDictionary.cpp, line 230]
Event: 136.505 Thread 0x000001967fb0b800 Exception <a 'java/lang/ClassNotFoundException'{0x00000000889bf878}: org/gradle/api/internal/artifacts/configurations/DefaultConfigurationContainerBeanInfo> (0x00000000889bf878) thrown at [./src/hotspot/share/classfile/systemDictionary.cpp, line 230]
Event: 136.511 Thread 0x000001967fb0b800 Exception <a 'java/lang/ClassNotFoundException'{0x00000000889f7c70}: org/gradle/api/internal/AbstractValidatingNamedDomainObjectContainerBeanInfo> (0x00000000889f7c70) thrown at [./src/hotspot/share/classfile/systemDictionary.cpp, line 230]
Event: 136.516 Thread 0x000001967fb0b800 Exception <a 'java/lang/ClassNotFoundException'{0x0000000088830b10}: org/gradle/api/internal/AbstractValidatingNamedDomainObjectContainerCustomizer> (0x0000000088830b10) thrown at [./src/hotspot/share/classfile/systemDictionary.cpp, line 230]
Event: 136.558 Thread 0x000001967fb0b800 Exception <a 'java/lang/ClassNotFoundException'{0x0000000088886320}: org/gradle/api/internal/artifacts/configurations/DefaultConfigurationContainerCustomizer> (0x0000000088886320) thrown at [./src/hotspot/share/classfile/systemDictionary.cpp, line 230]
Event: 136.568 Thread 0x000001967fb0b800 Exception <a 'java/lang/ClassNotFoundException'{0x00000000888e9028}: org/gradle/api/internal/artifacts/configurations/DefaultConfigurationContainer_DecoratedCustomizer> (0x00000000888e9028) thrown at [./src/hotspot/share/classfile/systemDictionary.cpp, line 230]
Event: 175.267 Thread 0x000001967fb0b800 Exception <a 'java/lang/ClassNotFoundException'{0x0000000088451648}: org/gradle/api/DefaultTask_DecoratedBeanInfo> (0x0000000088451648) thrown at [./src/hotspot/share/classfile/systemDictionary.cpp, line 230]
Event: 175.271 Thread 0x000001967fb0b800 Exception <a 'java/lang/ClassNotFoundException'{0x000000008847f7b8}: org/gradle/api/DefaultTask_DecoratedCustomizer> (0x000000008847f7b8) thrown at [./src/hotspot/share/classfile/systemDictionary.cpp, line 230]
Event: 175.364 Thread 0x000001967fb0b800 Exception <a 'java/lang/ClassNotFoundException'{0x000000008839dc70}: com/android/build/gradle/internal/api/DefaultAndroidSourceSet_DecoratedBeanInfo> (0x000000008839dc70) thrown at [./src/hotspot/share/classfile/systemDictionary.cpp, line 230]
Event: 175.368 Thread 0x000001967fb0b800 Exception <a 'java/lang/ClassNotFoundException'{0x00000000883bc7c8}: com/android/build/gradle/internal/api/DefaultAndroidSourceSetBeanInfo> (0x00000000883bc7c8) thrown at [./src/hotspot/share/classfile/systemDictionary.cpp, line 230]
Event: 175.371 Thread 0x000001967fb0b800 Exception <a 'java/lang/ClassNotFoundException'{0x00000000883db5f8}: com/android/build/gradle/internal/api/DefaultAndroidSourceSetCustomizer> (0x00000000883db5f8) thrown at [./src/hotspot/share/classfile/systemDictionary.cpp, line 230]
Event: 175.429 Thread 0x000001967fb0b800 Exception <a 'java/lang/ClassNotFoundException'{0x0000000088252d30}: com/android/build/gradle/internal/api/DefaultAndroidSourceSet_DecoratedCustomizer> (0x0000000088252d30) thrown at [./src/hotspot/share/classfile/systemDictionary.cpp, line 230]
Event: 175.479 Thread 0x000001967fb0b800 Exception <a 'java/lang/ClassNotFoundException'{0x00000000881186b8}: com/android/build/gradle/internal/api/DefaultAndroidSourceDirectorySetBeanInfo> (0x00000000881186b8) thrown at [./src/hotspot/share/classfile/systemDictionary.cpp, line 230]
Event: 175.481 Thread 0x000001967fb0b800 Exception <a 'java/lang/ClassNotFoundException'{0x0000000088139e70}: com/android/build/gradle/internal/api/DefaultAndroidSourceDirectorySetCustomizer> (0x0000000088139e70) thrown at [./src/hotspot/share/classfile/systemDictionary.cpp, line 230]
Event: 175.502 Thread 0x000001967fb0b800 Exception <a 'java/lang/ClassNotFoundException'{0x00000000880673f0}: com/google/common/collect/SingletonImmutableSetBeanInfo> (0x00000000880673f0) thrown at [./src/hotspot/share/classfile/systemDictionary.cpp, line 230]
Event: 175.505 Thread 0x000001967fb0b800 Exception <a 'java/lang/ClassNotFoundException'{0x0000000088083108}: com/google/common/collect/ImmutableSetBeanInfo> (0x0000000088083108) thrown at [./src/hotspot/share/classfile/systemDictionary.cpp, line 230]
Event: 175.507 Thread 0x000001967fb0b800 Exception <a 'java/lang/ClassNotFoundException'{0x00000000880a0078}: com/google/common/collect/ImmutableCollectionBeanInfo> (0x00000000880a0078) thrown at [./src/hotspot/share/classfile/systemDictionary.cpp, line 230]
Event: 175.510 Thread 0x000001967fb0b800 Exception <a 'java/lang/ClassNotFoundException'{0x00000000880bd2d8}: com/google/common/collect/ImmutableCollectionCustomizer> (0x00000000880bd2d8) thrown at [./src/hotspot/share/classfile/systemDictionary.cpp, line 230]
Event: 175.530 Thread 0x000001967fb0b800 Exception <a 'java/lang/ClassNotFoundException'{0x0000000087f1bdb8}: com/google/common/collect/ImmutableSetCustomizer> (0x0000000087f1bdb8) thrown at [./src/hotspot/share/classfile/systemDictionary.cpp, line 230]
Event: 175.538 Thread 0x000001967fb0b800 Exception <a 'java/lang/ClassNotFoundException'{0x0000000087f507b0}: com/google/common/collect/SingletonImmutableSetCustomizer> (0x0000000087f507b0) thrown at [./src/hotspot/share/classfile/systemDictionary.cpp, line 230]

Events (20 events):
Event: 181.404 loading class com/android/build/gradle/internal/api/BaseVariantImpl
Event: 181.404 loading class com/android/build/gradle/internal/api/BaseVariantImpl done
Event: 181.409 loading class com/android/build/gradle/internal/api/TestVariantImpl
Event: 181.409 loading class com/android/build/gradle/internal/api/TestVariantImpl done
Event: 181.410 loading class com/android/build/gradle/internal/api/ApkVariantImpl
Event: 181.410 loading class com/android/build/gradle/internal/api/ApkVariantImpl done
Event: 181.412 loading class com/android/build/gradle/internal/api/InstallableVariantImpl
Event: 181.412 loading class com/android/build/gradle/internal/api/InstallableVariantImpl done
Event: 181.413 loading class com/android/build/gradle/internal/api/AndroidArtifactVariantImpl
Event: 181.413 loading class com/android/build/gradle/internal/api/AndroidArtifactVariantImpl done
Event: 181.416 loading class com/android/build/gradle/internal/api/ApplicationVariantImpl
Event: 181.416 loading class com/android/build/gradle/internal/api/ApplicationVariantImpl done
Event: 181.488 loading class com/android/build/gradle/tasks/ExternalNativeBuildTask
Event: 181.488 loading class com/android/build/gradle/tasks/ExternalNativeBuildTask done
Event: 181.490 loading class com/android/build/gradle/internal/tasks/UnsafeOutputsTask
Event: 181.490 loading class com/android/build/gradle/internal/tasks/UnsafeOutputsTask done
Event: 181.620 loading class com/android/build/gradle/internal/dsl/VariantOutputFactory
Event: 181.620 loading class com/android/build/gradle/internal/dsl/VariantOutputFactory done
Event: 181.622 loading class com/android/build/gradle/internal/api/ApkVariantOutputImpl
Event: 181.622 loading class com/android/build/gradle/internal/api/ApkVariantOutputImpl done


Dynamic libraries:
0x00007ff7d8f90000 - 0x00007ff7d8f9d000 	C:\Program Files\Java\jdk-11.0.18+10\bin\java.exe
0x00007ffc8f250000 - 0x00007ffc8f448000 	C:\WINDOWS\SYSTEM32\ntdll.dll
0x00007ffc8d3a0000 - 0x00007ffc8d45f000 	C:\WINDOWS\System32\KERNEL32.DLL
0x00007ffc8cbb0000 - 0x00007ffc8cea6000 	C:\WINDOWS\System32\KERNELBASE.dll
0x00007ffc8cfb0000 - 0x00007ffc8d0b0000 	C:\WINDOWS\System32\ucrtbase.dll
0x00007ffc87e00000 - 0x00007ffc87e17000 	C:\Program Files\Java\jdk-11.0.18+10\bin\jli.dll
0x00007ffc87b00000 - 0x00007ffc87b15000 	C:\Program Files\Java\jdk-11.0.18+10\bin\VCRUNTIME140.dll
0x00007ffc8e960000 - 0x00007ffc8eafd000 	C:\WINDOWS\System32\USER32.dll
0x00007ffc8d2c0000 - 0x00007ffc8d2e2000 	C:\WINDOWS\System32\win32u.dll
0x00007ffc8e150000 - 0x00007ffc8e17c000 	C:\WINDOWS\System32\GDI32.dll
0x00007ffc8d1a0000 - 0x00007ffc8d2b5000 	C:\WINDOWS\System32\gdi32full.dll
0x00007ffc79970000 - 0x00007ffc79c0a000 	C:\WINDOWS\WinSxS\amd64_microsoft.windows.common-controls_6595b64144ccf1df_6.0.19041.1110_none_60b5254171f9507e\COMCTL32.dll
0x00007ffc8d100000 - 0x00007ffc8d19d000 	C:\WINDOWS\System32\msvcp_win.dll
0x00007ffc8dd90000 - 0x00007ffc8de2e000 	C:\WINDOWS\System32\msvcrt.dll
0x00007ffc8dd60000 - 0x00007ffc8dd90000 	C:\WINDOWS\System32\IMM32.DLL
0x00007ffc870a0000 - 0x00007ffc8713b000 	C:\Program Files\Java\jdk-11.0.18+10\bin\msvcp140.dll
0x00007ffc2f080000 - 0x00007ffc2fc12000 	C:\Program Files\Java\jdk-11.0.18+10\bin\server\jvm.dll
0x00007ffc8dbe0000 - 0x00007ffc8dc8f000 	C:\WINDOWS\System32\ADVAPI32.dll
0x00007ffc8d870000 - 0x00007ffc8d90c000 	C:\WINDOWS\System32\sechost.dll
0x00007ffc8da40000 - 0x00007ffc8db66000 	C:\WINDOWS\System32\RPCRT4.dll
0x00007ffc8e950000 - 0x00007ffc8e958000 	C:\WINDOWS\System32\PSAPI.DLL
0x00007ffc8af40000 - 0x00007ffc8af49000 	C:\WINDOWS\SYSTEM32\WSOCK32.dll
0x00007ffc7b920000 - 0x00007ffc7b947000 	C:\WINDOWS\SYSTEM32\WINMM.dll
0x00007ffc8db70000 - 0x00007ffc8dbdb000 	C:\WINDOWS\System32\WS2_32.dll
0x00007ffc8b170000 - 0x00007ffc8b17a000 	C:\WINDOWS\SYSTEM32\VERSION.dll
0x00007ffc8b270000 - 0x00007ffc8b282000 	C:\WINDOWS\SYSTEM32\kernel.appcore.dll
0x00007ffc89c20000 - 0x00007ffc89c30000 	C:\Program Files\Java\jdk-11.0.18+10\bin\verify.dll
0x00007ffc7c0b0000 - 0x00007ffc7c294000 	C:\WINDOWS\SYSTEM32\DBGHELP.DLL
0x00007ffc7ba50000 - 0x00007ffc7ba84000 	C:\WINDOWS\SYSTEM32\dbgcore.DLL
0x00007ffc8ceb0000 - 0x00007ffc8cf32000 	C:\WINDOWS\System32\bcryptPrimitives.dll
0x00007ffc85940000 - 0x00007ffc85968000 	C:\Program Files\Java\jdk-11.0.18+10\bin\java.dll
0x00007ffc86f80000 - 0x00007ffc86f8a000 	C:\Program Files\Java\jdk-11.0.18+10\bin\jimage.dll
0x00007ffc85920000 - 0x00007ffc85938000 	C:\Program Files\Java\jdk-11.0.18+10\bin\zip.dll
0x00007ffc8e200000 - 0x00007ffc8e944000 	C:\WINDOWS\System32\SHELL32.dll
0x00007ffc8a730000 - 0x00007ffc8aec3000 	C:\WINDOWS\SYSTEM32\windows.storage.dll
0x00007ffc8d460000 - 0x00007ffc8d7b4000 	C:\WINDOWS\System32\combase.dll
0x00007ffc8c3a0000 - 0x00007ffc8c3ce000 	C:\WINDOWS\SYSTEM32\Wldp.dll
0x00007ffc8de30000 - 0x00007ffc8dedd000 	C:\WINDOWS\System32\SHCORE.dll
0x00007ffc8e090000 - 0x00007ffc8e0e5000 	C:\WINDOWS\System32\shlwapi.dll
0x00007ffc8c960000 - 0x00007ffc8c97f000 	C:\WINDOWS\SYSTEM32\profapi.dll
0x00007ffc85900000 - 0x00007ffc85919000 	C:\Program Files\Java\jdk-11.0.18+10\bin\net.dll
0x00007ffc862c0000 - 0x00007ffc863ca000 	C:\WINDOWS\SYSTEM32\WINHTTP.dll
0x00007ffc8c100000 - 0x00007ffc8c16a000 	C:\WINDOWS\system32\mswsock.dll
0x00007ffc84cd0000 - 0x00007ffc84ce3000 	C:\Program Files\Java\jdk-11.0.18+10\bin\nio.dll
0x00007ffc7f0e0000 - 0x00007ffc7f107000 	C:\Users\almeida\.gradle\native\e1d6ef7f7dcc3fd88c89a11ec53ec762bb8ba0a96d01ffa2cd45eb1d1d8dd5c5\windows-amd64\native-platform.dll
0x00007ffc746f0000 - 0x00007ffc74834000 	C:\Users\almeida\.gradle\native\0d407fdbe67a94daf76414ababcb853783967236a71b16ec16e742cd7a986fd3\windows-amd64\native-platform-file-events.dll
0x00007ffc86870000 - 0x00007ffc86879000 	C:\Program Files\Java\jdk-11.0.18+10\bin\management.dll
0x00007ffc858f0000 - 0x00007ffc858fb000 	C:\Program Files\Java\jdk-11.0.18+10\bin\management_ext.dll
0x00007ffc8c2f0000 - 0x00007ffc8c308000 	C:\WINDOWS\SYSTEM32\CRYPTSP.dll
0x00007ffc8ba20000 - 0x00007ffc8ba54000 	C:\WINDOWS\system32\rsaenh.dll
0x00007ffc8cb80000 - 0x00007ffc8cba7000 	C:\WINDOWS\System32\bcrypt.dll
0x00007ffc8c920000 - 0x00007ffc8c94e000 	C:\WINDOWS\SYSTEM32\USERENV.dll
0x00007ffc8c310000 - 0x00007ffc8c31c000 	C:\WINDOWS\SYSTEM32\CRYPTBASE.dll
0x00007ffc8bdf0000 - 0x00007ffc8be2c000 	C:\WINDOWS\SYSTEM32\IPHLPAPI.DLL
0x00007ffc8f1a0000 - 0x00007ffc8f1a8000 	C:\WINDOWS\System32\NSI.dll
0x00007ffc816f0000 - 0x00007ffc81707000 	C:\WINDOWS\SYSTEM32\dhcpcsvc6.DLL
0x00007ffc81640000 - 0x00007ffc8165d000 	C:\WINDOWS\SYSTEM32\dhcpcsvc.DLL
0x00007ffc8be30000 - 0x00007ffc8befb000 	C:\WINDOWS\SYSTEM32\DNSAPI.dll

dbghelp: loaded successfully - version: 4.0.5 - missing functions: none
symbol engine: initialized successfully - sym options: 0x614 - pdb path: .;C:\Program Files\Java\jdk-11.0.18+10\bin;C:\WINDOWS\SYSTEM32;C:\WINDOWS\WinSxS\amd64_microsoft.windows.common-controls_6595b64144ccf1df_6.0.19041.1110_none_60b5254171f9507e;C:\Program Files\Java\jdk-11.0.18+10\bin\server;C:\Users\almeida\.gradle\native\e1d6ef7f7dcc3fd88c89a11ec53ec762bb8ba0a96d01ffa2cd45eb1d1d8dd5c5\windows-amd64;C:\Users\almeida\.gradle\native\0d407fdbe67a94daf76414ababcb853783967236a71b16ec16e742cd7a986fd3\windows-amd64

VM Arguments:
jvm_args: -XX:MaxMetaspaceSize=512m --add-opens=java.base/java.util=ALL-UNNAMED --add-opens=java.base/java.lang=ALL-UNNAMED --add-opens=java.base/java.lang.invoke=ALL-UNNAMED --add-opens=java.base/java.util=ALL-UNNAMED --add-opens=java.prefs/java.util.prefs=ALL-UNNAMED --add-opens=java.prefs/java.util.prefs=ALL-UNNAMED --add-opens=java.base/java.nio.charset=ALL-UNNAMED --add-opens=java.base/java.net=ALL-UNNAMED --add-opens=java.base/java.util.concurrent.atomic=ALL-UNNAMED -Xmx2048m -Dfile.encoding=windows-1252 -Duser.country=BR -Duser.language=pt -Duser.variant 
java_command: org.gradle.launcher.daemon.bootstrap.GradleDaemon 7.5.1
java_class_path (initial): C:\Users\almeida\.gradle\wrapper\dists\gradle-7.5.1-all\1ehga6e77gqps5uk2kc5kf1vc\gradle-7.5.1\lib\gradle-launcher-7.5.1.jar
Launcher Type: SUN_STANDARD

[Global flags]
     intx CICompilerCount                          = 3                                         {product} {ergonomic}
   size_t CompressedClassSpaceSize                 = 528482304                                 {product} {ergonomic}
     uint ConcGCThreads                            = 1                                         {product} {ergonomic}
     uint G1ConcRefinementThreads                  = 4                                         {product} {ergonomic}
   size_t G1HeapRegionSize                         = 1048576                                   {product} {ergonomic}
    uintx GCDrainStackTargetSize                   = 64                                        {product} {ergonomic}
   size_t InitialHeapSize                          = 67108864                                  {product} {ergonomic}
   size_t MarkStackSize                            = 4194304                                   {product} {ergonomic}
   size_t MaxHeapSize                              = 2147483648                                {product} {command line}
   size_t MaxMetaspaceSize                         = 536870912                                 {product} {command line}
   size_t MaxNewSize                               = 1287651328                                {product} {ergonomic}
   size_t MinHeapDeltaBytes                        = 1048576                                   {product} {ergonomic}
    uintx NonNMethodCodeHeapSize                   = 5830732                                {pd product} {ergonomic}
    uintx NonProfiledCodeHeapSize                  = 122913754                              {pd product} {ergonomic}
    uintx ProfiledCodeHeapSize                     = 122913754                              {pd product} {ergonomic}
    uintx ReservedCodeCacheSize                    = 251658240                              {pd product} {ergonomic}
     bool SegmentedCodeCache                       = true                                      {product} {ergonomic}
     bool UseCompressedClassPointers               = true                                 {lp64_product} {ergonomic}
     bool UseCompressedOops                        = true                                 {lp64_product} {ergonomic}
     bool UseG1GC                                  = true                                      {product} {ergonomic}
     bool UseLargePagesIndividualAllocation        = false                                  {pd product} {ergonomic}

Logging:
Log output configuration:
 #0: stdout all=warning uptime,level,tags
 #1: stderr all=off uptime,level,tags

Environment Variables:
JAVA_HOME=C:\Program Files\Java\jdk-11.0.18+10
CLASSPATH=C:\source\repos\C.A.P\client\android\\gradle\wrapper\gradle-wrapper.jar
PATH=C:\source\repos\C.A.P\client\android\node_modules\.bin;C:\source\repos\C.A.P\client\node_modules\.bin;C:\source\repos\C.A.P\node_modules\.bin;C:\source\repos\node_modules\.bin;C:\source\node_modules\.bin;C:\node_modules\.bin;C:\Program Files\nodejs;C:\source\repos\C.A.P\client\node_modules\.bin;C:\source\repos\C.A.P\node_modules\.bin;C:\source\repos\node_modules\.bin;C:\source\node_modules\.bin;C:\node_modules\.bin;C:\Program Files\nodejs\node_modules\npm\node_modules\@npmcli\run-script\lib\node-gyp-bin;C:\Program Files\Eclipse Adoptium\jdk-11.0.18.10-hotspot\bin;C:\Program Files\Common Files\Oracle\Java\javapath;C:\WINDOWS\system32;C:\WINDOWS;C:\WINDOWS\System32\Wbem;C:\WINDOWS\System32\WindowsPowerShell\v1.0\;C:\Program Files\dotnet\;C:\WINDOWS\System32\OpenSSH\;C:\Program Files\Git\cmd;C:\Program Files\Microsoft SQL Server\Client SDK\ODBC\170\Tools\Binn\;C:\Windows\Microsoft.NET\Framework64\v4.0.30319;C:\Windows\Microsoft.NET\Framework64\v4.0.30319;C:\Program Files\MySQL\MySQL Server 8.0\bin;C:\ProgramData\chocolatey\bin;C:\Program Files\nodejs\;C:\Program Files (x86)\Yarn\bin\;C:\platform-tools\;C:\Program Files\Azure Data Studio\bin;C:\Program Files (x86)\Microsoft SQL Server\160\DTS\Binn\;C:\Program Files (x86)\Microsoft SQL Server\160\Tools\Binn\;C:\Program Files\Microsoft SQL Server\160\Tools\Binn\;C:\Program Files\Microsoft SQL Server\160\DTS\Binn\;C:\Program Files\MySQL\MySQL Shell 8.0\bin\;C:\Users\almeida\AppData\Local\Microsoft\WindowsApps;C:\Users\THALIS NATHAN\AppData\Roaming\npm;C:\Users\THALIS NATHAN\AppData\Local\Programs\Microsoft VS Code\bin;C:\Users\THALIS NATHAN\AppData\Local\GitHubDesktop\bin;C:\Users\almeida\.dotnet\tools;C:\Users\almeida\AppData\Local\GitHubDesktop\bin;C:\Users\almeida\AppData\Local\Android\Sdk\emulador;C:\Users\almeida\AppData\Local\Android\Sdk\tools;C:\Users\almeida\AppData\Local\Android\Sdk\tools\bin;C:\Users\almeida\AppData\Local\Android\Sdk\platform-tools;C:\Users\almeida\AppData\Local\Yarn\bin;C:\Users\almeida\AppDat
USERNAME=THALIS
OS=Windows_NT
PROCESSOR_IDENTIFIER=Intel64 Family 6 Model 42 Stepping 7, GenuineIntel
TMP=C:\Users\almeida\AppData\Local\Temp
TEMP=C:\Users\almeida\AppData\Local\Temp



---------------  S Y S T E M  ---------------

OS: Windows 10 , 64 bit Build 19041 (10.0.19041.2913)
OS uptime: 0 days 2:52 hours

CPU:total 4 (initial active 4) (2 cores per cpu, 2 threads per core) family 6 model 42 stepping 7 microcode 0x2f, cmov, cx8, fxsr, mmx, sse, sse2, sse3, ssse3, sse4.1, sse4.2, popcnt, avx, aes, clmul, ht, tsc, tscinvbit

Memory: 4k page, system-wide physical 4003M (771M free)
TotalPageFile size 6051M (AvailPageFile size 5M)
current process WorkingSet (physical memory assigned to process): 394M, peak: 407M
current process commit charge ("private bytes"): 433M, peak: 449M

vm_info: OpenJDK 64-Bit Server VM (11.0.18+10-LTS) for windows-amd64 JRE (11.0.18+10-LTS), built on Jan 18 2023 15:56:47 by "MicrosoftCorporation" with MS VC++ 15.9 (VS2017)

END.
