#
# There is insufficient memory for the Java Runtime Environment to continue.
# Native memory allocation (malloc) failed to allocate 1272336 bytes for Chunk::new
# Possible reasons:
#   The system is out of physical RAM or swap space
#   The process is running with CompressedOops enabled, and the Java Heap may be blocking the growth of the native heap
# Possible solutions:
#   Reduce memory load on the system
#   Increase physical memory or swap space
#   Check if swap backing store is full
#   Decrease Java heap size (-Xmx/-Xms)
#   Decrease number of Java threads
#   Decrease Java thread stack sizes (-Xss)
#   Set larger code cache with -XX:ReservedCodeCacheSize=
#   JVM is running with Unscaled Compressed Oops mode in which the Java heap is
#     placed in the first 4GB address space. The Java Heap base address is the
#     maximum limit for the native heap growth. Please use -XX:HeapBaseMinAddress
#     to set the Java Heap base and to place the Java Heap above 4GB virtual address.
# This output file may be truncated or incomplete.
#
#  Out of Memory Error (./src/hotspot/share/memory/arena.cpp:197), pid=8500, tid=108
#
# JRE version: OpenJDK Runtime Environment Microsoft-7208460 (11.0.18+10) (build 11.0.18+10-LTS)
# Java VM: OpenJDK 64-Bit Server VM Microsoft-7208460 (11.0.18+10-LTS, mixed mode, tiered, compressed oops, g1 gc, windows-amd64)
# No core dump will be written. Minidumps are not enabled by default on client versions of Windows
#

---------------  S U M M A R Y ------------

Command Line: -XX:MaxMetaspaceSize=512m --add-opens=java.base/java.util=ALL-UNNAMED --add-opens=java.base/java.lang=ALL-UNNAMED --add-opens=java.base/java.lang.invoke=ALL-UNNAMED --add-opens=java.base/java.util=ALL-UNNAMED --add-opens=java.prefs/java.util.prefs=ALL-UNNAMED --add-opens=java.prefs/java.util.prefs=ALL-UNNAMED --add-opens=java.base/java.nio.charset=ALL-UNNAMED --add-opens=java.base/java.net=ALL-UNNAMED --add-opens=java.base/java.util.concurrent.atomic=ALL-UNNAMED -Xmx2048m -Dfile.encoding=windows-1252 -Duser.country=BR -Duser.language=pt -Duser.variant org.gradle.launcher.daemon.bootstrap.GradleDaemon 7.5.1

Host: Intel(R) Core(TM) i5-2450M CPU @ 2.50GHz, 4 cores, 3G,  Windows 10 , 64 bit Build 19041 (10.0.19041.2913)
Time: Fri Jun 23 17:38:22 2023 Hora oficial do Brasil elapsed time: 948.004175 seconds (0d 0h 15m 48s)

---------------  T H R E A D  ---------------

Current thread (0x000001f23ac77800):  JavaThread "C2 CompilerThread0" daemon [_thread_in_native, id=108, stack(0x000000db11000000,0x000000db11100000)]


Current CompileTask:
C2: 948004 13474       4       groovyjarjarantlr4.v4.runtime.atn.PredictionContext::getCachedContext (297 bytes)

Stack: [0x000000db11000000,0x000000db11100000]
Native frames: (J=compiled Java code, j=interpreted, Vv=VM code, C=native code)
V  [jvm.dll+0x62bf8a]
V  [jvm.dll+0x7b8fb9]
V  [jvm.dll+0x7ba6a8]
V  [jvm.dll+0x7bad83]
V  [jvm.dll+0x250248]
V  [jvm.dll+0xc260c]
V  [jvm.dll+0xc2bcc]
V  [jvm.dll+0x35e1c7]
V  [jvm.dll+0x19ede1]
V  [jvm.dll+0x209495]
V  [jvm.dll+0x20850d]
V  [jvm.dll+0x18a4b1]
V  [jvm.dll+0x217eec]
V  [jvm.dll+0x21612b]
V  [jvm.dll+0x77bac0]
V  [jvm.dll+0x7749f4]
V  [jvm.dll+0x62adf5]
C  [ucrtbase.dll+0x21bb2]
C  [KERNEL32.DLL+0x17614]
C  [ntdll.dll+0x526a1]


---------------  P R O C E S S  ---------------

Threads class SMR info:
_java_thread_list=0x000001f23facaae0, length=85, elements={
0x000001f21bc02000, 0x000001f23ac20000, 0x000001f23ac2a000, 0x000001f23ac1b000,
0x000001f23ac1e000, 0x000001f23ac72800, 0x000001f23ac77800, 0x000001f23ac78800,
0x000001f23acad000, 0x000001f23aee9000, 0x000001f23be50800, 0x000001f23c192800,
0x000001f23bf89800, 0x000001f23c5a4000, 0x000001f23c5a4800, 0x000001f23c5a5800,
0x000001f23c5a6800, 0x000001f23d4f5000, 0x000001f23d4f4800, 0x000001f23d4fb000,
0x000001f23d4f8800, 0x000001f23d4fc800, 0x000001f23d4f7000, 0x000001f23d502800,
0x000001f23d500800, 0x000001f23f492800, 0x000001f23f48b000, 0x000001f23f48a000,
0x000001f23f489800, 0x000001f23f48e000, 0x000001f23f491800, 0x000001f23f48c800,
0x000001f23f490800, 0x000001f23f48f000, 0x000001f23f48b800, 0x000001f23f493000,
0x000001f23f490000, 0x000001f23f48d800, 0x000001f23f494000, 0x000001f23f497000,
0x000001f23f498000, 0x000001f23f496800, 0x000001f23f494800, 0x000001f23f495800,
0x000001f23d4fa000, 0x000001f23d4f9800, 0x000001f23d4f6000, 0x000001f23d4fd800,
0x000001f23d4f7800, 0x000001f23d501800, 0x000001f23d4fe000, 0x000001f23d500000,
0x000001f23d503000, 0x000001f23d4ff000, 0x000001f23f4ab800, 0x000001f23f4af000,
0x000001f23f4a9800, 0x000001f23f4ad800, 0x000001f23f4b0000, 0x000001f23f4ac800,
0x000001f23f4ae000, 0x000001f23f4aa000, 0x000001f23f4ab000, 0x000001f23f4b7800,
0x000001f23f4b8800, 0x000001f23f4bb000, 0x000001f23f4b9000, 0x000001f23f4b6000,
0x000001f23f4b5000, 0x000001f23f4b6800, 0x000001f23f4bf000, 0x000001f23f4bf800,
0x000001f23f4bb800, 0x000001f23f4ba000, 0x000001f23f4bc800, 0x000001f23f4bd800,
0x000001f23f4c4000, 0x000001f23f4c3000, 0x000001f23f4be000, 0x000001f23f4c0800,
0x000001f23f4c1800, 0x000001f23d0dd000, 0x000001f23d0df800, 0x000001f23d0e0000,
0x000001f23d0dd800
}

Java Threads: ( => current thread )
  0x000001f21bc02000 JavaThread "main" [_thread_blocked, id=11436, stack(0x000000db10400000,0x000000db10500000)]
  0x000001f23ac20000 JavaThread "Reference Handler" daemon [_thread_blocked, id=4228, stack(0x000000db10b00000,0x000000db10c00000)]
  0x000001f23ac2a000 JavaThread "Finalizer" daemon [_thread_blocked, id=3372, stack(0x000000db10c00000,0x000000db10d00000)]
  0x000001f23ac1b000 JavaThread "Signal Dispatcher" daemon [_thread_blocked, id=10048, stack(0x000000db10d00000,0x000000db10e00000)]
  0x000001f23ac1e000 JavaThread "Attach Listener" daemon [_thread_blocked, id=5976, stack(0x000000db10e00000,0x000000db10f00000)]
  0x000001f23ac72800 JavaThread "Service Thread" daemon [_thread_blocked, id=12144, stack(0x000000db10f00000,0x000000db11000000)]
=>0x000001f23ac77800 JavaThread "C2 CompilerThread0" daemon [_thread_in_native, id=108, stack(0x000000db11000000,0x000000db11100000)]
  0x000001f23ac78800 JavaThread "C1 CompilerThread0" daemon [_thread_blocked, id=236, stack(0x000000db11100000,0x000000db11200000)]
  0x000001f23acad000 JavaThread "Sweeper thread" daemon [_thread_blocked, id=9256, stack(0x000000db11200000,0x000000db11300000)]
  0x000001f23aee9000 JavaThread "Common-Cleaner" daemon [_thread_blocked, id=11004, stack(0x000000db11300000,0x000000db11400000)]
  0x000001f23be50800 JavaThread "Daemon health stats" [_thread_blocked, id=7368, stack(0x000000db10100000,0x000000db10200000)]
  0x000001f23c192800 JavaThread "Incoming local TCP Connector on port 53082" [_thread_in_native, id=2992, stack(0x000000db11600000,0x000000db11700000)]
  0x000001f23bf89800 JavaThread "Daemon periodic checks" [_thread_blocked, id=11232, stack(0x000000db11700000,0x000000db11800000)]
  0x000001f23c5a4000 JavaThread "Cache worker for journal cache (C:\Users\almeida\.gradle\caches\journal-1)" [_thread_blocked, id=8256, stack(0x000000db12100000,0x000000db12200000)]
  0x000001f23c5a4800 JavaThread "File lock request listener" [_thread_in_native, id=8584, stack(0x000000db12200000,0x000000db12300000)]
  0x000001f23c5a5800 JavaThread "Cache worker for file hash cache (C:\Users\almeida\.gradle\caches\7.5.1\fileHashes)" [_thread_blocked, id=10944, stack(0x000000db12300000,0x000000db12400000)]
  0x000001f23c5a6800 JavaThread "File watcher server" daemon [_thread_in_native, id=3464, stack(0x000000db10200000,0x000000db10300000)]
  0x000001f23d4f5000 JavaThread "File watcher consumer" daemon [_thread_blocked, id=3028, stack(0x000000db12400000,0x000000db12500000)]
  0x000001f23d4f4800 JavaThread "Cache worker for file content cache (C:\Users\almeida\.gradle\caches\7.5.1\fileContent)" [_thread_blocked, id=2492, stack(0x000000db12a00000,0x000000db12b00000)]
  0x000001f23d4fb000 JavaThread "Cache worker for execution history cache (C:\Users\almeida\.gradle\caches\7.5.1\executionHistory)" [_thread_blocked, id=10476, stack(0x000000db12c00000,0x000000db12d00000)]
  0x000001f23d4f8800 JavaThread "jar transforms" [_thread_blocked, id=10932, stack(0x000000db12e00000,0x000000db12f00000)]
  0x000001f23d4fc800 JavaThread "jar transforms Thread 2" [_thread_blocked, id=5000, stack(0x000000db12f00000,0x000000db13000000)]
  0x000001f23d4f7000 JavaThread "jar transforms Thread 3" [_thread_blocked, id=7900, stack(0x000000db13000000,0x000000db13100000)]
  0x000001f23d502800 JavaThread "jar transforms Thread 4" [_thread_blocked, id=1032, stack(0x000000db13100000,0x000000db13200000)]
  0x000001f23d500800 JavaThread "Cache worker for kotlin-dsl (C:\Users\almeida\.gradle\caches\7.5.1\kotlin-dsl)" [_thread_blocked, id=4316, stack(0x000000db10300000,0x000000db10400000)]
  0x000001f23f492800 JavaThread "Memory manager" [_thread_blocked, id=8940, stack(0x000000db15600000,0x000000db15700000)]
  0x000001f23f48b000 JavaThread "Daemon Thread 3" [_thread_blocked, id=11772, stack(0x000000db11800000,0x000000db11900000)]
  0x000001f23f48a000 JavaThread "Handler for socket connection from /127.0.0.1:53082 to /127.0.0.1:53179" [_thread_in_native, id=6676, stack(0x000000db11900000,0x000000db11a00000)]
  0x000001f23f489800 JavaThread "Cancel handler" [_thread_blocked, id=10400, stack(0x000000db11a00000,0x000000db11b00000)]
  0x000001f23f48e000 JavaThread "Daemon worker Thread 3" [_thread_in_vm, id=6504, stack(0x000000db11b00000,0x000000db11c00000)]
  0x000001f23f491800 JavaThread "Asynchronous log dispatcher for DefaultDaemonConnection: socket connection from /127.0.0.1:53082 to /127.0.0.1:53179" [_thread_blocked, id=8136, stack(0x000000db11c00000,0x000000db11d00000)]
  0x000001f23f48c800 JavaThread "Stdin handler" [_thread_blocked, id=4988, stack(0x000000db11d00000,0x000000db11e00000)]
  0x000001f23f490800 JavaThread "Daemon client event forwarder" [_thread_blocked, id=7808, stack(0x000000db11e00000,0x000000db11f00000)]
  0x000001f23f48f000 JavaThread "Cache worker for checksums cache (C:\source\repos\C.A.P\client\android\.gradle\7.5.1\checksums)" [_thread_blocked, id=5644, stack(0x000000db12700000,0x000000db12800000)]
  0x000001f23f48b800 JavaThread "Cache worker for cache directory md-rule (C:\Users\almeida\.gradle\caches\7.5.1\md-rule)" [_thread_blocked, id=412, stack(0x000000db12800000,0x000000db12900000)]
  0x000001f23f493000 JavaThread "Cache worker for file hash cache (C:\source\repos\C.A.P\client\android\.gradle\7.5.1\fileHashes)" [_thread_blocked, id=11556, stack(0x000000db12900000,0x000000db12a00000)]
  0x000001f23f490000 JavaThread "Cache worker for cache directory md-supplier (C:\Users\almeida\.gradle\caches\7.5.1\md-supplier)" [_thread_blocked, id=9600, stack(0x000000db12b00000,0x000000db12c00000)]
  0x000001f23f48d800 JavaThread "Cache worker for dependencies-accessors (C:\source\repos\C.A.P\client\android\.gradle\7.5.1\dependencies-accessors)" [_thread_blocked, id=7216, stack(0x000000db12d00000,0x000000db12e00000)]
  0x000001f23f494000 JavaThread "Cache worker for Build Output Cleanup Cache (C:\source\repos\C.A.P\client\node_modules\react-native-gradle-plugin\.gradle\buildOutputCleanup)" [_thread_blocked, id=10580, stack(0x000000db13300000,0x000000db13400000)]
  0x000001f23f497000 JavaThread "Unconstrained build operations" [_thread_blocked, id=8908, stack(0x000000db13400000,0x000000db13500000)]
  0x000001f23f498000 JavaThread "Unconstrained build operations Thread 2" [_thread_blocked, id=5960, stack(0x000000db13500000,0x000000db13600000)]
  0x000001f23f496800 JavaThread "Unconstrained build operations Thread 3" [_thread_blocked, id=11052, stack(0x000000db13600000,0x000000db13700000)]
  0x000001f23f494800 JavaThread "Unconstrained build operations Thread 4" [_thread_blocked, id=7384, stack(0x000000db13700000,0x000000db13800000)]
  0x000001f23f495800 JavaThread "Unconstrained build operations Thread 5" [_thread_blocked, id=9420, stack(0x000000db13800000,0x000000db13900000)]
  0x000001f23d4fa000 JavaThread "Unconstrained build operations Thread 6" [_thread_blocked, id=4168, stack(0x000000db13900000,0x000000db13a00000)]
  0x000001f23d4f9800 JavaThread "Unconstrained build operations Thread 7" [_thread_blocked, id=2880, stack(0x000000db13a00000,0x000000db13b00000)]
  0x000001f23d4f6000 JavaThread "Unconstrained build operations Thread 8" [_thread_blocked, id=11508, stack(0x000000db13b00000,0x000000db13c00000)]
  0x000001f23d4fd800 JavaThread "Unconstrained build operations Thread 9" [_thread_blocked, id=12220, stack(0x000000db13c00000,0x000000db13d00000)]
  0x000001f23d4f7800 JavaThread "Unconstrained build operations Thread 10" [_thread_blocked, id=9596, stack(0x000000db13d00000,0x000000db13e00000)]
  0x000001f23d501800 JavaThread "Unconstrained build operations Thread 11" [_thread_blocked, id=8448, stack(0x000000db13e00000,0x000000db13f00000)]
  0x000001f23d4fe000 JavaThread "Unconstrained build operations Thread 12" [_thread_blocked, id=10852, stack(0x000000db13f00000,0x000000db14000000)]
  0x000001f23d500000 JavaThread "Unconstrained build operations Thread 13" [_thread_blocked, id=7172, stack(0x000000db14000000,0x000000db14100000)]
  0x000001f23d503000 JavaThread "Unconstrained build operations Thread 14" [_thread_blocked, id=8876, stack(0x000000db14100000,0x000000db14200000)]
  0x000001f23d4ff000 JavaThread "Unconstrained build operations Thread 15" [_thread_blocked, id=11248, stack(0x000000db14200000,0x000000db14300000)]
  0x000001f23f4ab800 JavaThread "Unconstrained build operations Thread 16" [_thread_blocked, id=8268, stack(0x000000db14300000,0x000000db14400000)]
  0x000001f23f4af000 JavaThread "Unconstrained build operations Thread 17" [_thread_blocked, id=10160, stack(0x000000db14400000,0x000000db14500000)]
  0x000001f23f4a9800 JavaThread "Unconstrained build operations Thread 18" [_thread_blocked, id=7832, stack(0x000000db14500000,0x000000db14600000)]
  0x000001f23f4ad800 JavaThread "Unconstrained build operations Thread 19" [_thread_blocked, id=10632, stack(0x000000db14600000,0x000000db14700000)]
  0x000001f23f4b0000 JavaThread "Unconstrained build operations Thread 20" [_thread_blocked, id=1444, stack(0x000000db14700000,0x000000db14800000)]
  0x000001f23f4ac800 JavaThread "Unconstrained build operations Thread 21" [_thread_blocked, id=11412, stack(0x000000db14800000,0x000000db14900000)]
  0x000001f23f4ae000 JavaThread "Unconstrained build operations Thread 22" [_thread_blocked, id=9068, stack(0x000000db14900000,0x000000db14a00000)]
  0x000001f23f4aa000 JavaThread "Unconstrained build operations Thread 23" [_thread_blocked, id=11360, stack(0x000000db14a00000,0x000000db14b00000)]
  0x000001f23f4ab000 JavaThread "Unconstrained build operations Thread 24" [_thread_blocked, id=9024, stack(0x000000db14b00000,0x000000db14c00000)]
  0x000001f23f4b7800 JavaThread "Unconstrained build operations Thread 25" [_thread_blocked, id=3768, stack(0x000000db14c00000,0x000000db14d00000)]
  0x000001f23f4b8800 JavaThread "Unconstrained build operations Thread 26" [_thread_blocked, id=10180, stack(0x000000db14d00000,0x000000db14e00000)]
  0x000001f23f4bb000 JavaThread "Unconstrained build operations Thread 27" [_thread_blocked, id=11396, stack(0x000000db14e00000,0x000000db14f00000)]
  0x000001f23f4b9000 JavaThread "Unconstrained build operations Thread 28" [_thread_blocked, id=5624, stack(0x000000db14f00000,0x000000db15000000)]
  0x000001f23f4b6000 JavaThread "Unconstrained build operations Thread 29" [_thread_blocked, id=10440, stack(0x000000db15000000,0x000000db15100000)]
  0x000001f23f4b5000 JavaThread "Unconstrained build operations Thread 30" [_thread_blocked, id=10948, stack(0x000000db15100000,0x000000db15200000)]
  0x000001f23f4b6800 JavaThread "Unconstrained build operations Thread 31" [_thread_blocked, id=3412, stack(0x000000db15200000,0x000000db15300000)]
  0x000001f23f4bf000 JavaThread "Unconstrained build operations Thread 32" [_thread_blocked, id=9628, stack(0x000000db15300000,0x000000db15400000)]
  0x000001f23f4bf800 JavaThread "Unconstrained build operations Thread 33" [_thread_blocked, id=12032, stack(0x000000db15400000,0x000000db15500000)]
  0x000001f23f4bb800 JavaThread "build event listener" [_thread_blocked, id=1176, stack(0x000000db15500000,0x000000db15600000)]
  0x000001f23f4ba000 JavaThread "Cache worker for Build Output Cleanup Cache (C:\source\repos\C.A.P\client\android\.gradle\buildOutputCleanup)" [_thread_blocked, id=7248, stack(0x000000db15700000,0x000000db15800000)]
  0x000001f23f4bc800 JavaThread "Unconstrained build operations Thread 34" [_thread_blocked, id=184, stack(0x000000db13200000,0x000000db13300000)]
  0x000001f23f4bd800 JavaThread "Unconstrained build operations Thread 35" [_thread_blocked, id=8112, stack(0x000000db15b00000,0x000000db15c00000)]
  0x000001f23f4c4000 JavaThread "Unconstrained build operations Thread 36" [_thread_blocked, id=7980, stack(0x000000db15c00000,0x000000db15d00000)]
  0x000001f23f4c3000 JavaThread "Unconstrained build operations Thread 37" [_thread_blocked, id=3032, stack(0x000000db15d00000,0x000000db15e00000)]
  0x000001f23f4be000 JavaThread "Unconstrained build operations Thread 38" [_thread_blocked, id=4248, stack(0x000000db15e00000,0x000000db15f00000)]
  0x000001f23f4c0800 JavaThread "Unconstrained build operations Thread 39" [_thread_blocked, id=2432, stack(0x000000db15f00000,0x000000db16000000)]
  0x000001f23f4c1800 JavaThread "Unconstrained build operations Thread 40" [_thread_blocked, id=4356, stack(0x000000db16000000,0x000000db16100000)]
  0x000001f23d0dd000 JavaThread "Execution worker" [_thread_blocked, id=10884, stack(0x000000db16300000,0x000000db16400000)]
  0x000001f23d0df800 JavaThread "Execution worker Thread 2" [_thread_blocked, id=9548, stack(0x000000db16400000,0x000000db16500000)]
  0x000001f23d0e0000 JavaThread "Execution worker Thread 3" [_thread_blocked, id=1404, stack(0x000000db16500000,0x000000db16600000)]
  0x000001f23d0dd800 JavaThread "Cache worker for execution history cache (C:\source\repos\C.A.P\client\node_modules\react-native-gradle-plugin\.gradle\7.5.1\executionHistory)" [_thread_blocked, id=11976, stack(0x000000db16600000,0x000000db16700000)]

Other Threads:
  0x000001f23ac0e000 VMThread "VM Thread" [stack: 0x000000db10a00000,0x000000db10b00000] [id=10864]
  0x000001f23af20000 WatcherThread [stack: 0x000000db11400000,0x000000db11500000] [id=2172]
  0x000001f21bc1b800 GCTaskThread "GC Thread#0" [stack: 0x000000db10500000,0x000000db10600000] [id=1832]
  0x000001f23b5b4800 GCTaskThread "GC Thread#1" [stack: 0x000000db11500000,0x000000db11600000] [id=10432]
  0x000001f23b901800 GCTaskThread "GC Thread#2" [stack: 0x000000db11f00000,0x000000db12000000] [id=1224]
  0x000001f23ba3c800 GCTaskThread "GC Thread#3" [stack: 0x000000db12000000,0x000000db12100000] [id=11916]
  0x000001f21bc4a800 ConcurrentGCThread "G1 Main Marker" [stack: 0x000000db10600000,0x000000db10700000] [id=11356]
  0x000001f21bc4c000 ConcurrentGCThread "G1 Conc#0" [stack: 0x000000db10700000,0x000000db10800000] [id=320]
  0x000001f21bca4000 ConcurrentGCThread "G1 Refine#0" [stack: 0x000000db10800000,0x000000db10900000] [id=11364]
  0x000001f21bca5000 ConcurrentGCThread "G1 Young RemSet Sampling" [stack: 0x000000db10900000,0x000000db10a00000] [id=9560]

Threads with active compile tasks:
C2 CompilerThread0   948244 13474       4       groovyjarjarantlr4.v4.runtime.atn.PredictionContext::getCachedContext (297 bytes)

VM state:not at safepoint (normal execution)

VM Mutex/Monitor currently owned by a thread: None

Heap address: 0x0000000080000000, size: 2048 MB, Compressed Oops mode: 32-bit
Narrow klass base: 0x0000000000000000, Narrow klass shift: 3
Compressed class space size: 528482304 Address: 0x0000000100000000

Heap:
 garbage-first heap   total 239616K, used 111957K [0x0000000080000000, 0x0000000100000000)
  region size 1024K, 21 young (21504K), 4 survivors (4096K)
 Metaspace       used 91633K, capacity 94540K, committed 94800K, reserved 600064K
  class space    used 11565K, capacity 12770K, committed 12800K, reserved 516096K
Heap Regions: E=young(eden), S=young(survivor), O=old, HS=humongous(starts), HC=humongous(continues), CS=collection set, F=free, A=archive, TAMS=top-at-mark-start (previous, next)
|   0|0x0000000080000000, 0x0000000080100000, 0x0000000080100000|100%|HS|  |TAMS 0x0000000080100000, 0x0000000080000000| Complete 
|   1|0x0000000080100000, 0x0000000080200000, 0x0000000080200000|100%|HC|  |TAMS 0x0000000080200000, 0x0000000080100000| Complete 
|   2|0x0000000080200000, 0x0000000080300000, 0x0000000080300000|100%|HC|  |TAMS 0x0000000080300000, 0x0000000080200000| Complete 
|   3|0x0000000080300000, 0x0000000080400000, 0x0000000080400000|100%| O|  |TAMS 0x0000000080400000, 0x0000000080300000| Untracked 
|   4|0x0000000080400000, 0x0000000080500000, 0x0000000080500000|100%| O|  |TAMS 0x0000000080500000, 0x0000000080400000| Untracked 
|   5|0x0000000080500000, 0x0000000080600000, 0x0000000080600000|100%| O|  |TAMS 0x0000000080600000, 0x0000000080500000| Untracked 
|   6|0x0000000080600000, 0x0000000080700000, 0x0000000080700000|100%| O|  |TAMS 0x0000000080700000, 0x0000000080600000| Untracked 
|   7|0x0000000080700000, 0x0000000080800000, 0x0000000080800000|100%| O|  |TAMS 0x0000000080800000, 0x0000000080700000| Untracked 
|   8|0x0000000080800000, 0x0000000080900000, 0x0000000080900000|100%| O|  |TAMS 0x0000000080900000, 0x0000000080800000| Untracked 
|   9|0x0000000080900000, 0x0000000080a00000, 0x0000000080a00000|100%| O|  |TAMS 0x0000000080a00000, 0x0000000080900000| Untracked 
|  10|0x0000000080a00000, 0x0000000080b00000, 0x0000000080b00000|100%| O|  |TAMS 0x0000000080b00000, 0x0000000080a00000| Untracked 
|  11|0x0000000080b00000, 0x0000000080c00000, 0x0000000080c00000|100%| O|  |TAMS 0x0000000080c00000, 0x0000000080b00000| Untracked 
|  12|0x0000000080c00000, 0x0000000080d00000, 0x0000000080d00000|100%| O|  |TAMS 0x0000000080d00000, 0x0000000080c00000| Untracked 
|  13|0x0000000080d00000, 0x0000000080e00000, 0x0000000080e00000|100%| O|  |TAMS 0x0000000080e00000, 0x0000000080d00000| Untracked 
|  14|0x0000000080e00000, 0x0000000080f00000, 0x0000000080f00000|100%| O|  |TAMS 0x0000000080f00000, 0x0000000080e00000| Untracked 
|  15|0x0000000080f00000, 0x0000000081000000, 0x0000000081000000|100%| O|  |TAMS 0x0000000081000000, 0x0000000080f00000| Untracked 
|  16|0x0000000081000000, 0x0000000081100000, 0x0000000081100000|100%| O|  |TAMS 0x0000000081100000, 0x0000000081000000| Untracked 
|  17|0x0000000081100000, 0x0000000081200000, 0x0000000081200000|100%| O|  |TAMS 0x0000000081200000, 0x0000000081100000| Untracked 
|  18|0x0000000081200000, 0x0000000081300000, 0x0000000081300000|100%| O|  |TAMS 0x0000000081300000, 0x0000000081200000| Untracked 
|  19|0x0000000081300000, 0x0000000081400000, 0x0000000081400000|100%| O|  |TAMS 0x0000000081400000, 0x0000000081300000| Untracked 
|  20|0x0000000081400000, 0x0000000081500000, 0x0000000081500000|100%| O|  |TAMS 0x0000000081500000, 0x0000000081400000| Untracked 
|  21|0x0000000081500000, 0x0000000081600000, 0x0000000081600000|100%| O|  |TAMS 0x0000000081500000, 0x0000000081500000| Untracked 
|  22|0x0000000081600000, 0x0000000081700000, 0x0000000081700000|100%| O|  |TAMS 0x0000000081700000, 0x0000000081600000| Untracked 
|  23|0x0000000081700000, 0x0000000081800000, 0x0000000081800000|100%| O|  |TAMS 0x0000000081800000, 0x0000000081700000| Untracked 
|  24|0x0000000081800000, 0x0000000081900000, 0x0000000081900000|100%| O|  |TAMS 0x0000000081900000, 0x0000000081800000| Untracked 
|  25|0x0000000081900000, 0x0000000081a00000, 0x0000000081a00000|100%| O|  |TAMS 0x0000000081a00000, 0x0000000081900000| Untracked 
|  26|0x0000000081a00000, 0x0000000081b00000, 0x0000000081b00000|100%| O|  |TAMS 0x0000000081b00000, 0x0000000081a00000| Untracked 
|  27|0x0000000081b00000, 0x0000000081c00000, 0x0000000081c00000|100%| O|  |TAMS 0x0000000081c00000, 0x0000000081b00000| Untracked 
|  28|0x0000000081c00000, 0x0000000081d00000, 0x0000000081d00000|100%| O|  |TAMS 0x0000000081d00000, 0x0000000081c00000| Untracked 
|  29|0x0000000081d00000, 0x0000000081e00000, 0x0000000081e00000|100%| O|  |TAMS 0x0000000081e00000, 0x0000000081d00000| Untracked 
|  30|0x0000000081e00000, 0x0000000081f00000, 0x0000000081f00000|100%| O|  |TAMS 0x0000000081e9a000, 0x0000000081e00000| Untracked 
|  31|0x0000000081f00000, 0x0000000082000000, 0x0000000082000000|100%| O|  |TAMS 0x0000000082000000, 0x0000000081f00000| Untracked 
|  32|0x0000000082000000, 0x0000000082100000, 0x0000000082100000|100%| O|  |TAMS 0x0000000082100000, 0x0000000082000000| Untracked 
|  33|0x0000000082100000, 0x0000000082200000, 0x0000000082200000|100%| O|  |TAMS 0x0000000082200000, 0x0000000082100000| Untracked 
|  34|0x0000000082200000, 0x0000000082300000, 0x0000000082300000|100%|HS|  |TAMS 0x0000000082300000, 0x0000000082200000| Complete 
|  35|0x0000000082300000, 0x0000000082400000, 0x0000000082400000|100%|HS|  |TAMS 0x0000000082400000, 0x0000000082300000| Complete 
|  36|0x0000000082400000, 0x0000000082500000, 0x0000000082500000|100%|HC|  |TAMS 0x0000000082500000, 0x0000000082400000| Complete 
|  37|0x0000000082500000, 0x0000000082600000, 0x0000000082600000|100%|HC|  |TAMS 0x0000000082600000, 0x0000000082500000| Complete 
|  38|0x0000000082600000, 0x0000000082700000, 0x0000000082700000|100%| O|  |TAMS 0x0000000082700000, 0x0000000082600000| Untracked 
|  39|0x0000000082700000, 0x0000000082800000, 0x0000000082800000|100%| O|  |TAMS 0x0000000082800000, 0x0000000082700000| Untracked 
|  40|0x0000000082800000, 0x0000000082900000, 0x0000000082900000|100%| O|  |TAMS 0x0000000082900000, 0x0000000082800000| Untracked 
|  41|0x0000000082900000, 0x0000000082a00000, 0x0000000082a00000|100%| O|  |TAMS 0x0000000082a00000, 0x0000000082900000| Untracked 
|  42|0x0000000082a00000, 0x0000000082b00000, 0x0000000082b00000|100%| O|  |TAMS 0x0000000082b00000, 0x0000000082a00000| Untracked 
|  43|0x0000000082b00000, 0x0000000082c00000, 0x0000000082c00000|100%| O|  |TAMS 0x0000000082c00000, 0x0000000082b00000| Untracked 
|  44|0x0000000082c00000, 0x0000000082d00000, 0x0000000082d00000|100%| O|  |TAMS 0x0000000082d00000, 0x0000000082c00000| Untracked 
|  45|0x0000000082d00000, 0x0000000082e00000, 0x0000000082e00000|100%| O|  |TAMS 0x0000000082e00000, 0x0000000082d00000| Untracked 
|  46|0x0000000082e00000, 0x0000000082f00000, 0x0000000082f00000|100%| O|  |TAMS 0x0000000082f00000, 0x0000000082e00000| Untracked 
|  47|0x0000000082f00000, 0x0000000083000000, 0x0000000083000000|100%| O|  |TAMS 0x0000000083000000, 0x0000000082f00000| Untracked 
|  48|0x0000000083000000, 0x0000000083100000, 0x0000000083100000|100%| O|  |TAMS 0x0000000083100000, 0x0000000083000000| Untracked 
|  49|0x0000000083100000, 0x0000000083200000, 0x0000000083200000|100%| O|  |TAMS 0x0000000083200000, 0x0000000083100000| Untracked 
|  50|0x0000000083200000, 0x0000000083300000, 0x0000000083300000|100%| O|  |TAMS 0x0000000083300000, 0x0000000083200000| Untracked 
|  51|0x0000000083300000, 0x0000000083400000, 0x0000000083400000|100%| O|  |TAMS 0x0000000083400000, 0x0000000083300000| Untracked 
|  52|0x0000000083400000, 0x0000000083500000, 0x0000000083500000|100%| O|  |TAMS 0x0000000083500000, 0x0000000083400000| Untracked 
|  53|0x0000000083500000, 0x0000000083600000, 0x0000000083600000|100%| O|  |TAMS 0x0000000083600000, 0x0000000083500000| Untracked 
|  54|0x0000000083600000, 0x0000000083700000, 0x0000000083700000|100%| O|  |TAMS 0x0000000083700000, 0x0000000083600000| Untracked 
|  55|0x0000000083700000, 0x0000000083800000, 0x0000000083800000|100%| O|  |TAMS 0x0000000083800000, 0x0000000083700000| Untracked 
|  56|0x0000000083800000, 0x0000000083900000, 0x0000000083900000|100%| O|  |TAMS 0x0000000083900000, 0x0000000083800000| Untracked 
|  57|0x0000000083900000, 0x0000000083a00000, 0x0000000083a00000|100%| O|  |TAMS 0x0000000083a00000, 0x0000000083900000| Untracked 
|  58|0x0000000083a00000, 0x0000000083b00000, 0x0000000083b00000|100%| O|  |TAMS 0x0000000083a00000, 0x0000000083a00000| Untracked 
|  59|0x0000000083b00000, 0x0000000083c00000, 0x0000000083c00000|100%| O|  |TAMS 0x0000000083c00000, 0x0000000083b00000| Untracked 
|  60|0x0000000083c00000, 0x0000000083d00000, 0x0000000083d00000|100%| O|  |TAMS 0x0000000083d00000, 0x0000000083c00000| Untracked 
|  61|0x0000000083d00000, 0x0000000083e00000, 0x0000000083e00000|100%| O|  |TAMS 0x0000000083e00000, 0x0000000083d00000| Untracked 
|  62|0x0000000083e00000, 0x0000000083f00000, 0x0000000083f00000|100%| O|  |TAMS 0x0000000083f00000, 0x0000000083e00000| Untracked 
|  63|0x0000000083f00000, 0x0000000084000000, 0x0000000084000000|100%| O|  |TAMS 0x0000000084000000, 0x0000000083f00000| Untracked 
|  64|0x0000000084000000, 0x0000000084100000, 0x0000000084100000|100%| O|  |TAMS 0x0000000084100000, 0x0000000084000000| Untracked 
|  65|0x0000000084100000, 0x0000000084200000, 0x0000000084200000|100%| O|  |TAMS 0x0000000084200000, 0x0000000084100000| Untracked 
|  66|0x0000000084200000, 0x0000000084300000, 0x0000000084300000|100%| O|  |TAMS 0x0000000084200000, 0x0000000084200000| Untracked 
|  67|0x0000000084300000, 0x0000000084400000, 0x0000000084400000|100%| O|  |TAMS 0x0000000084300000, 0x0000000084300000| Untracked 
|  68|0x0000000084400000, 0x0000000084500000, 0x0000000084500000|100%| O|  |TAMS 0x0000000084500000, 0x0000000084400000| Untracked 
|  69|0x0000000084500000, 0x0000000084600000, 0x0000000084600000|100%| O|  |TAMS 0x0000000084600000, 0x0000000084500000| Untracked 
|  70|0x0000000084600000, 0x0000000084700000, 0x0000000084700000|100%| O|  |TAMS 0x0000000084700000, 0x0000000084600000| Untracked 
|  71|0x0000000084700000, 0x0000000084800000, 0x0000000084800000|100%|HS|  |TAMS 0x0000000084700000, 0x0000000084700000| Complete 
|  72|0x0000000084800000, 0x0000000084900000, 0x0000000084900000|100%|HC|  |TAMS 0x0000000084800000, 0x0000000084800000| Complete 
|  73|0x0000000084900000, 0x0000000084a00000, 0x0000000084a00000|100%|HC|  |TAMS 0x0000000084900000, 0x0000000084900000| Complete 
|  74|0x0000000084a00000, 0x0000000084b00000, 0x0000000084b00000|100%| O|  |TAMS 0x0000000084a00000, 0x0000000084a00000| Untracked 
|  75|0x0000000084b00000, 0x0000000084c00000, 0x0000000084c00000|100%|HS|  |TAMS 0x0000000084b00000, 0x0000000084b00000| Complete 
|  76|0x0000000084c00000, 0x0000000084d00000, 0x0000000084d00000|100%|HS|  |TAMS 0x0000000084c00000, 0x0000000084c00000| Complete 
|  77|0x0000000084d00000, 0x0000000084e00000, 0x0000000084e00000|100%|HS|  |TAMS 0x0000000084d00000, 0x0000000084d00000| Complete 
|  78|0x0000000084e00000, 0x0000000084f00000, 0x0000000084f00000|100%| O|  |TAMS 0x0000000084e00000, 0x0000000084e00000| Untracked 
|  79|0x0000000084f00000, 0x0000000085000000, 0x0000000085000000|100%|HS|  |TAMS 0x0000000084f00000, 0x0000000084f00000| Complete 
|  80|0x0000000085000000, 0x0000000085100000, 0x0000000085100000|100%|HC|  |TAMS 0x0000000085000000, 0x0000000085000000| Complete 
|  81|0x0000000085100000, 0x0000000085200000, 0x0000000085200000|100%| O|  |TAMS 0x0000000085100000, 0x0000000085100000| Untracked 
|  82|0x0000000085200000, 0x0000000085300000, 0x0000000085300000|100%| O|  |TAMS 0x0000000085200000, 0x0000000085200000| Untracked 
|  83|0x0000000085300000, 0x0000000085400000, 0x0000000085400000|100%| O|  |TAMS 0x0000000085300000, 0x0000000085300000| Untracked 
|  84|0x0000000085400000, 0x0000000085500000, 0x0000000085500000|100%| O|  |TAMS 0x0000000085400000, 0x0000000085400000| Untracked 
|  85|0x0000000085500000, 0x0000000085600000, 0x0000000085600000|100%| O|  |TAMS 0x0000000085500000, 0x0000000085500000| Untracked 
|  86|0x0000000085600000, 0x0000000085700000, 0x0000000085700000|100%| O|  |TAMS 0x0000000085600000, 0x0000000085600000| Untracked 
|  87|0x0000000085700000, 0x0000000085800000, 0x0000000085800000|100%| O|  |TAMS 0x0000000085700000, 0x0000000085700000| Untracked 
|  88|0x0000000085800000, 0x0000000085900000, 0x0000000085900000|100%| O|  |TAMS 0x0000000085800000, 0x0000000085800000| Untracked 
|  89|0x0000000085900000, 0x000000008599f000, 0x0000000085a00000| 62%| O|  |TAMS 0x0000000085900000, 0x0000000085900000| Untracked 
|  90|0x0000000085a00000, 0x0000000085a00000, 0x0000000085b00000|  0%| F|  |TAMS 0x0000000085a00000, 0x0000000085a00000| Untracked 
|  91|0x0000000085b00000, 0x0000000085b00000, 0x0000000085c00000|  0%| F|  |TAMS 0x0000000085b00000, 0x0000000085b00000| Untracked 
|  92|0x0000000085c00000, 0x0000000085c00000, 0x0000000085d00000|  0%| F|  |TAMS 0x0000000085c00000, 0x0000000085c00000| Untracked 
|  93|0x0000000085d00000, 0x0000000085d00000, 0x0000000085e00000|  0%| F|  |TAMS 0x0000000085d00000, 0x0000000085d00000| Untracked 
|  94|0x0000000085e00000, 0x0000000085e00000, 0x0000000085f00000|  0%| F|  |TAMS 0x0000000085e00000, 0x0000000085e00000| Untracked 
|  95|0x0000000085f00000, 0x0000000085f00000, 0x0000000086000000|  0%| F|  |TAMS 0x0000000085f00000, 0x0000000085f00000| Untracked 
|  96|0x0000000086000000, 0x0000000086000000, 0x0000000086100000|  0%| F|  |TAMS 0x0000000086000000, 0x0000000086000000| Untracked 
|  97|0x0000000086100000, 0x0000000086100000, 0x0000000086200000|  0%| F|  |TAMS 0x0000000086100000, 0x0000000086100000| Untracked 
|  98|0x0000000086200000, 0x0000000086200000, 0x0000000086300000|  0%| F|  |TAMS 0x0000000086200000, 0x0000000086200000| Untracked 
|  99|0x0000000086300000, 0x0000000086300000, 0x0000000086400000|  0%| F|  |TAMS 0x0000000086300000, 0x0000000086300000| Untracked 
| 100|0x0000000086400000, 0x0000000086400000, 0x0000000086500000|  0%| F|  |TAMS 0x0000000086400000, 0x0000000086400000| Untracked 
| 101|0x0000000086500000, 0x0000000086500000, 0x0000000086600000|  0%| F|  |TAMS 0x0000000086500000, 0x0000000086500000| Untracked 
| 102|0x0000000086600000, 0x0000000086600000, 0x0000000086700000|  0%| F|  |TAMS 0x0000000086600000, 0x0000000086600000| Untracked 
| 103|0x0000000086700000, 0x0000000086700000, 0x0000000086800000|  0%| F|  |TAMS 0x0000000086700000, 0x0000000086700000| Untracked 
| 104|0x0000000086800000, 0x0000000086800000, 0x0000000086900000|  0%| F|  |TAMS 0x0000000086800000, 0x0000000086800000| Untracked 
| 105|0x0000000086900000, 0x0000000086900000, 0x0000000086a00000|  0%| F|  |TAMS 0x0000000086900000, 0x0000000086900000| Untracked 
| 106|0x0000000086a00000, 0x0000000086a00000, 0x0000000086b00000|  0%| F|  |TAMS 0x0000000086a00000, 0x0000000086a00000| Untracked 
| 107|0x0000000086b00000, 0x0000000086b00000, 0x0000000086c00000|  0%| F|  |TAMS 0x0000000086b00000, 0x0000000086b00000| Untracked 
| 108|0x0000000086c00000, 0x0000000086c00000, 0x0000000086d00000|  0%| F|  |TAMS 0x0000000086c00000, 0x0000000086c00000| Untracked 
| 109|0x0000000086d00000, 0x0000000086d00000, 0x0000000086e00000|  0%| F|  |TAMS 0x0000000086d00000, 0x0000000086d00000| Untracked 
| 110|0x0000000086e00000, 0x0000000086e00000, 0x0000000086f00000|  0%| F|  |TAMS 0x0000000086e00000, 0x0000000086e00000| Untracked 
| 111|0x0000000086f00000, 0x0000000086f00000, 0x0000000087000000|  0%| F|  |TAMS 0x0000000086f00000, 0x0000000086f00000| Untracked 
| 112|0x0000000087000000, 0x0000000087000000, 0x0000000087100000|  0%| F|  |TAMS 0x0000000087000000, 0x0000000087000000| Untracked 
| 113|0x0000000087100000, 0x0000000087100000, 0x0000000087200000|  0%| F|  |TAMS 0x0000000087100000, 0x0000000087100000| Untracked 
| 114|0x0000000087200000, 0x0000000087200000, 0x0000000087300000|  0%| F|  |TAMS 0x0000000087200000, 0x0000000087200000| Untracked 
| 115|0x0000000087300000, 0x0000000087300000, 0x0000000087400000|  0%| F|  |TAMS 0x0000000087300000, 0x0000000087300000| Untracked 
| 116|0x0000000087400000, 0x0000000087400000, 0x0000000087500000|  0%| F|  |TAMS 0x0000000087400000, 0x0000000087400000| Untracked 
| 117|0x0000000087500000, 0x0000000087500000, 0x0000000087600000|  0%| F|  |TAMS 0x0000000087500000, 0x0000000087500000| Untracked 
| 118|0x0000000087600000, 0x0000000087600000, 0x0000000087700000|  0%| F|  |TAMS 0x0000000087600000, 0x0000000087600000| Untracked 
| 119|0x0000000087700000, 0x0000000087700000, 0x0000000087800000|  0%| F|  |TAMS 0x0000000087700000, 0x0000000087700000| Untracked 
| 120|0x0000000087800000, 0x0000000087800000, 0x0000000087900000|  0%| F|  |TAMS 0x0000000087800000, 0x0000000087800000| Untracked 
| 121|0x0000000087900000, 0x0000000087900000, 0x0000000087a00000|  0%| F|  |TAMS 0x0000000087900000, 0x0000000087900000| Untracked 
| 122|0x0000000087a00000, 0x0000000087a00000, 0x0000000087b00000|  0%| F|  |TAMS 0x0000000087a00000, 0x0000000087a00000| Untracked 
| 123|0x0000000087b00000, 0x0000000087b00000, 0x0000000087c00000|  0%| F|  |TAMS 0x0000000087b00000, 0x0000000087b00000| Untracked 
| 124|0x0000000087c00000, 0x0000000087c00000, 0x0000000087d00000|  0%| F|  |TAMS 0x0000000087c00000, 0x0000000087c00000| Untracked 
| 125|0x0000000087d00000, 0x0000000087d00000, 0x0000000087e00000|  0%| F|  |TAMS 0x0000000087d00000, 0x0000000087d00000| Untracked 
| 126|0x0000000087e00000, 0x0000000087e00000, 0x0000000087f00000|  0%| F|  |TAMS 0x0000000087e00000, 0x0000000087e00000| Untracked 
| 127|0x0000000087f00000, 0x0000000087f00000, 0x0000000088000000|  0%| F|  |TAMS 0x0000000087f00000, 0x0000000087f00000| Untracked 
| 128|0x0000000088000000, 0x0000000088000000, 0x0000000088100000|  0%| F|  |TAMS 0x0000000088000000, 0x0000000088000000| Untracked 
| 129|0x0000000088100000, 0x0000000088100000, 0x0000000088200000|  0%| F|  |TAMS 0x0000000088100000, 0x0000000088100000| Untracked 
| 130|0x0000000088200000, 0x0000000088200000, 0x0000000088300000|  0%| F|  |TAMS 0x0000000088200000, 0x0000000088200000| Untracked 
| 131|0x0000000088300000, 0x0000000088300000, 0x0000000088400000|  0%| F|  |TAMS 0x0000000088300000, 0x0000000088300000| Untracked 
| 132|0x0000000088400000, 0x0000000088400000, 0x0000000088500000|  0%| F|  |TAMS 0x0000000088400000, 0x0000000088400000| Untracked 
| 133|0x0000000088500000, 0x00000000885b6498, 0x0000000088600000| 71%| S|CS|TAMS 0x0000000088500000, 0x0000000088500000| Complete 
| 134|0x0000000088600000, 0x0000000088700000, 0x0000000088700000|100%| S|CS|TAMS 0x0000000088600000, 0x0000000088600000| Complete 
| 135|0x0000000088700000, 0x0000000088800000, 0x0000000088800000|100%| S|CS|TAMS 0x0000000088700000, 0x0000000088700000| Complete 
| 136|0x0000000088800000, 0x0000000088900000, 0x0000000088900000|100%| S|CS|TAMS 0x0000000088800000, 0x0000000088800000| Complete 
| 137|0x0000000088900000, 0x0000000088900000, 0x0000000088a00000|  0%| F|  |TAMS 0x0000000088900000, 0x0000000088900000| Untracked 
| 138|0x0000000088a00000, 0x0000000088a00000, 0x0000000088b00000|  0%| F|  |TAMS 0x0000000088a00000, 0x0000000088a00000| Untracked 
| 139|0x0000000088b00000, 0x0000000088b00000, 0x0000000088c00000|  0%| F|  |TAMS 0x0000000088b00000, 0x0000000088b00000| Untracked 
| 140|0x0000000088c00000, 0x0000000088c00000, 0x0000000088d00000|  0%| F|  |TAMS 0x0000000088c00000, 0x0000000088c00000| Untracked 
| 141|0x0000000088d00000, 0x0000000088d00000, 0x0000000088e00000|  0%| F|  |TAMS 0x0000000088d00000, 0x0000000088d00000| Untracked 
| 142|0x0000000088e00000, 0x0000000088e00000, 0x0000000088f00000|  0%| F|  |TAMS 0x0000000088e00000, 0x0000000088e00000| Untracked 
| 143|0x0000000088f00000, 0x0000000088f00000, 0x0000000089000000|  0%| F|  |TAMS 0x0000000088f00000, 0x0000000088f00000| Untracked 
| 144|0x0000000089000000, 0x0000000089000000, 0x0000000089100000|  0%| F|  |TAMS 0x0000000089000000, 0x0000000089000000| Untracked 
| 145|0x0000000089100000, 0x0000000089100000, 0x0000000089200000|  0%| F|  |TAMS 0x0000000089100000, 0x0000000089100000| Untracked 
| 146|0x0000000089200000, 0x0000000089200000, 0x0000000089300000|  0%| F|  |TAMS 0x0000000089200000, 0x0000000089200000| Untracked 
| 147|0x0000000089300000, 0x0000000089300000, 0x0000000089400000|  0%| F|  |TAMS 0x0000000089300000, 0x0000000089300000| Untracked 
| 148|0x0000000089400000, 0x0000000089400000, 0x0000000089500000|  0%| F|  |TAMS 0x0000000089400000, 0x0000000089400000| Untracked 
| 149|0x0000000089500000, 0x0000000089500000, 0x0000000089600000|  0%| F|  |TAMS 0x0000000089500000, 0x0000000089500000| Untracked 
| 150|0x0000000089600000, 0x0000000089600000, 0x0000000089700000|  0%| F|  |TAMS 0x0000000089600000, 0x0000000089600000| Untracked 
| 151|0x0000000089700000, 0x0000000089700000, 0x0000000089800000|  0%| F|  |TAMS 0x0000000089700000, 0x0000000089700000| Untracked 
| 152|0x0000000089800000, 0x0000000089800000, 0x0000000089900000|  0%| F|  |TAMS 0x0000000089800000, 0x0000000089800000| Untracked 
| 153|0x0000000089900000, 0x0000000089900000, 0x0000000089a00000|  0%| F|  |TAMS 0x0000000089900000, 0x0000000089900000| Untracked 
| 154|0x0000000089a00000, 0x0000000089a00000, 0x0000000089b00000|  0%| F|  |TAMS 0x0000000089a00000, 0x0000000089a00000| Untracked 
| 155|0x0000000089b00000, 0x0000000089b00000, 0x0000000089c00000|  0%| F|  |TAMS 0x0000000089b00000, 0x0000000089b00000| Untracked 
| 156|0x0000000089c00000, 0x0000000089c00000, 0x0000000089d00000|  0%| F|  |TAMS 0x0000000089c00000, 0x0000000089c00000| Untracked 
| 157|0x0000000089d00000, 0x0000000089d00000, 0x0000000089e00000|  0%| F|  |TAMS 0x0000000089d00000, 0x0000000089d00000| Untracked 
| 158|0x0000000089e00000, 0x0000000089e00000, 0x0000000089f00000|  0%| F|  |TAMS 0x0000000089e00000, 0x0000000089e00000| Untracked 
| 159|0x0000000089f00000, 0x0000000089f00000, 0x000000008a000000|  0%| F|  |TAMS 0x0000000089f00000, 0x0000000089f00000| Untracked 
| 160|0x000000008a000000, 0x000000008a000000, 0x000000008a100000|  0%| F|  |TAMS 0x000000008a000000, 0x000000008a000000| Untracked 
| 161|0x000000008a100000, 0x000000008a100000, 0x000000008a200000|  0%| F|  |TAMS 0x000000008a100000, 0x000000008a100000| Untracked 
| 162|0x000000008a200000, 0x000000008a200000, 0x000000008a300000|  0%| F|  |TAMS 0x000000008a200000, 0x000000008a200000| Untracked 
| 163|0x000000008a300000, 0x000000008a300000, 0x000000008a400000|  0%| F|  |TAMS 0x000000008a300000, 0x000000008a300000| Untracked 
| 164|0x000000008a400000, 0x000000008a400000, 0x000000008a500000|  0%| F|  |TAMS 0x000000008a400000, 0x000000008a400000| Untracked 
| 165|0x000000008a500000, 0x000000008a500000, 0x000000008a600000|  0%| F|  |TAMS 0x000000008a500000, 0x000000008a500000| Untracked 
| 166|0x000000008a600000, 0x000000008a600000, 0x000000008a700000|  0%| F|  |TAMS 0x000000008a600000, 0x000000008a600000| Untracked 
| 167|0x000000008a700000, 0x000000008a700000, 0x000000008a800000|  0%| F|  |TAMS 0x000000008a700000, 0x000000008a700000| Untracked 
| 168|0x000000008a800000, 0x000000008a800000, 0x000000008a900000|  0%| F|  |TAMS 0x000000008a800000, 0x000000008a800000| Untracked 
| 169|0x000000008a900000, 0x000000008a900000, 0x000000008aa00000|  0%| F|  |TAMS 0x000000008a900000, 0x000000008a900000| Untracked 
| 170|0x000000008aa00000, 0x000000008aa00000, 0x000000008ab00000|  0%| F|  |TAMS 0x000000008aa00000, 0x000000008aa00000| Untracked 
| 171|0x000000008ab00000, 0x000000008ab00000, 0x000000008ac00000|  0%| F|  |TAMS 0x000000008ab00000, 0x000000008ab00000| Untracked 
| 172|0x000000008ac00000, 0x000000008ac00000, 0x000000008ad00000|  0%| F|  |TAMS 0x000000008ac00000, 0x000000008ac00000| Untracked 
| 173|0x000000008ad00000, 0x000000008ad00000, 0x000000008ae00000|  0%| F|  |TAMS 0x000000008ad00000, 0x000000008ad00000| Untracked 
| 174|0x000000008ae00000, 0x000000008ae00000, 0x000000008af00000|  0%| F|  |TAMS 0x000000008ae00000, 0x000000008ae00000| Untracked 
| 175|0x000000008af00000, 0x000000008af00000, 0x000000008b000000|  0%| F|  |TAMS 0x000000008af00000, 0x000000008af00000| Untracked 
| 176|0x000000008b000000, 0x000000008b000000, 0x000000008b100000|  0%| F|  |TAMS 0x000000008b000000, 0x000000008b000000| Untracked 
| 177|0x000000008b100000, 0x000000008b100000, 0x000000008b200000|  0%| F|  |TAMS 0x000000008b100000, 0x000000008b100000| Untracked 
| 178|0x000000008b200000, 0x000000008b200000, 0x000000008b300000|  0%| F|  |TAMS 0x000000008b200000, 0x000000008b200000| Untracked 
| 179|0x000000008b300000, 0x000000008b300000, 0x000000008b400000|  0%| F|  |TAMS 0x000000008b300000, 0x000000008b300000| Untracked 
| 180|0x000000008b400000, 0x000000008b400000, 0x000000008b500000|  0%| F|  |TAMS 0x000000008b400000, 0x000000008b400000| Untracked 
| 181|0x000000008b500000, 0x000000008b500000, 0x000000008b600000|  0%| F|  |TAMS 0x000000008b500000, 0x000000008b500000| Untracked 
| 182|0x000000008b600000, 0x000000008b600000, 0x000000008b700000|  0%| F|  |TAMS 0x000000008b600000, 0x000000008b600000| Untracked 
| 183|0x000000008b700000, 0x000000008b700000, 0x000000008b800000|  0%| F|  |TAMS 0x000000008b700000, 0x000000008b700000| Untracked 
| 184|0x000000008b800000, 0x000000008b800000, 0x000000008b900000|  0%| F|  |TAMS 0x000000008b800000, 0x000000008b800000| Untracked 
| 185|0x000000008b900000, 0x000000008b900000, 0x000000008ba00000|  0%| F|  |TAMS 0x000000008b900000, 0x000000008b900000| Untracked 
| 186|0x000000008ba00000, 0x000000008ba00000, 0x000000008bb00000|  0%| F|  |TAMS 0x000000008ba00000, 0x000000008ba00000| Untracked 
| 187|0x000000008bb00000, 0x000000008bb00000, 0x000000008bc00000|  0%| F|  |TAMS 0x000000008bb00000, 0x000000008bb00000| Untracked 
| 188|0x000000008bc00000, 0x000000008bc00000, 0x000000008bd00000|  0%| F|  |TAMS 0x000000008bc00000, 0x000000008bc00000| Untracked 
| 189|0x000000008bd00000, 0x000000008bd00000, 0x000000008be00000|  0%| F|  |TAMS 0x000000008bd00000, 0x000000008bd00000| Untracked 
| 190|0x000000008be00000, 0x000000008be00000, 0x000000008bf00000|  0%| F|  |TAMS 0x000000008be00000, 0x000000008be00000| Untracked 
| 191|0x000000008bf00000, 0x000000008bf00000, 0x000000008c000000|  0%| F|  |TAMS 0x000000008bf00000, 0x000000008bf00000| Untracked 
| 192|0x000000008c000000, 0x000000008c000000, 0x000000008c100000|  0%| F|  |TAMS 0x000000008c000000, 0x000000008c000000| Untracked 
| 193|0x000000008c100000, 0x000000008c100000, 0x000000008c200000|  0%| F|  |TAMS 0x000000008c100000, 0x000000008c100000| Untracked 
| 194|0x000000008c200000, 0x000000008c200000, 0x000000008c300000|  0%| F|  |TAMS 0x000000008c200000, 0x000000008c200000| Untracked 
| 195|0x000000008c300000, 0x000000008c300000, 0x000000008c400000|  0%| F|  |TAMS 0x000000008c300000, 0x000000008c300000| Untracked 
| 196|0x000000008c400000, 0x000000008c400000, 0x000000008c500000|  0%| F|  |TAMS 0x000000008c400000, 0x000000008c400000| Untracked 
| 197|0x000000008c500000, 0x000000008c500000, 0x000000008c600000|  0%| F|  |TAMS 0x000000008c500000, 0x000000008c500000| Untracked 
| 198|0x000000008c600000, 0x000000008c600000, 0x000000008c700000|  0%| F|  |TAMS 0x000000008c600000, 0x000000008c600000| Untracked 
| 199|0x000000008c700000, 0x000000008c700000, 0x000000008c800000|  0%| F|  |TAMS 0x000000008c700000, 0x000000008c700000| Untracked 
| 200|0x000000008c800000, 0x000000008c800000, 0x000000008c900000|  0%| F|  |TAMS 0x000000008c800000, 0x000000008c800000| Untracked 
| 201|0x000000008c900000, 0x000000008c900000, 0x000000008ca00000|  0%| F|  |TAMS 0x000000008c900000, 0x000000008c900000| Untracked 
| 202|0x000000008ca00000, 0x000000008ca00000, 0x000000008cb00000|  0%| F|  |TAMS 0x000000008ca00000, 0x000000008ca00000| Untracked 
| 203|0x000000008cb00000, 0x000000008cb00000, 0x000000008cc00000|  0%| F|  |TAMS 0x000000008cb00000, 0x000000008cb00000| Untracked 
| 204|0x000000008cc00000, 0x000000008cc00000, 0x000000008cd00000|  0%| F|  |TAMS 0x000000008cc00000, 0x000000008cc00000| Untracked 
| 205|0x000000008cd00000, 0x000000008cd00000, 0x000000008ce00000|  0%| F|  |TAMS 0x000000008cd00000, 0x000000008cd00000| Untracked 
| 206|0x000000008ce00000, 0x000000008ce00000, 0x000000008cf00000|  0%| F|  |TAMS 0x000000008ce00000, 0x000000008ce00000| Untracked 
| 207|0x000000008cf00000, 0x000000008cf00000, 0x000000008d000000|  0%| F|  |TAMS 0x000000008cf00000, 0x000000008cf00000| Untracked 
| 208|0x000000008d000000, 0x000000008d000000, 0x000000008d100000|  0%| F|  |TAMS 0x000000008d000000, 0x000000008d000000| Untracked 
| 209|0x000000008d100000, 0x000000008d100000, 0x000000008d200000|  0%| F|  |TAMS 0x000000008d100000, 0x000000008d100000| Untracked 
| 210|0x000000008d200000, 0x000000008d200000, 0x000000008d300000|  0%| F|  |TAMS 0x000000008d200000, 0x000000008d200000| Untracked 
| 211|0x000000008d300000, 0x000000008d300000, 0x000000008d400000|  0%| F|  |TAMS 0x000000008d300000, 0x000000008d300000| Untracked 
| 212|0x000000008d400000, 0x000000008d400000, 0x000000008d500000|  0%| F|  |TAMS 0x000000008d400000, 0x000000008d400000| Untracked 
| 213|0x000000008d500000, 0x000000008d500000, 0x000000008d600000|  0%| F|  |TAMS 0x000000008d500000, 0x000000008d500000| Untracked 
| 214|0x000000008d600000, 0x000000008d600000, 0x000000008d700000|  0%| F|  |TAMS 0x000000008d600000, 0x000000008d600000| Untracked 
| 215|0x000000008d700000, 0x000000008d700000, 0x000000008d800000|  0%| F|  |TAMS 0x000000008d700000, 0x000000008d700000| Untracked 
| 216|0x000000008d800000, 0x000000008d880800, 0x000000008d900000| 50%| E|  |TAMS 0x000000008d800000, 0x000000008d800000| Complete 
| 217|0x000000008d900000, 0x000000008da00000, 0x000000008da00000|100%| E|CS|TAMS 0x000000008d900000, 0x000000008d900000| Complete 
| 218|0x000000008da00000, 0x000000008db00000, 0x000000008db00000|100%| E|CS|TAMS 0x000000008da00000, 0x000000008da00000| Complete 
| 219|0x000000008db00000, 0x000000008dc00000, 0x000000008dc00000|100%| E|CS|TAMS 0x000000008db00000, 0x000000008db00000| Complete 
| 220|0x000000008dc00000, 0x000000008dd00000, 0x000000008dd00000|100%| E|CS|TAMS 0x000000008dc00000, 0x000000008dc00000| Complete 
| 221|0x000000008dd00000, 0x000000008de00000, 0x000000008de00000|100%| E|CS|TAMS 0x000000008dd00000, 0x000000008dd00000| Complete 
| 222|0x000000008de00000, 0x000000008df00000, 0x000000008df00000|100%| E|CS|TAMS 0x000000008de00000, 0x000000008de00000| Complete 
| 223|0x000000008df00000, 0x000000008e000000, 0x000000008e000000|100%| E|CS|TAMS 0x000000008df00000, 0x000000008df00000| Complete 
| 224|0x000000008e000000, 0x000000008e100000, 0x000000008e100000|100%| E|CS|TAMS 0x000000008e000000, 0x000000008e000000| Complete 
| 225|0x000000008e100000, 0x000000008e200000, 0x000000008e200000|100%| E|CS|TAMS 0x000000008e100000, 0x000000008e100000| Complete 
| 226|0x000000008e200000, 0x000000008e300000, 0x000000008e300000|100%| E|CS|TAMS 0x000000008e200000, 0x000000008e200000| Complete 
| 227|0x000000008e300000, 0x000000008e400000, 0x000000008e400000|100%| E|CS|TAMS 0x000000008e300000, 0x000000008e300000| Complete 
| 228|0x000000008e400000, 0x000000008e500000, 0x000000008e500000|100%| E|CS|TAMS 0x000000008e400000, 0x000000008e400000| Complete 
| 229|0x000000008e500000, 0x000000008e600000, 0x000000008e600000|100%| E|CS|TAMS 0x000000008e500000, 0x000000008e500000| Complete 
| 230|0x000000008e600000, 0x000000008e700000, 0x000000008e700000|100%| E|CS|TAMS 0x000000008e600000, 0x000000008e600000| Complete 
| 231|0x000000008e700000, 0x000000008e800000, 0x000000008e800000|100%| E|CS|TAMS 0x000000008e700000, 0x000000008e700000| Complete 
| 232|0x000000008e800000, 0x000000008e900000, 0x000000008e900000|100%| E|CS|TAMS 0x000000008e800000, 0x000000008e800000| Complete 
| 233|0x000000008e900000, 0x000000008ea00000, 0x000000008ea00000|100%| E|CS|TAMS 0x000000008e900000, 0x000000008e900000| Complete 

Card table byte_map: [0x000001f233780000,0x000001f233b80000] _byte_map_base: 0x000001f233380000

Marking Bits (Prev, Next): (CMBitMap*) 0x000001f21bc41ef0, (CMBitMap*) 0x000001f21bc41eb8
 Prev Bits: [0x000001f235f80000, 0x000001f237f80000)
 Next Bits: [0x000001f233f80000, 0x000001f235f80000)

Polling page: 0x000001f21b3e0000

Metaspace:

Usage:
  Non-class:     79.92 MB capacity,    78.23 MB ( 98%) used,     1.40 MB (  2%) free+waste,   292.50 KB ( <1%) overhead. 
      Class:     12.47 MB capacity,    11.30 MB ( 91%) used,     1.04 MB (  8%) free+waste,   135.19 KB (  1%) overhead. 
       Both:     92.39 MB capacity,    89.53 MB ( 97%) used,     2.44 MB (  3%) free+waste,   427.69 KB ( <1%) overhead. 

Virtual space:
  Non-class space:       82.00 MB reserved,      80.08 MB ( 98%) committed 
      Class space:      504.00 MB reserved,      12.50 MB (  2%) committed 
             Both:      586.00 MB reserved,      92.58 MB ( 16%) committed 

Chunk freelists:
   Non-Class:  38.00 KB
       Class:  30.00 KB
        Both:  68.00 KB

MaxMetaspaceSize: 512.00 MB
CompressedClassSpaceSize: 504.00 MB
Initial GC threshold: 20.80 MB
Current GC threshold: 148.05 MB
CDS: off

CodeHeap 'non-profiled nmethods': size=120064Kb used=10200Kb max_used=10200Kb free=109863Kb
 bounds [0x000001f22be40000, 0x000001f22c840000, 0x000001f233380000]
CodeHeap 'profiled nmethods': size=120000Kb used=30566Kb max_used=30566Kb free=89434Kb
 bounds [0x000001f224910000, 0x000001f2266f0000, 0x000001f22be40000]
CodeHeap 'non-nmethods': size=5696Kb used=2406Kb max_used=2508Kb free=3289Kb
 bounds [0x000001f224380000, 0x000001f224600000, 0x000001f224910000]
 total_blobs=14526 nmethods=13587 adapters=850
 compilation: enabled
              stopped_count=0, restarted_count=0
 full_count=0

Compilation events (20 events):
Event: 947.903 Thread 0x000001f23ac78800 13804       2       sun.nio.fs.WindowsPath::normalize (5 bytes)
Event: 947.903 Thread 0x000001f23ac78800 nmethod 13804 0x000001f2266e0510 code [0x000001f2266e06c0, 0x000001f2266e07c8]
Event: 947.903 Thread 0x000001f23ac78800 13805       2       sun.nio.fs.WindowsPath::normalize (365 bytes)
Event: 947.908 Thread 0x000001f23ac78800 nmethod 13805 0x000001f2266e0890 code [0x000001f2266e0ba0, 0x000001f2266e1cb8]
Event: 947.912 Thread 0x000001f23ac78800 13806   !   2       com.sun.proxy.$Proxy5::annotationType (29 bytes)
Event: 947.912 Thread 0x000001f23ac78800 nmethod 13806 0x000001f2266e2610 code [0x000001f2266e27e0, 0x000001f2266e2a58]
Event: 947.927 Thread 0x000001f23ac78800 13807       2       sun.reflect.annotation.AnnotationInvocationHandler::cloneArray (143 bytes)
Event: 947.931 Thread 0x000001f23ac78800 nmethod 13807 0x000001f2266e2c10 code [0x000001f2266e2e80, 0x000001f2266e33c8]
Event: 947.952 Thread 0x000001f23ac78800 13808       2       com.google.common.collect.MapMakerInternalMap$StrongKeyWeakValueEntry$Helper::copy (17 bytes)
Event: 947.952 Thread 0x000001f23ac78800 nmethod 13808 0x000001f2266e3610 code [0x000001f2266e37e0, 0x000001f2266e3a38]
Event: 947.952 Thread 0x000001f23ac78800 13809       2       com.google.common.collect.MapMakerInternalMap$StrongKeyWeakValueEntry$Helper::copy (19 bytes)
Event: 947.953 Thread 0x000001f23ac78800 nmethod 13809 0x000001f2266e3c10 code [0x000001f2266e3e00, 0x000001f2266e41d8]
Event: 947.983 Thread 0x000001f23ac78800 13810       1       org.gradle.model.internal.asm.AsmClassGenerator::getTargetType (5 bytes)
Event: 947.983 Thread 0x000001f23ac78800 nmethod 13810 0x000001f22c834990 code [0x000001f22c834b40, 0x000001f22c834bf8]
Event: 947.983 Thread 0x000001f23ac78800 13811       1       org.gradle.internal.instantiation.generator.AsmBackedClassGenerator$ClassBuilderImpl::access$7100 (5 bytes)
Event: 947.983 Thread 0x000001f23ac78800 nmethod 13811 0x000001f22c834c90 code [0x000001f22c834e40, 0x000001f22c834ed8]
Event: 947.983 Thread 0x000001f23ac78800 13812       1       org.gradle.internal.instantiation.generator.AsmBackedClassGenerator$ClassBuilderImpl::access$7200 (5 bytes)
Event: 947.983 Thread 0x000001f23ac78800 nmethod 13812 0x000001f22c834f90 code [0x000001f22c835140, 0x000001f22c8351d8]
Event: 947.983 Thread 0x000001f23ac78800 13813       1       org.gradle.internal.instantiation.generator.AsmBackedClassGenerator$ClassBuilderImpl::access$3900 (5 bytes)
Event: 947.983 Thread 0x000001f23ac78800 nmethod 13813 0x000001f22c835290 code [0x000001f22c835440, 0x000001f22c8354d8]

GC Heap History (20 events):
Event: 931.881 GC heap before
{Heap before GC invocations=134 (full 0):
 garbage-first heap   total 199680K, used 169786K [0x0000000080000000, 0x0000000100000000)
  region size 1024K, 92 young (94208K), 5 survivors (5120K)
 Metaspace       used 88037K, capacity 90651K, committed 90960K, reserved 595968K
  class space    used 11129K, capacity 12212K, committed 12288K, reserved 516096K
}
Event: 931.888 GC heap after
{Heap after GC invocations=135 (full 0):
 garbage-first heap   total 199680K, used 81424K [0x0000000080000000, 0x0000000100000000)
  region size 1024K, 6 young (6144K), 6 survivors (6144K)
 Metaspace       used 88037K, capacity 90651K, committed 90960K, reserved 595968K
  class space    used 11129K, capacity 12212K, committed 12288K, reserved 516096K
}
Event: 933.552 GC heap before
{Heap before GC invocations=135 (full 0):
 garbage-first heap   total 199680K, used 170512K [0x0000000080000000, 0x0000000100000000)
  region size 1024K, 93 young (95232K), 6 survivors (6144K)
 Metaspace       used 88111K, capacity 90778K, committed 90960K, reserved 595968K
  class space    used 11137K, capacity 12250K, committed 12288K, reserved 516096K
}
Event: 933.555 GC heap after
{Heap after GC invocations=136 (full 0):
 garbage-first heap   total 199680K, used 75895K [0x0000000080000000, 0x0000000100000000)
  region size 1024K, 2 young (2048K), 2 survivors (2048K)
 Metaspace       used 88111K, capacity 90778K, committed 90960K, reserved 595968K
  class space    used 11137K, capacity 12250K, committed 12288K, reserved 516096K
}
Event: 933.996 GC heap before
{Heap before GC invocations=136 (full 0):
 garbage-first heap   total 199680K, used 169079K [0x0000000080000000, 0x0000000100000000)
  region size 1024K, 91 young (93184K), 2 survivors (2048K)
 Metaspace       used 88114K, capacity 90778K, committed 90960K, reserved 595968K
  class space    used 11138K, capacity 12250K, committed 12288K, reserved 516096K
}
Event: 933.999 GC heap after
{Heap after GC invocations=137 (full 0):
 garbage-first heap   total 199680K, used 78252K [0x0000000080000000, 0x0000000100000000)
  region size 1024K, 3 young (3072K), 3 survivors (3072K)
 Metaspace       used 88114K, capacity 90778K, committed 90960K, reserved 595968K
  class space    used 11138K, capacity 12250K, committed 12288K, reserved 516096K
}
Event: 934.430 GC heap before
{Heap before GC invocations=137 (full 0):
 garbage-first heap   total 199680K, used 169388K [0x0000000080000000, 0x0000000100000000)
  region size 1024K, 92 young (94208K), 3 survivors (3072K)
 Metaspace       used 88114K, capacity 90778K, committed 90960K, reserved 595968K
  class space    used 11138K, capacity 12250K, committed 12288K, reserved 516096K
}
Event: 934.445 GC heap after
{Heap after GC invocations=138 (full 0):
 garbage-first heap   total 199680K, used 79128K [0x0000000080000000, 0x0000000100000000)
  region size 1024K, 3 young (3072K), 3 survivors (3072K)
 Metaspace       used 88114K, capacity 90778K, committed 90960K, reserved 595968K
  class space    used 11138K, capacity 12250K, committed 12288K, reserved 516096K
}
Event: 935.816 GC heap before
{Heap before GC invocations=138 (full 0):
 garbage-first heap   total 199680K, used 171288K [0x0000000080000000, 0x0000000100000000)
  region size 1024K, 93 young (95232K), 3 survivors (3072K)
 Metaspace       used 88114K, capacity 90778K, committed 90960K, reserved 595968K
  class space    used 11138K, capacity 12250K, committed 12288K, reserved 516096K
}
Event: 935.831 GC heap after
{Heap after GC invocations=139 (full 0):
 garbage-first heap   total 199680K, used 80354K [0x0000000080000000, 0x0000000100000000)
  region size 1024K, 4 young (4096K), 4 survivors (4096K)
 Metaspace       used 88114K, capacity 90778K, committed 90960K, reserved 595968K
  class space    used 11138K, capacity 12250K, committed 12288K, reserved 516096K
}
Event: 936.971 GC heap before
{Heap before GC invocations=139 (full 0):
 garbage-first heap   total 199680K, used 171490K [0x0000000080000000, 0x0000000100000000)
  region size 1024K, 93 young (95232K), 4 survivors (4096K)
 Metaspace       used 88114K, capacity 90778K, committed 90960K, reserved 595968K
  class space    used 11138K, capacity 12250K, committed 12288K, reserved 516096K
}
Event: 936.990 GC heap after
{Heap after GC invocations=140 (full 0):
 garbage-first heap   total 199680K, used 81337K [0x0000000080000000, 0x0000000100000000)
  region size 1024K, 5 young (5120K), 5 survivors (5120K)
 Metaspace       used 88114K, capacity 90778K, committed 90960K, reserved 595968K
  class space    used 11138K, capacity 12250K, committed 12288K, reserved 516096K
}
Event: 939.180 GC heap before
{Heap before GC invocations=140 (full 0):
 garbage-first heap   total 199680K, used 175545K [0x0000000080000000, 0x0000000100000000)
  region size 1024K, 94 young (96256K), 5 survivors (5120K)
 Metaspace       used 88121K, capacity 90778K, committed 90960K, reserved 595968K
  class space    used 11138K, capacity 12250K, committed 12288K, reserved 516096K
}
Event: 939.189 GC heap after
{Heap after GC invocations=141 (full 0):
 garbage-first heap   total 199680K, used 80311K [0x0000000080000000, 0x0000000100000000)
  region size 1024K, 4 young (4096K), 4 survivors (4096K)
 Metaspace       used 88121K, capacity 90778K, committed 90960K, reserved 595968K
  class space    used 11138K, capacity 12250K, committed 12288K, reserved 516096K
}
Event: 944.053 GC heap before
{Heap before GC invocations=141 (full 0):
 garbage-first heap   total 199680K, used 176567K [0x0000000080000000, 0x0000000100000000)
  region size 1024K, 93 young (95232K), 4 survivors (4096K)
 Metaspace       used 88520K, capacity 91328K, committed 91600K, reserved 595968K
  class space    used 11190K, capacity 12343K, committed 12416K, reserved 516096K
}
Event: 944.085 GC heap after
{Heap after GC invocations=142 (full 0):
 garbage-first heap   total 199680K, used 92338K [0x0000000080000000, 0x0000000100000000)
  region size 1024K, 11 young (11264K), 11 survivors (11264K)
 Metaspace       used 88520K, capacity 91328K, committed 91600K, reserved 595968K
  class space    used 11190K, capacity 12343K, committed 12416K, reserved 516096K
}
Event: 945.220 GC heap before
{Heap before GC invocations=142 (full 0):
 garbage-first heap   total 199680K, used 167090K [0x0000000080000000, 0x0000000100000000)
  region size 1024K, 84 young (86016K), 11 survivors (11264K)
 Metaspace       used 88610K, capacity 91456K, committed 91600K, reserved 595968K
  class space    used 11190K, capacity 12343K, committed 12416K, reserved 516096K
}
Event: 945.263 GC heap after
{Heap after GC invocations=143 (full 0):
 garbage-first heap   total 239616K, used 93504K [0x0000000080000000, 0x0000000100000000)
  region size 1024K, 2 young (2048K), 2 survivors (2048K)
 Metaspace       used 88610K, capacity 91456K, committed 91600K, reserved 595968K
  class space    used 11190K, capacity 12343K, committed 12416K, reserved 516096K
}
Event: 947.668 GC heap before
{Heap before GC invocations=143 (full 0):
 garbage-first heap   total 239616K, used 192832K [0x0000000080000000, 0x0000000100000000)
  region size 1024K, 99 young (101376K), 2 survivors (2048K)
 Metaspace       used 89604K, capacity 92506K, committed 92752K, reserved 598016K
  class space    used 11307K, capacity 12478K, committed 12544K, reserved 516096K
}
Event: 947.677 GC heap after
{Heap after GC invocations=144 (full 0):
 garbage-first heap   total 239616K, used 95573K [0x0000000080000000, 0x0000000100000000)
  region size 1024K, 4 young (4096K), 4 survivors (4096K)
 Metaspace       used 89604K, capacity 92506K, committed 92752K, reserved 598016K
  class space    used 11307K, capacity 12478K, committed 12544K, reserved 516096K
}

Deoptimization events (20 events):
Event: 946.782 Thread 0x000001f23f48e000 DEOPT PACKING pc=0x000001f225d69e77 sp=0x000000db11bf3bc0
Event: 946.782 Thread 0x000001f23f48e000 DEOPT UNPACKING pc=0x000001f2243ca95e sp=0x000000db11bf30c0 mode 0
Event: 946.979 Thread 0x000001f23f48e000 Uncommon trap: trap_request=0xffffff4d fr.pc=0x000001f22c363ff8 relative=0x0000000000000058
Event: 946.979 Thread 0x000001f23f48e000 Uncommon trap: reason=unstable_if action=reinterpret pc=0x000001f22c363ff8 method=org.codehaus.groovy.ast.ClassNode.lazyClassInit()V @ 4 c2
Event: 946.979 Thread 0x000001f23f48e000 DEOPT PACKING pc=0x000001f22c363ff8 sp=0x000000db11bf8250
Event: 946.979 Thread 0x000001f23f48e000 DEOPT UNPACKING pc=0x000001f2243ca1af sp=0x000000db11bf81d8 mode 2
Event: 947.307 Thread 0x000001f23f48e000 DEOPT PACKING pc=0x000001f225654153 sp=0x000000db11bf87d0
Event: 947.307 Thread 0x000001f23f48e000 DEOPT UNPACKING pc=0x000001f2243ca95e sp=0x000000db11bf7c90 mode 0
Event: 947.559 Thread 0x000001f23f48e000 Uncommon trap: trap_request=0xffffff4d fr.pc=0x000001f22c123c9c relative=0x000000000000033c
Event: 947.559 Thread 0x000001f23f48e000 Uncommon trap: reason=unstable_if action=reinterpret pc=0x000001f22c123c9c method=org.gradle.internal.reflect.PropertyAccessorType.of(Ljava/lang/reflect/Method;)Lorg/gradle/internal/reflect/PropertyAccessorType; @ 56 c2
Event: 947.559 Thread 0x000001f23f48e000 DEOPT PACKING pc=0x000001f22c123c9c sp=0x000000db11bf95f0
Event: 947.559 Thread 0x000001f23f48e000 DEOPT UNPACKING pc=0x000001f2243ca1af sp=0x000000db11bf95b0 mode 2
Event: 947.912 Thread 0x000001f23f48e000 Uncommon trap: trap_request=0xfffffff4 fr.pc=0x000001f22c433908 relative=0x0000000000000068
Event: 947.912 Thread 0x000001f23f48e000 Uncommon trap: reason=null_check action=make_not_entrant pc=0x000001f22c433908 method=java.lang.Class.isAnnotation()Z @ 1 c2
Event: 947.912 Thread 0x000001f23f48e000 DEOPT PACKING pc=0x000001f22c433908 sp=0x000000db11bf7180
Event: 947.912 Thread 0x000001f23f48e000 DEOPT UNPACKING pc=0x000001f2243ca1af sp=0x000000db11bf7110 mode 2
Event: 947.912 Thread 0x000001f23f48e000 Uncommon trap: trap_request=0xffffff4d fr.pc=0x000001f22c750d78 relative=0x0000000000003ad8
Event: 947.912 Thread 0x000001f23f48e000 Uncommon trap: reason=unstable_if action=reinterpret pc=0x000001f22c750d78 method=org.objectweb.asm.ClassWriter.visit(IILjava/lang/String;Ljava/lang/String;Ljava/lang/String;[Ljava/lang/String;)V @ 142 c2
Event: 947.912 Thread 0x000001f23f48e000 DEOPT PACKING pc=0x000001f22c750d78 sp=0x000000db11bf71e0
Event: 947.912 Thread 0x000001f23f48e000 DEOPT UNPACKING pc=0x000001f2243ca1af sp=0x000000db11bf7170 mode 2

Classes redefined (0 events):
No events

Internal exceptions (20 events):
Event: 941.296 Thread 0x000001f23d4f8800 Exception <a 'sun/nio/fs/WindowsException'{0x000000008b921320}> (0x000000008b921320) thrown at [./src/hotspot/share/prims/jni.cpp, line 617]
Event: 941.339 Thread 0x000001f23f48e000 Exception <a 'java/lang/ClassNotFoundException'{0x000000008b9acce8}: build_c7i3ulz9jvfrggso4tmfmy4itBeanInfo> (0x000000008b9acce8) thrown at [./src/hotspot/share/classfile/systemDictionary.cpp, line 230]
Event: 941.340 Thread 0x000001f23f48e000 Exception <a 'java/lang/ClassNotFoundException'{0x000000008b9b8ce8}: build_c7i3ulz9jvfrggso4tmfmy4itCustomizer> (0x000000008b9b8ce8) thrown at [./src/hotspot/share/classfile/systemDictionary.cpp, line 230]
Event: 941.357 Thread 0x000001f23f48e000 Implicit null exception at 0x000001f22c4bb7db to 0x000001f22c4bb868
Event: 941.404 Thread 0x000001f23f48e000 Exception <a 'java/lang/ClassNotFoundException'{0x000000008b7029c0}: org/gradle/api/internal/artifacts/repositories/DefaultMavenArtifactRepository_DecoratedBeanInfo> (0x000000008b7029c0) thrown at [./src/hotspot/share/classfile/systemDictionary.cpp, line 230]
Event: 941.411 Thread 0x000001f23f48e000 Exception <a 'java/lang/ClassNotFoundException'{0x000000008b755de8}: org/gradle/api/internal/artifacts/repositories/DefaultMavenArtifactRepositoryBeanInfo> (0x000000008b755de8) thrown at [./src/hotspot/share/classfile/systemDictionary.cpp, line 230]
Event: 941.416 Thread 0x000001f23f48e000 Exception <a 'java/lang/ClassNotFoundException'{0x000000008b7ad700}: org/gradle/api/internal/artifacts/repositories/AbstractAuthenticationSupportedRepositoryBeanInfo> (0x000000008b7ad700) thrown at [./src/hotspot/share/classfile/systemDictionary.cpp, line 230]
Event: 941.420 Thread 0x000001f23f48e000 Exception <a 'java/lang/ClassNotFoundException'{0x000000008b6052b8}: org/gradle/api/internal/artifacts/repositories/AbstractResolutionAwareArtifactRepositoryBeanInfo> (0x000000008b6052b8) thrown at [./src/hotspot/share/classfile/systemDictionary.cpp, line 230]
Event: 941.425 Thread 0x000001f23f48e000 Exception <a 'java/lang/ClassNotFoundException'{0x000000008b655710}: org/gradle/api/internal/artifacts/repositories/AbstractArtifactRepositoryBeanInfo> (0x000000008b655710) thrown at [./src/hotspot/share/classfile/systemDictionary.cpp, line 230]
Event: 941.430 Thread 0x000001f23f48e000 Exception <a 'java/lang/ClassNotFoundException'{0x000000008b6a8ad8}: org/gradle/api/internal/artifacts/repositories/AbstractArtifactRepositoryCustomizer> (0x000000008b6a8ad8) thrown at [./src/hotspot/share/classfile/systemDictionary.cpp, line 230]
Event: 941.443 Thread 0x000001f23f48e000 Exception <a 'java/lang/ClassNotFoundException'{0x000000008b51e6d0}: org/gradle/api/internal/artifacts/repositories/AbstractResolutionAwareArtifactRepositoryCustomizer> (0x000000008b51e6d0) thrown at [./src/hotspot/share/classfile/systemDictionary.cpp, line 230]
Event: 941.452 Thread 0x000001f23f48e000 Exception <a 'java/lang/ClassNotFoundException'{0x000000008b57f9c8}: org/gradle/api/internal/artifacts/repositories/AbstractAuthenticationSupportedRepositoryCustomizer> (0x000000008b57f9c8) thrown at [./src/hotspot/share/classfile/systemDictionary.cpp, line 230]
Event: 941.464 Thread 0x000001f23f48e000 Exception <a 'java/lang/ClassNotFoundException'{0x000000008b5e46d8}: org/gradle/api/internal/artifacts/repositories/DefaultMavenArtifactRepositoryCustomizer> (0x000000008b5e46d8) thrown at [./src/hotspot/share/classfile/systemDictionary.cpp, line 230]
Event: 941.475 Thread 0x000001f23f48e000 Exception <a 'java/lang/ClassNotFoundException'{0x000000008b453ae0}: org/gradle/api/internal/artifacts/repositories/DefaultMavenArtifactRepository_DecoratedCustomizer> (0x000000008b453ae0) thrown at [./src/hotspot/share/classfile/systemDictionary.cpp, line 230]
Event: 941.522 Thread 0x000001f23f48e000 Exception <a 'java/lang/ClassNotFoundException'{0x000000008b37ed58}: org/gradle/api/internal/artifacts/repositories/DefaultMavenRepositoryContentDescriptorBeanInfo> (0x000000008b37ed58) thrown at [./src/hotspot/share/classfile/systemDictionary.cpp, line 230]
Event: 941.529 Thread 0x000001f23f48e000 Exception <a 'java/lang/ClassNotFoundException'{0x000000008b3d5038}: org/gradle/api/internal/artifacts/repositories/DefaultRepositoryContentDescriptorBeanInfo> (0x000000008b3d5038) thrown at [./src/hotspot/share/classfile/systemDictionary.cpp, line 230]
Event: 941.536 Thread 0x000001f23f48e000 Exception <a 'java/lang/ClassNotFoundException'{0x000000008b22e288}: org/gradle/api/internal/artifacts/repositories/DefaultRepositoryContentDescriptorCustomizer> (0x000000008b22e288) thrown at [./src/hotspot/share/classfile/systemDictionary.cpp, line 230]
Event: 941.545 Thread 0x000001f23f48e000 Exception <a 'java/lang/ClassNotFoundException'{0x000000008b294f30}: org/gradle/api/internal/artifacts/repositories/DefaultMavenRepositoryContentDescriptorCustomizer> (0x000000008b294f30) thrown at [./src/hotspot/share/classfile/systemDictionary.cpp, line 230]
Event: 947.563 Thread 0x000001f23f48e000 Exception <a 'java/lang/ClassNotFoundException'{0x0000000088dc3d80}: build_bfr1lpz2or3flvcj7h1f43vhwBeanInfo> (0x0000000088dc3d80) thrown at [./src/hotspot/share/classfile/systemDictionary.cpp, line 230]
Event: 947.564 Thread 0x000001f23f48e000 Exception <a 'java/lang/ClassNotFoundException'{0x0000000088dcfde0}: build_bfr1lpz2or3flvcj7h1f43vhwCustomizer> (0x0000000088dcfde0) thrown at [./src/hotspot/share/classfile/systemDictionary.cpp, line 230]

Events (20 events):
Event: 947.974 loading class com/google/common/collect/ImmutableSet$RegularSetBuilderImpl
Event: 947.974 loading class com/google/common/collect/ImmutableSet$RegularSetBuilderImpl done
Event: 947.975 loading class com/google/common/collect/ImmutableSet$Builder
Event: 947.975 loading class com/google/common/collect/ImmutableSet$Builder done
Event: 947.977 loading class com/google/common/collect/ImmutableCollection$Builder
Event: 947.977 loading class com/google/common/collect/ImmutableCollection$Builder done
Event: 947.978 loading class com/google/common/collect/ImmutableSet$JdkBackedSetBuilderImpl
Event: 947.978 loading class com/google/common/collect/ImmutableSet$JdkBackedSetBuilderImpl done
Event: 947.979 loading class com/google/common/collect/ImmutableSet$EmptySetBuilderImpl
Event: 947.979 loading class com/google/common/collect/ImmutableSet$EmptySetBuilderImpl done
Event: 947.988 loading class org/gradle/api/provider/ValueSource
Event: 947.988 loading class org/gradle/api/provider/ValueSource done
Event: 947.990 loading class com/google/common/math/IntMath
Event: 947.990 loading class com/google/common/math/IntMath done
Event: 947.992 loading class com/google/common/math/MathPreconditions
Event: 947.992 loading class com/google/common/math/MathPreconditions done
Event: 947.996 loading class com/google/common/math/IntMath$1
Event: 947.996 loading class com/google/common/math/IntMath$1 done
Event: 947.997 loading class com/google/common/collect/Hashing
Event: 947.997 loading class com/google/common/collect/Hashing done


Dynamic libraries:
0x00007ff67ebb0000 - 0x00007ff67ebbd000 	C:\Program Files\Java\jdk-11.0.18+10\bin\java.exe
0x00007ffc06090000 - 0x00007ffc06288000 	C:\WINDOWS\SYSTEM32\ntdll.dll
0x00007ffc04670000 - 0x00007ffc0472f000 	C:\WINDOWS\System32\KERNEL32.DLL
0x00007ffc038e0000 - 0x00007ffc03bd6000 	C:\WINDOWS\System32\KERNELBASE.dll
0x00007ffc03be0000 - 0x00007ffc03ce0000 	C:\WINDOWS\System32\ucrtbase.dll
0x00007ffbfc2b0000 - 0x00007ffbfc2c7000 	C:\Program Files\Java\jdk-11.0.18+10\bin\jli.dll
0x00007ffc05260000 - 0x00007ffc053fd000 	C:\WINDOWS\System32\USER32.dll
0x00007ffc03ce0000 - 0x00007ffc03d02000 	C:\WINDOWS\System32\win32u.dll
0x00007ffc05400000 - 0x00007ffc0542c000 	C:\WINDOWS\System32\GDI32.dll
0x00007ffc03d10000 - 0x00007ffc03e25000 	C:\WINDOWS\System32\gdi32full.dll
0x00007ffbfe650000 - 0x00007ffbfe665000 	C:\Program Files\Java\jdk-11.0.18+10\bin\VCRUNTIME140.dll
0x00007ffc03e30000 - 0x00007ffc03ecd000 	C:\WINDOWS\System32\msvcp_win.dll
0x00007ffbf3900000 - 0x00007ffbf3b9a000 	C:\WINDOWS\WinSxS\amd64_microsoft.windows.common-controls_6595b64144ccf1df_6.0.19041.1110_none_60b5254171f9507e\COMCTL32.dll
0x00007ffc058b0000 - 0x00007ffc0594e000 	C:\WINDOWS\System32\msvcrt.dll
0x00007ffc04f00000 - 0x00007ffc04f30000 	C:\WINDOWS\System32\IMM32.DLL
0x00007ffbfac90000 - 0x00007ffbfad2b000 	C:\Program Files\Java\jdk-11.0.18+10\bin\msvcp140.dll
0x00007ffba69c0000 - 0x00007ffba7552000 	C:\Program Files\Java\jdk-11.0.18+10\bin\server\jvm.dll
0x00007ffc05650000 - 0x00007ffc056ff000 	C:\WINDOWS\System32\ADVAPI32.dll
0x00007ffc05fb0000 - 0x00007ffc0604c000 	C:\WINDOWS\System32\sechost.dll
0x00007ffc05050000 - 0x00007ffc05176000 	C:\WINDOWS\System32\RPCRT4.dll
0x00007ffc047a0000 - 0x00007ffc047a8000 	C:\WINDOWS\System32\PSAPI.DLL
0x00007ffc00f20000 - 0x00007ffc00f29000 	C:\WINDOWS\SYSTEM32\WSOCK32.dll
0x00007ffc04730000 - 0x00007ffc0479b000 	C:\WINDOWS\System32\WS2_32.dll
0x00007ffbf4d40000 - 0x00007ffbf4d67000 	C:\WINDOWS\SYSTEM32\WINMM.dll
0x00007ffbf67e0000 - 0x00007ffbf67ea000 	C:\WINDOWS\SYSTEM32\VERSION.dll
0x00007ffc016c0000 - 0x00007ffc016d2000 	C:\WINDOWS\SYSTEM32\kernel.appcore.dll
0x00007ffbff160000 - 0x00007ffbff170000 	C:\Program Files\Java\jdk-11.0.18+10\bin\verify.dll
0x00007ffbf62a0000 - 0x00007ffbf6484000 	C:\WINDOWS\SYSTEM32\DBGHELP.DLL
0x00007ffbf50d0000 - 0x00007ffbf5104000 	C:\WINDOWS\SYSTEM32\dbgcore.DLL
0x00007ffc03ed0000 - 0x00007ffc03f52000 	C:\WINDOWS\System32\bcryptPrimitives.dll
0x00007ffbfc200000 - 0x00007ffbfc228000 	C:\Program Files\Java\jdk-11.0.18+10\bin\java.dll
0x00007ffbfeda0000 - 0x00007ffbfedaa000 	C:\Program Files\Java\jdk-11.0.18+10\bin\jimage.dll
0x00007ffbfac70000 - 0x00007ffbfac88000 	C:\Program Files\Java\jdk-11.0.18+10\bin\zip.dll
0x00007ffc047b0000 - 0x00007ffc04ef4000 	C:\WINDOWS\System32\SHELL32.dll
0x00007ffc018c0000 - 0x00007ffc02053000 	C:\WINDOWS\SYSTEM32\windows.storage.dll
0x00007ffc04310000 - 0x00007ffc04664000 	C:\WINDOWS\System32\combase.dll
0x00007ffc03180000 - 0x00007ffc031ae000 	C:\WINDOWS\SYSTEM32\Wldp.dll
0x00007ffc041a0000 - 0x00007ffc0424d000 	C:\WINDOWS\System32\SHCORE.dll
0x00007ffc04250000 - 0x00007ffc042a5000 	C:\WINDOWS\System32\shlwapi.dll
0x00007ffc03740000 - 0x00007ffc0375f000 	C:\WINDOWS\SYSTEM32\profapi.dll
0x00007ffbfac50000 - 0x00007ffbfac69000 	C:\Program Files\Java\jdk-11.0.18+10\bin\net.dll
0x00007ffbfdcb0000 - 0x00007ffbfddba000 	C:\WINDOWS\SYSTEM32\WINHTTP.dll
0x00007ffc02ee0000 - 0x00007ffc02f4a000 	C:\WINDOWS\system32\mswsock.dll
0x00007ffbfac30000 - 0x00007ffbfac43000 	C:\Program Files\Java\jdk-11.0.18+10\bin\nio.dll
0x00007ffbffb40000 - 0x00007ffbffb67000 	C:\Users\almeida\.gradle\native\e1d6ef7f7dcc3fd88c89a11ec53ec762bb8ba0a96d01ffa2cd45eb1d1d8dd5c5\windows-amd64\native-platform.dll
0x00007ffbb7970000 - 0x00007ffbb7ab4000 	C:\Users\almeida\.gradle\native\0d407fdbe67a94daf76414ababcb853783967236a71b16ec16e742cd7a986fd3\windows-amd64\native-platform-file-events.dll
0x00007ffbfc2a0000 - 0x00007ffbfc2a9000 	C:\Program Files\Java\jdk-11.0.18+10\bin\management.dll
0x00007ffbfc1f0000 - 0x00007ffbfc1fb000 	C:\Program Files\Java\jdk-11.0.18+10\bin\management_ext.dll
0x00007ffc030e0000 - 0x00007ffc030f8000 	C:\WINDOWS\SYSTEM32\CRYPTSP.dll
0x00007ffc02800000 - 0x00007ffc02834000 	C:\WINDOWS\system32\rsaenh.dll
0x00007ffc03800000 - 0x00007ffc03827000 	C:\WINDOWS\System32\bcrypt.dll
0x00007ffc036c0000 - 0x00007ffc036ee000 	C:\WINDOWS\SYSTEM32\USERENV.dll
0x00007ffc030d0000 - 0x00007ffc030dc000 	C:\WINDOWS\SYSTEM32\CRYPTBASE.dll
0x00007ffc02bd0000 - 0x00007ffc02c0c000 	C:\WINDOWS\SYSTEM32\IPHLPAPI.DLL
0x00007ffc05510000 - 0x00007ffc05518000 	C:\WINDOWS\System32\NSI.dll
0x00007ffbfca20000 - 0x00007ffbfca37000 	C:\WINDOWS\SYSTEM32\dhcpcsvc6.DLL
0x00007ffbfca00000 - 0x00007ffbfca1d000 	C:\WINDOWS\SYSTEM32\dhcpcsvc.DLL
0x00007ffc02c10000 - 0x00007ffc02cdb000 	C:\WINDOWS\SYSTEM32\DNSAPI.dll
0x00007ffbee660000 - 0x00007ffbee685000 	C:\Program Files\Java\jdk-11.0.18+10\bin\sunec.dll
0x0000000063560000 - 0x0000000063569000 	C:\Program Files\National Instruments\Shared\mDNS Responder\nimdnsNSP.dll
0x0000000067020000 - 0x00000000670c3000 	C:\WINDOWS\WinSxS\amd64_microsoft.vc90.crt_1fc8b3b9a1e18e3b_9.0.30729.9625_none_08e1c10da83fbc83\MSVCR90.dll
0x0000000063550000 - 0x000000006355e000 	C:\WINDOWS\SYSTEM32\nimdnsResponder.dll
0x00007ffbfa480000 - 0x00007ffbfa48a000 	C:\Windows\System32\rasadhlp.dll
0x00007ffbfa5d0000 - 0x00007ffbfa652000 	C:\WINDOWS\System32\fwpuclnt.dll
0x00007ffbff140000 - 0x00007ffbff14e000 	C:\Program Files\Java\jdk-11.0.18+10\bin\sunmscapi.dll
0x00007ffc04020000 - 0x00007ffc0417e000 	C:\WINDOWS\System32\CRYPT32.dll
0x00007ffc031f0000 - 0x00007ffc03218000 	C:\WINDOWS\SYSTEM32\ncrypt.dll
0x00007ffc031b0000 - 0x00007ffc031eb000 	C:\WINDOWS\SYSTEM32\NTASN1.dll

dbghelp: loaded successfully - version: 4.0.5 - missing functions: none
symbol engine: initialized successfully - sym options: 0x614 - pdb path: .;C:\Program Files\Java\jdk-11.0.18+10\bin;C:\WINDOWS\SYSTEM32;C:\WINDOWS\WinSxS\amd64_microsoft.windows.common-controls_6595b64144ccf1df_6.0.19041.1110_none_60b5254171f9507e;C:\Program Files\Java\jdk-11.0.18+10\bin\server;C:\Users\almeida\.gradle\native\e1d6ef7f7dcc3fd88c89a11ec53ec762bb8ba0a96d01ffa2cd45eb1d1d8dd5c5\windows-amd64;C:\Users\almeida\.gradle\native\0d407fdbe67a94daf76414ababcb853783967236a71b16ec16e742cd7a986fd3\windows-amd64;C:\Program Files\National Instruments\Shared\mDNS Responder;C:\WINDOWS\WinSxS\amd64_microsoft.vc90.crt_1fc8b3b9a1e18e3b_9.0.30729.9625_none_08e1c10da83fbc83

VM Arguments:
jvm_args: -XX:MaxMetaspaceSize=512m --add-opens=java.base/java.util=ALL-UNNAMED --add-opens=java.base/java.lang=ALL-UNNAMED --add-opens=java.base/java.lang.invoke=ALL-UNNAMED --add-opens=java.base/java.util=ALL-UNNAMED --add-opens=java.prefs/java.util.prefs=ALL-UNNAMED --add-opens=java.prefs/java.util.prefs=ALL-UNNAMED --add-opens=java.base/java.nio.charset=ALL-UNNAMED --add-opens=java.base/java.net=ALL-UNNAMED --add-opens=java.base/java.util.concurrent.atomic=ALL-UNNAMED -Xmx2048m -Dfile.encoding=windows-1252 -Duser.country=BR -Duser.language=pt -Duser.variant 
java_command: org.gradle.launcher.daemon.bootstrap.GradleDaemon 7.5.1
java_class_path (initial): C:\Users\almeida\.gradle\wrapper\dists\gradle-7.5.1-all\1ehga6e77gqps5uk2kc5kf1vc\gradle-7.5.1\lib\gradle-launcher-7.5.1.jar
Launcher Type: SUN_STANDARD

[Global flags]
     intx CICompilerCount                          = 3                                         {product} {ergonomic}
   size_t CompressedClassSpaceSize                 = 528482304                                 {product} {ergonomic}
     uint ConcGCThreads                            = 1                                         {product} {ergonomic}
     uint G1ConcRefinementThreads                  = 4                                         {product} {ergonomic}
   size_t G1HeapRegionSize                         = 1048576                                   {product} {ergonomic}
    uintx GCDrainStackTargetSize                   = 64                                        {product} {ergonomic}
   size_t InitialHeapSize                          = 67108864                                  {product} {ergonomic}
   size_t MarkStackSize                            = 4194304                                   {product} {ergonomic}
   size_t MaxHeapSize                              = 2147483648                                {product} {command line}
   size_t MaxMetaspaceSize                         = 536870912                                 {product} {command line}
   size_t MaxNewSize                               = 1287651328                                {product} {ergonomic}
   size_t MinHeapDeltaBytes                        = 1048576                                   {product} {ergonomic}
    uintx NonNMethodCodeHeapSize                   = 5830732                                {pd product} {ergonomic}
    uintx NonProfiledCodeHeapSize                  = 122913754                              {pd product} {ergonomic}
    uintx ProfiledCodeHeapSize                     = 122913754                              {pd product} {ergonomic}
    uintx ReservedCodeCacheSize                    = 251658240                              {pd product} {ergonomic}
     bool SegmentedCodeCache                       = true                                      {product} {ergonomic}
     bool UseCompressedClassPointers               = true                                 {lp64_product} {ergonomic}
     bool UseCompressedOops                        = true                                 {lp64_product} {ergonomic}
     bool UseG1GC                                  = true                                      {product} {ergonomic}
     bool UseLargePagesIndividualAllocation        = false                                  {pd product} {ergonomic}

Logging:
Log output configuration:
 #0: stdout all=warning uptime,level,tags
 #1: stderr all=off uptime,level,tags

Environment Variables:
JAVA_HOME=C:\Program Files\Java\jdk-11.0.18+10
CLASSPATH=C:\source\repos\C.A.P\client\android\\gradle\wrapper\gradle-wrapper.jar
PATH=C:\source\repos\C.A.P\client\android\node_modules\.bin;C:\source\repos\C.A.P\client\node_modules\.bin;C:\source\repos\C.A.P\node_modules\.bin;C:\source\repos\node_modules\.bin;C:\source\node_modules\.bin;C:\node_modules\.bin;C:\Program Files\nodejs;C:\source\repos\C.A.P\client\node_modules\.bin;C:\source\repos\C.A.P\node_modules\.bin;C:\source\repos\node_modules\.bin;C:\source\node_modules\.bin;C:\node_modules\.bin;C:\Program Files\nodejs\node_modules\npm\node_modules\@npmcli\run-script\lib\node-gyp-bin;C:\Program Files\Eclipse Adoptium\jdk-11.0.18.10-hotspot\bin;C:\Program Files\Common Files\Oracle\Java\javapath;C:\WINDOWS\system32;C:\WINDOWS;C:\WINDOWS\System32\Wbem;C:\WINDOWS\System32\WindowsPowerShell\v1.0\;C:\Program Files\dotnet\;C:\WINDOWS\System32\OpenSSH\;C:\Program Files\Git\cmd;C:\Program Files\Microsoft SQL Server\Client SDK\ODBC\170\Tools\Binn\;C:\Windows\Microsoft.NET\Framework64\v4.0.30319;C:\Windows\Microsoft.NET\Framework64\v4.0.30319;C:\Program Files\MySQL\MySQL Server 8.0\bin;C:\ProgramData\chocolatey\bin;C:\Program Files\nodejs\;C:\Program Files (x86)\Yarn\bin\;C:\platform-tools\;C:\Program Files\Azure Data Studio\bin;C:\Program Files (x86)\Microsoft SQL Server\160\DTS\Binn\;C:\Program Files (x86)\Microsoft SQL Server\160\Tools\Binn\;C:\Program Files\Microsoft SQL Server\160\Tools\Binn\;C:\Program Files\Microsoft SQL Server\160\DTS\Binn\;C:\Program Files\MySQL\MySQL Shell 8.0\bin\;C:\Users\almeida\AppData\Local\Microsoft\WindowsApps;C:\Users\THALIS NATHAN\AppData\Roaming\npm;C:\Users\THALIS NATHAN\AppData\Local\Programs\Microsoft VS Code\bin;C:\Users\THALIS NATHAN\AppData\Local\GitHubDesktop\bin;C:\Users\almeida\.dotnet\tools;C:\Users\almeida\AppData\Local\GitHubDesktop\bin;C:\Users\almeida\AppData\Local\Android\Sdk\emulador;C:\Users\almeida\AppData\Local\Android\Sdk\tools;C:\Users\almeida\AppData\Local\Android\Sdk\tools\bin;C:\Users\almeida\AppData\Local\Android\Sdk\platform-tools;C:\Users\almeida\AppData\Local\Yarn\bin;C:\Users\almeida\AppDat
USERNAME=THALIS
OS=Windows_NT
PROCESSOR_IDENTIFIER=Intel64 Family 6 Model 42 Stepping 7, GenuineIntel
TMP=C:\Users\almeida\AppData\Local\Temp
TEMP=C:\Users\almeida\AppData\Local\Temp



---------------  S Y S T E M  ---------------

OS: Windows 10 , 64 bit Build 19041 (10.0.19041.2913)
OS uptime: 0 days 4:36 hours

CPU:total 4 (initial active 4) (2 cores per cpu, 2 threads per core) family 6 model 42 stepping 7 microcode 0x2f, cmov, cx8, fxsr, mmx, sse, sse2, sse3, ssse3, sse4.1, sse4.2, popcnt, avx, aes, clmul, ht, tsc, tscinvbit

Memory: 4k page, system-wide physical 4003M (357M free)
TotalPageFile size 6051M (AvailPageFile size 5M)
current process WorkingSet (physical memory assigned to process): 501M, peak: 502M
current process commit charge ("private bytes"): 538M, peak: 539M

vm_info: OpenJDK 64-Bit Server VM (11.0.18+10-LTS) for windows-amd64 JRE (11.0.18+10-LTS), built on Jan 18 2023 15:56:47 by "MicrosoftCorporation" with MS VC++ 15.9 (VS2017)

END.
