#
# There is insufficient memory for the Java Runtime Environment to continue.
# Native memory allocation (malloc) failed to allocate 1518416 bytes for Chunk::new
# Possible reasons:
#   The system is out of physical RAM or swap space
#   The process is running with CompressedOops enabled, and the Java Heap may be blocking the growth of the native heap
# Possible solutions:
#   Reduce memory load on the system
#   Increase physical memory or swap space
#   Check if swap backing store is full
#   Decrease Java heap size (-Xmx/-Xms)
#   Decrease number of Java threads
#   Decrease Java thread stack sizes (-Xss)
#   Set larger code cache with -XX:ReservedCodeCacheSize=
#   JVM is running with Unscaled Compressed Oops mode in which the Java heap is
#     placed in the first 4GB address space. The Java Heap base address is the
#     maximum limit for the native heap growth. Please use -XX:HeapBaseMinAddress
#     to set the Java Heap base and to place the Java Heap above 4GB virtual address.
# This output file may be truncated or incomplete.
#
#  Out of Memory Error (./src/hotspot/share/memory/arena.cpp:197), pid=3992, tid=3404
#
# JRE version: OpenJDK Runtime Environment Microsoft-7208460 (11.0.18+10) (build 11.0.18+10-LTS)
# Java VM: OpenJDK 64-Bit Server VM Microsoft-7208460 (11.0.18+10-LTS, mixed mode, tiered, compressed oops, g1 gc, windows-amd64)
# No core dump will be written. Minidumps are not enabled by default on client versions of Windows
#

---------------  S U M M A R Y ------------

Command Line: -XX:MaxMetaspaceSize=512m --add-opens=java.base/java.util=ALL-UNNAMED --add-opens=java.base/java.lang=ALL-UNNAMED --add-opens=java.base/java.lang.invoke=ALL-UNNAMED --add-opens=java.base/java.util=ALL-UNNAMED --add-opens=java.prefs/java.util.prefs=ALL-UNNAMED --add-opens=java.prefs/java.util.prefs=ALL-UNNAMED --add-opens=java.base/java.nio.charset=ALL-UNNAMED --add-opens=java.base/java.net=ALL-UNNAMED --add-opens=java.base/java.util.concurrent.atomic=ALL-UNNAMED -Xmx2048m -Dfile.encoding=windows-1252 -Duser.country=BR -Duser.language=pt -Duser.variant org.gradle.launcher.daemon.bootstrap.GradleDaemon 7.5.1

Host: Intel(R) Core(TM) i5-2450M CPU @ 2.50GHz, 4 cores, 3G,  Windows 10 , 64 bit Build 19041 (10.0.19041.2913)
Time: Sat Jun 24 00:48:38 2023 Hora oficial do Brasil elapsed time: 122.491614 seconds (0d 0h 2m 2s)

---------------  T H R E A D  ---------------

Current thread (0x0000019659b00000):  JavaThread "C2 CompilerThread0" daemon [_thread_in_native, id=3404, stack(0x0000007af9100000,0x0000007af9200000)]


Current CompileTask:
C2: 122492 9341 %     4       javax.management.ObjectName::construct @ 822 (1135 bytes)

Stack: [0x0000007af9100000,0x0000007af9200000]
Native frames: (J=compiled Java code, j=interpreted, Vv=VM code, C=native code)
V  [jvm.dll+0x62bf8a]
V  [jvm.dll+0x7b8fb9]
V  [jvm.dll+0x7ba6a8]
V  [jvm.dll+0x7bad83]
V  [jvm.dll+0x250248]
V  [jvm.dll+0xc260c]
V  [jvm.dll+0xc2bcc]
V  [jvm.dll+0x35e182]
V  [jvm.dll+0x32a373]
V  [jvm.dll+0x3296aa]
V  [jvm.dll+0x2093b3]
V  [jvm.dll+0x20850d]
V  [jvm.dll+0x18a4b1]
V  [jvm.dll+0x217eec]
V  [jvm.dll+0x21612b]
V  [jvm.dll+0x77bac0]
V  [jvm.dll+0x7749f4]
V  [jvm.dll+0x62adf5]
C  [ucrtbase.dll+0x21bb2]
C  [KERNEL32.DLL+0x17614]
C  [ntdll.dll+0x526a1]


---------------  P R O C E S S  ---------------

Threads class SMR info:
_java_thread_list=0x000001965f1e1f90, length=86, elements={
0x000001963aa75000, 0x0000019659a92000, 0x0000019659a9b000, 0x0000019659af0000,
0x0000019659af2000, 0x0000019659af5000, 0x0000019659b00000, 0x0000019659b0c000,
0x0000019659b16800, 0x0000019659d81000, 0x000001965c1cc800, 0x000001965c1bd800,
0x000001965b577800, 0x000001965b22c800, 0x000001965b702800, 0x000001965cf94800,
0x000001965b512000, 0x000001965ca62800, 0x000001965cbe0800, 0x000001965b771800,
0x000001965c098800, 0x000001965c09b000, 0x000001965c095800, 0x000001965c097800,
0x000001965c09c000, 0x000001965c096000, 0x000001965c099800, 0x000001965c09a000,
0x000001965c097000, 0x000001965d52c800, 0x000001965d531800, 0x000001965d530000,
0x000001965d530800, 0x000001965d533000, 0x000001965d532000, 0x000001965d52e000,
0x000001965d534800, 0x000001965d538000, 0x000001965d535800, 0x000001965d538800,
0x000001965d539800, 0x000001965d534000, 0x000001965d536800, 0x000001965d53a800,
0x000001965d537000, 0x00000196610ad800, 0x00000196610af000, 0x00000196610b0000,
0x00000196610ae000, 0x00000196610aa000, 0x00000196610b0800, 0x00000196610ab000,
0x00000196610b1800, 0x00000196610ab800, 0x00000196610b2800, 0x00000196610ac800,
0x00000196610b3000, 0x00000196610b4000, 0x00000196610b5800, 0x00000196610b4800,
0x00000196610b8000, 0x00000196610b7000, 0x00000196610b9000, 0x00000196610b6800,
0x000001965ade2800, 0x000001965ade3800, 0x000001965ade4800, 0x000001965ade5000,
0x000001965ade0800, 0x000001965ade6000, 0x000001965ade7000, 0x000001965ade1000,
0x000001965ade2000, 0x000001965ade9000, 0x000001965adeb800, 0x000001965ade8800,
0x000001965adec800, 0x000001965aded800, 0x000001965adea000, 0x000001965adee000,
0x000001965adef000, 0x000001965adeb000, 0x000001965fa0f000, 0x000001965fa0e000,
0x000001965fa0d000, 0x000001965fa14000
}

Java Threads: ( => current thread )
  0x000001963aa75000 JavaThread "main" [_thread_blocked, id=9204, stack(0x0000007af8500000,0x0000007af8600000)]
  0x0000019659a92000 JavaThread "Reference Handler" daemon [_thread_blocked, id=10448, stack(0x0000007af8c00000,0x0000007af8d00000)]
  0x0000019659a9b000 JavaThread "Finalizer" daemon [_thread_blocked, id=4880, stack(0x0000007af8d00000,0x0000007af8e00000)]
  0x0000019659af0000 JavaThread "Signal Dispatcher" daemon [_thread_blocked, id=2740, stack(0x0000007af8e00000,0x0000007af8f00000)]
  0x0000019659af2000 JavaThread "Attach Listener" daemon [_thread_blocked, id=10844, stack(0x0000007af8f00000,0x0000007af9000000)]
  0x0000019659af5000 JavaThread "Service Thread" daemon [_thread_blocked, id=6208, stack(0x0000007af9000000,0x0000007af9100000)]
=>0x0000019659b00000 JavaThread "C2 CompilerThread0" daemon [_thread_in_native, id=3404, stack(0x0000007af9100000,0x0000007af9200000)]
  0x0000019659b0c000 JavaThread "C1 CompilerThread0" daemon [_thread_blocked, id=220, stack(0x0000007af9200000,0x0000007af9300000)]
  0x0000019659b16800 JavaThread "Sweeper thread" daemon [_thread_blocked, id=8720, stack(0x0000007af9300000,0x0000007af9400000)]
  0x0000019659d81000 JavaThread "Common-Cleaner" daemon [_thread_blocked, id=9396, stack(0x0000007af9400000,0x0000007af9500000)]
  0x000001965c1cc800 JavaThread "Daemon health stats" [_thread_blocked, id=2296, stack(0x0000007af9800000,0x0000007af9900000)]
  0x000001965c1bd800 JavaThread "Incoming local TCP Connector on port 56976" [_thread_in_native, id=224, stack(0x0000007af9a00000,0x0000007af9b00000)]
  0x000001965b577800 JavaThread "Daemon periodic checks" [_thread_blocked, id=1880, stack(0x0000007af9b00000,0x0000007af9c00000)]
  0x000001965b22c800 JavaThread "Daemon" [_thread_blocked, id=10464, stack(0x0000007af9c00000,0x0000007af9d00000)]
  0x000001965b702800 JavaThread "Handler for socket connection from /127.0.0.1:56976 to /127.0.0.1:56977" [_thread_in_native, id=4360, stack(0x0000007af9d00000,0x0000007af9e00000)]
  0x000001965cf94800 JavaThread "Cancel handler" [_thread_blocked, id=5408, stack(0x0000007af9e00000,0x0000007af9f00000)]
  0x000001965b512000 JavaThread "Daemon worker" [_thread_in_native, id=3336, stack(0x0000007af9f00000,0x0000007afa000000)]
  0x000001965ca62800 JavaThread "Asynchronous log dispatcher for DefaultDaemonConnection: socket connection from /127.0.0.1:56976 to /127.0.0.1:56977" [_thread_blocked, id=3648, stack(0x0000007afa000000,0x0000007afa100000)]
  0x000001965cbe0800 JavaThread "Stdin handler" [_thread_blocked, id=4116, stack(0x0000007afa100000,0x0000007afa200000)]
  0x000001965b771800 JavaThread "Daemon client event forwarder" [_thread_blocked, id=11368, stack(0x0000007afa200000,0x0000007afa300000)]
  0x000001965c098800 JavaThread "Cache worker for journal cache (C:\Users\almeida\.gradle\caches\journal-1)" [_thread_blocked, id=8372, stack(0x0000007afa300000,0x0000007afa400000)]
  0x000001965c09b000 JavaThread "File lock request listener" [_thread_in_native, id=7848, stack(0x0000007afa400000,0x0000007afa500000)]
  0x000001965c095800 JavaThread "Cache worker for file hash cache (C:\Users\almeida\.gradle\caches\7.5.1\fileHashes)" [_thread_blocked, id=3324, stack(0x0000007afa500000,0x0000007afa600000)]
  0x000001965c097800 JavaThread "File watcher server" daemon [_thread_in_native, id=10900, stack(0x0000007afa700000,0x0000007afa800000)]
  0x000001965c09c000 JavaThread "File watcher consumer" daemon [_thread_blocked, id=784, stack(0x0000007afa800000,0x0000007afa900000)]
  0x000001965c096000 JavaThread "Cache worker for checksums cache (C:\source\repos\C.A.P\client\android\.gradle\7.5.1\checksums)" [_thread_blocked, id=12524, stack(0x0000007afa600000,0x0000007afa700000)]
  0x000001965c099800 JavaThread "Cache worker for cache directory md-rule (C:\Users\almeida\.gradle\caches\7.5.1\md-rule)" [_thread_blocked, id=12964, stack(0x0000007afa900000,0x0000007afaa00000)]
  0x000001965c09a000 JavaThread "Cache worker for file content cache (C:\Users\almeida\.gradle\caches\7.5.1\fileContent)" [_thread_blocked, id=32, stack(0x0000007afaa00000,0x0000007afab00000)]
  0x000001965c097000 JavaThread "Cache worker for file hash cache (C:\source\repos\C.A.P\client\android\.gradle\7.5.1\fileHashes)" [_thread_blocked, id=13288, stack(0x0000007afac00000,0x0000007afad00000)]
  0x000001965d52c800 JavaThread "Cache worker for cache directory md-supplier (C:\Users\almeida\.gradle\caches\7.5.1\md-supplier)" [_thread_blocked, id=9840, stack(0x0000007afad00000,0x0000007afae00000)]
  0x000001965d531800 JavaThread "Cache worker for execution history cache (C:\Users\almeida\.gradle\caches\7.5.1\executionHistory)" [_thread_blocked, id=10004, stack(0x0000007afae00000,0x0000007afaf00000)]
  0x000001965d530000 JavaThread "jar transforms" [_thread_blocked, id=952, stack(0x0000007afaf00000,0x0000007afb000000)]
  0x000001965d530800 JavaThread "jar transforms Thread 2" [_thread_blocked, id=9908, stack(0x0000007af8300000,0x0000007af8400000)]
  0x000001965d533000 JavaThread "jar transforms Thread 3" [_thread_blocked, id=12376, stack(0x0000007afab00000,0x0000007afac00000)]
  0x000001965d532000 JavaThread "jar transforms Thread 4" [_thread_blocked, id=12556, stack(0x0000007afb100000,0x0000007afb200000)]
  0x000001965d52e000 JavaThread "Cache worker for kotlin-dsl (C:\Users\almeida\.gradle\caches\7.5.1\kotlin-dsl)" [_thread_blocked, id=10904, stack(0x0000007af8400000,0x0000007af8500000)]
  0x000001965d534800 JavaThread "Cache worker for dependencies-accessors (C:\source\repos\C.A.P\client\android\.gradle\7.5.1\dependencies-accessors)" [_thread_blocked, id=9340, stack(0x0000007afb300000,0x0000007afb400000)]
  0x000001965d538000 JavaThread "Cache worker for Build Output Cleanup Cache (C:\source\repos\C.A.P\client\node_modules\react-native-gradle-plugin\.gradle\buildOutputCleanup)" [_thread_blocked, id=1204, stack(0x0000007afb400000,0x0000007afb500000)]
  0x000001965d535800 JavaThread "Unconstrained build operations" [_thread_blocked, id=10204, stack(0x0000007afb500000,0x0000007afb600000)]
  0x000001965d538800 JavaThread "Unconstrained build operations Thread 2" [_thread_blocked, id=12748, stack(0x0000007afb600000,0x0000007afb700000)]
  0x000001965d539800 JavaThread "Unconstrained build operations Thread 3" [_thread_blocked, id=7872, stack(0x0000007afb700000,0x0000007afb800000)]
  0x000001965d534000 JavaThread "Unconstrained build operations Thread 4" [_thread_blocked, id=13128, stack(0x0000007afb800000,0x0000007afb900000)]
  0x000001965d536800 JavaThread "Unconstrained build operations Thread 5" [_thread_blocked, id=1256, stack(0x0000007afb900000,0x0000007afba00000)]
  0x000001965d53a800 JavaThread "Unconstrained build operations Thread 6" [_thread_blocked, id=7968, stack(0x0000007afba00000,0x0000007afbb00000)]
  0x000001965d537000 JavaThread "Unconstrained build operations Thread 7" [_thread_blocked, id=2728, stack(0x0000007afbb00000,0x0000007afbc00000)]
  0x00000196610ad800 JavaThread "Unconstrained build operations Thread 8" [_thread_blocked, id=8748, stack(0x0000007afbc00000,0x0000007afbd00000)]
  0x00000196610af000 JavaThread "Unconstrained build operations Thread 9" [_thread_blocked, id=9864, stack(0x0000007afbd00000,0x0000007afbe00000)]
  0x00000196610b0000 JavaThread "Unconstrained build operations Thread 10" [_thread_blocked, id=13116, stack(0x0000007afbe00000,0x0000007afbf00000)]
  0x00000196610ae000 JavaThread "Unconstrained build operations Thread 11" [_thread_blocked, id=2572, stack(0x0000007afbf00000,0x0000007afc000000)]
  0x00000196610aa000 JavaThread "Unconstrained build operations Thread 12" [_thread_blocked, id=6228, stack(0x0000007afc000000,0x0000007afc100000)]
  0x00000196610b0800 JavaThread "Unconstrained build operations Thread 13" [_thread_blocked, id=10524, stack(0x0000007afc100000,0x0000007afc200000)]
  0x00000196610ab000 JavaThread "Unconstrained build operations Thread 14" [_thread_blocked, id=3440, stack(0x0000007afc200000,0x0000007afc300000)]
  0x00000196610b1800 JavaThread "Unconstrained build operations Thread 15" [_thread_blocked, id=8352, stack(0x0000007afc300000,0x0000007afc400000)]
  0x00000196610ab800 JavaThread "Unconstrained build operations Thread 16" [_thread_blocked, id=10936, stack(0x0000007afc400000,0x0000007afc500000)]
  0x00000196610b2800 JavaThread "Unconstrained build operations Thread 17" [_thread_blocked, id=9880, stack(0x0000007afc500000,0x0000007afc600000)]
  0x00000196610ac800 JavaThread "Unconstrained build operations Thread 18" [_thread_blocked, id=12252, stack(0x0000007afc600000,0x0000007afc700000)]
  0x00000196610b3000 JavaThread "Unconstrained build operations Thread 19" [_thread_blocked, id=7056, stack(0x0000007afc700000,0x0000007afc800000)]
  0x00000196610b4000 JavaThread "Unconstrained build operations Thread 20" [_thread_blocked, id=10952, stack(0x0000007afc800000,0x0000007afc900000)]
  0x00000196610b5800 JavaThread "Unconstrained build operations Thread 21" [_thread_blocked, id=9240, stack(0x0000007afc900000,0x0000007afca00000)]
  0x00000196610b4800 JavaThread "Unconstrained build operations Thread 22" [_thread_blocked, id=4204, stack(0x0000007afca00000,0x0000007afcb00000)]
  0x00000196610b8000 JavaThread "Unconstrained build operations Thread 23" [_thread_blocked, id=2868, stack(0x0000007afcb00000,0x0000007afcc00000)]
  0x00000196610b7000 JavaThread "Unconstrained build operations Thread 24" [_thread_blocked, id=8144, stack(0x0000007afcc00000,0x0000007afcd00000)]
  0x00000196610b9000 JavaThread "Unconstrained build operations Thread 25" [_thread_blocked, id=12756, stack(0x0000007afcd00000,0x0000007afce00000)]
  0x00000196610b6800 JavaThread "Unconstrained build operations Thread 26" [_thread_blocked, id=9592, stack(0x0000007afce00000,0x0000007afcf00000)]
  0x000001965ade2800 JavaThread "Unconstrained build operations Thread 27" [_thread_blocked, id=11432, stack(0x0000007afcf00000,0x0000007afd000000)]
  0x000001965ade3800 JavaThread "Unconstrained build operations Thread 28" [_thread_blocked, id=1884, stack(0x0000007afd000000,0x0000007afd100000)]
  0x000001965ade4800 JavaThread "Unconstrained build operations Thread 29" [_thread_blocked, id=12884, stack(0x0000007afd100000,0x0000007afd200000)]
  0x000001965ade5000 JavaThread "Unconstrained build operations Thread 30" [_thread_blocked, id=804, stack(0x0000007afd200000,0x0000007afd300000)]
  0x000001965ade0800 JavaThread "Unconstrained build operations Thread 31" [_thread_blocked, id=10984, stack(0x0000007afd300000,0x0000007afd400000)]
  0x000001965ade6000 JavaThread "Unconstrained build operations Thread 32" [_thread_blocked, id=8624, stack(0x0000007afd400000,0x0000007afd500000)]
  0x000001965ade7000 JavaThread "Unconstrained build operations Thread 33" [_thread_blocked, id=2404, stack(0x0000007afd500000,0x0000007afd600000)]
  0x000001965ade1000 JavaThread "build event listener" [_thread_blocked, id=6276, stack(0x0000007afd600000,0x0000007afd700000)]
  0x000001965ade2000 JavaThread "Memory manager" [_thread_blocked, id=12264, stack(0x0000007afd700000,0x0000007afd800000)]
  0x000001965ade9000 JavaThread "Cache worker for Build Output Cleanup Cache (C:\source\repos\C.A.P\client\android\.gradle\buildOutputCleanup)" [_thread_blocked, id=10512, stack(0x0000007afd800000,0x0000007afd900000)]
  0x000001965adeb800 JavaThread "included builds" [_thread_blocked, id=10532, stack(0x0000007afd900000,0x0000007afda00000)]
  0x000001965ade8800 JavaThread "Execution worker" [_thread_blocked, id=9856, stack(0x0000007afda00000,0x0000007afdb00000)]
  0x000001965adec800 JavaThread "Execution worker Thread 2" [_thread_blocked, id=4292, stack(0x0000007afdb00000,0x0000007afdc00000)]
  0x000001965aded800 JavaThread "Execution worker Thread 3" [_thread_blocked, id=13296, stack(0x0000007afdc00000,0x0000007afdd00000)]
  0x000001965adea000 JavaThread "Cache worker for execution history cache (C:\source\repos\C.A.P\client\node_modules\react-native-gradle-plugin\.gradle\7.5.1\executionHistory)" [_thread_blocked, id=8516, stack(0x0000007afdd00000,0x0000007afde00000)]
  0x000001965adee000 JavaThread "Unconstrained build operations Thread 34" [_thread_blocked, id=3444, stack(0x0000007af8200000,0x0000007af8300000)]
  0x000001965adef000 JavaThread "Unconstrained build operations Thread 35" [_thread_blocked, id=5124, stack(0x0000007afde00000,0x0000007afdf00000)]
  0x000001965adeb000 JavaThread "Unconstrained build operations Thread 36" [_thread_blocked, id=11208, stack(0x0000007afdf00000,0x0000007afe000000)]
  0x000001965fa0f000 JavaThread "Unconstrained build operations Thread 37" [_thread_blocked, id=1156, stack(0x0000007afe000000,0x0000007afe100000)]
  0x000001965fa0e000 JavaThread "Unconstrained build operations Thread 38" [_thread_blocked, id=6668, stack(0x0000007afe100000,0x0000007afe200000)]
  0x000001965fa0d000 JavaThread "Unconstrained build operations Thread 39" [_thread_blocked, id=9936, stack(0x0000007afe200000,0x0000007afe300000)]
  0x000001965fa14000 JavaThread "Unconstrained build operations Thread 40" [_thread_blocked, id=1972, stack(0x0000007afe300000,0x0000007afe400000)]

Other Threads:
  0x0000019659a91000 VMThread "VM Thread" [stack: 0x0000007af8b00000,0x0000007af8c00000] [id=8308]
  0x0000019659d8e000 WatcherThread [stack: 0x0000007af9500000,0x0000007af9600000] [id=10328]
  0x000001963aa8d800 GCTaskThread "GC Thread#0" [stack: 0x0000007af8600000,0x0000007af8700000] [id=9972]
  0x000001965a00d000 GCTaskThread "GC Thread#1" [stack: 0x0000007af9700000,0x0000007af9800000] [id=12140]
  0x000001965ad38800 GCTaskThread "GC Thread#2" [stack: 0x0000007af9600000,0x0000007af9700000] [id=11248]
  0x0000019659fe9000 GCTaskThread "GC Thread#3" [stack: 0x0000007af9900000,0x0000007af9a00000] [id=12076]
  0x000001963aabe000 ConcurrentGCThread "G1 Main Marker" [stack: 0x0000007af8700000,0x0000007af8800000] [id=13108]
  0x000001963aabf000 ConcurrentGCThread "G1 Conc#0" [stack: 0x0000007af8800000,0x0000007af8900000] [id=11828]
  0x000001963ab1a000 ConcurrentGCThread "G1 Refine#0" [stack: 0x0000007af8900000,0x0000007af8a00000] [id=1720]
  0x000001963ab1b000 ConcurrentGCThread "G1 Young RemSet Sampling" [stack: 0x0000007af8a00000,0x0000007af8b00000] [id=3304]

Threads with active compile tasks:
C2 CompilerThread0   122827 9341 %     4       javax.management.ObjectName::construct @ 822 (1135 bytes)

VM state:not at safepoint (normal execution)

VM Mutex/Monitor currently owned by a thread: None

Heap address: 0x0000000080000000, size: 2048 MB, Compressed Oops mode: 32-bit
Narrow klass base: 0x0000000000000000, Narrow klass shift: 3
Compressed class space size: 528482304 Address: 0x0000000100000000

Heap:
 garbage-first heap   total 165888K, used 89050K [0x0000000080000000, 0x0000000100000000)
  region size 1024K, 7 young (7168K), 4 survivors (4096K)
 Metaspace       used 84132K, capacity 86683K, committed 86736K, reserved 591872K
  class space    used 10877K, capacity 11900K, committed 11904K, reserved 516096K
Heap Regions: E=young(eden), S=young(survivor), O=old, HS=humongous(starts), HC=humongous(continues), CS=collection set, F=free, A=archive, TAMS=top-at-mark-start (previous, next)
|   0|0x0000000080000000, 0x0000000080100000, 0x0000000080100000|100%|HS|  |TAMS 0x0000000080100000, 0x0000000080000000| Complete 
|   1|0x0000000080100000, 0x0000000080200000, 0x0000000080200000|100%|HC|  |TAMS 0x0000000080200000, 0x0000000080100000| Complete 
|   2|0x0000000080200000, 0x0000000080300000, 0x0000000080300000|100%|HC|  |TAMS 0x0000000080300000, 0x0000000080200000| Complete 
|   3|0x0000000080300000, 0x0000000080400000, 0x0000000080400000|100%| O|  |TAMS 0x0000000080400000, 0x0000000080300000| Untracked 
|   4|0x0000000080400000, 0x0000000080500000, 0x0000000080500000|100%| O|  |TAMS 0x0000000080500000, 0x0000000080400000| Untracked 
|   5|0x0000000080500000, 0x0000000080600000, 0x0000000080600000|100%| O|  |TAMS 0x0000000080600000, 0x0000000080500000| Untracked 
|   6|0x0000000080600000, 0x0000000080700000, 0x0000000080700000|100%| O|  |TAMS 0x0000000080700000, 0x0000000080600000| Untracked 
|   7|0x0000000080700000, 0x0000000080800000, 0x0000000080800000|100%| O|  |TAMS 0x0000000080800000, 0x0000000080700000| Untracked 
|   8|0x0000000080800000, 0x0000000080900000, 0x0000000080900000|100%| O|  |TAMS 0x0000000080900000, 0x0000000080800000| Untracked 
|   9|0x0000000080900000, 0x0000000080a00000, 0x0000000080a00000|100%| O|  |TAMS 0x0000000080a00000, 0x0000000080900000| Untracked 
|  10|0x0000000080a00000, 0x0000000080b00000, 0x0000000080b00000|100%| O|  |TAMS 0x0000000080b00000, 0x0000000080a00000| Untracked 
|  11|0x0000000080b00000, 0x0000000080c00000, 0x0000000080c00000|100%| O|  |TAMS 0x0000000080c00000, 0x0000000080b00000| Untracked 
|  12|0x0000000080c00000, 0x0000000080d00000, 0x0000000080d00000|100%| O|  |TAMS 0x0000000080d00000, 0x0000000080c00000| Untracked 
|  13|0x0000000080d00000, 0x0000000080e00000, 0x0000000080e00000|100%| O|  |TAMS 0x0000000080e00000, 0x0000000080d00000| Untracked 
|  14|0x0000000080e00000, 0x0000000080f00000, 0x0000000080f00000|100%| O|  |TAMS 0x0000000080f00000, 0x0000000080e00000| Untracked 
|  15|0x0000000080f00000, 0x0000000081000000, 0x0000000081000000|100%| O|  |TAMS 0x0000000081000000, 0x0000000080f00000| Untracked 
|  16|0x0000000081000000, 0x0000000081100000, 0x0000000081100000|100%| O|  |TAMS 0x0000000081100000, 0x0000000081000000| Untracked 
|  17|0x0000000081100000, 0x0000000081200000, 0x0000000081200000|100%| O|  |TAMS 0x0000000081200000, 0x0000000081100000| Untracked 
|  18|0x0000000081200000, 0x0000000081300000, 0x0000000081300000|100%| O|  |TAMS 0x0000000081300000, 0x0000000081200000| Untracked 
|  19|0x0000000081300000, 0x0000000081400000, 0x0000000081400000|100%| O|  |TAMS 0x0000000081400000, 0x0000000081300000| Untracked 
|  20|0x0000000081400000, 0x0000000081500000, 0x0000000081500000|100%| O|  |TAMS 0x0000000081500000, 0x0000000081400000| Untracked 
|  21|0x0000000081500000, 0x0000000081600000, 0x0000000081600000|100%| O|  |TAMS 0x0000000081600000, 0x0000000081500000| Untracked 
|  22|0x0000000081600000, 0x0000000081700000, 0x0000000081700000|100%| O|  |TAMS 0x0000000081700000, 0x0000000081600000| Untracked 
|  23|0x0000000081700000, 0x0000000081800000, 0x0000000081800000|100%| O|  |TAMS 0x0000000081800000, 0x0000000081700000| Untracked 
|  24|0x0000000081800000, 0x0000000081900000, 0x0000000081900000|100%| O|  |TAMS 0x0000000081900000, 0x0000000081800000| Untracked 
|  25|0x0000000081900000, 0x0000000081a00000, 0x0000000081a00000|100%| O|  |TAMS 0x0000000081a00000, 0x0000000081900000| Untracked 
|  26|0x0000000081a00000, 0x0000000081b00000, 0x0000000081b00000|100%| O|  |TAMS 0x0000000081b00000, 0x0000000081a00000| Untracked 
|  27|0x0000000081b00000, 0x0000000081c00000, 0x0000000081c00000|100%| O|  |TAMS 0x0000000081c00000, 0x0000000081b00000| Untracked 
|  28|0x0000000081c00000, 0x0000000081d00000, 0x0000000081d00000|100%| O|  |TAMS 0x0000000081d00000, 0x0000000081c00000| Untracked 
|  29|0x0000000081d00000, 0x0000000081e00000, 0x0000000081e00000|100%| O|  |TAMS 0x0000000081e00000, 0x0000000081d00000| Untracked 
|  30|0x0000000081e00000, 0x0000000081f00000, 0x0000000081f00000|100%| O|  |TAMS 0x0000000081f00000, 0x0000000081e00000| Untracked 
|  31|0x0000000081f00000, 0x0000000082000000, 0x0000000082000000|100%| O|  |TAMS 0x0000000082000000, 0x0000000081f00000| Untracked 
|  32|0x0000000082000000, 0x0000000082100000, 0x0000000082100000|100%| O|  |TAMS 0x0000000082100000, 0x0000000082000000| Untracked 
|  33|0x0000000082100000, 0x0000000082200000, 0x0000000082200000|100%|HS|  |TAMS 0x0000000082200000, 0x0000000082100000| Complete 
|  34|0x0000000082200000, 0x0000000082300000, 0x0000000082300000|100%|HS|  |TAMS 0x0000000082300000, 0x0000000082200000| Complete 
|  35|0x0000000082300000, 0x0000000082400000, 0x0000000082400000|100%|HC|  |TAMS 0x0000000082400000, 0x0000000082300000| Complete 
|  36|0x0000000082400000, 0x0000000082500000, 0x0000000082500000|100%|HC|  |TAMS 0x0000000082500000, 0x0000000082400000| Complete 
|  37|0x0000000082500000, 0x0000000082600000, 0x0000000082600000|100%| O|  |TAMS 0x0000000082600000, 0x0000000082500000| Untracked 
|  38|0x0000000082600000, 0x0000000082700000, 0x0000000082700000|100%| O|  |TAMS 0x0000000082700000, 0x0000000082600000| Untracked 
|  39|0x0000000082700000, 0x0000000082800000, 0x0000000082800000|100%| O|  |TAMS 0x0000000082800000, 0x0000000082700000| Untracked 
|  40|0x0000000082800000, 0x0000000082900000, 0x0000000082900000|100%| O|  |TAMS 0x0000000082900000, 0x0000000082800000| Untracked 
|  41|0x0000000082900000, 0x0000000082a00000, 0x0000000082a00000|100%| O|  |TAMS 0x0000000082a00000, 0x0000000082900000| Untracked 
|  42|0x0000000082a00000, 0x0000000082b00000, 0x0000000082b00000|100%| O|  |TAMS 0x0000000082b00000, 0x0000000082a00000| Untracked 
|  43|0x0000000082b00000, 0x0000000082c00000, 0x0000000082c00000|100%| O|  |TAMS 0x0000000082c00000, 0x0000000082b00000| Untracked 
|  44|0x0000000082c00000, 0x0000000082d00000, 0x0000000082d00000|100%| O|  |TAMS 0x0000000082d00000, 0x0000000082c00000| Untracked 
|  45|0x0000000082d00000, 0x0000000082e00000, 0x0000000082e00000|100%| O|  |TAMS 0x0000000082e00000, 0x0000000082d00000| Untracked 
|  46|0x0000000082e00000, 0x0000000082f00000, 0x0000000082f00000|100%| O|  |TAMS 0x0000000082f00000, 0x0000000082e00000| Untracked 
|  47|0x0000000082f00000, 0x0000000083000000, 0x0000000083000000|100%| O|  |TAMS 0x0000000083000000, 0x0000000082f00000| Untracked 
|  48|0x0000000083000000, 0x0000000083100000, 0x0000000083100000|100%| O|  |TAMS 0x0000000083100000, 0x0000000083000000| Untracked 
|  49|0x0000000083100000, 0x0000000083200000, 0x0000000083200000|100%| O|  |TAMS 0x0000000083200000, 0x0000000083100000| Untracked 
|  50|0x0000000083200000, 0x0000000083300000, 0x0000000083300000|100%| O|  |TAMS 0x0000000083300000, 0x0000000083200000| Untracked 
|  51|0x0000000083300000, 0x0000000083400000, 0x0000000083400000|100%| O|  |TAMS 0x0000000083400000, 0x0000000083300000| Untracked 
|  52|0x0000000083400000, 0x0000000083500000, 0x0000000083500000|100%| O|  |TAMS 0x0000000083500000, 0x0000000083400000| Untracked 
|  53|0x0000000083500000, 0x0000000083600000, 0x0000000083600000|100%| O|  |TAMS 0x0000000083600000, 0x0000000083500000| Untracked 
|  54|0x0000000083600000, 0x0000000083700000, 0x0000000083700000|100%| O|  |TAMS 0x0000000083700000, 0x0000000083600000| Untracked 
|  55|0x0000000083700000, 0x0000000083800000, 0x0000000083800000|100%| O|  |TAMS 0x0000000083800000, 0x0000000083700000| Untracked 
|  56|0x0000000083800000, 0x0000000083900000, 0x0000000083900000|100%|HS|  |TAMS 0x0000000083900000, 0x0000000083800000| Complete 
|  57|0x0000000083900000, 0x0000000083a00000, 0x0000000083a00000|100%|HS|  |TAMS 0x0000000083a00000, 0x0000000083900000| Complete 
|  58|0x0000000083a00000, 0x0000000083b00000, 0x0000000083b00000|100%|HS|  |TAMS 0x0000000083b00000, 0x0000000083a00000| Complete 
|  59|0x0000000083b00000, 0x0000000083c00000, 0x0000000083c00000|100%| O|  |TAMS 0x0000000083c00000, 0x0000000083b00000| Untracked 
|  60|0x0000000083c00000, 0x0000000083d00000, 0x0000000083d00000|100%|HS|  |TAMS 0x0000000083d00000, 0x0000000083c00000| Complete 
|  61|0x0000000083d00000, 0x0000000083e00000, 0x0000000083e00000|100%|HC|  |TAMS 0x0000000083e00000, 0x0000000083d00000| Complete 
|  62|0x0000000083e00000, 0x0000000083f00000, 0x0000000083f00000|100%|HC|  |TAMS 0x0000000083f00000, 0x0000000083e00000| Complete 
|  63|0x0000000083f00000, 0x0000000084000000, 0x0000000084000000|100%| O|  |TAMS 0x0000000084000000, 0x0000000083f00000| Untracked 
|  64|0x0000000084000000, 0x0000000084100000, 0x0000000084100000|100%|HS|  |TAMS 0x0000000084100000, 0x0000000084000000| Complete 
|  65|0x0000000084100000, 0x0000000084200000, 0x0000000084200000|100%|HC|  |TAMS 0x0000000084200000, 0x0000000084100000| Complete 
|  66|0x0000000084200000, 0x0000000084300000, 0x0000000084300000|100%| O|  |TAMS 0x0000000084300000, 0x0000000084200000| Untracked 
|  67|0x0000000084300000, 0x0000000084400000, 0x0000000084400000|100%| O|  |TAMS 0x0000000084400000, 0x0000000084300000| Untracked 
|  68|0x0000000084400000, 0x0000000084500000, 0x0000000084500000|100%| O|  |TAMS 0x0000000084500000, 0x0000000084400000| Untracked 
|  69|0x0000000084500000, 0x0000000084600000, 0x0000000084600000|100%| O|  |TAMS 0x0000000084600000, 0x0000000084500000| Untracked 
|  70|0x0000000084600000, 0x0000000084700000, 0x0000000084700000|100%| O|  |TAMS 0x0000000084700000, 0x0000000084600000| Untracked 
|  71|0x0000000084700000, 0x0000000084800000, 0x0000000084800000|100%| O|  |TAMS 0x0000000084800000, 0x0000000084700000| Untracked 
|  72|0x0000000084800000, 0x0000000084900000, 0x0000000084900000|100%| O|  |TAMS 0x0000000084900000, 0x0000000084800000| Untracked 
|  73|0x0000000084900000, 0x0000000084a00000, 0x0000000084a00000|100%| O|  |TAMS 0x0000000084a00000, 0x0000000084900000| Untracked 
|  74|0x0000000084a00000, 0x0000000084b00000, 0x0000000084b00000|100%| O|  |TAMS 0x0000000084b00000, 0x0000000084a00000| Untracked 
|  75|0x0000000084b00000, 0x0000000084c00000, 0x0000000084c00000|100%| O|  |TAMS 0x0000000084c00000, 0x0000000084b00000| Untracked 
|  76|0x0000000084c00000, 0x0000000084d00000, 0x0000000084d00000|100%| O|  |TAMS 0x0000000084d00000, 0x0000000084c00000| Untracked 
|  77|0x0000000084d00000, 0x0000000084e00000, 0x0000000084e00000|100%| O|  |TAMS 0x0000000084e00000, 0x0000000084d00000| Untracked 
|  78|0x0000000084e00000, 0x0000000084f00000, 0x0000000084f00000|100%| O|  |TAMS 0x0000000084f00000, 0x0000000084e00000| Untracked 
|  79|0x0000000084f00000, 0x0000000085000000, 0x0000000085000000|100%| O|  |TAMS 0x0000000085000000, 0x0000000084f00000| Untracked 
|  80|0x0000000085000000, 0x0000000085100000, 0x0000000085100000|100%| O|  |TAMS 0x0000000085100000, 0x0000000085000000| Untracked 
|  81|0x0000000085100000, 0x0000000085109e00, 0x0000000085200000|  3%| O|  |TAMS 0x0000000085109e00, 0x0000000085100000| Untracked 
|  82|0x0000000085200000, 0x0000000085200000, 0x0000000085300000|  0%| F|  |TAMS 0x0000000085200000, 0x0000000085200000| Untracked 
|  83|0x0000000085300000, 0x0000000085300000, 0x0000000085400000|  0%| F|  |TAMS 0x0000000085300000, 0x0000000085300000| Untracked 
|  84|0x0000000085400000, 0x0000000085400000, 0x0000000085500000|  0%| F|  |TAMS 0x0000000085400000, 0x0000000085400000| Untracked 
|  85|0x0000000085500000, 0x0000000085500000, 0x0000000085600000|  0%| F|  |TAMS 0x0000000085500000, 0x0000000085500000| Untracked 
|  86|0x0000000085600000, 0x0000000085600000, 0x0000000085700000|  0%| F|  |TAMS 0x0000000085600000, 0x0000000085600000| Untracked 
|  87|0x0000000085700000, 0x0000000085700000, 0x0000000085800000|  0%| F|  |TAMS 0x0000000085700000, 0x0000000085700000| Untracked 
|  88|0x0000000085800000, 0x0000000085800000, 0x0000000085900000|  0%| F|  |TAMS 0x0000000085800000, 0x0000000085800000| Untracked 
|  89|0x0000000085900000, 0x0000000085900000, 0x0000000085a00000|  0%| F|  |TAMS 0x0000000085900000, 0x0000000085900000| Untracked 
|  90|0x0000000085a00000, 0x0000000085a00000, 0x0000000085b00000|  0%| F|  |TAMS 0x0000000085a00000, 0x0000000085a00000| Untracked 
|  91|0x0000000085b00000, 0x0000000085b00000, 0x0000000085c00000|  0%| F|  |TAMS 0x0000000085b00000, 0x0000000085b00000| Untracked 
|  92|0x0000000085c00000, 0x0000000085c00000, 0x0000000085d00000|  0%| F|  |TAMS 0x0000000085c00000, 0x0000000085c00000| Untracked 
|  93|0x0000000085d00000, 0x0000000085d00000, 0x0000000085e00000|  0%| F|  |TAMS 0x0000000085d00000, 0x0000000085d00000| Untracked 
|  94|0x0000000085e00000, 0x0000000085e00000, 0x0000000085f00000|  0%| F|  |TAMS 0x0000000085e00000, 0x0000000085e00000| Untracked 
|  95|0x0000000085f00000, 0x0000000085f00000, 0x0000000086000000|  0%| F|  |TAMS 0x0000000085f00000, 0x0000000085f00000| Untracked 
|  96|0x0000000086000000, 0x0000000086000000, 0x0000000086100000|  0%| F|  |TAMS 0x0000000086000000, 0x0000000086000000| Untracked 
|  97|0x0000000086100000, 0x0000000086100000, 0x0000000086200000|  0%| F|  |TAMS 0x0000000086100000, 0x0000000086100000| Untracked 
|  98|0x0000000086200000, 0x0000000086200000, 0x0000000086300000|  0%| F|  |TAMS 0x0000000086200000, 0x0000000086200000| Untracked 
|  99|0x0000000086300000, 0x0000000086300000, 0x0000000086400000|  0%| F|  |TAMS 0x0000000086300000, 0x0000000086300000| Untracked 
| 100|0x0000000086400000, 0x0000000086400000, 0x0000000086500000|  0%| F|  |TAMS 0x0000000086400000, 0x0000000086400000| Untracked 
| 101|0x0000000086500000, 0x0000000086500000, 0x0000000086600000|  0%| F|  |TAMS 0x0000000086500000, 0x0000000086500000| Untracked 
| 102|0x0000000086600000, 0x0000000086600000, 0x0000000086700000|  0%| F|  |TAMS 0x0000000086600000, 0x0000000086600000| Untracked 
| 103|0x0000000086700000, 0x0000000086700000, 0x0000000086800000|  0%| F|  |TAMS 0x0000000086700000, 0x0000000086700000| Untracked 
| 104|0x0000000086800000, 0x00000000868ecd00, 0x0000000086900000| 92%| S|CS|TAMS 0x0000000086800000, 0x0000000086800000| Complete 
| 105|0x0000000086900000, 0x0000000086a00000, 0x0000000086a00000|100%| S|CS|TAMS 0x0000000086900000, 0x0000000086900000| Complete 
| 106|0x0000000086a00000, 0x0000000086b00000, 0x0000000086b00000|100%| S|CS|TAMS 0x0000000086a00000, 0x0000000086a00000| Complete 
| 107|0x0000000086b00000, 0x0000000086c00000, 0x0000000086c00000|100%| S|CS|TAMS 0x0000000086b00000, 0x0000000086b00000| Complete 
| 108|0x0000000086c00000, 0x0000000086c00000, 0x0000000086d00000|  0%| F|  |TAMS 0x0000000086c00000, 0x0000000086c00000| Untracked 
| 109|0x0000000086d00000, 0x0000000086d00000, 0x0000000086e00000|  0%| F|  |TAMS 0x0000000086d00000, 0x0000000086d00000| Untracked 
| 110|0x0000000086e00000, 0x0000000086e00000, 0x0000000086f00000|  0%| F|  |TAMS 0x0000000086e00000, 0x0000000086e00000| Untracked 
| 111|0x0000000086f00000, 0x0000000086f00000, 0x0000000087000000|  0%| F|  |TAMS 0x0000000086f00000, 0x0000000086f00000| Untracked 
| 112|0x0000000087000000, 0x0000000087000000, 0x0000000087100000|  0%| F|  |TAMS 0x0000000087000000, 0x0000000087000000| Untracked 
| 113|0x0000000087100000, 0x0000000087100000, 0x0000000087200000|  0%| F|  |TAMS 0x0000000087100000, 0x0000000087100000| Untracked 
| 114|0x0000000087200000, 0x0000000087200000, 0x0000000087300000|  0%| F|  |TAMS 0x0000000087200000, 0x0000000087200000| Untracked 
| 115|0x0000000087300000, 0x0000000087300000, 0x0000000087400000|  0%| F|  |TAMS 0x0000000087300000, 0x0000000087300000| Untracked 
| 116|0x0000000087400000, 0x0000000087400000, 0x0000000087500000|  0%| F|  |TAMS 0x0000000087400000, 0x0000000087400000| Untracked 
| 117|0x0000000087500000, 0x0000000087500000, 0x0000000087600000|  0%| F|  |TAMS 0x0000000087500000, 0x0000000087500000| Untracked 
| 118|0x0000000087600000, 0x0000000087600000, 0x0000000087700000|  0%| F|  |TAMS 0x0000000087600000, 0x0000000087600000| Untracked 
| 119|0x0000000087700000, 0x0000000087700000, 0x0000000087800000|  0%| F|  |TAMS 0x0000000087700000, 0x0000000087700000| Untracked 
| 120|0x0000000087800000, 0x0000000087800000, 0x0000000087900000|  0%| F|  |TAMS 0x0000000087800000, 0x0000000087800000| Untracked 
| 121|0x0000000087900000, 0x0000000087900000, 0x0000000087a00000|  0%| F|  |TAMS 0x0000000087900000, 0x0000000087900000| Untracked 
| 122|0x0000000087a00000, 0x0000000087a00000, 0x0000000087b00000|  0%| F|  |TAMS 0x0000000087a00000, 0x0000000087a00000| Untracked 
| 123|0x0000000087b00000, 0x0000000087b00000, 0x0000000087c00000|  0%| F|  |TAMS 0x0000000087b00000, 0x0000000087b00000| Untracked 
| 124|0x0000000087c00000, 0x0000000087c00000, 0x0000000087d00000|  0%| F|  |TAMS 0x0000000087c00000, 0x0000000087c00000| Untracked 
| 125|0x0000000087d00000, 0x0000000087d00000, 0x0000000087e00000|  0%| F|  |TAMS 0x0000000087d00000, 0x0000000087d00000| Untracked 
| 126|0x0000000087e00000, 0x0000000087e00000, 0x0000000087f00000|  0%| F|  |TAMS 0x0000000087e00000, 0x0000000087e00000| Untracked 
| 127|0x0000000087f00000, 0x0000000087f00000, 0x0000000088000000|  0%| F|  |TAMS 0x0000000087f00000, 0x0000000087f00000| Untracked 
| 128|0x0000000088000000, 0x0000000088000000, 0x0000000088100000|  0%| F|  |TAMS 0x0000000088000000, 0x0000000088000000| Untracked 
| 129|0x0000000088100000, 0x0000000088100000, 0x0000000088200000|  0%| F|  |TAMS 0x0000000088100000, 0x0000000088100000| Untracked 
| 130|0x0000000088200000, 0x0000000088200000, 0x0000000088300000|  0%| F|  |TAMS 0x0000000088200000, 0x0000000088200000| Untracked 
| 131|0x0000000088300000, 0x0000000088300000, 0x0000000088400000|  0%| F|  |TAMS 0x0000000088300000, 0x0000000088300000| Untracked 
| 132|0x0000000088400000, 0x0000000088400000, 0x0000000088500000|  0%| F|  |TAMS 0x0000000088400000, 0x0000000088400000| Untracked 
| 133|0x0000000088500000, 0x0000000088500000, 0x0000000088600000|  0%| F|  |TAMS 0x0000000088500000, 0x0000000088500000| Untracked 
| 134|0x0000000088600000, 0x0000000088600000, 0x0000000088700000|  0%| F|  |TAMS 0x0000000088600000, 0x0000000088600000| Untracked 
| 135|0x0000000088700000, 0x0000000088700000, 0x0000000088800000|  0%| F|  |TAMS 0x0000000088700000, 0x0000000088700000| Untracked 
| 136|0x0000000088800000, 0x0000000088800000, 0x0000000088900000|  0%| F|  |TAMS 0x0000000088800000, 0x0000000088800000| Untracked 
| 137|0x0000000088900000, 0x0000000088900000, 0x0000000088a00000|  0%| F|  |TAMS 0x0000000088900000, 0x0000000088900000| Untracked 
| 138|0x0000000088a00000, 0x0000000088a00000, 0x0000000088b00000|  0%| F|  |TAMS 0x0000000088a00000, 0x0000000088a00000| Untracked 
| 139|0x0000000088b00000, 0x0000000088b00000, 0x0000000088c00000|  0%| F|  |TAMS 0x0000000088b00000, 0x0000000088b00000| Untracked 
| 140|0x0000000088c00000, 0x0000000088c00000, 0x0000000088d00000|  0%| F|  |TAMS 0x0000000088c00000, 0x0000000088c00000| Untracked 
| 141|0x0000000088d00000, 0x0000000088d00000, 0x0000000088e00000|  0%| F|  |TAMS 0x0000000088d00000, 0x0000000088d00000| Untracked 
| 142|0x0000000088e00000, 0x0000000088e00000, 0x0000000088f00000|  0%| F|  |TAMS 0x0000000088e00000, 0x0000000088e00000| Untracked 
| 143|0x0000000088f00000, 0x0000000088f00000, 0x0000000089000000|  0%| F|  |TAMS 0x0000000088f00000, 0x0000000088f00000| Untracked 
| 144|0x0000000089000000, 0x0000000089000000, 0x0000000089100000|  0%| F|  |TAMS 0x0000000089000000, 0x0000000089000000| Untracked 
| 145|0x0000000089100000, 0x0000000089100000, 0x0000000089200000|  0%| F|  |TAMS 0x0000000089100000, 0x0000000089100000| Untracked 
| 146|0x0000000089200000, 0x0000000089200000, 0x0000000089300000|  0%| F|  |TAMS 0x0000000089200000, 0x0000000089200000| Untracked 
| 147|0x0000000089300000, 0x0000000089300000, 0x0000000089400000|  0%| F|  |TAMS 0x0000000089300000, 0x0000000089300000| Untracked 
| 148|0x0000000089400000, 0x0000000089400000, 0x0000000089500000|  0%| F|  |TAMS 0x0000000089400000, 0x0000000089400000| Untracked 
| 149|0x0000000089500000, 0x0000000089500000, 0x0000000089600000|  0%| F|  |TAMS 0x0000000089500000, 0x0000000089500000| Untracked 
| 150|0x0000000089600000, 0x0000000089600000, 0x0000000089700000|  0%| F|  |TAMS 0x0000000089600000, 0x0000000089600000| Untracked 
| 151|0x0000000089700000, 0x0000000089700000, 0x0000000089800000|  0%| F|  |TAMS 0x0000000089700000, 0x0000000089700000| Untracked 
| 152|0x0000000089800000, 0x0000000089800000, 0x0000000089900000|  0%| F|  |TAMS 0x0000000089800000, 0x0000000089800000| Untracked 
| 153|0x0000000089900000, 0x0000000089900000, 0x0000000089a00000|  0%| F|  |TAMS 0x0000000089900000, 0x0000000089900000| Untracked 
| 154|0x0000000089a00000, 0x0000000089a00000, 0x0000000089b00000|  0%| F|  |TAMS 0x0000000089a00000, 0x0000000089a00000| Untracked 
| 155|0x0000000089b00000, 0x0000000089b00000, 0x0000000089c00000|  0%| F|  |TAMS 0x0000000089b00000, 0x0000000089b00000| Untracked 
| 156|0x0000000089c00000, 0x0000000089c00000, 0x0000000089d00000|  0%| F|  |TAMS 0x0000000089c00000, 0x0000000089c00000| Untracked 
| 157|0x0000000089d00000, 0x0000000089d00000, 0x0000000089e00000|  0%| F|  |TAMS 0x0000000089d00000, 0x0000000089d00000| Untracked 
| 158|0x0000000089e00000, 0x0000000089e00000, 0x0000000089f00000|  0%| F|  |TAMS 0x0000000089e00000, 0x0000000089e00000| Untracked 
| 159|0x0000000089f00000, 0x0000000089f13e40, 0x000000008a000000|  7%| E|  |TAMS 0x0000000089f00000, 0x0000000089f00000| Complete 
| 160|0x000000008a000000, 0x000000008a100000, 0x000000008a100000|100%| E|CS|TAMS 0x000000008a000000, 0x000000008a000000| Complete 
| 161|0x000000008a100000, 0x000000008a200000, 0x000000008a200000|100%| E|CS|TAMS 0x000000008a100000, 0x000000008a100000| Complete 

Card table byte_map: [0x00000196525f0000,0x00000196529f0000] _byte_map_base: 0x00000196521f0000

Marking Bits (Prev, Next): (CMBitMap*) 0x000001963aab50f8, (CMBitMap*) 0x000001963aab5130
 Prev Bits: [0x0000019652df0000, 0x0000019654df0000)
 Next Bits: [0x0000019654df0000, 0x0000019656df0000)

Polling page: 0x0000019638930000

Metaspace:

Usage:
  Non-class:     73.03 MB capacity,    71.54 MB ( 98%) used,     1.25 MB (  2%) free+waste,   248.75 KB ( <1%) overhead. 
      Class:     11.62 MB capacity,    10.62 MB ( 91%) used,   904.91 KB (  8%) free+waste,   117.63 KB ( <1%) overhead. 
       Both:     84.65 MB capacity,    82.16 MB ( 97%) used,     2.13 MB (  3%) free+waste,   366.38 KB ( <1%) overhead. 

Virtual space:
  Non-class space:       74.00 MB reserved,      73.08 MB ( 99%) committed 
      Class space:      504.00 MB reserved,      11.63 MB (  2%) committed 
             Both:      578.00 MB reserved,      84.70 MB ( 15%) committed 

Chunk freelists:
   Non-Class:  49.00 KB
       Class:  4.00 KB
        Both:  53.00 KB

MaxMetaspaceSize: 512.00 MB
CompressedClassSpaceSize: 504.00 MB
Initial GC threshold: 20.80 MB
Current GC threshold: 141.17 MB
CDS: off

CodeHeap 'non-profiled nmethods': size=120064Kb used=5581Kb max_used=5581Kb free=114482Kb
 bounds [0x000001964acb0000, 0x000001964b230000, 0x00000196521f0000]
CodeHeap 'profiled nmethods': size=120000Kb used=20625Kb max_used=20625Kb free=99374Kb
 bounds [0x0000019643780000, 0x0000019644bb0000, 0x000001964acb0000]
CodeHeap 'non-nmethods': size=5696Kb used=2382Kb max_used=2428Kb free=3314Kb
 bounds [0x00000196431f0000, 0x0000019643460000, 0x0000019643780000]
 total_blobs=10141 nmethods=9236 adapters=817
 compilation: enabled
              stopped_count=0, restarted_count=0
 full_count=0

Compilation events (20 events):
Event: 121.032 Thread 0x0000019659b0c000 9334       3       sun.reflect.generics.reflectiveObjects.TypeVariableImpl::equals (67 bytes)
Event: 121.035 Thread 0x0000019659b0c000 nmethod 9334 0x0000019644ba0410 code [0x0000019644ba0640, 0x0000019644ba0f98]
Event: 121.065 Thread 0x0000019659b0c000 9335       1       org.gradle.internal.action.DefaultConfigurableRule::isCacheable (5 bytes)
Event: 121.065 Thread 0x0000019659b0c000 nmethod 9335 0x000001964b21ac10 code [0x000001964b21adc0, 0x000001964b21ae78]
Event: 121.158 Thread 0x0000019659b00000 nmethod 9274 0x000001964b21af10 code [0x000001964b21b3a0, 0x000001964b21f598]
Event: 121.159 Thread 0x0000019659b00000 9305       4       com.sun.beans.introspect.MethodInfo$MethodOrder::compare (167 bytes)
Event: 121.233 Thread 0x0000019659b00000 nmethod 9305 0x000001964b221b10 code [0x000001964b221d20, 0x000001964b222720]
Event: 121.233 Thread 0x0000019659b00000 9332       4       jdk.internal.reflect.ReflectionFactory::copyMethod (10 bytes)
Event: 121.259 Thread 0x0000019659b00000 nmethod 9332 0x000001964b222d10 code [0x000001964b222ec0, 0x000001964b2231f8]
Event: 121.396 Thread 0x0000019659b0c000 9336       3       java.io.ByteArrayInputStream::<init> (37 bytes)
Event: 121.398 Thread 0x0000019659b0c000 nmethod 9336 0x0000019644ba1190 code [0x0000019644ba1360, 0x0000019644ba1638]
Event: 121.409 Thread 0x0000019659b0c000 9337       3       org.gradle.internal.serialize.InputStreamBackedDecoder::readByte (13 bytes)
Event: 121.411 Thread 0x0000019659b0c000 nmethod 9337 0x0000019644ba1790 code [0x0000019644ba1960, 0x0000019644ba1c98]
Event: 121.411 Thread 0x0000019659b0c000 9338       3       org.gradle.internal.serialize.InputStreamBackedDecoder::readBytes (11 bytes)
Event: 121.412 Thread 0x0000019659b0c000 nmethod 9338 0x0000019644ba1e10 code [0x0000019644ba1fc0, 0x0000019644ba20e8]
Event: 121.412 Thread 0x0000019659b0c000 9339       3       org.gradle.launcher.daemon.context.DefaultDaemonContext$Serializer::read (182 bytes)
Event: 121.419 Thread 0x0000019659b0c000 nmethod 9339 0x0000019644ba2210 code [0x0000019644ba25a0, 0x0000019644ba3e08]
Event: 121.419 Thread 0x0000019659b0c000 9340       1       java.nio.channels.FileLock::isShared (5 bytes)
Event: 121.420 Thread 0x0000019659b0c000 nmethod 9340 0x000001964b223390 code [0x000001964b223540, 0x000001964b2235f8]
Event: 121.909 Thread 0x0000019659b00000 9341 %     4       javax.management.ObjectName::construct @ 822 (1135 bytes)

GC Heap History (20 events):
Event: 104.979 GC heap before
{Heap before GC invocations=59 (full 0):
 garbage-first heap   total 114688K, used 64971K [0x0000000080000000, 0x0000000100000000)
  region size 1024K, 7 young (7168K), 2 survivors (2048K)
 Metaspace       used 70889K, capacity 73036K, committed 73168K, reserved 579584K
  class space    used 9240K, capacity 10103K, committed 10112K, reserved 516096K
}
Event: 104.986 GC heap after
{Heap after GC invocations=60 (full 0):
 garbage-first heap   total 114688K, used 64858K [0x0000000080000000, 0x0000000100000000)
  region size 1024K, 4 young (4096K), 4 survivors (4096K)
 Metaspace       used 70889K, capacity 73036K, committed 73168K, reserved 579584K
  class space    used 9240K, capacity 10103K, committed 10112K, reserved 516096K
}
Event: 106.608 GC heap before
{Heap before GC invocations=61 (full 0):
 garbage-first heap   total 114688K, used 90458K [0x0000000080000000, 0x0000000100000000)
  region size 1024K, 23 young (23552K), 4 survivors (4096K)
 Metaspace       used 71888K, capacity 74205K, committed 74448K, reserved 581632K
  class space    used 9366K, capacity 10356K, committed 10368K, reserved 516096K
}
Event: 106.627 GC heap after
{Heap after GC invocations=62 (full 0):
 garbage-first heap   total 114688K, used 74242K [0x0000000080000000, 0x0000000100000000)
  region size 1024K, 3 young (3072K), 3 survivors (3072K)
 Metaspace       used 71888K, capacity 74205K, committed 74448K, reserved 581632K
  class space    used 9366K, capacity 10356K, committed 10368K, reserved 516096K
}
Event: 107.931 GC heap before
{Heap before GC invocations=62 (full 0):
 garbage-first heap   total 114688K, used 89602K [0x0000000080000000, 0x0000000100000000)
  region size 1024K, 18 young (18432K), 3 survivors (3072K)
 Metaspace       used 73654K, capacity 75954K, committed 76240K, reserved 583680K
  class space    used 9602K, capacity 10553K, committed 10624K, reserved 516096K
}
Event: 107.951 GC heap after
{Heap after GC invocations=63 (full 0):
 garbage-first heap   total 114688K, used 74818K [0x0000000080000000, 0x0000000100000000)
  region size 1024K, 1 young (1024K), 1 survivors (1024K)
 Metaspace       used 73654K, capacity 75954K, committed 76240K, reserved 583680K
  class space    used 9602K, capacity 10553K, committed 10624K, reserved 516096K
}
Event: 110.122 GC heap before
{Heap before GC invocations=64 (full 0):
 garbage-first heap   total 114688K, used 90178K [0x0000000080000000, 0x0000000100000000)
  region size 1024K, 17 young (17408K), 1 survivors (1024K)
 Metaspace       used 75835K, capacity 78152K, committed 78288K, reserved 583680K
  class space    used 9844K, capacity 10813K, committed 10880K, reserved 516096K
}
Event: 110.137 GC heap after
{Heap after GC invocations=65 (full 0):
 garbage-first heap   total 138240K, used 75484K [0x0000000080000000, 0x0000000100000000)
  region size 1024K, 2 young (2048K), 2 survivors (2048K)
 Metaspace       used 75835K, capacity 78152K, committed 78288K, reserved 583680K
  class space    used 9844K, capacity 10813K, committed 10880K, reserved 516096K
}
Event: 112.634 GC heap before
{Heap before GC invocations=65 (full 0):
 garbage-first heap   total 138240K, used 95964K [0x0000000080000000, 0x0000000100000000)
  region size 1024K, 23 young (23552K), 2 survivors (2048K)
 Metaspace       used 79236K, capacity 81599K, committed 81744K, reserved 587776K
  class space    used 10211K, capacity 11171K, committed 11264K, reserved 516096K
}
Event: 112.654 GC heap after
{Heap after GC invocations=66 (full 0):
 garbage-first heap   total 138240K, used 77338K [0x0000000080000000, 0x0000000100000000)
  region size 1024K, 4 young (4096K), 4 survivors (4096K)
 Metaspace       used 79236K, capacity 81599K, committed 81744K, reserved 587776K
  class space    used 10211K, capacity 11171K, committed 11264K, reserved 516096K
}
Event: 114.789 GC heap before
{Heap before GC invocations=67 (full 0):
 garbage-first heap   total 138240K, used 109082K [0x0000000080000000, 0x0000000100000000)
  region size 1024K, 28 young (28672K), 4 survivors (4096K)
 Metaspace       used 80482K, capacity 82749K, committed 82896K, reserved 587776K
  class space    used 10383K, capacity 11336K, committed 11392K, reserved 516096K
}
Event: 114.817 GC heap after
{Heap after GC invocations=68 (full 0):
 garbage-first heap   total 138240K, used 79418K [0x0000000080000000, 0x0000000100000000)
  region size 1024K, 4 young (4096K), 4 survivors (4096K)
 Metaspace       used 80482K, capacity 82749K, committed 82896K, reserved 587776K
  class space    used 10383K, capacity 11336K, committed 11392K, reserved 516096K
}
Event: 116.623 GC heap before
{Heap before GC invocations=68 (full 0):
 garbage-first heap   total 138240K, used 105018K [0x0000000080000000, 0x0000000100000000)
  region size 1024K, 29 young (29696K), 4 survivors (4096K)
 Metaspace       used 82522K, capacity 84758K, committed 84944K, reserved 589824K
  class space    used 10650K, capacity 11599K, committed 11648K, reserved 516096K
}
Event: 116.657 GC heap after
{Heap after GC invocations=69 (full 0):
 garbage-first heap   total 138240K, used 81382K [0x0000000080000000, 0x0000000100000000)
  region size 1024K, 2 young (2048K), 2 survivors (2048K)
 Metaspace       used 82522K, capacity 84758K, committed 84944K, reserved 589824K
  class space    used 10650K, capacity 11599K, committed 11648K, reserved 516096K
}
Event: 119.118 GC heap before
{Heap before GC invocations=70 (full 0):
 garbage-first heap   total 138240K, used 106982K [0x0000000080000000, 0x0000000100000000)
  region size 1024K, 27 young (27648K), 2 survivors (2048K)
 Metaspace       used 83803K, capacity 86281K, committed 86480K, reserved 591872K
  class space    used 10833K, capacity 11849K, committed 11904K, reserved 516096K
}
Event: 119.147 GC heap after
{Heap after GC invocations=71 (full 0):
 garbage-first heap   total 138240K, used 83325K [0x0000000080000000, 0x0000000100000000)
  region size 1024K, 4 young (4096K), 4 survivors (4096K)
 Metaspace       used 83803K, capacity 86281K, committed 86480K, reserved 591872K
  class space    used 10833K, capacity 11849K, committed 11904K, reserved 516096K
}
Event: 120.107 GC heap before
{Heap before GC invocations=71 (full 0):
 garbage-first heap   total 138240K, used 108925K [0x0000000080000000, 0x0000000100000000)
  region size 1024K, 29 young (29696K), 4 survivors (4096K)
 Metaspace       used 83923K, capacity 86506K, committed 86736K, reserved 591872K
  class space    used 10848K, capacity 11861K, committed 11904K, reserved 516096K
}
Event: 120.145 GC heap after
{Heap after GC invocations=72 (full 0):
 garbage-first heap   total 138240K, used 85187K [0x0000000080000000, 0x0000000100000000)
  region size 1024K, 3 young (3072K), 3 survivors (3072K)
 Metaspace       used 83923K, capacity 86506K, committed 86736K, reserved 591872K
  class space    used 10848K, capacity 11861K, committed 11904K, reserved 516096K
}
Event: 120.988 GC heap before
{Heap before GC invocations=72 (full 0):
 garbage-first heap   total 138240K, used 110787K [0x0000000080000000, 0x0000000100000000)
  region size 1024K, 28 young (28672K), 3 survivors (3072K)
 Metaspace       used 84126K, capacity 86683K, committed 86736K, reserved 591872K
  class space    used 10877K, capacity 11900K, committed 11904K, reserved 516096K
}
Event: 121.017 GC heap after
{Heap after GC invocations=73 (full 0):
 garbage-first heap   total 165888K, used 87002K [0x0000000080000000, 0x0000000100000000)
  region size 1024K, 4 young (4096K), 4 survivors (4096K)
 Metaspace       used 84126K, capacity 86683K, committed 86736K, reserved 591872K
  class space    used 10877K, capacity 11900K, committed 11904K, reserved 516096K
}

Deoptimization events (20 events):
Event: 119.332 Thread 0x000001965b512000 Uncommon trap: trap_request=0xfffffff4 fr.pc=0x000001964b0292bc relative=0x000000000000089c
Event: 119.333 Thread 0x000001965b512000 Uncommon trap: reason=null_check action=make_not_entrant pc=0x000001964b0292bc method=com.sun.beans.introspect.MethodInfo$MethodOrder.compare(Ljava/lang/reflect/Method;Ljava/lang/reflect/Method;)I @ 133 c2
Event: 119.333 Thread 0x000001965b512000 DEOPT PACKING pc=0x000001964b0292bc sp=0x0000007af9ff2f10
Event: 119.333 Thread 0x000001965b512000 DEOPT UNPACKING pc=0x000001964323a1af sp=0x0000007af9ff2e40 mode 2
Event: 119.333 Thread 0x000001965b512000 Uncommon trap: trap_request=0xfffffff4 fr.pc=0x000001964b0280ec relative=0x000000000000084c
Event: 119.333 Thread 0x000001965b512000 Uncommon trap: reason=null_check action=make_not_entrant pc=0x000001964b0280ec method=com.sun.beans.introspect.MethodInfo$MethodOrder.compare(Ljava/lang/reflect/Method;Ljava/lang/reflect/Method;)I @ 133 c2
Event: 119.333 Thread 0x000001965b512000 DEOPT PACKING pc=0x000001964b0280ec sp=0x0000007af9ff2e80
Event: 119.333 Thread 0x000001965b512000 DEOPT UNPACKING pc=0x000001964323a1af sp=0x0000007af9ff2e38 mode 2
Event: 119.519 Thread 0x000001965b512000 DEOPT PACKING pc=0x00000196443c02f5 sp=0x0000007af9ff31e0
Event: 119.519 Thread 0x000001965b512000 DEOPT UNPACKING pc=0x000001964323a95e sp=0x0000007af9ff2750 mode 0
Event: 119.537 Thread 0x000001965b512000 DEOPT PACKING pc=0x00000196443c02f5 sp=0x0000007af9ff3100
Event: 119.537 Thread 0x000001965b512000 DEOPT UNPACKING pc=0x000001964323a95e sp=0x0000007af9ff2670 mode 0
Event: 119.992 Thread 0x000001965b512000 Uncommon trap: trap_request=0xfffffff4 fr.pc=0x000001964b217b00 relative=0x0000000000000c60
Event: 119.992 Thread 0x000001965b512000 Uncommon trap: reason=null_check action=make_not_entrant pc=0x000001964b217b00 method=java.lang.PublicMethods$MethodList.getMostSpecific()Ljava/lang/reflect/Method; @ 41 c2
Event: 119.992 Thread 0x000001965b512000 DEOPT PACKING pc=0x000001964b217b00 sp=0x0000007af9ff3de0
Event: 119.992 Thread 0x000001965b512000 DEOPT UNPACKING pc=0x000001964323a1af sp=0x0000007af9ff3cc0 mode 2
Event: 120.038 Thread 0x000001965b512000 Uncommon trap: trap_request=0xfffffff4 fr.pc=0x000001964b21331c relative=0x000000000000097c
Event: 120.038 Thread 0x000001965b512000 Uncommon trap: reason=null_check action=make_not_entrant pc=0x000001964b21331c method=com.sun.beans.introspect.MethodInfo$MethodOrder.compare(Ljava/lang/reflect/Method;Ljava/lang/reflect/Method;)I @ 145 c2
Event: 120.038 Thread 0x000001965b512000 DEOPT PACKING pc=0x000001964b21331c sp=0x0000007af9ff3050
Event: 120.038 Thread 0x000001965b512000 DEOPT UNPACKING pc=0x000001964323a1af sp=0x0000007af9ff2ff0 mode 2

Classes redefined (0 events):
No events

Internal exceptions (20 events):
Event: 120.651 Thread 0x000001965b512000 Exception <a 'java/lang/ClassNotFoundException'{0x00000000877b6d18}: org/gradle/api/internal/artifacts/dependencies/DefaultExternalModuleDependencyCustomizer> (0x00000000877b6d18) thrown at [./src/hotspot/share/classfile/systemDictionary.cpp, line 230]
Event: 120.659 Thread 0x000001965b512000 Exception <a 'java/lang/ClassNotFoundException'{0x0000000087616ca8}: org/gradle/api/internal/artifacts/dependencies/DefaultExternalModuleDependency_DecoratedCustomizer> (0x0000000087616ca8) thrown at [./src/hotspot/share/classfile/systemDictionary.cpp, line 230]
Event: 120.818 Thread 0x000001965b512000 Exception <a 'java/lang/ClassNotFoundException'{0x00000000874934b0}: org/gradle/api/tasks/Copy_DecoratedBeanInfo> (0x00000000874934b0) thrown at [./src/hotspot/share/classfile/systemDictionary.cpp, line 230]
Event: 120.822 Thread 0x000001965b512000 Exception <a 'java/lang/ClassNotFoundException'{0x00000000874bdb50}: org/gradle/api/tasks/CopyBeanInfo> (0x00000000874bdb50) thrown at [./src/hotspot/share/classfile/systemDictionary.cpp, line 230]
Event: 120.827 Thread 0x000001965b512000 Exception <a 'java/lang/ClassNotFoundException'{0x00000000874ed380}: org/gradle/api/tasks/AbstractCopyTaskBeanInfo> (0x00000000874ed380) thrown at [./src/hotspot/share/classfile/systemDictionary.cpp, line 230]
Event: 120.831 Thread 0x000001965b512000 Exception <a 'java/lang/ClassNotFoundException'{0x000000008731d6f0}: org/gradle/api/internal/ConventionTaskBeanInfo> (0x000000008731d6f0) thrown at [./src/hotspot/share/classfile/systemDictionary.cpp, line 230]
Event: 120.835 Thread 0x000001965b512000 Exception <a 'java/lang/ClassNotFoundException'{0x0000000087348d18}: org/gradle/api/DefaultTaskBeanInfo> (0x0000000087348d18) thrown at [./src/hotspot/share/classfile/systemDictionary.cpp, line 230]
Event: 120.839 Thread 0x000001965b512000 Exception <a 'java/lang/ClassNotFoundException'{0x0000000087378390}: org/gradle/api/internal/AbstractTaskBeanInfo> (0x0000000087378390) thrown at [./src/hotspot/share/classfile/systemDictionary.cpp, line 230]
Event: 120.847 Thread 0x000001965b512000 Exception <a 'java/lang/ClassNotFoundException'{0x00000000873a8268}: org/gradle/api/internal/AbstractTaskCustomizer> (0x00000000873a8268) thrown at [./src/hotspot/share/classfile/systemDictionary.cpp, line 230]
Event: 120.899 Thread 0x000001965b512000 Exception <a 'java/lang/ClassNotFoundException'{0x0000000087221f08}: org/gradle/api/DefaultTaskCustomizer> (0x0000000087221f08) thrown at [./src/hotspot/share/classfile/systemDictionary.cpp, line 230]
Event: 120.913 Thread 0x000001965b512000 Exception <a 'java/lang/ClassNotFoundException'{0x00000000872a7d00}: org/gradle/api/internal/ConventionTaskCustomizer> (0x00000000872a7d00) thrown at [./src/hotspot/share/classfile/systemDictionary.cpp, line 230]
Event: 120.919 Thread 0x000001965b512000 Exception <a 'java/lang/ClassNotFoundException'{0x00000000872e7ae0}: org/gradle/api/tasks/AbstractCopyTaskCustomizer> (0x00000000872e7ae0) thrown at [./src/hotspot/share/classfile/systemDictionary.cpp, line 230]
Event: 120.937 Thread 0x000001965b512000 Exception <a 'java/lang/ClassNotFoundException'{0x0000000087186638}: org/gradle/api/tasks/CopyCustomizer> (0x0000000087186638) thrown at [./src/hotspot/share/classfile/systemDictionary.cpp, line 230]
Event: 120.943 Thread 0x000001965b512000 Exception <a 'java/lang/ClassNotFoundException'{0x00000000871cc1b0}: org/gradle/api/tasks/Copy_DecoratedCustomizer> (0x00000000871cc1b0) thrown at [./src/hotspot/share/classfile/systemDictionary.cpp, line 230]
Event: 120.984 Thread 0x000001965b512000 Exception <a 'java/lang/ClassNotFoundException'{0x0000000086ec20c0}: org/gradle/api/internal/artifacts/configurations/DefaultConfigurationContainer_DecoratedBeanInfo> (0x0000000086ec20c0) thrown at [./src/hotspot/share/classfile/systemDictionary.cpp, line 230]
Event: 121.019 Thread 0x000001965b512000 Exception <a 'java/lang/ClassNotFoundException'{0x000000008a110540}: org/gradle/api/internal/artifacts/configurations/DefaultConfigurationContainerBeanInfo> (0x000000008a110540) thrown at [./src/hotspot/share/classfile/systemDictionary.cpp, line 230]
Event: 121.024 Thread 0x000001965b512000 Exception <a 'java/lang/ClassNotFoundException'{0x000000008a14aca8}: org/gradle/api/internal/AbstractValidatingNamedDomainObjectContainerBeanInfo> (0x000000008a14aca8) thrown at [./src/hotspot/share/classfile/systemDictionary.cpp, line 230]
Event: 121.029 Thread 0x000001965b512000 Exception <a 'java/lang/ClassNotFoundException'{0x000000008a185c78}: org/gradle/api/internal/AbstractValidatingNamedDomainObjectContainerCustomizer> (0x000000008a185c78) thrown at [./src/hotspot/share/classfile/systemDictionary.cpp, line 230]
Event: 121.037 Thread 0x000001965b512000 Exception <a 'java/lang/ClassNotFoundException'{0x000000008a1ddf00}: org/gradle/api/internal/artifacts/configurations/DefaultConfigurationContainerCustomizer> (0x000000008a1ddf00) thrown at [./src/hotspot/share/classfile/systemDictionary.cpp, line 230]
Event: 121.046 Thread 0x000001965b512000 Exception <a 'java/lang/ClassNotFoundException'{0x000000008a043e18}: org/gradle/api/internal/artifacts/configurations/DefaultConfigurationContainer_DecoratedCustomizer> (0x000000008a043e18) thrown at [./src/hotspot/share/classfile/systemDictionary.cpp, line 230]

Events (20 events):
Event: 121.029 loading class org/gradle/api/internal/AbstractValidatingNamedDomainObjectContainerCustomizer
Event: 121.029 loading class org/gradle/api/internal/AbstractValidatingNamedDomainObjectContainerCustomizer done
Event: 121.031 loading class org/gradle/api/internal/artifacts/configurations/DefaultConfigurationContainerCustomizer
Event: 121.031 loading class org/gradle/api/internal/artifacts/configurations/DefaultConfigurationContainerCustomizer done
Event: 121.033 loading class org/gradle/api/internal/artifacts/configurations/DefaultConfigurationContainerCustomizer
Event: 121.033 loading class org/gradle/api/internal/artifacts/configurations/DefaultConfigurationContainerCustomizer done
Event: 121.034 loading class org/gradle/api/internal/artifacts/configurations/DefaultConfigurationContainerCustomizer
Event: 121.034 loading class org/gradle/api/internal/artifacts/configurations/DefaultConfigurationContainerCustomizer done
Event: 121.036 loading class org/gradle/api/internal/artifacts/configurations/DefaultConfigurationContainerCustomizer
Event: 121.037 loading class org/gradle/api/internal/artifacts/configurations/DefaultConfigurationContainerCustomizer done
Event: 121.040 loading class org/gradle/api/internal/artifacts/configurations/DefaultConfigurationContainer_DecoratedCustomizer
Event: 121.040 loading class org/gradle/api/internal/artifacts/configurations/DefaultConfigurationContainer_DecoratedCustomizer done
Event: 121.042 loading class org/gradle/api/internal/artifacts/configurations/DefaultConfigurationContainer_DecoratedCustomizer
Event: 121.042 loading class org/gradle/api/internal/artifacts/configurations/DefaultConfigurationContainer_DecoratedCustomizer done
Event: 121.042 loading class org/gradle/api/internal/artifacts/configurations/DefaultConfigurationContainer_DecoratedCustomizer
Event: 121.042 loading class org/gradle/api/internal/artifacts/configurations/DefaultConfigurationContainer_DecoratedCustomizer done
Event: 121.046 loading class org/gradle/api/internal/artifacts/configurations/DefaultConfigurationContainer_DecoratedCustomizer
Event: 121.046 loading class org/gradle/api/internal/artifacts/configurations/DefaultConfigurationContainer_DecoratedCustomizer done
Event: 121.329 Executing VM operation: CGC_Operation
Event: 121.330 Executing VM operation: CGC_Operation done


Dynamic libraries:
0x00007ff627f50000 - 0x00007ff627f5d000 	C:\Program Files\Java\jdk-11.0.18+10\bin\java.exe
0x00007ffe3c010000 - 0x00007ffe3c208000 	C:\WINDOWS\SYSTEM32\ntdll.dll
0x00007ffe3a730000 - 0x00007ffe3a7ef000 	C:\WINDOWS\System32\KERNEL32.DLL
0x00007ffe39cb0000 - 0x00007ffe39fa6000 	C:\WINDOWS\System32\KERNELBASE.dll
0x00007ffe39a90000 - 0x00007ffe39b90000 	C:\WINDOWS\System32\ucrtbase.dll
0x00007ffe229b0000 - 0x00007ffe229c7000 	C:\Program Files\Java\jdk-11.0.18+10\bin\jli.dll
0x00007ffe1f320000 - 0x00007ffe1f335000 	C:\Program Files\Java\jdk-11.0.18+10\bin\VCRUNTIME140.dll
0x00007ffe3b470000 - 0x00007ffe3b60d000 	C:\WINDOWS\System32\USER32.dll
0x00007ffe399c0000 - 0x00007ffe399e2000 	C:\WINDOWS\System32\win32u.dll
0x00007ffe3a1b0000 - 0x00007ffe3a1dc000 	C:\WINDOWS\System32\GDI32.dll
0x00007ffe29180000 - 0x00007ffe2941a000 	C:\WINDOWS\WinSxS\amd64_microsoft.windows.common-controls_6595b64144ccf1df_6.0.19041.1110_none_60b5254171f9507e\COMCTL32.dll
0x00007ffe39b90000 - 0x00007ffe39ca5000 	C:\WINDOWS\System32\gdi32full.dll
0x00007ffe3a110000 - 0x00007ffe3a1ae000 	C:\WINDOWS\System32\msvcrt.dll
0x00007ffe399f0000 - 0x00007ffe39a8d000 	C:\WINDOWS\System32\msvcp_win.dll
0x00007ffe3b970000 - 0x00007ffe3b9a0000 	C:\WINDOWS\System32\IMM32.DLL
0x00007ffe19a70000 - 0x00007ffe19b0b000 	C:\Program Files\Java\jdk-11.0.18+10\bin\msvcp140.dll
0x00007ffdfe570000 - 0x00007ffdff102000 	C:\Program Files\Java\jdk-11.0.18+10\bin\server\jvm.dll
0x00007ffe3a5a0000 - 0x00007ffe3a64f000 	C:\WINDOWS\System32\ADVAPI32.dll
0x00007ffe3b1a0000 - 0x00007ffe3b23c000 	C:\WINDOWS\System32\sechost.dll
0x00007ffe3a7f0000 - 0x00007ffe3a916000 	C:\WINDOWS\System32\RPCRT4.dll
0x00007ffe3a100000 - 0x00007ffe3a108000 	C:\WINDOWS\System32\PSAPI.DLL
0x00007ffe32120000 - 0x00007ffe32129000 	C:\WINDOWS\SYSTEM32\WSOCK32.dll
0x00007ffe3a920000 - 0x00007ffe3a98b000 	C:\WINDOWS\System32\WS2_32.dll
0x00007ffe2b4d0000 - 0x00007ffe2b4f7000 	C:\WINDOWS\SYSTEM32\WINMM.dll
0x00007ffe2cd60000 - 0x00007ffe2cd6a000 	C:\WINDOWS\SYSTEM32\VERSION.dll
0x00007ffe37640000 - 0x00007ffe37652000 	C:\WINDOWS\SYSTEM32\kernel.appcore.dll
0x00007ffe32ca0000 - 0x00007ffe32cb0000 	C:\Program Files\Java\jdk-11.0.18+10\bin\verify.dll
0x00007ffe2be00000 - 0x00007ffe2bfe4000 	C:\WINDOWS\SYSTEM32\DBGHELP.DLL
0x00007ffe2b500000 - 0x00007ffe2b534000 	C:\WINDOWS\SYSTEM32\dbgcore.DLL
0x00007ffe39930000 - 0x00007ffe399b2000 	C:\WINDOWS\System32\bcryptPrimitives.dll
0x00007ffe1a920000 - 0x00007ffe1a948000 	C:\Program Files\Java\jdk-11.0.18+10\bin\java.dll
0x00007ffe229a0000 - 0x00007ffe229aa000 	C:\Program Files\Java\jdk-11.0.18+10\bin\jimage.dll
0x00007ffe19a50000 - 0x00007ffe19a68000 	C:\Program Files\Java\jdk-11.0.18+10\bin\zip.dll
0x00007ffe3a9a0000 - 0x00007ffe3b0e4000 	C:\WINDOWS\System32\SHELL32.dll
0x00007ffe37840000 - 0x00007ffe37fd3000 	C:\WINDOWS\SYSTEM32\windows.storage.dll
0x00007ffe3a240000 - 0x00007ffe3a594000 	C:\WINDOWS\System32\combase.dll
0x00007ffe39100000 - 0x00007ffe3912e000 	C:\WINDOWS\SYSTEM32\Wldp.dll
0x00007ffe3b0f0000 - 0x00007ffe3b19d000 	C:\WINDOWS\System32\SHCORE.dll
0x00007ffe3a1e0000 - 0x00007ffe3a235000 	C:\WINDOWS\System32\shlwapi.dll
0x00007ffe396c0000 - 0x00007ffe396df000 	C:\WINDOWS\SYSTEM32\profapi.dll
0x00007ffe19920000 - 0x00007ffe19939000 	C:\Program Files\Java\jdk-11.0.18+10\bin\net.dll
0x00007ffe33740000 - 0x00007ffe3384a000 	C:\WINDOWS\SYSTEM32\WINHTTP.dll
0x00007ffe38e60000 - 0x00007ffe38eca000 	C:\WINDOWS\system32\mswsock.dll
0x00007ffe19900000 - 0x00007ffe19913000 	C:\Program Files\Java\jdk-11.0.18+10\bin\nio.dll
0x00007ffe34840000 - 0x00007ffe34867000 	C:\Users\almeida\.gradle\native\e1d6ef7f7dcc3fd88c89a11ec53ec762bb8ba0a96d01ffa2cd45eb1d1d8dd5c5\windows-amd64\native-platform.dll
0x00007ffe13c20000 - 0x00007ffe13d64000 	C:\Users\almeida\.gradle\native\0d407fdbe67a94daf76414ababcb853783967236a71b16ec16e742cd7a986fd3\windows-amd64\native-platform-file-events.dll
0x00007ffe22820000 - 0x00007ffe22829000 	C:\Program Files\Java\jdk-11.0.18+10\bin\management.dll
0x00007ffe20250000 - 0x00007ffe2025b000 	C:\Program Files\Java\jdk-11.0.18+10\bin\management_ext.dll
0x00007ffe39060000 - 0x00007ffe39078000 	C:\WINDOWS\SYSTEM32\CRYPTSP.dll
0x00007ffe38780000 - 0x00007ffe387b4000 	C:\WINDOWS\system32\rsaenh.dll
0x00007ffe39fb0000 - 0x00007ffe39fd7000 	C:\WINDOWS\System32\bcrypt.dll
0x00007ffe39680000 - 0x00007ffe396ae000 	C:\WINDOWS\SYSTEM32\USERENV.dll
0x00007ffe39050000 - 0x00007ffe3905c000 	C:\WINDOWS\SYSTEM32\CRYPTBASE.dll
0x00007ffe38b50000 - 0x00007ffe38b8c000 	C:\WINDOWS\SYSTEM32\IPHLPAPI.DLL
0x00007ffe3a990000 - 0x00007ffe3a998000 	C:\WINDOWS\System32\NSI.dll
0x00007ffe329c0000 - 0x00007ffe329d7000 	C:\WINDOWS\SYSTEM32\dhcpcsvc6.DLL
0x00007ffe32aa0000 - 0x00007ffe32abd000 	C:\WINDOWS\SYSTEM32\dhcpcsvc.DLL
0x00007ffe38b90000 - 0x00007ffe38c5b000 	C:\WINDOWS\SYSTEM32\DNSAPI.dll

dbghelp: loaded successfully - version: 4.0.5 - missing functions: none
symbol engine: initialized successfully - sym options: 0x614 - pdb path: .;C:\Program Files\Java\jdk-11.0.18+10\bin;C:\WINDOWS\SYSTEM32;C:\WINDOWS\WinSxS\amd64_microsoft.windows.common-controls_6595b64144ccf1df_6.0.19041.1110_none_60b5254171f9507e;C:\Program Files\Java\jdk-11.0.18+10\bin\server;C:\Users\almeida\.gradle\native\e1d6ef7f7dcc3fd88c89a11ec53ec762bb8ba0a96d01ffa2cd45eb1d1d8dd5c5\windows-amd64;C:\Users\almeida\.gradle\native\0d407fdbe67a94daf76414ababcb853783967236a71b16ec16e742cd7a986fd3\windows-amd64

VM Arguments:
jvm_args: -XX:MaxMetaspaceSize=512m --add-opens=java.base/java.util=ALL-UNNAMED --add-opens=java.base/java.lang=ALL-UNNAMED --add-opens=java.base/java.lang.invoke=ALL-UNNAMED --add-opens=java.base/java.util=ALL-UNNAMED --add-opens=java.prefs/java.util.prefs=ALL-UNNAMED --add-opens=java.prefs/java.util.prefs=ALL-UNNAMED --add-opens=java.base/java.nio.charset=ALL-UNNAMED --add-opens=java.base/java.net=ALL-UNNAMED --add-opens=java.base/java.util.concurrent.atomic=ALL-UNNAMED -Xmx2048m -Dfile.encoding=windows-1252 -Duser.country=BR -Duser.language=pt -Duser.variant 
java_command: org.gradle.launcher.daemon.bootstrap.GradleDaemon 7.5.1
java_class_path (initial): C:\Users\almeida\.gradle\wrapper\dists\gradle-7.5.1-all\1ehga6e77gqps5uk2kc5kf1vc\gradle-7.5.1\lib\gradle-launcher-7.5.1.jar
Launcher Type: SUN_STANDARD

[Global flags]
     intx CICompilerCount                          = 3                                         {product} {ergonomic}
   size_t CompressedClassSpaceSize                 = 528482304                                 {product} {ergonomic}
     uint ConcGCThreads                            = 1                                         {product} {ergonomic}
     uint G1ConcRefinementThreads                  = 4                                         {product} {ergonomic}
   size_t G1HeapRegionSize                         = 1048576                                   {product} {ergonomic}
    uintx GCDrainStackTargetSize                   = 64                                        {product} {ergonomic}
   size_t InitialHeapSize                          = 67108864                                  {product} {ergonomic}
   size_t MarkStackSize                            = 4194304                                   {product} {ergonomic}
   size_t MaxHeapSize                              = 2147483648                                {product} {command line}
   size_t MaxMetaspaceSize                         = 536870912                                 {product} {command line}
   size_t MaxNewSize                               = 1287651328                                {product} {ergonomic}
   size_t MinHeapDeltaBytes                        = 1048576                                   {product} {ergonomic}
    uintx NonNMethodCodeHeapSize                   = 5830732                                {pd product} {ergonomic}
    uintx NonProfiledCodeHeapSize                  = 122913754                              {pd product} {ergonomic}
    uintx ProfiledCodeHeapSize                     = 122913754                              {pd product} {ergonomic}
    uintx ReservedCodeCacheSize                    = 251658240                              {pd product} {ergonomic}
     bool SegmentedCodeCache                       = true                                      {product} {ergonomic}
     bool UseCompressedClassPointers               = true                                 {lp64_product} {ergonomic}
     bool UseCompressedOops                        = true                                 {lp64_product} {ergonomic}
     bool UseG1GC                                  = true                                      {product} {ergonomic}
     bool UseLargePagesIndividualAllocation        = false                                  {pd product} {ergonomic}

Logging:
Log output configuration:
 #0: stdout all=warning uptime,level,tags
 #1: stderr all=off uptime,level,tags

Environment Variables:
JAVA_HOME=C:\Program Files\Java\jdk-11.0.18+10
CLASSPATH=C:\source\repos\C.A.P\client\android\\gradle\wrapper\gradle-wrapper.jar
PATH=C:\Program Files\Eclipse Adoptium\jdk-11.0.18.10-hotspot\bin;C:\Program Files\Common Files\Oracle\Java\javapath;C:\WINDOWS\system32;C:\WINDOWS;C:\WINDOWS\System32\Wbem;C:\WINDOWS\System32\WindowsPowerShell\v1.0\;C:\Program Files\dotnet\;C:\WINDOWS\System32\OpenSSH\;C:\Program Files\Git\cmd;C:\Program Files\Microsoft SQL Server\Client SDK\ODBC\170\Tools\Binn\;C:\Windows\Microsoft.NET\Framework64\v4.0.30319;C:\Windows\Microsoft.NET\Framework64\v4.0.30319;C:\Program Files\MySQL\MySQL Server 8.0\bin;C:\ProgramData\chocolatey\bin;C:\Program Files\nodejs\;C:\Program Files (x86)\Yarn\bin\;C:\platform-tools\;C:\Program Files\Azure Data Studio\bin;C:\Program Files (x86)\Microsoft SQL Server\160\DTS\Binn\;C:\Program Files (x86)\Microsoft SQL Server\160\Tools\Binn\;C:\Program Files\Microsoft SQL Server\160\Tools\Binn\;C:\Program Files\Microsoft SQL Server\160\DTS\Binn\;C:\Program Files\MySQL\MySQL Shell 8.0\bin\;C:\Users\almeida\AppData\Local\Microsoft\WindowsApps;C:\Users\THALIS NATHAN\AppData\Roaming\npm;C:\Users\THALIS NATHAN\AppData\Local\Programs\Microsoft VS Code\bin;C:\Users\THALIS NATHAN\AppData\Local\GitHubDesktop\bin;C:\Users\almeida\.dotnet\tools;C:\Users\almeida\AppData\Local\GitHubDesktop\bin;C:\Users\almeida\AppData\Local\Android\Sdk\emulador;C:\Users\almeida\AppData\Local\Android\Sdk\tools;C:\Users\almeida\AppData\Local\Android\Sdk\tools\bin;C:\Users\almeida\AppData\Local\Android\Sdk\platform-tools;C:\Users\almeida\AppData\Local\Yarn\bin;C:\Users\almeida\AppData\Roaming\npm;;C:\Program Files\JetBrains\IntelliJ IDEA Community Edition 2023.1.1\bin;;C:\Program Files\Azure Data Studio\bin;C:\Users\almeida\AppData\Local\Programs\Microsoft VS Code\bin
USERNAME=THALIS
OS=Windows_NT
PROCESSOR_IDENTIFIER=Intel64 Family 6 Model 42 Stepping 7, GenuineIntel
TMP=C:\Users\almeida\AppData\Local\Temp
TEMP=C:\Users\almeida\AppData\Local\Temp



---------------  S Y S T E M  ---------------

OS: Windows 10 , 64 bit Build 19041 (10.0.19041.2913)
OS uptime: 0 days 1:01 hours

CPU:total 4 (initial active 4) (2 cores per cpu, 2 threads per core) family 6 model 42 stepping 7 microcode 0x2f, cmov, cx8, fxsr, mmx, sse, sse2, sse3, ssse3, sse4.1, sse4.2, popcnt, avx, aes, clmul, ht, tsc, tscinvbit

Memory: 4k page, system-wide physical 4003M (375M free)
TotalPageFile size 6051M (AvailPageFile size 2M)
current process WorkingSet (physical memory assigned to process): 355M, peak: 372M
current process commit charge ("private bytes"): 425M, peak: 427M

vm_info: OpenJDK 64-Bit Server VM (11.0.18+10-LTS) for windows-amd64 JRE (11.0.18+10-LTS), built on Jan 18 2023 15:56:47 by "MicrosoftCorporation" with MS VC++ 15.9 (VS2017)

END.
