#
# There is insufficient memory for the Java Runtime Environment to continue.
# Native memory allocation (mmap) failed to map 130023424 bytes for Failed to commit area from 0x000000008fc00000 to 0x0000000097800000 of length 130023424.
# Possible reasons:
#   The system is out of physical RAM or swap space
#   The process is running with CompressedOops enabled, and the Java Heap may be blocking the growth of the native heap
# Possible solutions:
#   Reduce memory load on the system
#   Increase physical memory or swap space
#   Check if swap backing store is full
#   Decrease Java heap size (-Xmx/-Xms)
#   Decrease number of Java threads
#   Decrease Java thread stack sizes (-Xss)
#   Set larger code cache with -XX:ReservedCodeCacheSize=
#   JVM is running with Unscaled Compressed Oops mode in which the Java heap is
#     placed in the first 4GB address space. The Java Heap base address is the
#     maximum limit for the native heap growth. Please use -XX:HeapBaseMinAddress
#     to set the Java Heap base and to place the Java Heap above 4GB virtual address.
# This output file may be truncated or incomplete.
#
#  Out of Memory Error (./src/hotspot/os/windows/os_windows.cpp:3386), pid=9736, tid=7664
#
# JRE version: OpenJDK Runtime Environment Microsoft-7208460 (11.0.18+10) (build 11.0.18+10-LTS)
# Java VM: OpenJDK 64-Bit Server VM Microsoft-7208460 (11.0.18+10-LTS, mixed mode, tiered, compressed oops, g1 gc, windows-amd64)
# No core dump will be written. Minidumps are not enabled by default on client versions of Windows
#

---------------  S U M M A R Y ------------

Command Line: -XX:MaxMetaspaceSize=512m --add-opens=java.base/java.util=ALL-UNNAMED --add-opens=java.base/java.lang=ALL-UNNAMED --add-opens=java.base/java.lang.invoke=ALL-UNNAMED --add-opens=java.base/java.util=ALL-UNNAMED --add-opens=java.prefs/java.util.prefs=ALL-UNNAMED --add-opens=java.prefs/java.util.prefs=ALL-UNNAMED --add-opens=java.base/java.nio.charset=ALL-UNNAMED --add-opens=java.base/java.net=ALL-UNNAMED --add-opens=java.base/java.util.concurrent.atomic=ALL-UNNAMED -Xmx2048m -Dfile.encoding=windows-1252 -Duser.country=BR -Duser.language=pt -Duser.variant org.gradle.launcher.daemon.bootstrap.GradleDaemon 7.5.1

Host: Intel(R) Core(TM) i5-2450M CPU @ 2.50GHz, 4 cores, 3G,  Windows 10 , 64 bit Build 19041 (10.0.19041.2913)
Time: Fri Jun 23 21:27:46 2023 Hora oficial do Brasil elapsed time: 938.622928 seconds (0d 0h 15m 38s)

---------------  T H R E A D  ---------------

Current thread (0x0000025c2835b800):  VMThread "VM Thread" [stack: 0x000000917e000000,0x000000917e100000] [id=7664]

Stack: [0x000000917e000000,0x000000917e100000]
[error occurred during error reporting (printing stack bounds), id 0xc0000005, EXCEPTION_ACCESS_VIOLATION (0xc0000005) at pc=0x0000025c11ad112d]

Native frames: (J=compiled Java code, j=interpreted, Vv=VM code, C=native code)
V  [jvm.dll+0x62bf8a]
V  [jvm.dll+0x7b8fb9]
V  [jvm.dll+0x7ba6a8]
V  [jvm.dll+0x7bace5]
V  [jvm.dll+0x7bac9b]
V  [jvm.dll+0x62b317]
V  [jvm.dll+0x62ba28]
C  [ntdll.dll+0xa23df]
C  [ntdll.dll+0x514a4]
C  [ntdll.dll+0xa0f0e]
C  0x0000025c11ad112d

VM_Operation (0x000000917f2f3f50): G1CollectForAllocation, mode: safepoint, requested by thread 0x0000025c29dfe800


---------------  P R O C E S S  ---------------

Threads class SMR info:
_java_thread_list=0x0000025c35058220, length=86, elements={
0x0000025c09351000, 0x0000025c2836e000, 0x0000025c2835e000, 0x0000025c283c0000,
0x0000025c283c2000, 0x0000025c283c3000, 0x0000025c283c8800, 0x0000025c2853d800,
0x0000025c28548800, 0x0000025c28639000, 0x0000025c2a84c800, 0x0000025c2a072000,
0x0000025c295b7000, 0x0000025c29531800, 0x0000025c28a83800, 0x0000025c295e3000,
0x0000025c29dfe800, 0x0000025c29399000, 0x0000025c29376000, 0x0000025c28b61000,
0x0000025c29485800, 0x0000025c29485000, 0x0000025c29486800, 0x0000025c29487000,
0x0000025c29488000, 0x0000025c29482800, 0x0000025c29489000, 0x0000025c29483000,
0x0000025c29484000, 0x0000025c2a55b800, 0x0000025c2a55a000, 0x0000025c2a55d000,
0x0000025c2a55e000, 0x0000025c2a55f000, 0x0000025c2a559000, 0x0000025c2a55c800,
0x0000025c2a560800, 0x0000025c2a55f800, 0x0000025c2a55a800, 0x0000025c2a563800,
0x0000025c2a566000, 0x0000025c2a564800, 0x0000025c2a563000, 0x0000025c2a567000,
0x0000025c2a562000, 0x0000025c2a561000, 0x0000025c2a565800, 0x0000025c2cf48800,
0x0000025c2cf4a800, 0x0000025c2cf4c000, 0x0000025c2cf4d000, 0x0000025c2cf49800,
0x0000025c2cf4b000, 0x0000025c2cf47000, 0x0000025c2cf4d800, 0x0000025c2cf48000,
0x0000025c2cf51800, 0x0000025c2cf51000, 0x0000025c2cf54000, 0x0000025c2cf52800,
0x0000025c2cf4f800, 0x0000025c2cf50000, 0x0000025c2cf53800, 0x0000025c2cf4e800,
0x0000025c2cf56000, 0x0000025c2cf55000, 0x0000025c2ca55800, 0x0000025c2ca59800,
0x0000025c2ca5a800, 0x0000025c2ca59000, 0x0000025c2ca55000, 0x0000025c2ca5b800,
0x0000025c2ca58000, 0x0000025c2ca57000, 0x0000025c2ca56800, 0x0000025c2ca61000,
0x0000025c2ca5e800, 0x0000025c2ca62000, 0x0000025c2ca62800, 0x0000025c2ca5d000,
0x0000025c2ca5e000, 0x0000025c2ca63800, 0x0000025c2ca5f800, 0x0000025c2ca60000,
0x0000025c2b2c6800, 0x0000025c2b2c1000
}

Java Threads: ( => current thread )
  0x0000025c09351000 JavaThread "main" [_thread_blocked, id=3596, stack(0x000000917da00000,0x000000917db00000)]
  0x0000025c2836e000 JavaThread "Reference Handler" daemon [_thread_blocked, id=12996, stack(0x000000917e100000,0x000000917e200000)]
  0x0000025c2835e000 JavaThread "Finalizer" daemon [_thread_blocked, id=6448, stack(0x000000917e200000,0x000000917e300000)]
  0x0000025c283c0000 JavaThread "Signal Dispatcher" daemon [_thread_blocked, id=7728, stack(0x000000917e300000,0x000000917e400000)]
  0x0000025c283c2000 JavaThread "Attach Listener" daemon [_thread_blocked, id=3604, stack(0x000000917e400000,0x000000917e500000)]
  0x0000025c283c3000 JavaThread "Service Thread" daemon [_thread_blocked, id=7184, stack(0x000000917e500000,0x000000917e600000)]
  0x0000025c283c8800 JavaThread "C2 CompilerThread0" daemon [_thread_blocked, id=8644, stack(0x000000917e600000,0x000000917e700000)]
  0x0000025c2853d800 JavaThread "C1 CompilerThread0" daemon [_thread_blocked, id=4788, stack(0x000000917e700000,0x000000917e800000)]
  0x0000025c28548800 JavaThread "Sweeper thread" daemon [_thread_blocked, id=7376, stack(0x000000917e800000,0x000000917e900000)]
  0x0000025c28639000 JavaThread "Common-Cleaner" daemon [_thread_blocked, id=11524, stack(0x000000917e900000,0x000000917ea00000)]
  0x0000025c2a84c800 JavaThread "Daemon health stats" [_thread_blocked, id=11072, stack(0x000000917ec00000,0x000000917ed00000)]
  0x0000025c2a072000 JavaThread "Incoming local TCP Connector on port 54415" [_thread_in_native, id=2600, stack(0x000000917ed00000,0x000000917ee00000)]
  0x0000025c295b7000 JavaThread "Daemon periodic checks" [_thread_blocked, id=12664, stack(0x000000917ee00000,0x000000917ef00000)]
  0x0000025c29531800 JavaThread "Daemon" [_thread_blocked, id=2256, stack(0x000000917ef00000,0x000000917f000000)]
  0x0000025c28a83800 JavaThread "Handler for socket connection from /127.0.0.1:54415 to /127.0.0.1:54416" [_thread_in_native, id=9948, stack(0x000000917f000000,0x000000917f100000)]
  0x0000025c295e3000 JavaThread "Cancel handler" [_thread_blocked, id=12372, stack(0x000000917f100000,0x000000917f200000)]
  0x0000025c29dfe800 JavaThread "Daemon worker" [_thread_blocked, id=9192, stack(0x000000917f200000,0x000000917f300000)]
  0x0000025c29399000 JavaThread "Asynchronous log dispatcher for DefaultDaemonConnection: socket connection from /127.0.0.1:54415 to /127.0.0.1:54416" [_thread_blocked, id=1196, stack(0x000000917f300000,0x000000917f400000)]
  0x0000025c29376000 JavaThread "Stdin handler" [_thread_blocked, id=4596, stack(0x000000917f400000,0x000000917f500000)]
  0x0000025c28b61000 JavaThread "Daemon client event forwarder" [_thread_blocked, id=1580, stack(0x000000917f500000,0x000000917f600000)]
  0x0000025c29485800 JavaThread "Cache worker for journal cache (C:\Users\almeida\.gradle\caches\journal-1)" [_thread_blocked, id=7244, stack(0x000000917f800000,0x000000917f900000)]
  0x0000025c29485000 JavaThread "File lock request listener" [_thread_in_native, id=12880, stack(0x000000917f900000,0x000000917fa00000)]
  0x0000025c29486800 JavaThread "Cache worker for file hash cache (C:\Users\almeida\.gradle\caches\7.5.1\fileHashes)" [_thread_blocked, id=4840, stack(0x000000917fa00000,0x000000917fb00000)]
  0x0000025c29487000 JavaThread "File watcher server" daemon [_thread_in_native, id=2324, stack(0x000000917d800000,0x000000917d900000)]
  0x0000025c29488000 JavaThread "File watcher consumer" daemon [_thread_blocked, id=11368, stack(0x000000917d900000,0x000000917da00000)]
  0x0000025c29482800 JavaThread "Cache worker for checksums cache (C:\source\repos\C.A.P\client\android\.gradle\7.5.1\checksums)" [_thread_blocked, id=11396, stack(0x000000917fb00000,0x000000917fc00000)]
  0x0000025c29489000 JavaThread "Cache worker for cache directory md-rule (C:\Users\almeida\.gradle\caches\7.5.1\md-rule)" [_thread_blocked, id=3348, stack(0x000000917fe00000,0x000000917ff00000)]
  0x0000025c29483000 JavaThread "Cache worker for file content cache (C:\Users\almeida\.gradle\caches\7.5.1\fileContent)" [_thread_blocked, id=2364, stack(0x000000917ff00000,0x0000009180000000)]
  0x0000025c29484000 JavaThread "Cache worker for file hash cache (C:\source\repos\C.A.P\client\android\.gradle\7.5.1\fileHashes)" [_thread_blocked, id=8580, stack(0x0000009100000000,0x0000009100100000)]
  0x0000025c2a55b800 JavaThread "Cache worker for cache directory md-supplier (C:\Users\almeida\.gradle\caches\7.5.1\md-supplier)" [_thread_blocked, id=3248, stack(0x0000009100100000,0x0000009100200000)]
  0x0000025c2a55a000 JavaThread "Cache worker for execution history cache (C:\Users\almeida\.gradle\caches\7.5.1\executionHistory)" [_thread_blocked, id=5000, stack(0x0000009100200000,0x0000009100300000)]
  0x0000025c2a55d000 JavaThread "jar transforms" [_thread_blocked, id=6404, stack(0x0000009100400000,0x0000009100500000)]
  0x0000025c2a55e000 JavaThread "jar transforms Thread 2" [_thread_blocked, id=8, stack(0x0000009100500000,0x0000009100600000)]
  0x0000025c2a55f000 JavaThread "jar transforms Thread 3" [_thread_blocked, id=5164, stack(0x0000009100300000,0x0000009100400000)]
  0x0000025c2a559000 JavaThread "jar transforms Thread 4" [_thread_blocked, id=8412, stack(0x0000009100600000,0x0000009100700000)]
  0x0000025c2a55c800 JavaThread "Cache worker for kotlin-dsl (C:\Users\almeida\.gradle\caches\7.5.1\kotlin-dsl)" [_thread_blocked, id=13000, stack(0x0000009100800000,0x0000009100900000)]
  0x0000025c2a560800 JavaThread "Cache worker for dependencies-accessors (C:\source\repos\C.A.P\client\android\.gradle\7.5.1\dependencies-accessors)" [_thread_blocked, id=11616, stack(0x0000009100900000,0x0000009100a00000)]
  0x0000025c2a55f800 JavaThread "Cache worker for Build Output Cleanup Cache (C:\source\repos\C.A.P\client\node_modules\react-native-gradle-plugin\.gradle\buildOutputCleanup)" [_thread_blocked, id=10652, stack(0x0000009100700000,0x0000009100800000)]
  0x0000025c2a55a800 JavaThread "Unconstrained build operations" [_thread_blocked, id=944, stack(0x0000009100b00000,0x0000009100c00000)]
  0x0000025c2a563800 JavaThread "Unconstrained build operations Thread 2" [_thread_blocked, id=2752, stack(0x0000009100c00000,0x0000009100d00000)]
  0x0000025c2a566000 JavaThread "Unconstrained build operations Thread 3" [_thread_blocked, id=10144, stack(0x0000009100d00000,0x0000009100e00000)]
  0x0000025c2a564800 JavaThread "Unconstrained build operations Thread 4" [_thread_blocked, id=7696, stack(0x0000009100e00000,0x0000009100f00000)]
  0x0000025c2a563000 JavaThread "Unconstrained build operations Thread 5" [_thread_blocked, id=5116, stack(0x0000009100f00000,0x0000009101000000)]
  0x0000025c2a567000 JavaThread "Unconstrained build operations Thread 6" [_thread_blocked, id=6780, stack(0x0000009101000000,0x0000009101100000)]
  0x0000025c2a562000 JavaThread "Unconstrained build operations Thread 7" [_thread_blocked, id=3848, stack(0x0000009101100000,0x0000009101200000)]
  0x0000025c2a561000 JavaThread "Unconstrained build operations Thread 8" [_thread_blocked, id=4720, stack(0x0000009101200000,0x0000009101300000)]
  0x0000025c2a565800 JavaThread "Unconstrained build operations Thread 9" [_thread_blocked, id=9816, stack(0x0000009101300000,0x0000009101400000)]
  0x0000025c2cf48800 JavaThread "Unconstrained build operations Thread 10" [_thread_blocked, id=6412, stack(0x0000009101400000,0x0000009101500000)]
  0x0000025c2cf4a800 JavaThread "Unconstrained build operations Thread 11" [_thread_blocked, id=6352, stack(0x0000009101500000,0x0000009101600000)]
  0x0000025c2cf4c000 JavaThread "Unconstrained build operations Thread 12" [_thread_blocked, id=7456, stack(0x0000009101600000,0x0000009101700000)]
  0x0000025c2cf4d000 JavaThread "Unconstrained build operations Thread 13" [_thread_blocked, id=12428, stack(0x0000009101700000,0x0000009101800000)]
  0x0000025c2cf49800 JavaThread "Unconstrained build operations Thread 14" [_thread_blocked, id=2068, stack(0x0000009101800000,0x0000009101900000)]
  0x0000025c2cf4b000 JavaThread "Unconstrained build operations Thread 15" [_thread_blocked, id=2620, stack(0x0000009101900000,0x0000009101a00000)]
  0x0000025c2cf47000 JavaThread "Unconstrained build operations Thread 16" [_thread_blocked, id=1836, stack(0x0000009101a00000,0x0000009101b00000)]
  0x0000025c2cf4d800 JavaThread "Unconstrained build operations Thread 17" [_thread_blocked, id=10968, stack(0x0000009101b00000,0x0000009101c00000)]
  0x0000025c2cf48000 JavaThread "Unconstrained build operations Thread 18" [_thread_blocked, id=1088, stack(0x0000009101c00000,0x0000009101d00000)]
  0x0000025c2cf51800 JavaThread "Unconstrained build operations Thread 19" [_thread_blocked, id=11320, stack(0x0000009101d00000,0x0000009101e00000)]
  0x0000025c2cf51000 JavaThread "Unconstrained build operations Thread 20" [_thread_blocked, id=4988, stack(0x0000009101e00000,0x0000009101f00000)]
  0x0000025c2cf54000 JavaThread "Unconstrained build operations Thread 21" [_thread_blocked, id=12872, stack(0x0000009101f00000,0x0000009102000000)]
  0x0000025c2cf52800 JavaThread "Unconstrained build operations Thread 22" [_thread_blocked, id=8456, stack(0x0000009102000000,0x0000009102100000)]
  0x0000025c2cf4f800 JavaThread "Unconstrained build operations Thread 23" [_thread_blocked, id=3508, stack(0x0000009102100000,0x0000009102200000)]
  0x0000025c2cf50000 JavaThread "Unconstrained build operations Thread 24" [_thread_blocked, id=7804, stack(0x0000009102200000,0x0000009102300000)]
  0x0000025c2cf53800 JavaThread "Unconstrained build operations Thread 25" [_thread_blocked, id=2432, stack(0x0000009102300000,0x0000009102400000)]
  0x0000025c2cf4e800 JavaThread "Unconstrained build operations Thread 26" [_thread_blocked, id=2084, stack(0x0000009102400000,0x0000009102500000)]
  0x0000025c2cf56000 JavaThread "Unconstrained build operations Thread 27" [_thread_blocked, id=9824, stack(0x0000009102500000,0x0000009102600000)]
  0x0000025c2cf55000 JavaThread "Unconstrained build operations Thread 28" [_thread_blocked, id=1740, stack(0x0000009102600000,0x0000009102700000)]
  0x0000025c2ca55800 JavaThread "Unconstrained build operations Thread 29" [_thread_blocked, id=6668, stack(0x0000009102700000,0x0000009102800000)]
  0x0000025c2ca59800 JavaThread "Unconstrained build operations Thread 30" [_thread_blocked, id=6932, stack(0x0000009102800000,0x0000009102900000)]
  0x0000025c2ca5a800 JavaThread "Unconstrained build operations Thread 31" [_thread_blocked, id=3492, stack(0x0000009102900000,0x0000009102a00000)]
  0x0000025c2ca59000 JavaThread "Unconstrained build operations Thread 32" [_thread_blocked, id=2392, stack(0x0000009102a00000,0x0000009102b00000)]
  0x0000025c2ca55000 JavaThread "Unconstrained build operations Thread 33" [_thread_blocked, id=13224, stack(0x0000009100a00000,0x0000009100b00000)]
  0x0000025c2ca5b800 JavaThread "build event listener" [_thread_blocked, id=2088, stack(0x0000009102b00000,0x0000009102c00000)]
  0x0000025c2ca58000 JavaThread "Memory manager" [_thread_blocked, id=10084, stack(0x0000009102d00000,0x0000009102e00000)]
  0x0000025c2ca57000 JavaThread "Cache worker for Build Output Cleanup Cache (C:\source\repos\C.A.P\client\android\.gradle\buildOutputCleanup)" [_thread_blocked, id=5576, stack(0x0000009102e00000,0x0000009102f00000)]
  0x0000025c2ca56800 JavaThread "Execution worker" [_thread_blocked, id=5228, stack(0x0000009103000000,0x0000009103100000)]
  0x0000025c2ca61000 JavaThread "Execution worker Thread 2" [_thread_blocked, id=9612, stack(0x0000009103100000,0x0000009103200000)]
  0x0000025c2ca5e800 JavaThread "Execution worker Thread 3" [_thread_blocked, id=8916, stack(0x0000009103200000,0x0000009103300000)]
  0x0000025c2ca62000 JavaThread "Cache worker for execution history cache (C:\source\repos\C.A.P\client\node_modules\react-native-gradle-plugin\.gradle\7.5.1\executionHistory)" [_thread_blocked, id=4616, stack(0x0000009103300000,0x0000009103400000)]
  0x0000025c2ca62800 JavaThread "Unconstrained build operations Thread 34" [_thread_blocked, id=2932, stack(0x0000009103400000,0x0000009103500000)]
  0x0000025c2ca5d000 JavaThread "Unconstrained build operations Thread 35" [_thread_blocked, id=1820, stack(0x0000009103500000,0x0000009103600000)]
  0x0000025c2ca5e000 JavaThread "Unconstrained build operations Thread 36" [_thread_blocked, id=6460, stack(0x0000009103600000,0x0000009103700000)]
  0x0000025c2ca63800 JavaThread "Unconstrained build operations Thread 37" [_thread_blocked, id=9396, stack(0x0000009103700000,0x0000009103800000)]
  0x0000025c2ca5f800 JavaThread "Unconstrained build operations Thread 38" [_thread_blocked, id=10628, stack(0x0000009102c00000,0x0000009102d00000)]
  0x0000025c2ca60000 JavaThread "Unconstrained build operations Thread 39" [_thread_blocked, id=12348, stack(0x0000009103800000,0x0000009103900000)]
  0x0000025c2b2c6800 JavaThread "Unconstrained build operations Thread 40" [_thread_blocked, id=8772, stack(0x0000009103900000,0x0000009103a00000)]
  0x0000025c2b2c1000 JavaThread "build event listener" [_thread_blocked, id=8788, stack(0x0000009102f00000,0x0000009103000000)]

Other Threads:
=>0x0000025c2835b800 VMThread "VM Thread" [stack: 0x000000917e000000,0x000000917e100000] [id=7664]
  0x0000025c2866e000 WatcherThread [stack: 0x000000917ea00000,0x000000917eb00000] [id=13076]
  0x0000025c0936a800 GCTaskThread "GC Thread#0" [stack: 0x000000917db00000,0x000000917dc00000] [id=11536]
  0x0000025c29071000 GCTaskThread "GC Thread#1" [stack: 0x000000917eb00000,0x000000917ec00000] [id=656]
  0x0000025c2972b800 GCTaskThread "GC Thread#2" [stack: 0x000000917f600000,0x000000917f700000] [id=10924]
  0x0000025c29d58800 GCTaskThread "GC Thread#3" [stack: 0x000000917f700000,0x000000917f800000] [id=2776]
  0x0000025c0939c000 ConcurrentGCThread "G1 Main Marker" [stack: 0x000000917dc00000,0x000000917dd00000] [id=1624]
  0x0000025c0939d800 ConcurrentGCThread "G1 Conc#0" [stack: 0x000000917dd00000,0x000000917de00000] [id=3488]
  0x0000025c093f5000 ConcurrentGCThread "G1 Refine#0" [stack: 0x000000917de00000,0x000000917df00000] [id=9084]
  0x0000025c093f6000 ConcurrentGCThread "G1 Young RemSet Sampling" [stack: 0x000000917df00000,0x000000917e000000] [id=884]

Threads with active compile tasks:
C2 CompilerThread0   938905 16634       4       org.gradle.internal.ImmutableActionSet::add (93 bytes)

VM state:at safepoint (normal execution)

VM Mutex/Monitor currently owned by a thread:  ([mutex/lock_event])
[0x0000025c0934d010] Threads_lock - owner thread: 0x0000025c2835b800
[0x0000025c0934cb90] Heap_lock - owner thread: 0x0000025c29dfe800

Heap address: 0x0000000080000000, size: 2048 MB, Compressed Oops mode: 32-bit
Narrow klass base: 0x0000000000000000, Narrow klass shift: 3
Compressed class space size: 528482304 Address: 0x0000000100000000

Heap:
 garbage-first heap   total 385024K, used 181649K [0x0000000080000000, 0x0000000100000000)
  region size 1024K, 7 young (7168K), 7 survivors (7168K)
 Metaspace       used 119363K, capacity 123852K, committed 123984K, reserved 624640K
  class space    used 15405K, capacity 17090K, committed 17152K, reserved 516096K
Heap Regions: E=young(eden), S=young(survivor), O=old, HS=humongous(starts), HC=humongous(continues), CS=collection set, F=free, A=archive, TAMS=top-at-mark-start (previous, next)
|   0|0x0000000080000000, 0x0000000080100000, 0x0000000080100000|100%|HS|  |TAMS 0x0000000080100000, 0x0000000080000000| Complete 
|   1|0x0000000080100000, 0x0000000080200000, 0x0000000080200000|100%|HC|  |TAMS 0x0000000080200000, 0x0000000080100000| Complete 
|   2|0x0000000080200000, 0x0000000080300000, 0x0000000080300000|100%|HC|  |TAMS 0x0000000080300000, 0x0000000080200000| Complete 
|   3|0x0000000080300000, 0x0000000080400000, 0x0000000080400000|100%| O|  |TAMS 0x0000000080400000, 0x0000000080300000| Untracked 
|   4|0x0000000080400000, 0x0000000080500000, 0x0000000080500000|100%| O|  |TAMS 0x0000000080500000, 0x0000000080400000| Untracked 
|   5|0x0000000080500000, 0x0000000080600000, 0x0000000080600000|100%| O|  |TAMS 0x0000000080600000, 0x0000000080500000| Untracked 
|   6|0x0000000080600000, 0x0000000080700000, 0x0000000080700000|100%| O|  |TAMS 0x0000000080700000, 0x0000000080600000| Untracked 
|   7|0x0000000080700000, 0x0000000080800000, 0x0000000080800000|100%| O|  |TAMS 0x0000000080800000, 0x0000000080700000| Untracked 
|   8|0x0000000080800000, 0x0000000080900000, 0x0000000080900000|100%| O|  |TAMS 0x0000000080900000, 0x0000000080800000| Untracked 
|   9|0x0000000080900000, 0x0000000080a00000, 0x0000000080a00000|100%| O|  |TAMS 0x0000000080a00000, 0x0000000080900000| Untracked 
|  10|0x0000000080a00000, 0x0000000080b00000, 0x0000000080b00000|100%| O|  |TAMS 0x0000000080b00000, 0x0000000080a00000| Untracked 
|  11|0x0000000080b00000, 0x0000000080c00000, 0x0000000080c00000|100%| O|  |TAMS 0x0000000080c00000, 0x0000000080b00000| Untracked 
|  12|0x0000000080c00000, 0x0000000080d00000, 0x0000000080d00000|100%| O|  |TAMS 0x0000000080d00000, 0x0000000080c00000| Untracked 
|  13|0x0000000080d00000, 0x0000000080e00000, 0x0000000080e00000|100%| O|  |TAMS 0x0000000080e00000, 0x0000000080d00000| Untracked 
|  14|0x0000000080e00000, 0x0000000080f00000, 0x0000000080f00000|100%| O|  |TAMS 0x0000000080f00000, 0x0000000080e00000| Untracked 
|  15|0x0000000080f00000, 0x0000000081000000, 0x0000000081000000|100%| O|  |TAMS 0x0000000081000000, 0x0000000080f00000| Untracked 
|  16|0x0000000081000000, 0x0000000081100000, 0x0000000081100000|100%| O|  |TAMS 0x0000000081100000, 0x0000000081000000| Untracked 
|  17|0x0000000081100000, 0x0000000081200000, 0x0000000081200000|100%| O|  |TAMS 0x0000000081200000, 0x0000000081100000| Untracked 
|  18|0x0000000081200000, 0x0000000081300000, 0x0000000081300000|100%| O|  |TAMS 0x0000000081300000, 0x0000000081200000| Untracked 
|  19|0x0000000081300000, 0x0000000081400000, 0x0000000081400000|100%| O|  |TAMS 0x0000000081400000, 0x0000000081300000| Untracked 
|  20|0x0000000081400000, 0x0000000081500000, 0x0000000081500000|100%| O|  |TAMS 0x0000000081500000, 0x0000000081400000| Untracked 
|  21|0x0000000081500000, 0x0000000081600000, 0x0000000081600000|100%| O|  |TAMS 0x0000000081600000, 0x0000000081500000| Untracked 
|  22|0x0000000081600000, 0x0000000081700000, 0x0000000081700000|100%| O|  |TAMS 0x0000000081700000, 0x0000000081600000| Untracked 
|  23|0x0000000081700000, 0x0000000081800000, 0x0000000081800000|100%| O|  |TAMS 0x0000000081800000, 0x0000000081700000| Untracked 
|  24|0x0000000081800000, 0x0000000081900000, 0x0000000081900000|100%| O|  |TAMS 0x0000000081900000, 0x0000000081800000| Untracked 
|  25|0x0000000081900000, 0x0000000081a00000, 0x0000000081a00000|100%| O|  |TAMS 0x0000000081a00000, 0x0000000081900000| Untracked 
|  26|0x0000000081a00000, 0x0000000081b00000, 0x0000000081b00000|100%| O|  |TAMS 0x0000000081b00000, 0x0000000081a00000| Untracked 
|  27|0x0000000081b00000, 0x0000000081c00000, 0x0000000081c00000|100%| O|  |TAMS 0x0000000081c00000, 0x0000000081b00000| Untracked 
|  28|0x0000000081c00000, 0x0000000081d00000, 0x0000000081d00000|100%| O|  |TAMS 0x0000000081d00000, 0x0000000081c00000| Untracked 
|  29|0x0000000081d00000, 0x0000000081e00000, 0x0000000081e00000|100%| O|  |TAMS 0x0000000081e00000, 0x0000000081d00000| Untracked 
|  30|0x0000000081e00000, 0x0000000081f00000, 0x0000000081f00000|100%| O|  |TAMS 0x0000000081f00000, 0x0000000081e00000| Untracked 
|  31|0x0000000081f00000, 0x0000000082000000, 0x0000000082000000|100%| O|  |TAMS 0x0000000082000000, 0x0000000081f00000| Untracked 
|  32|0x0000000082000000, 0x0000000082100000, 0x0000000082100000|100%| O|  |TAMS 0x0000000082100000, 0x0000000082000000| Untracked 
|  33|0x0000000082100000, 0x0000000082200000, 0x0000000082200000|100%|HS|  |TAMS 0x0000000082200000, 0x0000000082100000| Complete 
|  34|0x0000000082200000, 0x0000000082300000, 0x0000000082300000|100%| O|  |TAMS 0x0000000082300000, 0x0000000082200000| Untracked 
|  35|0x0000000082300000, 0x0000000082400000, 0x0000000082400000|100%|HS|  |TAMS 0x0000000082400000, 0x0000000082300000| Complete 
|  36|0x0000000082400000, 0x0000000082500000, 0x0000000082500000|100%|HC|  |TAMS 0x0000000082500000, 0x0000000082400000| Complete 
|  37|0x0000000082500000, 0x0000000082600000, 0x0000000082600000|100%|HC|  |TAMS 0x0000000082600000, 0x0000000082500000| Complete 
|  38|0x0000000082600000, 0x0000000082700000, 0x0000000082700000|100%| O|  |TAMS 0x0000000082700000, 0x0000000082600000| Untracked 
|  39|0x0000000082700000, 0x0000000082800000, 0x0000000082800000|100%| O|  |TAMS 0x0000000082800000, 0x0000000082700000| Untracked 
|  40|0x0000000082800000, 0x0000000082900000, 0x0000000082900000|100%| O|  |TAMS 0x0000000082900000, 0x0000000082800000| Untracked 
|  41|0x0000000082900000, 0x0000000082a00000, 0x0000000082a00000|100%| O|  |TAMS 0x0000000082a00000, 0x0000000082900000| Untracked 
|  42|0x0000000082a00000, 0x0000000082b00000, 0x0000000082b00000|100%| O|  |TAMS 0x0000000082b00000, 0x0000000082a00000| Untracked 
|  43|0x0000000082b00000, 0x0000000082c00000, 0x0000000082c00000|100%| O|  |TAMS 0x0000000082c00000, 0x0000000082b00000| Untracked 
|  44|0x0000000082c00000, 0x0000000082d00000, 0x0000000082d00000|100%| O|  |TAMS 0x0000000082d00000, 0x0000000082c00000| Untracked 
|  45|0x0000000082d00000, 0x0000000082e00000, 0x0000000082e00000|100%| O|  |TAMS 0x0000000082d00000, 0x0000000082d00000| Untracked 
|  46|0x0000000082e00000, 0x0000000082f00000, 0x0000000082f00000|100%| O|  |TAMS 0x0000000082f00000, 0x0000000082e00000| Untracked 
|  47|0x0000000082f00000, 0x0000000083000000, 0x0000000083000000|100%| O|  |TAMS 0x0000000083000000, 0x0000000082f00000| Untracked 
|  48|0x0000000083000000, 0x0000000083100000, 0x0000000083100000|100%| O|  |TAMS 0x0000000083100000, 0x0000000083000000| Untracked 
|  49|0x0000000083100000, 0x0000000083200000, 0x0000000083200000|100%| O|  |TAMS 0x0000000083200000, 0x0000000083100000| Untracked 
|  50|0x0000000083200000, 0x0000000083300000, 0x0000000083300000|100%| O|  |TAMS 0x0000000083300000, 0x0000000083200000| Untracked 
|  51|0x0000000083300000, 0x0000000083400000, 0x0000000083400000|100%| O|  |TAMS 0x0000000083400000, 0x0000000083300000| Untracked 
|  52|0x0000000083400000, 0x0000000083500000, 0x0000000083500000|100%| O|  |TAMS 0x0000000083500000, 0x0000000083400000| Untracked 
|  53|0x0000000083500000, 0x0000000083600000, 0x0000000083600000|100%| O|  |TAMS 0x0000000083600000, 0x0000000083500000| Untracked 
|  54|0x0000000083600000, 0x0000000083700000, 0x0000000083700000|100%| O|  |TAMS 0x0000000083700000, 0x0000000083600000| Untracked 
|  55|0x0000000083700000, 0x0000000083800000, 0x0000000083800000|100%|HS|  |TAMS 0x0000000083800000, 0x0000000083700000| Complete 
|  56|0x0000000083800000, 0x0000000083900000, 0x0000000083900000|100%|HS|  |TAMS 0x0000000083900000, 0x0000000083800000| Complete 
|  57|0x0000000083900000, 0x0000000083a00000, 0x0000000083a00000|100%|HS|  |TAMS 0x0000000083a00000, 0x0000000083900000| Complete 
|  58|0x0000000083a00000, 0x0000000083b00000, 0x0000000083b00000|100%| O|  |TAMS 0x0000000083a00000, 0x0000000083a00000| Untracked 
|  59|0x0000000083b00000, 0x0000000083c00000, 0x0000000083c00000|100%| O|  |TAMS 0x0000000083c00000, 0x0000000083b00000| Untracked 
|  60|0x0000000083c00000, 0x0000000083d00000, 0x0000000083d00000|100%|HS|  |TAMS 0x0000000083d00000, 0x0000000083c00000| Complete 
|  61|0x0000000083d00000, 0x0000000083e00000, 0x0000000083e00000|100%|HC|  |TAMS 0x0000000083e00000, 0x0000000083d00000| Complete 
|  62|0x0000000083e00000, 0x0000000083f00000, 0x0000000083f00000|100%|HC|  |TAMS 0x0000000083f00000, 0x0000000083e00000| Complete 
|  63|0x0000000083f00000, 0x0000000084000000, 0x0000000084000000|100%| O|  |TAMS 0x0000000084000000, 0x0000000083f00000| Untracked 
|  64|0x0000000084000000, 0x0000000084100000, 0x0000000084100000|100%|HS|  |TAMS 0x0000000084100000, 0x0000000084000000| Complete 
|  65|0x0000000084100000, 0x0000000084200000, 0x0000000084200000|100%|HC|  |TAMS 0x0000000084200000, 0x0000000084100000| Complete 
|  66|0x0000000084200000, 0x0000000084300000, 0x0000000084300000|100%| O|  |TAMS 0x0000000084300000, 0x0000000084200000| Untracked 
|  67|0x0000000084300000, 0x0000000084400000, 0x0000000084400000|100%| O|  |TAMS 0x0000000084400000, 0x0000000084300000| Untracked 
|  68|0x0000000084400000, 0x0000000084500000, 0x0000000084500000|100%| O|  |TAMS 0x0000000084500000, 0x0000000084400000| Untracked 
|  69|0x0000000084500000, 0x0000000084600000, 0x0000000084600000|100%| O|  |TAMS 0x0000000084600000, 0x0000000084500000| Untracked 
|  70|0x0000000084600000, 0x0000000084700000, 0x0000000084700000|100%| O|  |TAMS 0x0000000084700000, 0x0000000084600000| Untracked 
|  71|0x0000000084700000, 0x0000000084800000, 0x0000000084800000|100%| O|  |TAMS 0x0000000084800000, 0x0000000084700000| Untracked 
|  72|0x0000000084800000, 0x0000000084900000, 0x0000000084900000|100%| O|  |TAMS 0x0000000084900000, 0x0000000084800000| Untracked 
|  73|0x0000000084900000, 0x0000000084a00000, 0x0000000084a00000|100%| O|  |TAMS 0x0000000084a00000, 0x0000000084900000| Untracked 
|  74|0x0000000084a00000, 0x0000000084b00000, 0x0000000084b00000|100%| O|  |TAMS 0x0000000084b00000, 0x0000000084a00000| Untracked 
|  75|0x0000000084b00000, 0x0000000084c00000, 0x0000000084c00000|100%| O|  |TAMS 0x0000000084c00000, 0x0000000084b00000| Untracked 
|  76|0x0000000084c00000, 0x0000000084d00000, 0x0000000084d00000|100%| O|  |TAMS 0x0000000084d00000, 0x0000000084c00000| Untracked 
|  77|0x0000000084d00000, 0x0000000084e00000, 0x0000000084e00000|100%| O|  |TAMS 0x0000000084e00000, 0x0000000084d00000| Untracked 
|  78|0x0000000084e00000, 0x0000000084f00000, 0x0000000084f00000|100%| O|  |TAMS 0x0000000084f00000, 0x0000000084e00000| Untracked 
|  79|0x0000000084f00000, 0x0000000085000000, 0x0000000085000000|100%| O|  |TAMS 0x0000000085000000, 0x0000000084f00000| Untracked 
|  80|0x0000000085000000, 0x0000000085100000, 0x0000000085100000|100%| O|  |TAMS 0x0000000085100000, 0x0000000085000000| Untracked 
|  81|0x0000000085100000, 0x0000000085200000, 0x0000000085200000|100%| O|  |TAMS 0x0000000085200000, 0x0000000085100000| Untracked 
|  82|0x0000000085200000, 0x0000000085300000, 0x0000000085300000|100%| O|  |TAMS 0x0000000085300000, 0x0000000085200000| Untracked 
|  83|0x0000000085300000, 0x0000000085400000, 0x0000000085400000|100%| O|  |TAMS 0x0000000085400000, 0x0000000085300000| Untracked 
|  84|0x0000000085400000, 0x0000000085500000, 0x0000000085500000|100%| O|  |TAMS 0x0000000085500000, 0x0000000085400000| Untracked 
|  85|0x0000000085500000, 0x0000000085600000, 0x0000000085600000|100%| O|  |TAMS 0x0000000085600000, 0x0000000085500000| Untracked 
|  86|0x0000000085600000, 0x0000000085700000, 0x0000000085700000|100%| O|  |TAMS 0x0000000085700000, 0x0000000085600000| Untracked 
|  87|0x0000000085700000, 0x0000000085800000, 0x0000000085800000|100%| O|  |TAMS 0x0000000085800000, 0x0000000085700000| Untracked 
|  88|0x0000000085800000, 0x0000000085900000, 0x0000000085900000|100%| O|  |TAMS 0x0000000085900000, 0x0000000085800000| Untracked 
|  89|0x0000000085900000, 0x0000000085a00000, 0x0000000085a00000|100%| O|  |TAMS 0x0000000085a00000, 0x0000000085900000| Untracked 
|  90|0x0000000085a00000, 0x0000000085b00000, 0x0000000085b00000|100%| O|  |TAMS 0x0000000085b00000, 0x0000000085a00000| Untracked 
|  91|0x0000000085b00000, 0x0000000085c00000, 0x0000000085c00000|100%| O|  |TAMS 0x0000000085c00000, 0x0000000085b00000| Untracked 
|  92|0x0000000085c00000, 0x0000000085d00000, 0x0000000085d00000|100%| O|  |TAMS 0x0000000085d00000, 0x0000000085c00000| Untracked 
|  93|0x0000000085d00000, 0x0000000085e00000, 0x0000000085e00000|100%| O|  |TAMS 0x0000000085e00000, 0x0000000085d00000| Untracked 
|  94|0x0000000085e00000, 0x0000000085f00000, 0x0000000085f00000|100%| O|  |TAMS 0x0000000085f00000, 0x0000000085e00000| Untracked 
|  95|0x0000000085f00000, 0x0000000086000000, 0x0000000086000000|100%| O|  |TAMS 0x0000000086000000, 0x0000000085f00000| Untracked 
|  96|0x0000000086000000, 0x0000000086100000, 0x0000000086100000|100%| O|  |TAMS 0x0000000086100000, 0x0000000086000000| Untracked 
|  97|0x0000000086100000, 0x0000000086200000, 0x0000000086200000|100%| O|  |TAMS 0x0000000086200000, 0x0000000086100000| Untracked 
|  98|0x0000000086200000, 0x0000000086300000, 0x0000000086300000|100%| O|  |TAMS 0x0000000086300000, 0x0000000086200000| Untracked 
|  99|0x0000000086300000, 0x0000000086400000, 0x0000000086400000|100%| O|  |TAMS 0x0000000086400000, 0x0000000086300000| Untracked 
| 100|0x0000000086400000, 0x0000000086500000, 0x0000000086500000|100%| O|  |TAMS 0x0000000086500000, 0x0000000086400000| Untracked 
| 101|0x0000000086500000, 0x0000000086600000, 0x0000000086600000|100%| O|  |TAMS 0x0000000086600000, 0x0000000086500000| Untracked 
| 102|0x0000000086600000, 0x0000000086700000, 0x0000000086700000|100%|HS|  |TAMS 0x0000000086700000, 0x0000000086600000| Complete 
| 103|0x0000000086700000, 0x0000000086800000, 0x0000000086800000|100%|HC|  |TAMS 0x0000000086800000, 0x0000000086700000| Complete 
| 104|0x0000000086800000, 0x0000000086900000, 0x0000000086900000|100%| O|  |TAMS 0x0000000086900000, 0x0000000086800000| Untracked 
| 105|0x0000000086900000, 0x0000000086a00000, 0x0000000086a00000|100%| O|  |TAMS 0x0000000086900000, 0x0000000086900000| Untracked 
| 106|0x0000000086a00000, 0x0000000086b00000, 0x0000000086b00000|100%|HS|  |TAMS 0x0000000086b00000, 0x0000000086a00000| Complete 
| 107|0x0000000086b00000, 0x0000000086c00000, 0x0000000086c00000|100%|HC|  |TAMS 0x0000000086c00000, 0x0000000086b00000| Complete 
| 108|0x0000000086c00000, 0x0000000086d00000, 0x0000000086d00000|100%|HC|  |TAMS 0x0000000086d00000, 0x0000000086c00000| Complete 
| 109|0x0000000086d00000, 0x0000000086e00000, 0x0000000086e00000|100%| O|  |TAMS 0x0000000086e00000, 0x0000000086d00000| Untracked 
| 110|0x0000000086e00000, 0x0000000086f00000, 0x0000000086f00000|100%| O|  |TAMS 0x0000000086f00000, 0x0000000086e00000| Untracked 
| 111|0x0000000086f00000, 0x0000000087000000, 0x0000000087000000|100%| O|  |TAMS 0x0000000087000000, 0x0000000086f00000| Untracked 
| 112|0x0000000087000000, 0x0000000087100000, 0x0000000087100000|100%| O|  |TAMS 0x0000000087100000, 0x0000000087000000| Untracked 
| 113|0x0000000087100000, 0x0000000087200000, 0x0000000087200000|100%| O|  |TAMS 0x0000000087200000, 0x0000000087100000| Untracked 
| 114|0x0000000087200000, 0x0000000087300000, 0x0000000087300000|100%| O|  |TAMS 0x0000000087300000, 0x0000000087200000| Untracked 
| 115|0x0000000087300000, 0x0000000087400000, 0x0000000087400000|100%| O|  |TAMS 0x0000000087400000, 0x0000000087300000| Untracked 
| 116|0x0000000087400000, 0x0000000087500000, 0x0000000087500000|100%| O|  |TAMS 0x0000000087500000, 0x0000000087400000| Untracked 
| 117|0x0000000087500000, 0x0000000087600000, 0x0000000087600000|100%| O|  |TAMS 0x0000000087600000, 0x0000000087500000| Untracked 
| 118|0x0000000087600000, 0x0000000087700000, 0x0000000087700000|100%| O|  |TAMS 0x0000000087700000, 0x0000000087600000| Untracked 
| 119|0x0000000087700000, 0x0000000087800000, 0x0000000087800000|100%| O|  |TAMS 0x0000000087800000, 0x0000000087700000| Untracked 
| 120|0x0000000087800000, 0x0000000087900000, 0x0000000087900000|100%| O|  |TAMS 0x0000000087900000, 0x0000000087800000| Untracked 
| 121|0x0000000087900000, 0x0000000087a00000, 0x0000000087a00000|100%| O|  |TAMS 0x0000000087a00000, 0x0000000087900000| Untracked 
| 122|0x0000000087a00000, 0x0000000087b00000, 0x0000000087b00000|100%| O|  |TAMS 0x0000000087b00000, 0x0000000087a00000| Untracked 
| 123|0x0000000087b00000, 0x0000000087c00000, 0x0000000087c00000|100%| O|  |TAMS 0x0000000087c00000, 0x0000000087b00000| Untracked 
| 124|0x0000000087c00000, 0x0000000087d00000, 0x0000000087d00000|100%| O|  |TAMS 0x0000000087d00000, 0x0000000087c00000| Untracked 
| 125|0x0000000087d00000, 0x0000000087e00000, 0x0000000087e00000|100%| O|  |TAMS 0x0000000087e00000, 0x0000000087d00000| Untracked 
| 126|0x0000000087e00000, 0x0000000087f00000, 0x0000000087f00000|100%| O|  |TAMS 0x0000000087e00000, 0x0000000087e00000| Untracked 
| 127|0x0000000087f00000, 0x0000000088000000, 0x0000000088000000|100%| O|  |TAMS 0x0000000087f00000, 0x0000000087f00000| Untracked 
| 128|0x0000000088000000, 0x0000000088100000, 0x0000000088100000|100%|HS|  |TAMS 0x0000000088100000, 0x0000000088000000| Complete 
| 129|0x0000000088100000, 0x0000000088200000, 0x0000000088200000|100%|HS|  |TAMS 0x0000000088200000, 0x0000000088100000| Complete 
| 130|0x0000000088200000, 0x0000000088300000, 0x0000000088300000|100%|HS|  |TAMS 0x0000000088300000, 0x0000000088200000| Complete 
| 131|0x0000000088300000, 0x0000000088400000, 0x0000000088400000|100%| O|  |TAMS 0x0000000088400000, 0x0000000088300000| Untracked 
| 132|0x0000000088400000, 0x0000000088500000, 0x0000000088500000|100%| O|  |TAMS 0x0000000088500000, 0x0000000088400000| Untracked 
| 133|0x0000000088500000, 0x0000000088600000, 0x0000000088600000|100%|HS|  |TAMS 0x0000000088500000, 0x0000000088500000| Complete 
| 134|0x0000000088600000, 0x0000000088700000, 0x0000000088700000|100%|HS|  |TAMS 0x0000000088700000, 0x0000000088600000| Complete 
| 135|0x0000000088700000, 0x0000000088800000, 0x0000000088800000|100%|HC|  |TAMS 0x0000000088800000, 0x0000000088700000| Complete 
| 136|0x0000000088800000, 0x0000000088900000, 0x0000000088900000|100%|HC|  |TAMS 0x0000000088900000, 0x0000000088800000| Complete 
| 137|0x0000000088900000, 0x0000000088a00000, 0x0000000088a00000|100%| O|  |TAMS 0x0000000088a00000, 0x0000000088900000| Untracked 
| 138|0x0000000088a00000, 0x0000000088b00000, 0x0000000088b00000|100%| O|  |TAMS 0x0000000088a1fc00, 0x0000000088a00000| Untracked 
| 139|0x0000000088b00000, 0x0000000088c00000, 0x0000000088c00000|100%| O|  |TAMS 0x0000000088b00000, 0x0000000088b00000| Untracked 
| 140|0x0000000088c00000, 0x0000000088d00000, 0x0000000088d00000|100%| O|  |TAMS 0x0000000088c00000, 0x0000000088c00000| Untracked 
| 141|0x0000000088d00000, 0x0000000088e00000, 0x0000000088e00000|100%| O|  |TAMS 0x0000000088d00000, 0x0000000088d00000| Untracked 
| 142|0x0000000088e00000, 0x0000000088f00000, 0x0000000088f00000|100%| O|  |TAMS 0x0000000088e00000, 0x0000000088e00000| Untracked 
| 143|0x0000000088f00000, 0x0000000089000000, 0x0000000089000000|100%| O|  |TAMS 0x0000000088f00000, 0x0000000088f00000| Untracked 
| 144|0x0000000089000000, 0x0000000089100000, 0x0000000089100000|100%| O|  |TAMS 0x0000000089000000, 0x0000000089000000| Untracked 
| 145|0x0000000089100000, 0x0000000089200000, 0x0000000089200000|100%|HS|  |TAMS 0x0000000089100000, 0x0000000089100000| Complete 
| 146|0x0000000089200000, 0x0000000089300000, 0x0000000089300000|100%|HC|  |TAMS 0x0000000089200000, 0x0000000089200000| Complete 
| 147|0x0000000089300000, 0x0000000089400000, 0x0000000089400000|100%|HC|  |TAMS 0x0000000089300000, 0x0000000089300000| Complete 
| 148|0x0000000089400000, 0x0000000089500000, 0x0000000089500000|100%| O|  |TAMS 0x0000000089400000, 0x0000000089400000| Untracked 
| 149|0x0000000089500000, 0x0000000089600000, 0x0000000089600000|100%| O|  |TAMS 0x0000000089500000, 0x0000000089500000| Untracked 
| 150|0x0000000089600000, 0x0000000089700000, 0x0000000089700000|100%| O|  |TAMS 0x0000000089600000, 0x0000000089600000| Untracked 
| 151|0x0000000089700000, 0x0000000089800000, 0x0000000089800000|100%| O|  |TAMS 0x0000000089700000, 0x0000000089700000| Untracked 
| 152|0x0000000089800000, 0x0000000089900000, 0x0000000089900000|100%| O|  |TAMS 0x0000000089800000, 0x0000000089800000| Untracked 
| 153|0x0000000089900000, 0x0000000089a00000, 0x0000000089a00000|100%| O|  |TAMS 0x0000000089900000, 0x0000000089900000| Untracked 
| 154|0x0000000089a00000, 0x0000000089b00000, 0x0000000089b00000|100%| O|  |TAMS 0x0000000089a00000, 0x0000000089a00000| Untracked 
| 155|0x0000000089b00000, 0x0000000089c00000, 0x0000000089c00000|100%| O|  |TAMS 0x0000000089b00000, 0x0000000089b00000| Untracked 
| 156|0x0000000089c00000, 0x0000000089d00000, 0x0000000089d00000|100%| O|  |TAMS 0x0000000089c00000, 0x0000000089c00000| Untracked 
| 157|0x0000000089d00000, 0x0000000089e00000, 0x0000000089e00000|100%| O|  |TAMS 0x0000000089d00000, 0x0000000089d00000| Untracked 
| 158|0x0000000089e00000, 0x0000000089f00000, 0x0000000089f00000|100%|HS|  |TAMS 0x0000000089e00000, 0x0000000089e00000| Complete 
| 159|0x0000000089f00000, 0x000000008a000000, 0x000000008a000000|100%| O|  |TAMS 0x0000000089f00000, 0x0000000089f00000| Untracked 
| 160|0x000000008a000000, 0x000000008a100000, 0x000000008a100000|100%| O|  |TAMS 0x000000008a000000, 0x000000008a000000| Untracked 
| 161|0x000000008a100000, 0x000000008a200000, 0x000000008a200000|100%| O|  |TAMS 0x000000008a100000, 0x000000008a100000| Untracked 
| 162|0x000000008a200000, 0x000000008a300000, 0x000000008a300000|100%| O|  |TAMS 0x000000008a200000, 0x000000008a200000| Untracked 
| 163|0x000000008a300000, 0x000000008a400000, 0x000000008a400000|100%| O|  |TAMS 0x000000008a300000, 0x000000008a300000| Untracked 
| 164|0x000000008a400000, 0x000000008a500000, 0x000000008a500000|100%| O|  |TAMS 0x000000008a400000, 0x000000008a400000| Untracked 
| 165|0x000000008a500000, 0x000000008a600000, 0x000000008a600000|100%| O|  |TAMS 0x000000008a500000, 0x000000008a500000| Untracked 
| 166|0x000000008a600000, 0x000000008a700000, 0x000000008a700000|100%| O|  |TAMS 0x000000008a600000, 0x000000008a600000| Untracked 
| 167|0x000000008a700000, 0x000000008a800000, 0x000000008a800000|100%| O|  |TAMS 0x000000008a700000, 0x000000008a700000| Untracked 
| 168|0x000000008a800000, 0x000000008a900000, 0x000000008a900000|100%| O|  |TAMS 0x000000008a800000, 0x000000008a800000| Untracked 
| 169|0x000000008a900000, 0x000000008aa00000, 0x000000008aa00000|100%| O|  |TAMS 0x000000008a900000, 0x000000008a900000| Untracked 
| 170|0x000000008aa00000, 0x000000008aa64400, 0x000000008ab00000| 39%| O|  |TAMS 0x000000008aa00000, 0x000000008aa00000| Untracked 
| 171|0x000000008ab00000, 0x000000008ab00000, 0x000000008ac00000|  0%| F|  |TAMS 0x000000008ab00000, 0x000000008ab00000| Untracked 
| 172|0x000000008ac00000, 0x000000008ac00000, 0x000000008ad00000|  0%| F|  |TAMS 0x000000008ac00000, 0x000000008ac00000| Untracked 
| 173|0x000000008ad00000, 0x000000008ad00000, 0x000000008ae00000|  0%| F|  |TAMS 0x000000008ad00000, 0x000000008ad00000| Untracked 
| 174|0x000000008ae00000, 0x000000008ae00000, 0x000000008af00000|  0%| F|  |TAMS 0x000000008ae00000, 0x000000008ae00000| Untracked 
| 175|0x000000008af00000, 0x000000008af00000, 0x000000008b000000|  0%| F|  |TAMS 0x000000008af00000, 0x000000008af00000| Untracked 
| 176|0x000000008b000000, 0x000000008b000000, 0x000000008b100000|  0%| F|  |TAMS 0x000000008b000000, 0x000000008b000000| Untracked 
| 177|0x000000008b100000, 0x000000008b100000, 0x000000008b200000|  0%| F|  |TAMS 0x000000008b100000, 0x000000008b100000| Untracked 
| 178|0x000000008b200000, 0x000000008b200000, 0x000000008b300000|  0%| F|  |TAMS 0x000000008b200000, 0x000000008b200000| Untracked 
| 179|0x000000008b300000, 0x000000008b300000, 0x000000008b400000|  0%| F|  |TAMS 0x000000008b300000, 0x000000008b300000| Untracked 
| 180|0x000000008b400000, 0x000000008b400000, 0x000000008b500000|  0%| F|  |TAMS 0x000000008b400000, 0x000000008b400000| Untracked 
| 181|0x000000008b500000, 0x000000008b500000, 0x000000008b600000|  0%| F|  |TAMS 0x000000008b500000, 0x000000008b500000| Untracked 
| 182|0x000000008b600000, 0x000000008b600000, 0x000000008b700000|  0%| F|  |TAMS 0x000000008b600000, 0x000000008b600000| Untracked 
| 183|0x000000008b700000, 0x000000008b700000, 0x000000008b800000|  0%| F|  |TAMS 0x000000008b700000, 0x000000008b700000| Untracked 
| 184|0x000000008b800000, 0x000000008b800000, 0x000000008b900000|  0%| F|  |TAMS 0x000000008b800000, 0x000000008b800000| Untracked 
| 185|0x000000008b900000, 0x000000008b900000, 0x000000008ba00000|  0%| F|  |TAMS 0x000000008b900000, 0x000000008b900000| Untracked 
| 186|0x000000008ba00000, 0x000000008ba00000, 0x000000008bb00000|  0%| F|  |TAMS 0x000000008ba00000, 0x000000008ba00000| Untracked 
| 187|0x000000008bb00000, 0x000000008bb00000, 0x000000008bc00000|  0%| F|  |TAMS 0x000000008bb00000, 0x000000008bb00000| Untracked 
| 188|0x000000008bc00000, 0x000000008bc00000, 0x000000008bd00000|  0%| F|  |TAMS 0x000000008bc00000, 0x000000008bc00000| Untracked 
| 189|0x000000008bd00000, 0x000000008bd00000, 0x000000008be00000|  0%| F|  |TAMS 0x000000008bd00000, 0x000000008bd00000| Untracked 
| 190|0x000000008be00000, 0x000000008be00000, 0x000000008bf00000|  0%| F|  |TAMS 0x000000008be00000, 0x000000008be00000| Untracked 
| 191|0x000000008bf00000, 0x000000008bf00000, 0x000000008c000000|  0%| F|  |TAMS 0x000000008bf00000, 0x000000008bf00000| Untracked 
| 192|0x000000008c000000, 0x000000008c000000, 0x000000008c100000|  0%| F|  |TAMS 0x000000008c000000, 0x000000008c000000| Untracked 
| 193|0x000000008c100000, 0x000000008c100000, 0x000000008c200000|  0%| F|  |TAMS 0x000000008c100000, 0x000000008c100000| Untracked 
| 194|0x000000008c200000, 0x000000008c200000, 0x000000008c300000|  0%| F|  |TAMS 0x000000008c200000, 0x000000008c200000| Untracked 
| 195|0x000000008c300000, 0x000000008c300000, 0x000000008c400000|  0%| F|  |TAMS 0x000000008c300000, 0x000000008c300000| Untracked 
| 196|0x000000008c400000, 0x000000008c400000, 0x000000008c500000|  0%| F|  |TAMS 0x000000008c400000, 0x000000008c400000| Untracked 
| 197|0x000000008c500000, 0x000000008c500000, 0x000000008c600000|  0%| F|  |TAMS 0x000000008c500000, 0x000000008c500000| Untracked 
| 198|0x000000008c600000, 0x000000008c600000, 0x000000008c700000|  0%| F|  |TAMS 0x000000008c600000, 0x000000008c600000| Untracked 
| 199|0x000000008c700000, 0x000000008c700000, 0x000000008c800000|  0%| F|  |TAMS 0x000000008c700000, 0x000000008c700000| Untracked 
| 200|0x000000008c800000, 0x000000008c800000, 0x000000008c900000|  0%| F|  |TAMS 0x000000008c800000, 0x000000008c800000| Untracked 
| 201|0x000000008c900000, 0x000000008c900000, 0x000000008ca00000|  0%| F|  |TAMS 0x000000008c900000, 0x000000008c900000| Untracked 
| 202|0x000000008ca00000, 0x000000008cb00000, 0x000000008cb00000|100%| S|CS|TAMS 0x000000008ca00000, 0x000000008ca00000| Complete 
| 203|0x000000008cb00000, 0x000000008cc00000, 0x000000008cc00000|100%| S|CS|TAMS 0x000000008cb00000, 0x000000008cb00000| Complete 
| 204|0x000000008cc00000, 0x000000008cd00000, 0x000000008cd00000|100%| S|CS|TAMS 0x000000008cc00000, 0x000000008cc00000| Complete 
| 205|0x000000008cd00000, 0x000000008ce00000, 0x000000008ce00000|100%| S|CS|TAMS 0x000000008cd00000, 0x000000008cd00000| Complete 
| 206|0x000000008ce00000, 0x000000008cf00000, 0x000000008cf00000|100%| S|CS|TAMS 0x000000008ce00000, 0x000000008ce00000| Complete 
| 207|0x000000008cf00000, 0x000000008d000000, 0x000000008d000000|100%| S|CS|TAMS 0x000000008cf00000, 0x000000008cf00000| Complete 
| 208|0x000000008d000000, 0x000000008d100000, 0x000000008d100000|100%| S|CS|TAMS 0x000000008d000000, 0x000000008d000000| Complete 
| 209|0x000000008d100000, 0x000000008d100000, 0x000000008d200000|  0%| F|  |TAMS 0x000000008d100000, 0x000000008d100000| Untracked 
| 210|0x000000008d200000, 0x000000008d200000, 0x000000008d300000|  0%| F|  |TAMS 0x000000008d200000, 0x000000008d200000| Untracked 
| 211|0x000000008d300000, 0x000000008d300000, 0x000000008d400000|  0%| F|  |TAMS 0x000000008d300000, 0x000000008d300000| Untracked 
| 212|0x000000008d400000, 0x000000008d400000, 0x000000008d500000|  0%| F|  |TAMS 0x000000008d400000, 0x000000008d400000| Untracked 
| 213|0x000000008d500000, 0x000000008d500000, 0x000000008d600000|  0%| F|  |TAMS 0x000000008d500000, 0x000000008d500000| Untracked 
| 214|0x000000008d600000, 0x000000008d600000, 0x000000008d700000|  0%| F|  |TAMS 0x000000008d600000, 0x000000008d600000| Untracked 
| 215|0x000000008d700000, 0x000000008d700000, 0x000000008d800000|  0%| F|  |TAMS 0x000000008d700000, 0x000000008d700000| Untracked 
| 216|0x000000008d800000, 0x000000008d800000, 0x000000008d900000|  0%| F|  |TAMS 0x000000008d800000, 0x000000008d800000| Untracked 
| 217|0x000000008d900000, 0x000000008d900000, 0x000000008da00000|  0%| F|  |TAMS 0x000000008d900000, 0x000000008d900000| Untracked 
| 218|0x000000008da00000, 0x000000008da00000, 0x000000008db00000|  0%| F|  |TAMS 0x000000008da00000, 0x000000008da00000| Untracked 
| 219|0x000000008db00000, 0x000000008db00000, 0x000000008dc00000|  0%| F|  |TAMS 0x000000008db00000, 0x000000008db00000| Untracked 
| 220|0x000000008dc00000, 0x000000008dc00000, 0x000000008dd00000|  0%| F|  |TAMS 0x000000008dc00000, 0x000000008dc00000| Untracked 
| 221|0x000000008dd00000, 0x000000008dd00000, 0x000000008de00000|  0%| F|  |TAMS 0x000000008dd00000, 0x000000008dd00000| Untracked 
| 222|0x000000008de00000, 0x000000008de00000, 0x000000008df00000|  0%| F|  |TAMS 0x000000008de00000, 0x000000008de00000| Untracked 
| 223|0x000000008df00000, 0x000000008df00000, 0x000000008e000000|  0%| F|  |TAMS 0x000000008df00000, 0x000000008df00000| Untracked 
| 224|0x000000008e000000, 0x000000008e000000, 0x000000008e100000|  0%| F|  |TAMS 0x000000008e000000, 0x000000008e000000| Untracked 
| 225|0x000000008e100000, 0x000000008e100000, 0x000000008e200000|  0%| F|  |TAMS 0x000000008e100000, 0x000000008e100000| Untracked 
| 226|0x000000008e200000, 0x000000008e200000, 0x000000008e300000|  0%| F|  |TAMS 0x000000008e200000, 0x000000008e200000| Untracked 
| 227|0x000000008e300000, 0x000000008e300000, 0x000000008e400000|  0%| F|  |TAMS 0x000000008e300000, 0x000000008e300000| Untracked 
| 228|0x000000008e400000, 0x000000008e400000, 0x000000008e500000|  0%| F|  |TAMS 0x000000008e400000, 0x000000008e400000| Untracked 
| 229|0x000000008e500000, 0x000000008e500000, 0x000000008e600000|  0%| F|  |TAMS 0x000000008e500000, 0x000000008e500000| Untracked 
| 230|0x000000008e600000, 0x000000008e600000, 0x000000008e700000|  0%| F|  |TAMS 0x000000008e600000, 0x000000008e600000| Untracked 
| 231|0x000000008e700000, 0x000000008e700000, 0x000000008e800000|  0%| F|  |TAMS 0x000000008e700000, 0x000000008e700000| Untracked 
| 232|0x000000008e800000, 0x000000008e800000, 0x000000008e900000|  0%| F|  |TAMS 0x000000008e800000, 0x000000008e800000| Untracked 
| 233|0x000000008e900000, 0x000000008e900000, 0x000000008ea00000|  0%| F|  |TAMS 0x000000008e900000, 0x000000008e900000| Untracked 
| 234|0x000000008ea00000, 0x000000008ea00000, 0x000000008eb00000|  0%| F|  |TAMS 0x000000008ea00000, 0x000000008ea00000| Untracked 
| 235|0x000000008eb00000, 0x000000008eb00000, 0x000000008ec00000|  0%| F|  |TAMS 0x000000008eb00000, 0x000000008eb00000| Untracked 
| 236|0x000000008ec00000, 0x000000008ec00000, 0x000000008ed00000|  0%| F|  |TAMS 0x000000008ec00000, 0x000000008ec00000| Untracked 
| 237|0x000000008ed00000, 0x000000008ed00000, 0x000000008ee00000|  0%| F|  |TAMS 0x000000008ed00000, 0x000000008ed00000| Untracked 
| 238|0x000000008ee00000, 0x000000008ee00000, 0x000000008ef00000|  0%| F|  |TAMS 0x000000008ee00000, 0x000000008ee00000| Untracked 
| 239|0x000000008ef00000, 0x000000008ef00000, 0x000000008f000000|  0%| F|  |TAMS 0x000000008ef00000, 0x000000008ef00000| Untracked 
| 240|0x000000008f000000, 0x000000008f000000, 0x000000008f100000|  0%| F|  |TAMS 0x000000008f000000, 0x000000008f000000| Untracked 
| 241|0x000000008f100000, 0x000000008f100000, 0x000000008f200000|  0%| F|  |TAMS 0x000000008f100000, 0x000000008f100000| Untracked 
| 242|0x000000008f200000, 0x000000008f200000, 0x000000008f300000|  0%| F|  |TAMS 0x000000008f200000, 0x000000008f200000| Untracked 
| 243|0x000000008f300000, 0x000000008f300000, 0x000000008f400000|  0%| F|  |TAMS 0x000000008f300000, 0x000000008f300000| Untracked 
| 244|0x000000008f400000, 0x000000008f400000, 0x000000008f500000|  0%| F|  |TAMS 0x000000008f400000, 0x000000008f400000| Untracked 
| 245|0x000000008f500000, 0x000000008f500000, 0x000000008f600000|  0%| F|  |TAMS 0x000000008f500000, 0x000000008f500000| Untracked 
| 246|0x000000008f600000, 0x000000008f600000, 0x000000008f700000|  0%| F|  |TAMS 0x000000008f600000, 0x000000008f600000| Untracked 
| 247|0x000000008f700000, 0x000000008f700000, 0x000000008f800000|  0%| F|  |TAMS 0x000000008f700000, 0x000000008f700000| Untracked 
| 248|0x000000008f800000, 0x000000008f800000, 0x000000008f900000|  0%| F|  |TAMS 0x000000008f800000, 0x000000008f800000| Untracked 
| 249|0x000000008f900000, 0x000000008f900000, 0x000000008fa00000|  0%| F|  |TAMS 0x000000008f900000, 0x000000008f900000| Untracked 
| 250|0x000000008fa00000, 0x000000008fa00000, 0x000000008fb00000|  0%| F|  |TAMS 0x000000008fa00000, 0x000000008fa00000| Untracked 
| 251|0x000000008fb00000, 0x000000008fb00000, 0x000000008fc00000|  0%| F|  |TAMS 0x000000008fb00000, 0x000000008fb00000| Untracked 

Card table byte_map: [0x0000025c20ed0000,0x0000025c212d0000] _byte_map_base: 0x0000025c20ad0000

Marking Bits (Prev, Next): (CMBitMap*) 0x0000025c093934b0, (CMBitMap*) 0x0000025c09393478
 Prev Bits: [0x0000025c236d0000, 0x0000025c256d0000)
 Next Bits: [0x0000025c216d0000, 0x0000025c236d0000)

Polling page: 0x0000025c08b30000

Metaspace:

Usage:
  Non-class:    104.26 MB capacity,   101.52 MB ( 97%) used,     2.38 MB (  2%) free+waste,   368.50 KB ( <1%) overhead. 
      Class:     16.69 MB capacity,    15.04 MB ( 90%) used,     1.48 MB (  9%) free+waste,   171.44 KB (  1%) overhead. 
       Both:    120.95 MB capacity,   116.57 MB ( 96%) used,     3.86 MB (  3%) free+waste,   539.94 KB ( <1%) overhead. 

Virtual space:
  Non-class space:      106.00 MB reserved,     104.33 MB ( 98%) committed 
      Class space:      504.00 MB reserved,      16.75 MB (  3%) committed 
             Both:      610.00 MB reserved,     121.08 MB ( 20%) committed 

Chunk freelists:
   Non-Class:  6.00 KB
       Class:  0 bytes
        Both:  6.00 KB

MaxMetaspaceSize: 512.00 MB
CompressedClassSpaceSize: 504.00 MB
Initial GC threshold: 20.80 MB
Current GC threshold: 189.09 MB
CDS: off

CodeHeap 'non-profiled nmethods': size=120064Kb used=10828Kb max_used=10828Kb free=109235Kb
 bounds [0x0000025c19590000, 0x0000025c1a030000, 0x0000025c20ad0000]
CodeHeap 'profiled nmethods': size=120000Kb used=36659Kb max_used=36659Kb free=83341Kb
 bounds [0x0000025c12060000, 0x0000025c14430000, 0x0000025c19590000]
CodeHeap 'non-nmethods': size=5696Kb used=2449Kb max_used=2498Kb free=3246Kb
 bounds [0x0000025c11ad0000, 0x0000025c11d50000, 0x0000025c12060000]
 total_blobs=17573 nmethods=16581 adapters=903
 compilation: enabled
              stopped_count=0, restarted_count=0
 full_count=0

Compilation events (20 events):
Event: 938.067 Thread 0x0000025c2853d800 17068   !   2       org.apache.groovy.parser.antlr4.GroovyParser::pathExpression (332 bytes)
Event: 938.073 Thread 0x0000025c2853d800 nmethod 17068 0x0000025c14426690 code [0x0000025c14426960, 0x0000025c144271f8]
Event: 938.073 Thread 0x0000025c2853d800 17067       2       org.apache.groovy.parser.antlr4.GroovyParser$PostfixExpressionContext::<init> (7 bytes)
Event: 938.074 Thread 0x0000025c2853d800 nmethod 17067 0x0000025c14427a10 code [0x0000025c14427bc0, 0x0000025c14427d38]
Event: 938.074 Thread 0x0000025c2853d800 17069       2       org.apache.groovy.parser.antlr4.GroovyParser$PathExpressionContext::<init> (7 bytes)
Event: 938.075 Thread 0x0000025c2853d800 nmethod 17069 0x0000025c14427e10 code [0x0000025c14427fc0, 0x0000025c14428138]
Event: 938.075 Thread 0x0000025c2853d800 17070   !   2       org.apache.groovy.parser.antlr4.GroovyParser::primary (608 bytes)
Event: 938.086 Thread 0x0000025c2853d800 nmethod 17070 0x0000025c14428210 code [0x0000025c14428640, 0x0000025c14429b18]
Event: 938.086 Thread 0x0000025c2853d800 17071       2       groovyjarjarantlr4.v4.runtime.Parser::unrollRecursionContexts (93 bytes)
Event: 938.090 Thread 0x0000025c2853d800 nmethod 17071 0x0000025c1442ad90 code [0x0000025c1442afa0, 0x0000025c1442b3d8]
Event: 938.107 Thread 0x0000025c2853d800 17073       1       groovyjarjarantlr4.v4.runtime.atn.LexerMoreAction::isPositionDependent (2 bytes)
Event: 938.108 Thread 0x0000025c2853d800 nmethod 17073 0x0000025c1a022f10 code [0x0000025c1a0230c0, 0x0000025c1a023178]
Event: 938.122 Thread 0x0000025c2853d800 17074       2       groovyjarjarantlr4.v4.runtime.atn.LexerPushModeAction::execute (9 bytes)
Event: 938.123 Thread 0x0000025c2853d800 nmethod 17074 0x0000025c1442b610 code [0x0000025c1442b7c0, 0x0000025c1442b908]
Event: 938.123 Thread 0x0000025c2853d800 17075       2       groovyjarjarantlr4.v4.runtime.Lexer::pushMode (17 bytes)
Event: 938.124 Thread 0x0000025c2853d800 nmethod 17075 0x0000025c1442ba10 code [0x0000025c1442bbc0, 0x0000025c1442bd08]
Event: 938.129 Thread 0x0000025c2853d800 17076       2       groovyjarjarantlr4.v4.runtime.atn.LexerPopModeAction::execute (6 bytes)
Event: 938.130 Thread 0x0000025c2853d800 nmethod 17076 0x0000025c1442be10 code [0x0000025c1442bfc0, 0x0000025c1442c0e8]
Event: 938.130 Thread 0x0000025c2853d800 17077   !   2       org.apache.groovy.parser.antlr4.GroovyLexer::popMode (32 bytes)
Event: 938.134 Thread 0x0000025c2853d800 nmethod 17077 0x0000025c1442c190 code [0x0000025c1442c3c0, 0x0000025c1442c828]

GC Heap History (20 events):
Event: 919.815 GC heap after
{Heap after GC invocations=217 (full 0):
 garbage-first heap   total 210944K, used 143399K [0x0000000080000000, 0x0000000100000000)
  region size 1024K, 2 young (2048K), 2 survivors (2048K)
 Metaspace       used 112734K, capacity 116280K, committed 116432K, reserved 618496K
  class space    used 14612K, capacity 15935K, committed 16000K, reserved 516096K
}
Event: 920.825 GC heap before
{Heap before GC invocations=217 (full 0):
 garbage-first heap   total 210944K, used 165927K [0x0000000080000000, 0x0000000100000000)
  region size 1024K, 24 young (24576K), 2 survivors (2048K)
 Metaspace       used 112736K, capacity 116280K, committed 116432K, reserved 618496K
  class space    used 14612K, capacity 15935K, committed 16000K, reserved 516096K
}
Event: 920.841 GC heap after
{Heap after GC invocations=218 (full 0):
 garbage-first heap   total 210944K, used 143940K [0x0000000080000000, 0x0000000100000000)
  region size 1024K, 2 young (2048K), 2 survivors (2048K)
 Metaspace       used 112736K, capacity 116280K, committed 116432K, reserved 618496K
  class space    used 14612K, capacity 15935K, committed 16000K, reserved 516096K
}
Event: 922.168 GC heap before
{Heap before GC invocations=218 (full 0):
 garbage-first heap   total 210944K, used 168516K [0x0000000080000000, 0x0000000100000000)
  region size 1024K, 26 young (26624K), 2 survivors (2048K)
 Metaspace       used 112740K, capacity 116280K, committed 116432K, reserved 618496K
  class space    used 14612K, capacity 15935K, committed 16000K, reserved 516096K
}
Event: 922.188 GC heap after
{Heap after GC invocations=219 (full 0):
 garbage-first heap   total 210944K, used 144573K [0x0000000080000000, 0x0000000100000000)
  region size 1024K, 3 young (3072K), 3 survivors (3072K)
 Metaspace       used 112740K, capacity 116280K, committed 116432K, reserved 618496K
  class space    used 14612K, capacity 15935K, committed 16000K, reserved 516096K
}
Event: 922.882 GC heap before
{Heap before GC invocations=219 (full 0):
 garbage-first heap   total 210944K, used 170173K [0x0000000080000000, 0x0000000100000000)
  region size 1024K, 28 young (28672K), 3 survivors (3072K)
 Metaspace       used 112743K, capacity 116280K, committed 116432K, reserved 618496K
  class space    used 14612K, capacity 15935K, committed 16000K, reserved 516096K
}
Event: 922.909 GC heap after
{Heap after GC invocations=220 (full 0):
 garbage-first heap   total 210944K, used 146022K [0x0000000080000000, 0x0000000100000000)
  region size 1024K, 4 young (4096K), 4 survivors (4096K)
 Metaspace       used 112743K, capacity 116280K, committed 116432K, reserved 618496K
  class space    used 14612K, capacity 15935K, committed 16000K, reserved 516096K
}
Event: 923.433 GC heap before
{Heap before GC invocations=220 (full 0):
 garbage-first heap   total 210944K, used 170598K [0x0000000080000000, 0x0000000100000000)
  region size 1024K, 29 young (29696K), 4 survivors (4096K)
 Metaspace       used 112743K, capacity 116280K, committed 116432K, reserved 618496K
  class space    used 14612K, capacity 15935K, committed 16000K, reserved 516096K
}
Event: 923.462 GC heap after
{Heap after GC invocations=221 (full 0):
 garbage-first heap   total 258048K, used 145890K [0x0000000080000000, 0x0000000100000000)
  region size 1024K, 2 young (2048K), 2 survivors (2048K)
 Metaspace       used 112743K, capacity 116280K, committed 116432K, reserved 618496K
  class space    used 14612K, capacity 15935K, committed 16000K, reserved 516096K
}
Event: 924.534 GC heap before
{Heap before GC invocations=221 (full 0):
 garbage-first heap   total 258048K, used 195042K [0x0000000080000000, 0x0000000100000000)
  region size 1024K, 50 young (51200K), 2 survivors (2048K)
 Metaspace       used 112804K, capacity 116344K, committed 116432K, reserved 618496K
  class space    used 14612K, capacity 15935K, committed 16000K, reserved 516096K
}
Event: 924.557 GC heap after
{Heap after GC invocations=222 (full 0):
 garbage-first heap   total 258048K, used 146806K [0x0000000080000000, 0x0000000100000000)
  region size 1024K, 3 young (3072K), 3 survivors (3072K)
 Metaspace       used 112804K, capacity 116344K, committed 116432K, reserved 618496K
  class space    used 14612K, capacity 15935K, committed 16000K, reserved 516096K
}
Event: 925.298 GC heap before
{Heap before GC invocations=222 (full 0):
 garbage-first heap   total 258048K, used 198006K [0x0000000080000000, 0x0000000100000000)
  region size 1024K, 53 young (54272K), 3 survivors (3072K)
 Metaspace       used 113062K, capacity 116583K, committed 116688K, reserved 618496K
  class space    used 14653K, capacity 15972K, committed 16000K, reserved 516096K
}
Event: 925.308 GC heap after
{Heap after GC invocations=223 (full 0):
 garbage-first heap   total 258048K, used 147784K [0x0000000080000000, 0x0000000100000000)
  region size 1024K, 4 young (4096K), 4 survivors (4096K)
 Metaspace       used 113062K, capacity 116583K, committed 116688K, reserved 618496K
  class space    used 14653K, capacity 15972K, committed 16000K, reserved 516096K
}
Event: 926.214 GC heap before
{Heap before GC invocations=223 (full 0):
 garbage-first heap   total 258048K, used 201032K [0x0000000080000000, 0x0000000100000000)
  region size 1024K, 56 young (57344K), 4 survivors (4096K)
 Metaspace       used 115104K, capacity 118715K, committed 118992K, reserved 620544K
  class space    used 14847K, capacity 16187K, committed 16256K, reserved 516096K
}
Event: 926.228 GC heap after
{Heap after GC invocations=224 (full 0):
 garbage-first heap   total 258048K, used 150133K [0x0000000080000000, 0x0000000100000000)
  region size 1024K, 6 young (6144K), 6 survivors (6144K)
 Metaspace       used 115104K, capacity 118715K, committed 118992K, reserved 620544K
  class space    used 14847K, capacity 16187K, committed 16256K, reserved 516096K
}
Event: 929.697 GC heap before
{Heap before GC invocations=224 (full 0):
 garbage-first heap   total 258048K, used 204405K [0x0000000080000000, 0x0000000100000000)
  region size 1024K, 59 young (60416K), 6 survivors (6144K)
 Metaspace       used 117954K, capacity 121621K, committed 121936K, reserved 622592K
  class space    used 15202K, capacity 16580K, committed 16640K, reserved 516096K
}
Event: 929.785 GC heap after
{Heap after GC invocations=225 (full 0):
 garbage-first heap   total 258048K, used 154742K [0x0000000080000000, 0x0000000100000000)
  region size 1024K, 8 young (8192K), 8 survivors (8192K)
 Metaspace       used 117954K, capacity 121621K, committed 121936K, reserved 622592K
  class space    used 15202K, capacity 16580K, committed 16640K, reserved 516096K
}
Event: 934.987 GC heap before
{Heap before GC invocations=225 (full 0):
 garbage-first heap   total 258048K, used 212086K [0x0000000080000000, 0x0000000100000000)
  region size 1024K, 60 young (61440K), 8 survivors (8192K)
 Metaspace       used 118890K, capacity 123148K, committed 123344K, reserved 622592K
  class space    used 15343K, capacity 16933K, committed 17024K, reserved 516096K
}
Event: 935.089 GC heap after
{Heap after GC invocations=226 (full 0):
 garbage-first heap   total 258048K, used 169294K [0x0000000080000000, 0x0000000100000000)
  region size 1024K, 8 young (8192K), 8 survivors (8192K)
 Metaspace       used 118890K, capacity 123148K, committed 123344K, reserved 622592K
  class space    used 15343K, capacity 16933K, committed 17024K, reserved 516096K
}
Event: 938.305 GC heap before
{Heap before GC invocations=226 (full 0):
 garbage-first heap   total 258048K, used 213326K [0x0000000080000000, 0x0000000100000000)
  region size 1024K, 51 young (52224K), 8 survivors (8192K)
 Metaspace       used 119363K, capacity 123852K, committed 123984K, reserved 624640K
  class space    used 15405K, capacity 17090K, committed 17152K, reserved 516096K
}

Deoptimization events (20 events):
Event: 937.891 Thread 0x0000025c29dfe800 Uncommon trap: trap_request=0xffffffbe fr.pc=0x0000025c19f7617c relative=0x000000000000507c
Event: 937.891 Thread 0x0000025c29dfe800 Uncommon trap: reason=profile_predicate action=maybe_recompile pc=0x0000025c19f7617c method=groovyjarjarantlr4.v4.runtime.atn.PredictionContext.getCachedContext(Lgroovyjarjarantlr4/v4/runtime/atn/PredictionContext;Ljava/util/concurrent/ConcurrentMap;Lgroo
Event: 937.891 Thread 0x0000025c29dfe800 DEOPT PACKING pc=0x0000025c19f7617c sp=0x000000917f2f7810
Event: 937.891 Thread 0x0000025c29dfe800 DEOPT UNPACKING pc=0x0000025c11b1a1af sp=0x000000917f2f7820 mode 2
Event: 937.891 Thread 0x0000025c29dfe800 Uncommon trap: trap_request=0xffffffbe fr.pc=0x0000025c19f7617c relative=0x000000000000507c
Event: 937.891 Thread 0x0000025c29dfe800 Uncommon trap: reason=profile_predicate action=maybe_recompile pc=0x0000025c19f7617c method=groovyjarjarantlr4.v4.runtime.atn.PredictionContext.getCachedContext(Lgroovyjarjarantlr4/v4/runtime/atn/PredictionContext;Ljava/util/concurrent/ConcurrentMap;Lgroo
Event: 937.891 Thread 0x0000025c29dfe800 DEOPT PACKING pc=0x0000025c19f7617c sp=0x000000917f2f7810
Event: 937.891 Thread 0x0000025c29dfe800 DEOPT UNPACKING pc=0x0000025c11b1a1af sp=0x000000917f2f7820 mode 2
Event: 937.898 Thread 0x0000025c29dfe800 Uncommon trap: trap_request=0xffffffbe fr.pc=0x0000025c19f7617c relative=0x000000000000507c
Event: 937.898 Thread 0x0000025c29dfe800 Uncommon trap: reason=profile_predicate action=maybe_recompile pc=0x0000025c19f7617c method=groovyjarjarantlr4.v4.runtime.atn.PredictionContext.getCachedContext(Lgroovyjarjarantlr4/v4/runtime/atn/PredictionContext;Ljava/util/concurrent/ConcurrentMap;Lgroo
Event: 937.898 Thread 0x0000025c29dfe800 DEOPT PACKING pc=0x0000025c19f7617c sp=0x000000917f2f7810
Event: 937.898 Thread 0x0000025c29dfe800 DEOPT UNPACKING pc=0x0000025c11b1a1af sp=0x000000917f2f7820 mode 2
Event: 937.898 Thread 0x0000025c29dfe800 Uncommon trap: trap_request=0xffffffbe fr.pc=0x0000025c19f7617c relative=0x000000000000507c
Event: 937.898 Thread 0x0000025c29dfe800 Uncommon trap: reason=profile_predicate action=maybe_recompile pc=0x0000025c19f7617c method=groovyjarjarantlr4.v4.runtime.atn.PredictionContext.getCachedContext(Lgroovyjarjarantlr4/v4/runtime/atn/PredictionContext;Ljava/util/concurrent/ConcurrentMap;Lgroo
Event: 937.898 Thread 0x0000025c29dfe800 DEOPT PACKING pc=0x0000025c19f7617c sp=0x000000917f2f7810
Event: 937.898 Thread 0x0000025c29dfe800 DEOPT UNPACKING pc=0x0000025c11b1a1af sp=0x000000917f2f7820 mode 2
Event: 938.234 Thread 0x0000025c29dfe800 DEOPT PACKING pc=0x0000025c14043e76 sp=0x000000917f2f6fa0
Event: 938.235 Thread 0x0000025c29dfe800 DEOPT UNPACKING pc=0x0000025c11b1a95e sp=0x000000917f2f6528 mode 0
Event: 938.302 Thread 0x0000025c29dfe800 DEOPT PACKING pc=0x0000025c14043e76 sp=0x000000917f2f6ff0
Event: 938.302 Thread 0x0000025c29dfe800 DEOPT UNPACKING pc=0x0000025c11b1a95e sp=0x000000917f2f6578 mode 0

Classes redefined (0 events):
No events

Internal exceptions (20 events):
Event: 935.904 Thread 0x0000025c29dfe800 Exception <a 'java/security/PrivilegedActionException'{0x000000008f3e1350}> (0x000000008f3e1350) thrown at [./src/hotspot/share/prims/jvm.cpp, line 1306]
Event: 935.905 Thread 0x0000025c29dfe800 Exception <a 'java/security/PrivilegedActionException'{0x000000008f3e2b60}> (0x000000008f3e2b60) thrown at [./src/hotspot/share/prims/jvm.cpp, line 1306]
Event: 935.906 Thread 0x0000025c29dfe800 Exception <a 'java/security/PrivilegedActionException'{0x000000008f3e6288}> (0x000000008f3e6288) thrown at [./src/hotspot/share/prims/jvm.cpp, line 1306]
Event: 935.907 Thread 0x0000025c29dfe800 Exception <a 'java/security/PrivilegedActionException'{0x000000008f3e7a98}> (0x000000008f3e7a98) thrown at [./src/hotspot/share/prims/jvm.cpp, line 1306]
Event: 935.908 Thread 0x0000025c29dfe800 Exception <a 'java/security/PrivilegedActionException'{0x000000008f3eb228}> (0x000000008f3eb228) thrown at [./src/hotspot/share/prims/jvm.cpp, line 1306]
Event: 935.909 Thread 0x0000025c29dfe800 Exception <a 'java/security/PrivilegedActionException'{0x000000008f3eca38}> (0x000000008f3eca38) thrown at [./src/hotspot/share/prims/jvm.cpp, line 1306]
Event: 936.107 Thread 0x0000025c29dfe800 Exception <a 'java/lang/ClassNotFoundException'{0x000000008f2e70f0}: build_a8agx8pfvr9ihlkd7muob5ou4$_run_closure1BeanInfo> (0x000000008f2e70f0) thrown at [./src/hotspot/share/classfile/systemDictionary.cpp, line 230]
Event: 936.109 Thread 0x0000025c29dfe800 Exception <a 'java/lang/ClassNotFoundException'{0x000000008f2fd3e8}: build_a8agx8pfvr9ihlkd7muob5ou4$_run_closure1Customizer> (0x000000008f2fd3e8) thrown at [./src/hotspot/share/classfile/systemDictionary.cpp, line 230]
Event: 936.842 Thread 0x0000025c29dfe800 Exception <a 'java/lang/ClassNotFoundException'{0x000000008ebf1380}: build_8vfnqjpm32vclu2tirgwmfcotBeanInfo> (0x000000008ebf1380) thrown at [./src/hotspot/share/classfile/systemDictionary.cpp, line 230]
Event: 936.843 Thread 0x0000025c29dfe800 Exception <a 'java/lang/ClassNotFoundException'{0x000000008ebfd3e0}: build_8vfnqjpm32vclu2tirgwmfcotCustomizer> (0x000000008ebfd3e0) thrown at [./src/hotspot/share/classfile/systemDictionary.cpp, line 230]
Event: 936.929 Thread 0x0000025c29dfe800 Exception <a 'java/lang/ClassNotFoundException'{0x000000008eac65e8}: build_8vfnqjpm32vclu2tirgwmfcotBeanInfo> (0x000000008eac65e8) thrown at [./src/hotspot/share/classfile/systemDictionary.cpp, line 230]
Event: 936.931 Thread 0x0000025c29dfe800 Exception <a 'java/lang/ClassNotFoundException'{0x000000008ead25e8}: build_8vfnqjpm32vclu2tirgwmfcotCustomizer> (0x000000008ead25e8) thrown at [./src/hotspot/share/classfile/systemDictionary.cpp, line 230]
Event: 937.034 Thread 0x0000025c29dfe800 Exception <a 'java/lang/ClassNotFoundException'{0x000000008e9f5e88}: build_8vfnqjpm32vclu2tirgwmfcot$_run_closure1BeanInfo> (0x000000008e9f5e88) thrown at [./src/hotspot/share/classfile/systemDictionary.cpp, line 230]
Event: 937.037 Thread 0x0000025c29dfe800 Exception <a 'java/lang/ClassNotFoundException'{0x000000008e807068}: build_8vfnqjpm32vclu2tirgwmfcot$_run_closure1Customizer> (0x000000008e807068) thrown at [./src/hotspot/share/classfile/systemDictionary.cpp, line 230]
Event: 937.320 Thread 0x0000025c29dfe800 Exception <a 'java/lang/ClassNotFoundException'{0x000000008e5c72e8}: build_8lcpbid5lg9gk1k7grxg4wfnqBeanInfo> (0x000000008e5c72e8) thrown at [./src/hotspot/share/classfile/systemDictionary.cpp, line 230]
Event: 937.321 Thread 0x0000025c29dfe800 Exception <a 'java/lang/ClassNotFoundException'{0x000000008e5d3348}: build_8lcpbid5lg9gk1k7grxg4wfnqCustomizer> (0x000000008e5d3348) thrown at [./src/hotspot/share/classfile/systemDictionary.cpp, line 230]
Event: 937.390 Thread 0x0000025c29dfe800 Exception <a 'java/lang/ClassNotFoundException'{0x000000008e49ad90}: build_8lcpbid5lg9gk1k7grxg4wfnqBeanInfo> (0x000000008e49ad90) thrown at [./src/hotspot/share/classfile/systemDictionary.cpp, line 230]
Event: 937.391 Thread 0x0000025c29dfe800 Exception <a 'java/lang/ClassNotFoundException'{0x000000008e4a6d90}: build_8lcpbid5lg9gk1k7grxg4wfnqCustomizer> (0x000000008e4a6d90) thrown at [./src/hotspot/share/classfile/systemDictionary.cpp, line 230]
Event: 937.471 Thread 0x0000025c29dfe800 Exception <a 'java/lang/ClassNotFoundException'{0x000000008e3d5180}: build_8lcpbid5lg9gk1k7grxg4wfnq$_run_closure1BeanInfo> (0x000000008e3d5180) thrown at [./src/hotspot/share/classfile/systemDictionary.cpp, line 230]
Event: 937.474 Thread 0x0000025c29dfe800 Exception <a 'java/lang/ClassNotFoundException'{0x000000008e3e5eb8}: build_8lcpbid5lg9gk1k7grxg4wfnq$_run_closure1Customizer> (0x000000008e3e5eb8) thrown at [./src/hotspot/share/classfile/systemDictionary.cpp, line 230]

Events (20 events):
Event: 937.456 loading class groovy/runtime/metaclass/build_8lcpbid5lg9gk1k7grxg4wfnq$_run_closure1MetaClass done
Event: 937.463 loading class groovy/runtime/metaclass/build_8lcpbid5lg9gk1k7grxg4wfnq$_run_closure1$_closure4MetaClass
Event: 937.463 loading class groovy/runtime/metaclass/build_8lcpbid5lg9gk1k7grxg4wfnq$_run_closure1$_closure4MetaClass done
Event: 937.468 loading class build_8lcpbid5lg9gk1k7grxg4wfnq$_run_closure1BeanInfo
Event: 937.468 loading class build_8lcpbid5lg9gk1k7grxg4wfnq$_run_closure1BeanInfo done
Event: 937.471 loading class build_8lcpbid5lg9gk1k7grxg4wfnq$_run_closure1BeanInfo
Event: 937.471 loading class build_8lcpbid5lg9gk1k7grxg4wfnq$_run_closure1BeanInfo done
Event: 937.472 loading class build_8lcpbid5lg9gk1k7grxg4wfnq$_run_closure1Customizer
Event: 937.472 loading class build_8lcpbid5lg9gk1k7grxg4wfnq$_run_closure1Customizer done
Event: 937.474 loading class build_8lcpbid5lg9gk1k7grxg4wfnq$_run_closure1Customizer
Event: 937.474 loading class build_8lcpbid5lg9gk1k7grxg4wfnq$_run_closure1Customizer done
Event: 937.480 loading class groovy/runtime/metaclass/build_8lcpbid5lg9gk1k7grxg4wfnq$_run_closure1$_closure5MetaClass
Event: 937.480 loading class groovy/runtime/metaclass/build_8lcpbid5lg9gk1k7grxg4wfnq$_run_closure1$_closure5MetaClass done
Event: 937.486 loading class groovy/runtime/metaclass/build_8lcpbid5lg9gk1k7grxg4wfnq$_run_closure2MetaClass
Event: 937.486 loading class groovy/runtime/metaclass/build_8lcpbid5lg9gk1k7grxg4wfnq$_run_closure2MetaClass done
Event: 937.492 loading class groovy/runtime/metaclass/build_8lcpbid5lg9gk1k7grxg4wfnq$_run_closure2$_closure6MetaClass
Event: 937.492 loading class groovy/runtime/metaclass/build_8lcpbid5lg9gk1k7grxg4wfnq$_run_closure2$_closure6MetaClass done
Event: 937.499 loading class groovy/runtime/metaclass/build_8lcpbid5lg9gk1k7grxg4wfnq$_run_closure3MetaClass
Event: 937.499 loading class groovy/runtime/metaclass/build_8lcpbid5lg9gk1k7grxg4wfnq$_run_closure3MetaClass done
Event: 938.305 Executing VM operation: G1CollectForAllocation


Dynamic libraries:
0x00007ff64ed80000 - 0x00007ff64ed8d000 	C:\Program Files\Java\jdk-11.0.18+10\bin\java.exe
0x00007ffc8f250000 - 0x00007ffc8f448000 	C:\WINDOWS\SYSTEM32\ntdll.dll
0x00007ffc8d3a0000 - 0x00007ffc8d45f000 	C:\WINDOWS\System32\KERNEL32.DLL
0x00007ffc8cbb0000 - 0x00007ffc8cea6000 	C:\WINDOWS\System32\KERNELBASE.dll
0x00007ffc8cfb0000 - 0x00007ffc8d0b0000 	C:\WINDOWS\System32\ucrtbase.dll
0x00007ffc87b00000 - 0x00007ffc87b15000 	C:\Program Files\Java\jdk-11.0.18+10\bin\VCRUNTIME140.dll
0x00007ffc87e00000 - 0x00007ffc87e17000 	C:\Program Files\Java\jdk-11.0.18+10\bin\jli.dll
0x00007ffc8e960000 - 0x00007ffc8eafd000 	C:\WINDOWS\System32\USER32.dll
0x00007ffc8d2c0000 - 0x00007ffc8d2e2000 	C:\WINDOWS\System32\win32u.dll
0x00007ffc8e150000 - 0x00007ffc8e17c000 	C:\WINDOWS\System32\GDI32.dll
0x00007ffc8d1a0000 - 0x00007ffc8d2b5000 	C:\WINDOWS\System32\gdi32full.dll
0x00007ffc8d100000 - 0x00007ffc8d19d000 	C:\WINDOWS\System32\msvcp_win.dll
0x00007ffc79970000 - 0x00007ffc79c0a000 	C:\WINDOWS\WinSxS\amd64_microsoft.windows.common-controls_6595b64144ccf1df_6.0.19041.1110_none_60b5254171f9507e\COMCTL32.dll
0x00007ffc8dd90000 - 0x00007ffc8de2e000 	C:\WINDOWS\System32\msvcrt.dll
0x00007ffc8dd60000 - 0x00007ffc8dd90000 	C:\WINDOWS\System32\IMM32.DLL
0x00007ffc870e0000 - 0x00007ffc8717b000 	C:\Program Files\Java\jdk-11.0.18+10\bin\msvcp140.dll
0x00007ffc535f0000 - 0x00007ffc54182000 	C:\Program Files\Java\jdk-11.0.18+10\bin\server\jvm.dll
0x00007ffc8dbe0000 - 0x00007ffc8dc8f000 	C:\WINDOWS\System32\ADVAPI32.dll
0x00007ffc8d870000 - 0x00007ffc8d90c000 	C:\WINDOWS\System32\sechost.dll
0x00007ffc8da40000 - 0x00007ffc8db66000 	C:\WINDOWS\System32\RPCRT4.dll
0x00007ffc8e950000 - 0x00007ffc8e958000 	C:\WINDOWS\System32\PSAPI.DLL
0x00007ffc89c20000 - 0x00007ffc89c29000 	C:\WINDOWS\SYSTEM32\WSOCK32.dll
0x00007ffc8db70000 - 0x00007ffc8dbdb000 	C:\WINDOWS\System32\WS2_32.dll
0x00007ffc7b920000 - 0x00007ffc7b947000 	C:\WINDOWS\SYSTEM32\WINMM.dll
0x00007ffc8b170000 - 0x00007ffc8b17a000 	C:\WINDOWS\SYSTEM32\VERSION.dll
0x00007ffc8b270000 - 0x00007ffc8b282000 	C:\WINDOWS\SYSTEM32\kernel.appcore.dll
0x00007ffc870d0000 - 0x00007ffc870e0000 	C:\Program Files\Java\jdk-11.0.18+10\bin\verify.dll
0x00007ffc7c0b0000 - 0x00007ffc7c294000 	C:\WINDOWS\SYSTEM32\DBGHELP.DLL
0x00007ffc7ba50000 - 0x00007ffc7ba84000 	C:\WINDOWS\SYSTEM32\dbgcore.DLL
0x00007ffc8ceb0000 - 0x00007ffc8cf32000 	C:\WINDOWS\System32\bcryptPrimitives.dll
0x00007ffc870a0000 - 0x00007ffc870c8000 	C:\Program Files\Java\jdk-11.0.18+10\bin\java.dll
0x00007ffc86f80000 - 0x00007ffc86f8a000 	C:\Program Files\Java\jdk-11.0.18+10\bin\jimage.dll
0x00007ffc85910000 - 0x00007ffc85928000 	C:\Program Files\Java\jdk-11.0.18+10\bin\zip.dll
0x00007ffc8e200000 - 0x00007ffc8e944000 	C:\WINDOWS\System32\SHELL32.dll
0x00007ffc8a730000 - 0x00007ffc8aec3000 	C:\WINDOWS\SYSTEM32\windows.storage.dll
0x00007ffc8d460000 - 0x00007ffc8d7b4000 	C:\WINDOWS\System32\combase.dll
0x00007ffc8c3a0000 - 0x00007ffc8c3ce000 	C:\WINDOWS\SYSTEM32\Wldp.dll
0x00007ffc8de30000 - 0x00007ffc8dedd000 	C:\WINDOWS\System32\SHCORE.dll
0x00007ffc8e090000 - 0x00007ffc8e0e5000 	C:\WINDOWS\System32\shlwapi.dll
0x00007ffc8c960000 - 0x00007ffc8c97f000 	C:\WINDOWS\SYSTEM32\profapi.dll
0x00007ffc858f0000 - 0x00007ffc85909000 	C:\Program Files\Java\jdk-11.0.18+10\bin\net.dll
0x00007ffc862c0000 - 0x00007ffc863ca000 	C:\WINDOWS\SYSTEM32\WINHTTP.dll
0x00007ffc8c100000 - 0x00007ffc8c16a000 	C:\WINDOWS\system32\mswsock.dll
0x00007ffc84cd0000 - 0x00007ffc84ce3000 	C:\Program Files\Java\jdk-11.0.18+10\bin\nio.dll
0x00007ffc7f180000 - 0x00007ffc7f1a7000 	C:\Users\almeida\.gradle\native\e1d6ef7f7dcc3fd88c89a11ec53ec762bb8ba0a96d01ffa2cd45eb1d1d8dd5c5\windows-amd64\native-platform.dll
0x00007ffc746f0000 - 0x00007ffc74834000 	C:\Users\almeida\.gradle\native\0d407fdbe67a94daf76414ababcb853783967236a71b16ec16e742cd7a986fd3\windows-amd64\native-platform-file-events.dll
0x00007ffc86870000 - 0x00007ffc86879000 	C:\Program Files\Java\jdk-11.0.18+10\bin\management.dll
0x00007ffc7f130000 - 0x00007ffc7f13b000 	C:\Program Files\Java\jdk-11.0.18+10\bin\management_ext.dll
0x00007ffc8c2f0000 - 0x00007ffc8c308000 	C:\WINDOWS\SYSTEM32\CRYPTSP.dll
0x00007ffc8ba20000 - 0x00007ffc8ba54000 	C:\WINDOWS\system32\rsaenh.dll
0x00007ffc8cb80000 - 0x00007ffc8cba7000 	C:\WINDOWS\System32\bcrypt.dll
0x00007ffc8c920000 - 0x00007ffc8c94e000 	C:\WINDOWS\SYSTEM32\USERENV.dll
0x00007ffc8c310000 - 0x00007ffc8c31c000 	C:\WINDOWS\SYSTEM32\CRYPTBASE.dll
0x00007ffc8bdf0000 - 0x00007ffc8be2c000 	C:\WINDOWS\SYSTEM32\IPHLPAPI.DLL
0x00007ffc8f1a0000 - 0x00007ffc8f1a8000 	C:\WINDOWS\System32\NSI.dll
0x00007ffc816f0000 - 0x00007ffc81707000 	C:\WINDOWS\SYSTEM32\dhcpcsvc6.DLL
0x00007ffc81640000 - 0x00007ffc8165d000 	C:\WINDOWS\SYSTEM32\dhcpcsvc.DLL
0x00007ffc8be30000 - 0x00007ffc8befb000 	C:\WINDOWS\SYSTEM32\DNSAPI.dll
0x00007ffc7f0e0000 - 0x00007ffc7f0ee000 	C:\Program Files\Java\jdk-11.0.18+10\bin\sunmscapi.dll
0x00007ffc8ca20000 - 0x00007ffc8cb7e000 	C:\WINDOWS\System32\CRYPT32.dll
0x00007ffc8c410000 - 0x00007ffc8c438000 	C:\WINDOWS\SYSTEM32\ncrypt.dll
0x00007ffc8c3d0000 - 0x00007ffc8c40b000 	C:\WINDOWS\SYSTEM32\NTASN1.dll
0x00007ffc7ad10000 - 0x00007ffc7ad35000 	C:\Program Files\Java\jdk-11.0.18+10\bin\sunec.dll
0x0000000063560000 - 0x0000000063569000 	C:\Program Files\National Instruments\Shared\mDNS Responder\nimdnsNSP.dll
0x0000000063550000 - 0x000000006355e000 	C:\WINDOWS\SYSTEM32\nimdnsResponder.dll
0x000000006bcc0000 - 0x000000006bd63000 	C:\WINDOWS\WinSxS\amd64_microsoft.vc90.crt_1fc8b3b9a1e18e3b_9.0.30729.9625_none_08e1c10da83fbc83\MSVCR90.dll
0x00007ffc7ead0000 - 0x00007ffc7eada000 	C:\Windows\System32\rasadhlp.dll
0x00007ffc7ed90000 - 0x00007ffc7ee12000 	C:\WINDOWS\System32\fwpuclnt.dll

dbghelp: loaded successfully - version: 4.0.5 - missing functions: none
symbol engine: initialized successfully - sym options: 0x614 - pdb path: .;C:\Program Files\Java\jdk-11.0.18+10\bin;C:\WINDOWS\SYSTEM32;C:\WINDOWS\WinSxS\amd64_microsoft.windows.common-controls_6595b64144ccf1df_6.0.19041.1110_none_60b5254171f9507e;C:\Program Files\Java\jdk-11.0.18+10\bin\server;C:\Users\almeida\.gradle\native\e1d6ef7f7dcc3fd88c89a11ec53ec762bb8ba0a96d01ffa2cd45eb1d1d8dd5c5\windows-amd64;C:\Users\almeida\.gradle\native\0d407fdbe67a94daf76414ababcb853783967236a71b16ec16e742cd7a986fd3\windows-amd64;C:\Program Files\National Instruments\Shared\mDNS Responder;C:\WINDOWS\WinSxS\amd64_microsoft.vc90.crt_1fc8b3b9a1e18e3b_9.0.30729.9625_none_08e1c10da83fbc83

VM Arguments:
jvm_args: -XX:MaxMetaspaceSize=512m --add-opens=java.base/java.util=ALL-UNNAMED --add-opens=java.base/java.lang=ALL-UNNAMED --add-opens=java.base/java.lang.invoke=ALL-UNNAMED --add-opens=java.base/java.util=ALL-UNNAMED --add-opens=java.prefs/java.util.prefs=ALL-UNNAMED --add-opens=java.prefs/java.util.prefs=ALL-UNNAMED --add-opens=java.base/java.nio.charset=ALL-UNNAMED --add-opens=java.base/java.net=ALL-UNNAMED --add-opens=java.base/java.util.concurrent.atomic=ALL-UNNAMED -Xmx2048m -Dfile.encoding=windows-1252 -Duser.country=BR -Duser.language=pt -Duser.variant 
java_command: org.gradle.launcher.daemon.bootstrap.GradleDaemon 7.5.1
java_class_path (initial): C:\Users\almeida\.gradle\wrapper\dists\gradle-7.5.1-all\1ehga6e77gqps5uk2kc5kf1vc\gradle-7.5.1\lib\gradle-launcher-7.5.1.jar
Launcher Type: SUN_STANDARD

[Global flags]
     intx CICompilerCount                          = 3                                         {product} {ergonomic}
   size_t CompressedClassSpaceSize                 = 528482304                                 {product} {ergonomic}
     uint ConcGCThreads                            = 1                                         {product} {ergonomic}
     uint G1ConcRefinementThreads                  = 4                                         {product} {ergonomic}
   size_t G1HeapRegionSize                         = 1048576                                   {product} {ergonomic}
    uintx GCDrainStackTargetSize                   = 64                                        {product} {ergonomic}
   size_t InitialHeapSize                          = 67108864                                  {product} {ergonomic}
   size_t MarkStackSize                            = 4194304                                   {product} {ergonomic}
   size_t MaxHeapSize                              = 2147483648                                {product} {command line}
   size_t MaxMetaspaceSize                         = 536870912                                 {product} {command line}
   size_t MaxNewSize                               = 1287651328                                {product} {ergonomic}
   size_t MinHeapDeltaBytes                        = 1048576                                   {product} {ergonomic}
    uintx NonNMethodCodeHeapSize                   = 5830732                                {pd product} {ergonomic}
    uintx NonProfiledCodeHeapSize                  = 122913754                              {pd product} {ergonomic}
    uintx ProfiledCodeHeapSize                     = 122913754                              {pd product} {ergonomic}
    uintx ReservedCodeCacheSize                    = 251658240                              {pd product} {ergonomic}
     bool SegmentedCodeCache                       = true                                      {product} {ergonomic}
     bool UseCompressedClassPointers               = true                                 {lp64_product} {ergonomic}
     bool UseCompressedOops                        = true                                 {lp64_product} {ergonomic}
     bool UseG1GC                                  = true                                      {product} {ergonomic}
     bool UseLargePagesIndividualAllocation        = false                                  {pd product} {ergonomic}

Logging:
Log output configuration:
 #0: stdout all=warning uptime,level,tags
 #1: stderr all=off uptime,level,tags

Environment Variables:
JAVA_HOME=C:\Program Files\Java\jdk-11.0.18+10
CLASSPATH=C:\source\repos\C.A.P\client\android\\gradle\wrapper\gradle-wrapper.jar
PATH=C:\source\repos\C.A.P\client\android\node_modules\.bin;C:\source\repos\C.A.P\client\node_modules\.bin;C:\source\repos\C.A.P\node_modules\.bin;C:\source\repos\node_modules\.bin;C:\source\node_modules\.bin;C:\node_modules\.bin;C:\Program Files\nodejs;C:\source\repos\C.A.P\client\node_modules\.bin;C:\source\repos\C.A.P\node_modules\.bin;C:\source\repos\node_modules\.bin;C:\source\node_modules\.bin;C:\node_modules\.bin;C:\Program Files\nodejs\node_modules\npm\node_modules\@npmcli\run-script\lib\node-gyp-bin;C:\Program Files\Eclipse Adoptium\jdk-11.0.18.10-hotspot\bin;C:\Program Files\Common Files\Oracle\Java\javapath;C:\WINDOWS\system32;C:\WINDOWS;C:\WINDOWS\System32\Wbem;C:\WINDOWS\System32\WindowsPowerShell\v1.0\;C:\Program Files\dotnet\;C:\WINDOWS\System32\OpenSSH\;C:\Program Files\Git\cmd;C:\Program Files\Microsoft SQL Server\Client SDK\ODBC\170\Tools\Binn\;C:\Windows\Microsoft.NET\Framework64\v4.0.30319;C:\Windows\Microsoft.NET\Framework64\v4.0.30319;C:\Program Files\MySQL\MySQL Server 8.0\bin;C:\ProgramData\chocolatey\bin;C:\Program Files\nodejs\;C:\Program Files (x86)\Yarn\bin\;C:\platform-tools\;C:\Program Files\Azure Data Studio\bin;C:\Program Files (x86)\Microsoft SQL Server\160\DTS\Binn\;C:\Program Files (x86)\Microsoft SQL Server\160\Tools\Binn\;C:\Program Files\Microsoft SQL Server\160\Tools\Binn\;C:\Program Files\Microsoft SQL Server\160\DTS\Binn\;C:\Program Files\MySQL\MySQL Shell 8.0\bin\;C:\Users\almeida\AppData\Local\Microsoft\WindowsApps;C:\Users\THALIS NATHAN\AppData\Roaming\npm;C:\Users\THALIS NATHAN\AppData\Local\Programs\Microsoft VS Code\bin;C:\Users\THALIS NATHAN\AppData\Local\GitHubDesktop\bin;C:\Users\almeida\.dotnet\tools;C:\Users\almeida\AppData\Local\GitHubDesktop\bin;C:\Users\almeida\AppData\Local\Android\Sdk\emulador;C:\Users\almeida\AppData\Local\Android\Sdk\tools;C:\Users\almeida\AppData\Local\Android\Sdk\tools\bin;C:\Users\almeida\AppData\Local\Android\Sdk\platform-tools;C:\Users\almeida\AppData\Local\Yarn\bin;C:\Users\almeida\AppDat
USERNAME=THALIS
OS=Windows_NT
PROCESSOR_IDENTIFIER=Intel64 Family 6 Model 42 Stepping 7, GenuineIntel
TMP=C:\Users\almeida\AppData\Local\Temp
TEMP=C:\Users\almeida\AppData\Local\Temp



---------------  S Y S T E M  ---------------

OS: Windows 10 , 64 bit Build 19041 (10.0.19041.2913)
OS uptime: 0 days 2:33 hours

CPU:total 4 (initial active 4) (2 cores per cpu, 2 threads per core) family 6 model 42 stepping 7 microcode 0x2f, cmov, cx8, fxsr, mmx, sse, sse2, sse3, ssse3, sse4.1, sse4.2, popcnt, avx, aes, clmul, ht, tsc, tscinvbit

Memory: 4k page, system-wide physical 4003M (295M free)
TotalPageFile size 6051M (AvailPageFile size 75M)
current process WorkingSet (physical memory assigned to process): 491M, peak: 494M
current process commit charge ("private bytes"): 614M, peak: 739M

vm_info: OpenJDK 64-Bit Server VM (11.0.18+10-LTS) for windows-amd64 JRE (11.0.18+10-LTS), built on Jan 18 2023 15:56:47 by "MicrosoftCorporation" with MS VC++ 15.9 (VS2017)

END.
